[2024-03-23T07:19:31.909+0000] {processor.py:157} INFO - Started process (PID=169) to work on /opt/airflow/dags/dag_kafka_spark.py
[2024-03-23T07:19:31.915+0000] {processor.py:829} INFO - Processing file /opt/airflow/dags/dag_kafka_spark.py for tasks to queue
[2024-03-23T07:19:31.917+0000] {logging_mixin.py:154} INFO - [2024-03-23T07:19:31.917+0000] {dagbag.py:536} INFO - Filling up the DagBag from /opt/airflow/dags/dag_kafka_spark.py
[2024-03-23T07:19:32.109+0000] {processor.py:839} INFO - DAG(s) dict_keys(['kafka_spark_dag']) retrieved from /opt/airflow/dags/dag_kafka_spark.py
[2024-03-23T07:19:32.336+0000] {logging_mixin.py:154} WARNING - 2024-03-23 07:19:32,335 - Created Permission View: %s
[2024-03-23T07:19:32.343+0000] {logging_mixin.py:154} WARNING - 2024-03-23 07:19:32,343 - Created Permission View: %s
[2024-03-23T07:19:32.349+0000] {logging_mixin.py:154} WARNING - 2024-03-23 07:19:32,349 - Created Permission View: %s
[2024-03-23T07:19:32.349+0000] {logging_mixin.py:154} WARNING - 2024-03-23 07:19:32,349 - Sync 1 DAGs
[2024-03-23T07:19:32.366+0000] {logging_mixin.py:154} WARNING - 2024-03-23 07:19:32,366 - Creating ORM DAG for kafka_spark_dag
[2024-03-23T07:19:32.377+0000] {logging_mixin.py:154} WARNING - 2024-03-23 07:19:32,377 - Setting next_dagrun for kafka_spark_dag to 2024-03-22T07:19:32.376944+00:00, run_after=2024-03-23T07:19:32.376944+00:00
[2024-03-23T07:19:32.392+0000] {processor.py:179} INFO - Processing /opt/airflow/dags/dag_kafka_spark.py took 0.494 seconds
[2024-03-23T07:20:02.721+0000] {processor.py:157} INFO - Started process (PID=412) to work on /opt/airflow/dags/dag_kafka_spark.py
[2024-03-23T07:20:02.724+0000] {processor.py:829} INFO - Processing file /opt/airflow/dags/dag_kafka_spark.py for tasks to queue
[2024-03-23T07:20:02.728+0000] {logging_mixin.py:154} INFO - [2024-03-23T07:20:02.726+0000] {dagbag.py:536} INFO - Filling up the DagBag from /opt/airflow/dags/dag_kafka_spark.py
[2024-03-23T07:20:02.939+0000] {processor.py:839} INFO - DAG(s) dict_keys(['kafka_spark_dag']) retrieved from /opt/airflow/dags/dag_kafka_spark.py
[2024-03-23T07:20:03.076+0000] {logging_mixin.py:154} WARNING - 2024-03-23 07:20:03,076 - Sync 1 DAGs
[2024-03-23T07:20:03.092+0000] {logging_mixin.py:154} WARNING - 2024-03-23 07:20:03,092 - Setting next_dagrun for kafka_spark_dag to 2024-03-22T07:20:03.092048+00:00, run_after=2024-03-23T07:20:03.092048+00:00
[2024-03-23T07:20:04.120+0000] {processor.py:179} INFO - Processing /opt/airflow/dags/dag_kafka_spark.py took 1.414 seconds
[2024-03-23T07:20:34.662+0000] {processor.py:157} INFO - Started process (PID=680) to work on /opt/airflow/dags/dag_kafka_spark.py
[2024-03-23T07:20:34.663+0000] {processor.py:829} INFO - Processing file /opt/airflow/dags/dag_kafka_spark.py for tasks to queue
[2024-03-23T07:20:34.665+0000] {logging_mixin.py:154} INFO - [2024-03-23T07:20:34.665+0000] {dagbag.py:536} INFO - Filling up the DagBag from /opt/airflow/dags/dag_kafka_spark.py
[2024-03-23T07:20:34.748+0000] {processor.py:839} INFO - DAG(s) dict_keys(['kafka_spark_dag']) retrieved from /opt/airflow/dags/dag_kafka_spark.py
[2024-03-23T07:20:35.389+0000] {logging_mixin.py:154} WARNING - 2024-03-23 07:20:35,389 - Sync 1 DAGs
[2024-03-23T07:20:35.399+0000] {logging_mixin.py:154} WARNING - 2024-03-23 07:20:35,399 - Setting next_dagrun for kafka_spark_dag to 2024-03-22T07:20:35.399103+00:00, run_after=2024-03-23T07:20:35.399103+00:00
[2024-03-23T07:20:35.413+0000] {processor.py:179} INFO - Processing /opt/airflow/dags/dag_kafka_spark.py took 0.754 seconds
[2024-03-23T07:21:05.456+0000] {processor.py:157} INFO - Started process (PID=941) to work on /opt/airflow/dags/dag_kafka_spark.py
[2024-03-23T07:21:05.456+0000] {processor.py:829} INFO - Processing file /opt/airflow/dags/dag_kafka_spark.py for tasks to queue
[2024-03-23T07:21:05.457+0000] {logging_mixin.py:154} INFO - [2024-03-23T07:21:05.457+0000] {dagbag.py:536} INFO - Filling up the DagBag from /opt/airflow/dags/dag_kafka_spark.py
[2024-03-23T07:21:05.512+0000] {processor.py:839} INFO - DAG(s) dict_keys(['kafka_spark_dag']) retrieved from /opt/airflow/dags/dag_kafka_spark.py
[2024-03-23T07:21:05.599+0000] {logging_mixin.py:154} WARNING - 2024-03-23 07:21:05,599 - Sync 1 DAGs
[2024-03-23T07:21:06.081+0000] {logging_mixin.py:154} WARNING - 2024-03-23 07:21:06,081 - Setting next_dagrun for kafka_spark_dag to 2024-03-22T07:21:06.080746+00:00, run_after=2024-03-23T07:21:06.080746+00:00
[2024-03-23T07:21:06.095+0000] {processor.py:179} INFO - Processing /opt/airflow/dags/dag_kafka_spark.py took 0.641 seconds
[2024-03-23T07:21:36.602+0000] {processor.py:157} INFO - Started process (PID=1206) to work on /opt/airflow/dags/dag_kafka_spark.py
[2024-03-23T07:21:36.603+0000] {processor.py:829} INFO - Processing file /opt/airflow/dags/dag_kafka_spark.py for tasks to queue
[2024-03-23T07:21:36.603+0000] {logging_mixin.py:154} INFO - [2024-03-23T07:21:36.603+0000] {dagbag.py:536} INFO - Filling up the DagBag from /opt/airflow/dags/dag_kafka_spark.py
[2024-03-23T07:21:36.636+0000] {processor.py:839} INFO - DAG(s) dict_keys(['kafka_spark_dag']) retrieved from /opt/airflow/dags/dag_kafka_spark.py
[2024-03-23T07:21:36.716+0000] {logging_mixin.py:154} WARNING - 2024-03-23 07:21:36,715 - Sync 1 DAGs
[2024-03-23T07:21:36.726+0000] {logging_mixin.py:154} WARNING - 2024-03-23 07:21:36,726 - Setting next_dagrun for kafka_spark_dag to 2024-03-22T07:21:36.725905+00:00, run_after=2024-03-23T07:21:36.725905+00:00
[2024-03-23T07:21:36.977+0000] {processor.py:179} INFO - Processing /opt/airflow/dags/dag_kafka_spark.py took 0.377 seconds
[2024-03-23T07:22:06.997+0000] {processor.py:157} INFO - Started process (PID=1450) to work on /opt/airflow/dags/dag_kafka_spark.py
[2024-03-23T07:22:06.998+0000] {processor.py:829} INFO - Processing file /opt/airflow/dags/dag_kafka_spark.py for tasks to queue
[2024-03-23T07:22:06.999+0000] {logging_mixin.py:154} INFO - [2024-03-23T07:22:06.999+0000] {dagbag.py:536} INFO - Filling up the DagBag from /opt/airflow/dags/dag_kafka_spark.py
[2024-03-23T07:22:07.030+0000] {processor.py:839} INFO - DAG(s) dict_keys(['kafka_spark_dag']) retrieved from /opt/airflow/dags/dag_kafka_spark.py
[2024-03-23T07:22:07.320+0000] {logging_mixin.py:154} WARNING - 2024-03-23 07:22:07,319 - Sync 1 DAGs
[2024-03-23T07:22:07.352+0000] {logging_mixin.py:154} WARNING - 2024-03-23 07:22:07,351 - Setting next_dagrun for kafka_spark_dag to 2024-03-23T07:21:36.725905+00:00, run_after=2024-03-24T07:21:36.725905+00:00
[2024-03-23T07:22:07.378+0000] {processor.py:179} INFO - Processing /opt/airflow/dags/dag_kafka_spark.py took 0.384 seconds
[2024-03-23T07:22:37.494+0000] {processor.py:157} INFO - Started process (PID=1698) to work on /opt/airflow/dags/dag_kafka_spark.py
[2024-03-23T07:22:37.495+0000] {processor.py:829} INFO - Processing file /opt/airflow/dags/dag_kafka_spark.py for tasks to queue
[2024-03-23T07:22:37.496+0000] {logging_mixin.py:154} INFO - [2024-03-23T07:22:37.495+0000] {dagbag.py:536} INFO - Filling up the DagBag from /opt/airflow/dags/dag_kafka_spark.py
[2024-03-23T07:22:37.525+0000] {processor.py:839} INFO - DAG(s) dict_keys(['kafka_spark_dag']) retrieved from /opt/airflow/dags/dag_kafka_spark.py
[2024-03-23T07:22:37.575+0000] {logging_mixin.py:154} WARNING - 2024-03-23 07:22:37,575 - Sync 1 DAGs
[2024-03-23T07:22:38.053+0000] {logging_mixin.py:154} WARNING - 2024-03-23 07:22:38,053 - Setting next_dagrun for kafka_spark_dag to 2024-03-23T07:21:36.725905+00:00, run_after=2024-03-24T07:21:36.725905+00:00
[2024-03-23T07:22:38.064+0000] {processor.py:179} INFO - Processing /opt/airflow/dags/dag_kafka_spark.py took 0.572 seconds
[2024-03-23T07:23:09.007+0000] {processor.py:157} INFO - Started process (PID=1943) to work on /opt/airflow/dags/dag_kafka_spark.py
[2024-03-23T07:23:09.009+0000] {processor.py:829} INFO - Processing file /opt/airflow/dags/dag_kafka_spark.py for tasks to queue
[2024-03-23T07:23:09.011+0000] {logging_mixin.py:154} INFO - [2024-03-23T07:23:09.010+0000] {dagbag.py:536} INFO - Filling up the DagBag from /opt/airflow/dags/dag_kafka_spark.py
[2024-03-23T07:23:09.059+0000] {processor.py:839} INFO - DAG(s) dict_keys(['kafka_spark_dag']) retrieved from /opt/airflow/dags/dag_kafka_spark.py
[2024-03-23T07:23:09.529+0000] {logging_mixin.py:154} WARNING - 2024-03-23 07:23:09,528 - Sync 1 DAGs
[2024-03-23T07:23:09.546+0000] {logging_mixin.py:154} WARNING - 2024-03-23 07:23:09,546 - Setting next_dagrun for kafka_spark_dag to 2024-03-23T07:21:36.725905+00:00, run_after=2024-03-24T07:21:36.725905+00:00
[2024-03-23T07:23:09.560+0000] {processor.py:179} INFO - Processing /opt/airflow/dags/dag_kafka_spark.py took 0.557 seconds
[2024-03-23T07:23:40.279+0000] {processor.py:157} INFO - Started process (PID=2195) to work on /opt/airflow/dags/dag_kafka_spark.py
[2024-03-23T07:23:40.282+0000] {processor.py:829} INFO - Processing file /opt/airflow/dags/dag_kafka_spark.py for tasks to queue
[2024-03-23T07:23:40.283+0000] {logging_mixin.py:154} INFO - [2024-03-23T07:23:40.283+0000] {dagbag.py:536} INFO - Filling up the DagBag from /opt/airflow/dags/dag_kafka_spark.py
[2024-03-23T07:23:40.354+0000] {processor.py:839} INFO - DAG(s) dict_keys(['kafka_spark_dag']) retrieved from /opt/airflow/dags/dag_kafka_spark.py
[2024-03-23T07:23:40.888+0000] {logging_mixin.py:154} WARNING - 2024-03-23 07:23:40,888 - Sync 1 DAGs
[2024-03-23T07:23:40.959+0000] {logging_mixin.py:154} WARNING - 2024-03-23 07:23:40,958 - Setting next_dagrun for kafka_spark_dag to 2024-03-23T07:21:36.725905+00:00, run_after=2024-03-24T07:21:36.725905+00:00
[2024-03-23T07:23:40.997+0000] {processor.py:179} INFO - Processing /opt/airflow/dags/dag_kafka_spark.py took 0.723 seconds
[2024-03-23T07:24:11.919+0000] {processor.py:157} INFO - Started process (PID=2448) to work on /opt/airflow/dags/dag_kafka_spark.py
[2024-03-23T07:24:11.925+0000] {processor.py:829} INFO - Processing file /opt/airflow/dags/dag_kafka_spark.py for tasks to queue
[2024-03-23T07:24:11.926+0000] {logging_mixin.py:154} INFO - [2024-03-23T07:24:11.926+0000] {dagbag.py:536} INFO - Filling up the DagBag from /opt/airflow/dags/dag_kafka_spark.py
[2024-03-23T07:24:11.972+0000] {processor.py:839} INFO - DAG(s) dict_keys(['kafka_spark_dag']) retrieved from /opt/airflow/dags/dag_kafka_spark.py
[2024-03-23T07:24:13.312+0000] {logging_mixin.py:154} WARNING - 2024-03-23 07:24:13,312 - Sync 1 DAGs
[2024-03-23T07:24:13.350+0000] {logging_mixin.py:154} WARNING - 2024-03-23 07:24:13,350 - Setting next_dagrun for kafka_spark_dag to 2024-03-23T07:21:36.725905+00:00, run_after=2024-03-24T07:21:36.725905+00:00
[2024-03-23T07:24:13.425+0000] {processor.py:179} INFO - Processing /opt/airflow/dags/dag_kafka_spark.py took 1.525 seconds
[2024-03-23T07:24:44.333+0000] {processor.py:157} INFO - Started process (PID=2691) to work on /opt/airflow/dags/dag_kafka_spark.py
[2024-03-23T07:24:44.342+0000] {processor.py:829} INFO - Processing file /opt/airflow/dags/dag_kafka_spark.py for tasks to queue
[2024-03-23T07:24:44.347+0000] {logging_mixin.py:154} INFO - [2024-03-23T07:24:44.345+0000] {dagbag.py:536} INFO - Filling up the DagBag from /opt/airflow/dags/dag_kafka_spark.py
[2024-03-23T07:24:44.507+0000] {processor.py:839} INFO - DAG(s) dict_keys(['kafka_spark_dag']) retrieved from /opt/airflow/dags/dag_kafka_spark.py
[2024-03-23T07:24:45.911+0000] {logging_mixin.py:154} WARNING - 2024-03-23 07:24:45,910 - Sync 1 DAGs
[2024-03-23T07:24:45.946+0000] {logging_mixin.py:154} WARNING - 2024-03-23 07:24:45,946 - Setting next_dagrun for kafka_spark_dag to 2024-03-23T07:21:36.725905+00:00, run_after=2024-03-24T07:21:36.725905+00:00
[2024-03-23T07:24:45.963+0000] {processor.py:179} INFO - Processing /opt/airflow/dags/dag_kafka_spark.py took 1.643 seconds
[2024-03-23T07:25:16.176+0000] {processor.py:157} INFO - Started process (PID=2940) to work on /opt/airflow/dags/dag_kafka_spark.py
[2024-03-23T07:25:16.179+0000] {processor.py:829} INFO - Processing file /opt/airflow/dags/dag_kafka_spark.py for tasks to queue
[2024-03-23T07:25:16.184+0000] {logging_mixin.py:154} INFO - [2024-03-23T07:25:16.183+0000] {dagbag.py:536} INFO - Filling up the DagBag from /opt/airflow/dags/dag_kafka_spark.py
[2024-03-23T07:25:16.425+0000] {processor.py:839} INFO - DAG(s) dict_keys(['kafka_spark_dag']) retrieved from /opt/airflow/dags/dag_kafka_spark.py
[2024-03-23T07:25:21.001+0000] {logging_mixin.py:154} WARNING - 2024-03-23 07:25:21,001 - Sync 1 DAGs
[2024-03-23T07:25:21.030+0000] {logging_mixin.py:154} WARNING - 2024-03-23 07:25:21,030 - Setting next_dagrun for kafka_spark_dag to 2024-03-23T07:21:36.725905+00:00, run_after=2024-03-24T07:21:36.725905+00:00
[2024-03-23T07:25:21.063+0000] {processor.py:179} INFO - Processing /opt/airflow/dags/dag_kafka_spark.py took 4.894 seconds
[2024-03-23T07:25:52.159+0000] {processor.py:157} INFO - Started process (PID=3189) to work on /opt/airflow/dags/dag_kafka_spark.py
[2024-03-23T07:25:52.164+0000] {processor.py:829} INFO - Processing file /opt/airflow/dags/dag_kafka_spark.py for tasks to queue
[2024-03-23T07:25:52.166+0000] {logging_mixin.py:154} INFO - [2024-03-23T07:25:52.166+0000] {dagbag.py:536} INFO - Filling up the DagBag from /opt/airflow/dags/dag_kafka_spark.py
[2024-03-23T07:25:52.341+0000] {processor.py:839} INFO - DAG(s) dict_keys(['kafka_spark_dag']) retrieved from /opt/airflow/dags/dag_kafka_spark.py
[2024-03-23T07:25:53.759+0000] {logging_mixin.py:154} WARNING - 2024-03-23 07:25:53,759 - Sync 1 DAGs
[2024-03-23T07:25:53.790+0000] {logging_mixin.py:154} WARNING - 2024-03-23 07:25:53,790 - Setting next_dagrun for kafka_spark_dag to 2024-03-23T07:21:36.725905+00:00, run_after=2024-03-24T07:21:36.725905+00:00
[2024-03-23T07:25:53.818+0000] {processor.py:179} INFO - Processing /opt/airflow/dags/dag_kafka_spark.py took 1.680 seconds
[2024-03-23T07:26:24.491+0000] {processor.py:157} INFO - Started process (PID=3432) to work on /opt/airflow/dags/dag_kafka_spark.py
[2024-03-23T07:26:24.517+0000] {processor.py:829} INFO - Processing file /opt/airflow/dags/dag_kafka_spark.py for tasks to queue
[2024-03-23T07:26:24.531+0000] {logging_mixin.py:154} INFO - [2024-03-23T07:26:24.522+0000] {dagbag.py:536} INFO - Filling up the DagBag from /opt/airflow/dags/dag_kafka_spark.py
[2024-03-23T07:26:25.746+0000] {processor.py:839} INFO - DAG(s) dict_keys(['kafka_spark_dag']) retrieved from /opt/airflow/dags/dag_kafka_spark.py
[2024-03-23T07:26:27.917+0000] {logging_mixin.py:154} WARNING - 2024-03-23 07:26:27,917 - Sync 1 DAGs
[2024-03-23T07:26:27.970+0000] {logging_mixin.py:154} WARNING - 2024-03-23 07:26:27,970 - Setting next_dagrun for kafka_spark_dag to 2024-03-23T07:21:36.725905+00:00, run_after=2024-03-24T07:21:36.725905+00:00
[2024-03-23T07:26:27.991+0000] {processor.py:179} INFO - Processing /opt/airflow/dags/dag_kafka_spark.py took 3.475 seconds
[2024-03-23T07:26:59.287+0000] {processor.py:157} INFO - Started process (PID=3675) to work on /opt/airflow/dags/dag_kafka_spark.py
[2024-03-23T07:26:59.307+0000] {processor.py:829} INFO - Processing file /opt/airflow/dags/dag_kafka_spark.py for tasks to queue
[2024-03-23T07:26:59.315+0000] {logging_mixin.py:154} INFO - [2024-03-23T07:26:59.311+0000] {dagbag.py:536} INFO - Filling up the DagBag from /opt/airflow/dags/dag_kafka_spark.py
[2024-03-23T07:26:59.645+0000] {processor.py:839} INFO - DAG(s) dict_keys(['kafka_spark_dag']) retrieved from /opt/airflow/dags/dag_kafka_spark.py
[2024-03-23T07:27:01.776+0000] {logging_mixin.py:154} WARNING - 2024-03-23 07:27:01,775 - Sync 1 DAGs
[2024-03-23T07:27:01.805+0000] {logging_mixin.py:154} WARNING - 2024-03-23 07:27:01,805 - Setting next_dagrun for kafka_spark_dag to 2024-03-23T07:21:36.725905+00:00, run_after=2024-03-24T07:21:36.725905+00:00
[2024-03-23T07:27:01.822+0000] {processor.py:179} INFO - Processing /opt/airflow/dags/dag_kafka_spark.py took 2.598 seconds
[2024-03-23T07:27:32.637+0000] {processor.py:157} INFO - Started process (PID=3925) to work on /opt/airflow/dags/dag_kafka_spark.py
[2024-03-23T07:27:32.646+0000] {processor.py:829} INFO - Processing file /opt/airflow/dags/dag_kafka_spark.py for tasks to queue
[2024-03-23T07:27:32.651+0000] {logging_mixin.py:154} INFO - [2024-03-23T07:27:32.648+0000] {dagbag.py:536} INFO - Filling up the DagBag from /opt/airflow/dags/dag_kafka_spark.py
[2024-03-23T07:27:33.044+0000] {processor.py:839} INFO - DAG(s) dict_keys(['kafka_spark_dag']) retrieved from /opt/airflow/dags/dag_kafka_spark.py
[2024-03-23T07:27:35.239+0000] {logging_mixin.py:154} WARNING - 2024-03-23 07:27:35,239 - Sync 1 DAGs
[2024-03-23T07:27:35.283+0000] {logging_mixin.py:154} WARNING - 2024-03-23 07:27:35,283 - Setting next_dagrun for kafka_spark_dag to 2024-03-23T07:21:36.725905+00:00, run_after=2024-03-24T07:21:36.725905+00:00
[2024-03-23T07:27:35.300+0000] {processor.py:179} INFO - Processing /opt/airflow/dags/dag_kafka_spark.py took 2.732 seconds
[2024-03-23T07:28:06.670+0000] {processor.py:157} INFO - Started process (PID=4168) to work on /opt/airflow/dags/dag_kafka_spark.py
[2024-03-23T07:28:06.690+0000] {processor.py:829} INFO - Processing file /opt/airflow/dags/dag_kafka_spark.py for tasks to queue
[2024-03-23T07:28:06.706+0000] {logging_mixin.py:154} INFO - [2024-03-23T07:28:06.699+0000] {dagbag.py:536} INFO - Filling up the DagBag from /opt/airflow/dags/dag_kafka_spark.py
[2024-03-23T07:28:07.128+0000] {processor.py:839} INFO - DAG(s) dict_keys(['kafka_spark_dag']) retrieved from /opt/airflow/dags/dag_kafka_spark.py
[2024-03-23T07:28:09.299+0000] {logging_mixin.py:154} WARNING - 2024-03-23 07:28:09,299 - Sync 1 DAGs
[2024-03-23T07:28:09.321+0000] {logging_mixin.py:154} WARNING - 2024-03-23 07:28:09,321 - Setting next_dagrun for kafka_spark_dag to 2024-03-23T07:21:36.725905+00:00, run_after=2024-03-24T07:21:36.725905+00:00
[2024-03-23T07:28:09.348+0000] {processor.py:179} INFO - Processing /opt/airflow/dags/dag_kafka_spark.py took 2.781 seconds
[2024-03-23T07:28:39.592+0000] {processor.py:157} INFO - Started process (PID=4411) to work on /opt/airflow/dags/dag_kafka_spark.py
[2024-03-23T07:28:39.597+0000] {processor.py:829} INFO - Processing file /opt/airflow/dags/dag_kafka_spark.py for tasks to queue
[2024-03-23T07:28:39.599+0000] {logging_mixin.py:154} INFO - [2024-03-23T07:28:39.599+0000] {dagbag.py:536} INFO - Filling up the DagBag from /opt/airflow/dags/dag_kafka_spark.py
[2024-03-23T07:28:39.727+0000] {processor.py:839} INFO - DAG(s) dict_keys(['kafka_spark_dag']) retrieved from /opt/airflow/dags/dag_kafka_spark.py
[2024-03-23T07:28:40.201+0000] {logging_mixin.py:154} WARNING - 2024-03-23 07:28:40,201 - Sync 1 DAGs
[2024-03-23T07:28:40.243+0000] {logging_mixin.py:154} WARNING - 2024-03-23 07:28:40,243 - Setting next_dagrun for kafka_spark_dag to 2024-03-23T07:21:36.725905+00:00, run_after=2024-03-24T07:21:36.725905+00:00
[2024-03-23T07:28:40.261+0000] {processor.py:179} INFO - Processing /opt/airflow/dags/dag_kafka_spark.py took 0.680 seconds
[2024-03-23T07:29:10.918+0000] {processor.py:157} INFO - Started process (PID=4654) to work on /opt/airflow/dags/dag_kafka_spark.py
[2024-03-23T07:29:10.920+0000] {processor.py:829} INFO - Processing file /opt/airflow/dags/dag_kafka_spark.py for tasks to queue
[2024-03-23T07:29:10.922+0000] {logging_mixin.py:154} INFO - [2024-03-23T07:29:10.921+0000] {dagbag.py:536} INFO - Filling up the DagBag from /opt/airflow/dags/dag_kafka_spark.py
[2024-03-23T07:29:10.981+0000] {processor.py:839} INFO - DAG(s) dict_keys(['kafka_spark_dag']) retrieved from /opt/airflow/dags/dag_kafka_spark.py
[2024-03-23T07:29:11.334+0000] {logging_mixin.py:154} WARNING - 2024-03-23 07:29:11,334 - Sync 1 DAGs
[2024-03-23T07:29:11.350+0000] {logging_mixin.py:154} WARNING - 2024-03-23 07:29:11,350 - Setting next_dagrun for kafka_spark_dag to 2024-03-23T07:21:36.725905+00:00, run_after=2024-03-24T07:21:36.725905+00:00
[2024-03-23T07:29:11.359+0000] {processor.py:179} INFO - Processing /opt/airflow/dags/dag_kafka_spark.py took 0.467 seconds
[2024-03-23T07:29:36.281+0000] {processor.py:157} INFO - Started process (PID=168) to work on /opt/airflow/dags/dag_kafka_spark.py
[2024-03-23T07:29:36.283+0000] {processor.py:829} INFO - Processing file /opt/airflow/dags/dag_kafka_spark.py for tasks to queue
[2024-03-23T07:29:36.283+0000] {logging_mixin.py:154} INFO - [2024-03-23T07:29:36.283+0000] {dagbag.py:536} INFO - Filling up the DagBag from /opt/airflow/dags/dag_kafka_spark.py
[2024-03-23T07:29:36.347+0000] {processor.py:839} INFO - DAG(s) dict_keys(['kafka_spark_dag']) retrieved from /opt/airflow/dags/dag_kafka_spark.py
[2024-03-23T07:29:36.365+0000] {logging_mixin.py:154} WARNING - 2024-03-23 07:29:36,365 - Sync 1 DAGs
[2024-03-23T07:29:36.379+0000] {logging_mixin.py:154} WARNING - 2024-03-23 07:29:36,379 - Setting next_dagrun for kafka_spark_dag to 2024-03-23T07:21:36.725905+00:00, run_after=2024-03-24T07:21:36.725905+00:00
[2024-03-23T07:29:36.390+0000] {processor.py:179} INFO - Processing /opt/airflow/dags/dag_kafka_spark.py took 0.112 seconds
