[2024-03-23T07:19:35.434+0000] {processor.py:157} INFO - Started process (PID=372) to work on /home/airflow/.local/lib/python3.8/site-packages/airflow/example_dags/example_task_group.py
[2024-03-23T07:19:35.439+0000] {processor.py:829} INFO - Processing file /home/airflow/.local/lib/python3.8/site-packages/airflow/example_dags/example_task_group.py for tasks to queue
[2024-03-23T07:19:35.440+0000] {logging_mixin.py:154} INFO - [2024-03-23T07:19:35.440+0000] {dagbag.py:536} INFO - Filling up the DagBag from /home/airflow/.local/lib/python3.8/site-packages/airflow/example_dags/example_task_group.py
[2024-03-23T07:19:35.450+0000] {processor.py:839} INFO - DAG(s) dict_keys(['example_task_group']) retrieved from /home/airflow/.local/lib/python3.8/site-packages/airflow/example_dags/example_task_group.py
[2024-03-23T07:19:35.513+0000] {logging_mixin.py:154} INFO - [2024-03-23T07:19:35.513+0000] {manager.py:499} INFO - Created Permission View: %s
[2024-03-23T07:19:35.519+0000] {logging_mixin.py:154} INFO - [2024-03-23T07:19:35.519+0000] {manager.py:499} INFO - Created Permission View: %s
[2024-03-23T07:19:35.522+0000] {logging_mixin.py:154} INFO - [2024-03-23T07:19:35.522+0000] {manager.py:499} INFO - Created Permission View: %s
[2024-03-23T07:19:35.522+0000] {logging_mixin.py:154} INFO - [2024-03-23T07:19:35.522+0000] {dag.py:2941} INFO - Sync 1 DAGs
[2024-03-23T07:19:35.528+0000] {logging_mixin.py:154} INFO - [2024-03-23T07:19:35.528+0000] {dag.py:2963} INFO - Creating ORM DAG for example_task_group
[2024-03-23T07:19:35.534+0000] {logging_mixin.py:154} INFO - [2024-03-23T07:19:35.534+0000] {dag.py:3722} INFO - Setting next_dagrun for example_task_group to 2024-03-22T07:19:35.534102+00:00, run_after=2024-03-23T07:19:35.534102+00:00
[2024-03-23T07:19:35.545+0000] {processor.py:179} INFO - Processing /home/airflow/.local/lib/python3.8/site-packages/airflow/example_dags/example_task_group.py took 0.115 seconds
[2024-03-23T07:20:06.401+0000] {processor.py:157} INFO - Started process (PID=615) to work on /home/airflow/.local/lib/python3.8/site-packages/airflow/example_dags/example_task_group.py
[2024-03-23T07:20:06.402+0000] {processor.py:829} INFO - Processing file /home/airflow/.local/lib/python3.8/site-packages/airflow/example_dags/example_task_group.py for tasks to queue
[2024-03-23T07:20:06.403+0000] {logging_mixin.py:154} INFO - [2024-03-23T07:20:06.402+0000] {dagbag.py:536} INFO - Filling up the DagBag from /home/airflow/.local/lib/python3.8/site-packages/airflow/example_dags/example_task_group.py
[2024-03-23T07:20:06.407+0000] {processor.py:839} INFO - DAG(s) dict_keys(['example_task_group']) retrieved from /home/airflow/.local/lib/python3.8/site-packages/airflow/example_dags/example_task_group.py
[2024-03-23T07:20:06.420+0000] {logging_mixin.py:154} INFO - [2024-03-23T07:20:06.420+0000] {dag.py:2941} INFO - Sync 1 DAGs
[2024-03-23T07:20:06.435+0000] {logging_mixin.py:154} INFO - [2024-03-23T07:20:06.435+0000] {dag.py:3722} INFO - Setting next_dagrun for example_task_group to 2024-03-22T07:20:06.435175+00:00, run_after=2024-03-23T07:20:06.435175+00:00
[2024-03-23T07:20:06.448+0000] {processor.py:179} INFO - Processing /home/airflow/.local/lib/python3.8/site-packages/airflow/example_dags/example_task_group.py took 0.049 seconds
[2024-03-23T07:20:36.854+0000] {processor.py:157} INFO - Started process (PID=858) to work on /home/airflow/.local/lib/python3.8/site-packages/airflow/example_dags/example_task_group.py
[2024-03-23T07:20:36.855+0000] {processor.py:829} INFO - Processing file /home/airflow/.local/lib/python3.8/site-packages/airflow/example_dags/example_task_group.py for tasks to queue
[2024-03-23T07:20:36.856+0000] {logging_mixin.py:154} INFO - [2024-03-23T07:20:36.856+0000] {dagbag.py:536} INFO - Filling up the DagBag from /home/airflow/.local/lib/python3.8/site-packages/airflow/example_dags/example_task_group.py
[2024-03-23T07:20:36.861+0000] {processor.py:839} INFO - DAG(s) dict_keys(['example_task_group']) retrieved from /home/airflow/.local/lib/python3.8/site-packages/airflow/example_dags/example_task_group.py
[2024-03-23T07:20:36.873+0000] {logging_mixin.py:154} INFO - [2024-03-23T07:20:36.872+0000] {dag.py:2941} INFO - Sync 1 DAGs
[2024-03-23T07:20:36.889+0000] {logging_mixin.py:154} INFO - [2024-03-23T07:20:36.889+0000] {dag.py:3722} INFO - Setting next_dagrun for example_task_group to 2024-03-22T07:20:36.888732+00:00, run_after=2024-03-23T07:20:36.888732+00:00
[2024-03-23T07:20:36.905+0000] {processor.py:179} INFO - Processing /home/airflow/.local/lib/python3.8/site-packages/airflow/example_dags/example_task_group.py took 0.052 seconds
[2024-03-23T07:21:07.172+0000] {processor.py:157} INFO - Started process (PID=1101) to work on /home/airflow/.local/lib/python3.8/site-packages/airflow/example_dags/example_task_group.py
[2024-03-23T07:21:07.173+0000] {processor.py:829} INFO - Processing file /home/airflow/.local/lib/python3.8/site-packages/airflow/example_dags/example_task_group.py for tasks to queue
[2024-03-23T07:21:07.174+0000] {logging_mixin.py:154} INFO - [2024-03-23T07:21:07.174+0000] {dagbag.py:536} INFO - Filling up the DagBag from /home/airflow/.local/lib/python3.8/site-packages/airflow/example_dags/example_task_group.py
[2024-03-23T07:21:07.179+0000] {processor.py:839} INFO - DAG(s) dict_keys(['example_task_group']) retrieved from /home/airflow/.local/lib/python3.8/site-packages/airflow/example_dags/example_task_group.py
[2024-03-23T07:21:07.203+0000] {logging_mixin.py:154} INFO - [2024-03-23T07:21:07.203+0000] {dag.py:2941} INFO - Sync 1 DAGs
[2024-03-23T07:21:07.218+0000] {logging_mixin.py:154} INFO - [2024-03-23T07:21:07.218+0000] {dag.py:3722} INFO - Setting next_dagrun for example_task_group to 2024-03-22T07:21:07.217874+00:00, run_after=2024-03-23T07:21:07.217874+00:00
[2024-03-23T07:21:07.228+0000] {processor.py:179} INFO - Processing /home/airflow/.local/lib/python3.8/site-packages/airflow/example_dags/example_task_group.py took 0.058 seconds
[2024-03-23T07:21:38.080+0000] {processor.py:157} INFO - Started process (PID=1344) to work on /home/airflow/.local/lib/python3.8/site-packages/airflow/example_dags/example_task_group.py
[2024-03-23T07:21:38.081+0000] {processor.py:829} INFO - Processing file /home/airflow/.local/lib/python3.8/site-packages/airflow/example_dags/example_task_group.py for tasks to queue
[2024-03-23T07:21:38.081+0000] {logging_mixin.py:154} INFO - [2024-03-23T07:21:38.081+0000] {dagbag.py:536} INFO - Filling up the DagBag from /home/airflow/.local/lib/python3.8/site-packages/airflow/example_dags/example_task_group.py
[2024-03-23T07:21:38.085+0000] {processor.py:839} INFO - DAG(s) dict_keys(['example_task_group']) retrieved from /home/airflow/.local/lib/python3.8/site-packages/airflow/example_dags/example_task_group.py
[2024-03-23T07:21:38.095+0000] {logging_mixin.py:154} INFO - [2024-03-23T07:21:38.095+0000] {dag.py:2941} INFO - Sync 1 DAGs
[2024-03-23T07:21:38.104+0000] {logging_mixin.py:154} INFO - [2024-03-23T07:21:38.104+0000] {dag.py:3722} INFO - Setting next_dagrun for example_task_group to 2024-03-22T07:21:38.104527+00:00, run_after=2024-03-23T07:21:38.104527+00:00
[2024-03-23T07:21:38.112+0000] {processor.py:179} INFO - Processing /home/airflow/.local/lib/python3.8/site-packages/airflow/example_dags/example_task_group.py took 0.034 seconds
[2024-03-23T07:22:09.093+0000] {processor.py:157} INFO - Started process (PID=1591) to work on /home/airflow/.local/lib/python3.8/site-packages/airflow/example_dags/example_task_group.py
[2024-03-23T07:22:09.094+0000] {processor.py:829} INFO - Processing file /home/airflow/.local/lib/python3.8/site-packages/airflow/example_dags/example_task_group.py for tasks to queue
[2024-03-23T07:22:09.095+0000] {logging_mixin.py:154} INFO - [2024-03-23T07:22:09.094+0000] {dagbag.py:536} INFO - Filling up the DagBag from /home/airflow/.local/lib/python3.8/site-packages/airflow/example_dags/example_task_group.py
[2024-03-23T07:22:09.099+0000] {processor.py:839} INFO - DAG(s) dict_keys(['example_task_group']) retrieved from /home/airflow/.local/lib/python3.8/site-packages/airflow/example_dags/example_task_group.py
[2024-03-23T07:22:09.114+0000] {logging_mixin.py:154} INFO - [2024-03-23T07:22:09.114+0000] {dag.py:2941} INFO - Sync 1 DAGs
[2024-03-23T07:22:09.137+0000] {logging_mixin.py:154} INFO - [2024-03-23T07:22:09.137+0000] {dag.py:3722} INFO - Setting next_dagrun for example_task_group to 2024-03-22T07:22:09.137347+00:00, run_after=2024-03-23T07:22:09.137347+00:00
[2024-03-23T07:22:09.149+0000] {processor.py:179} INFO - Processing /home/airflow/.local/lib/python3.8/site-packages/airflow/example_dags/example_task_group.py took 0.057 seconds
[2024-03-23T07:22:40.034+0000] {processor.py:157} INFO - Started process (PID=1838) to work on /home/airflow/.local/lib/python3.8/site-packages/airflow/example_dags/example_task_group.py
[2024-03-23T07:22:40.035+0000] {processor.py:829} INFO - Processing file /home/airflow/.local/lib/python3.8/site-packages/airflow/example_dags/example_task_group.py for tasks to queue
[2024-03-23T07:22:40.036+0000] {logging_mixin.py:154} INFO - [2024-03-23T07:22:40.036+0000] {dagbag.py:536} INFO - Filling up the DagBag from /home/airflow/.local/lib/python3.8/site-packages/airflow/example_dags/example_task_group.py
[2024-03-23T07:22:40.039+0000] {processor.py:839} INFO - DAG(s) dict_keys(['example_task_group']) retrieved from /home/airflow/.local/lib/python3.8/site-packages/airflow/example_dags/example_task_group.py
[2024-03-23T07:22:40.048+0000] {logging_mixin.py:154} INFO - [2024-03-23T07:22:40.048+0000] {dag.py:2941} INFO - Sync 1 DAGs
[2024-03-23T07:22:40.058+0000] {logging_mixin.py:154} INFO - [2024-03-23T07:22:40.058+0000] {dag.py:3722} INFO - Setting next_dagrun for example_task_group to 2024-03-22T07:22:40.057924+00:00, run_after=2024-03-23T07:22:40.057924+00:00
[2024-03-23T07:22:40.067+0000] {processor.py:179} INFO - Processing /home/airflow/.local/lib/python3.8/site-packages/airflow/example_dags/example_task_group.py took 0.034 seconds
[2024-03-23T07:23:10.435+0000] {processor.py:157} INFO - Started process (PID=2083) to work on /home/airflow/.local/lib/python3.8/site-packages/airflow/example_dags/example_task_group.py
[2024-03-23T07:23:10.435+0000] {processor.py:829} INFO - Processing file /home/airflow/.local/lib/python3.8/site-packages/airflow/example_dags/example_task_group.py for tasks to queue
[2024-03-23T07:23:10.436+0000] {logging_mixin.py:154} INFO - [2024-03-23T07:23:10.436+0000] {dagbag.py:536} INFO - Filling up the DagBag from /home/airflow/.local/lib/python3.8/site-packages/airflow/example_dags/example_task_group.py
[2024-03-23T07:23:10.441+0000] {processor.py:839} INFO - DAG(s) dict_keys(['example_task_group']) retrieved from /home/airflow/.local/lib/python3.8/site-packages/airflow/example_dags/example_task_group.py
[2024-03-23T07:23:10.457+0000] {logging_mixin.py:154} INFO - [2024-03-23T07:23:10.457+0000] {dag.py:2941} INFO - Sync 1 DAGs
[2024-03-23T07:23:10.471+0000] {logging_mixin.py:154} INFO - [2024-03-23T07:23:10.471+0000] {dag.py:3722} INFO - Setting next_dagrun for example_task_group to 2024-03-22T07:23:10.471219+00:00, run_after=2024-03-23T07:23:10.471219+00:00
[2024-03-23T07:23:10.482+0000] {processor.py:179} INFO - Processing /home/airflow/.local/lib/python3.8/site-packages/airflow/example_dags/example_task_group.py took 0.049 seconds
[2024-03-23T07:23:43.560+0000] {processor.py:157} INFO - Started process (PID=2323) to work on /home/airflow/.local/lib/python3.8/site-packages/airflow/example_dags/example_task_group.py
[2024-03-23T07:23:43.561+0000] {processor.py:829} INFO - Processing file /home/airflow/.local/lib/python3.8/site-packages/airflow/example_dags/example_task_group.py for tasks to queue
[2024-03-23T07:23:43.561+0000] {logging_mixin.py:154} INFO - [2024-03-23T07:23:43.561+0000] {dagbag.py:536} INFO - Filling up the DagBag from /home/airflow/.local/lib/python3.8/site-packages/airflow/example_dags/example_task_group.py
[2024-03-23T07:23:43.566+0000] {processor.py:839} INFO - DAG(s) dict_keys(['example_task_group']) retrieved from /home/airflow/.local/lib/python3.8/site-packages/airflow/example_dags/example_task_group.py
[2024-03-23T07:23:43.577+0000] {logging_mixin.py:154} INFO - [2024-03-23T07:23:43.577+0000] {dag.py:2941} INFO - Sync 1 DAGs
[2024-03-23T07:23:43.589+0000] {logging_mixin.py:154} INFO - [2024-03-23T07:23:43.589+0000] {dag.py:3722} INFO - Setting next_dagrun for example_task_group to 2024-03-22T07:23:43.589079+00:00, run_after=2024-03-23T07:23:43.589079+00:00
[2024-03-23T07:23:43.598+0000] {processor.py:179} INFO - Processing /home/airflow/.local/lib/python3.8/site-packages/airflow/example_dags/example_task_group.py took 0.040 seconds
[2024-03-23T07:24:14.974+0000] {processor.py:157} INFO - Started process (PID=2566) to work on /home/airflow/.local/lib/python3.8/site-packages/airflow/example_dags/example_task_group.py
[2024-03-23T07:24:14.975+0000] {processor.py:829} INFO - Processing file /home/airflow/.local/lib/python3.8/site-packages/airflow/example_dags/example_task_group.py for tasks to queue
[2024-03-23T07:24:14.976+0000] {logging_mixin.py:154} INFO - [2024-03-23T07:24:14.976+0000] {dagbag.py:536} INFO - Filling up the DagBag from /home/airflow/.local/lib/python3.8/site-packages/airflow/example_dags/example_task_group.py
[2024-03-23T07:24:14.981+0000] {processor.py:839} INFO - DAG(s) dict_keys(['example_task_group']) retrieved from /home/airflow/.local/lib/python3.8/site-packages/airflow/example_dags/example_task_group.py
[2024-03-23T07:24:14.992+0000] {logging_mixin.py:154} INFO - [2024-03-23T07:24:14.991+0000] {dag.py:2941} INFO - Sync 1 DAGs
[2024-03-23T07:24:15.003+0000] {logging_mixin.py:154} INFO - [2024-03-23T07:24:15.003+0000] {dag.py:3722} INFO - Setting next_dagrun for example_task_group to 2024-03-22T07:24:15.003394+00:00, run_after=2024-03-23T07:24:15.003394+00:00
[2024-03-23T07:24:15.015+0000] {processor.py:179} INFO - Processing /home/airflow/.local/lib/python3.8/site-packages/airflow/example_dags/example_task_group.py took 0.043 seconds
[2024-03-23T07:24:47.137+0000] {processor.py:157} INFO - Started process (PID=2809) to work on /home/airflow/.local/lib/python3.8/site-packages/airflow/example_dags/example_task_group.py
[2024-03-23T07:24:47.139+0000] {processor.py:829} INFO - Processing file /home/airflow/.local/lib/python3.8/site-packages/airflow/example_dags/example_task_group.py for tasks to queue
[2024-03-23T07:24:47.140+0000] {logging_mixin.py:154} INFO - [2024-03-23T07:24:47.140+0000] {dagbag.py:536} INFO - Filling up the DagBag from /home/airflow/.local/lib/python3.8/site-packages/airflow/example_dags/example_task_group.py
[2024-03-23T07:24:47.147+0000] {processor.py:839} INFO - DAG(s) dict_keys(['example_task_group']) retrieved from /home/airflow/.local/lib/python3.8/site-packages/airflow/example_dags/example_task_group.py
[2024-03-23T07:24:47.163+0000] {logging_mixin.py:154} INFO - [2024-03-23T07:24:47.163+0000] {dag.py:2941} INFO - Sync 1 DAGs
[2024-03-23T07:24:47.180+0000] {logging_mixin.py:154} INFO - [2024-03-23T07:24:47.180+0000] {dag.py:3722} INFO - Setting next_dagrun for example_task_group to 2024-03-22T07:24:47.179858+00:00, run_after=2024-03-23T07:24:47.179858+00:00
[2024-03-23T07:24:47.193+0000] {processor.py:179} INFO - Processing /home/airflow/.local/lib/python3.8/site-packages/airflow/example_dags/example_task_group.py took 0.060 seconds
[2024-03-23T07:25:22.796+0000] {processor.py:157} INFO - Started process (PID=3058) to work on /home/airflow/.local/lib/python3.8/site-packages/airflow/example_dags/example_task_group.py
[2024-03-23T07:25:22.797+0000] {processor.py:829} INFO - Processing file /home/airflow/.local/lib/python3.8/site-packages/airflow/example_dags/example_task_group.py for tasks to queue
[2024-03-23T07:25:22.798+0000] {logging_mixin.py:154} INFO - [2024-03-23T07:25:22.798+0000] {dagbag.py:536} INFO - Filling up the DagBag from /home/airflow/.local/lib/python3.8/site-packages/airflow/example_dags/example_task_group.py
[2024-03-23T07:25:22.804+0000] {processor.py:839} INFO - DAG(s) dict_keys(['example_task_group']) retrieved from /home/airflow/.local/lib/python3.8/site-packages/airflow/example_dags/example_task_group.py
[2024-03-23T07:25:22.822+0000] {logging_mixin.py:154} INFO - [2024-03-23T07:25:22.821+0000] {dag.py:2941} INFO - Sync 1 DAGs
[2024-03-23T07:25:22.843+0000] {logging_mixin.py:154} INFO - [2024-03-23T07:25:22.843+0000] {dag.py:3722} INFO - Setting next_dagrun for example_task_group to 2024-03-22T07:25:22.843125+00:00, run_after=2024-03-23T07:25:22.843125+00:00
[2024-03-23T07:25:22.857+0000] {processor.py:179} INFO - Processing /home/airflow/.local/lib/python3.8/site-packages/airflow/example_dags/example_task_group.py took 0.063 seconds
[2024-03-23T07:25:56.158+0000] {processor.py:157} INFO - Started process (PID=3307) to work on /home/airflow/.local/lib/python3.8/site-packages/airflow/example_dags/example_task_group.py
[2024-03-23T07:25:56.160+0000] {processor.py:829} INFO - Processing file /home/airflow/.local/lib/python3.8/site-packages/airflow/example_dags/example_task_group.py for tasks to queue
[2024-03-23T07:25:56.162+0000] {logging_mixin.py:154} INFO - [2024-03-23T07:25:56.161+0000] {dagbag.py:536} INFO - Filling up the DagBag from /home/airflow/.local/lib/python3.8/site-packages/airflow/example_dags/example_task_group.py
[2024-03-23T07:25:56.181+0000] {processor.py:839} INFO - DAG(s) dict_keys(['example_task_group']) retrieved from /home/airflow/.local/lib/python3.8/site-packages/airflow/example_dags/example_task_group.py
[2024-03-23T07:25:56.204+0000] {logging_mixin.py:154} INFO - [2024-03-23T07:25:56.203+0000] {dag.py:2941} INFO - Sync 1 DAGs
[2024-03-23T07:25:56.222+0000] {logging_mixin.py:154} INFO - [2024-03-23T07:25:56.222+0000] {dag.py:3722} INFO - Setting next_dagrun for example_task_group to 2024-03-22T07:25:56.222116+00:00, run_after=2024-03-23T07:25:56.222116+00:00
[2024-03-23T07:25:56.245+0000] {processor.py:179} INFO - Processing /home/airflow/.local/lib/python3.8/site-packages/airflow/example_dags/example_task_group.py took 0.090 seconds
[2024-03-23T07:26:29.874+0000] {processor.py:157} INFO - Started process (PID=3557) to work on /home/airflow/.local/lib/python3.8/site-packages/airflow/example_dags/example_task_group.py
[2024-03-23T07:26:29.876+0000] {processor.py:829} INFO - Processing file /home/airflow/.local/lib/python3.8/site-packages/airflow/example_dags/example_task_group.py for tasks to queue
[2024-03-23T07:26:29.877+0000] {logging_mixin.py:154} INFO - [2024-03-23T07:26:29.877+0000] {dagbag.py:536} INFO - Filling up the DagBag from /home/airflow/.local/lib/python3.8/site-packages/airflow/example_dags/example_task_group.py
[2024-03-23T07:26:29.883+0000] {processor.py:839} INFO - DAG(s) dict_keys(['example_task_group']) retrieved from /home/airflow/.local/lib/python3.8/site-packages/airflow/example_dags/example_task_group.py
[2024-03-23T07:26:29.899+0000] {logging_mixin.py:154} INFO - [2024-03-23T07:26:29.899+0000] {dag.py:2941} INFO - Sync 1 DAGs
[2024-03-23T07:26:29.914+0000] {logging_mixin.py:154} INFO - [2024-03-23T07:26:29.914+0000] {dag.py:3722} INFO - Setting next_dagrun for example_task_group to 2024-03-22T07:26:29.914297+00:00, run_after=2024-03-23T07:26:29.914297+00:00
[2024-03-23T07:26:29.926+0000] {processor.py:179} INFO - Processing /home/airflow/.local/lib/python3.8/site-packages/airflow/example_dags/example_task_group.py took 0.054 seconds
[2024-03-23T07:27:02.889+0000] {processor.py:157} INFO - Started process (PID=3800) to work on /home/airflow/.local/lib/python3.8/site-packages/airflow/example_dags/example_task_group.py
[2024-03-23T07:27:02.891+0000] {processor.py:829} INFO - Processing file /home/airflow/.local/lib/python3.8/site-packages/airflow/example_dags/example_task_group.py for tasks to queue
[2024-03-23T07:27:02.893+0000] {logging_mixin.py:154} INFO - [2024-03-23T07:27:02.893+0000] {dagbag.py:536} INFO - Filling up the DagBag from /home/airflow/.local/lib/python3.8/site-packages/airflow/example_dags/example_task_group.py
[2024-03-23T07:27:02.901+0000] {processor.py:839} INFO - DAG(s) dict_keys(['example_task_group']) retrieved from /home/airflow/.local/lib/python3.8/site-packages/airflow/example_dags/example_task_group.py
[2024-03-23T07:27:02.918+0000] {logging_mixin.py:154} INFO - [2024-03-23T07:27:02.918+0000] {dag.py:2941} INFO - Sync 1 DAGs
[2024-03-23T07:27:02.934+0000] {logging_mixin.py:154} INFO - [2024-03-23T07:27:02.933+0000] {dag.py:3722} INFO - Setting next_dagrun for example_task_group to 2024-03-22T07:27:02.933762+00:00, run_after=2024-03-23T07:27:02.933762+00:00
[2024-03-23T07:27:02.954+0000] {processor.py:179} INFO - Processing /home/airflow/.local/lib/python3.8/site-packages/airflow/example_dags/example_task_group.py took 0.069 seconds
[2024-03-23T07:27:36.445+0000] {processor.py:157} INFO - Started process (PID=4043) to work on /home/airflow/.local/lib/python3.8/site-packages/airflow/example_dags/example_task_group.py
[2024-03-23T07:27:36.445+0000] {processor.py:829} INFO - Processing file /home/airflow/.local/lib/python3.8/site-packages/airflow/example_dags/example_task_group.py for tasks to queue
[2024-03-23T07:27:36.446+0000] {logging_mixin.py:154} INFO - [2024-03-23T07:27:36.446+0000] {dagbag.py:536} INFO - Filling up the DagBag from /home/airflow/.local/lib/python3.8/site-packages/airflow/example_dags/example_task_group.py
[2024-03-23T07:27:36.453+0000] {processor.py:839} INFO - DAG(s) dict_keys(['example_task_group']) retrieved from /home/airflow/.local/lib/python3.8/site-packages/airflow/example_dags/example_task_group.py
[2024-03-23T07:27:36.470+0000] {logging_mixin.py:154} INFO - [2024-03-23T07:27:36.470+0000] {dag.py:2941} INFO - Sync 1 DAGs
[2024-03-23T07:27:36.486+0000] {logging_mixin.py:154} INFO - [2024-03-23T07:27:36.486+0000] {dag.py:3722} INFO - Setting next_dagrun for example_task_group to 2024-03-22T07:27:36.485938+00:00, run_after=2024-03-23T07:27:36.485938+00:00
[2024-03-23T07:27:36.497+0000] {processor.py:179} INFO - Processing /home/airflow/.local/lib/python3.8/site-packages/airflow/example_dags/example_task_group.py took 0.054 seconds
[2024-03-23T07:28:10.523+0000] {processor.py:157} INFO - Started process (PID=4288) to work on /home/airflow/.local/lib/python3.8/site-packages/airflow/example_dags/example_task_group.py
[2024-03-23T07:28:10.524+0000] {processor.py:829} INFO - Processing file /home/airflow/.local/lib/python3.8/site-packages/airflow/example_dags/example_task_group.py for tasks to queue
[2024-03-23T07:28:10.525+0000] {logging_mixin.py:154} INFO - [2024-03-23T07:28:10.525+0000] {dagbag.py:536} INFO - Filling up the DagBag from /home/airflow/.local/lib/python3.8/site-packages/airflow/example_dags/example_task_group.py
[2024-03-23T07:28:10.530+0000] {processor.py:839} INFO - DAG(s) dict_keys(['example_task_group']) retrieved from /home/airflow/.local/lib/python3.8/site-packages/airflow/example_dags/example_task_group.py
[2024-03-23T07:28:10.543+0000] {logging_mixin.py:154} INFO - [2024-03-23T07:28:10.543+0000] {dag.py:2941} INFO - Sync 1 DAGs
[2024-03-23T07:28:10.571+0000] {logging_mixin.py:154} INFO - [2024-03-23T07:28:10.571+0000] {dag.py:3722} INFO - Setting next_dagrun for example_task_group to 2024-03-22T07:28:10.571153+00:00, run_after=2024-03-23T07:28:10.571153+00:00
[2024-03-23T07:28:10.636+0000] {processor.py:179} INFO - Processing /home/airflow/.local/lib/python3.8/site-packages/airflow/example_dags/example_task_group.py took 0.115 seconds
[2024-03-23T07:28:41.154+0000] {processor.py:157} INFO - Started process (PID=4529) to work on /home/airflow/.local/lib/python3.8/site-packages/airflow/example_dags/example_task_group.py
[2024-03-23T07:28:41.158+0000] {processor.py:829} INFO - Processing file /home/airflow/.local/lib/python3.8/site-packages/airflow/example_dags/example_task_group.py for tasks to queue
[2024-03-23T07:28:41.161+0000] {logging_mixin.py:154} INFO - [2024-03-23T07:28:41.161+0000] {dagbag.py:536} INFO - Filling up the DagBag from /home/airflow/.local/lib/python3.8/site-packages/airflow/example_dags/example_task_group.py
[2024-03-23T07:28:41.168+0000] {processor.py:839} INFO - DAG(s) dict_keys(['example_task_group']) retrieved from /home/airflow/.local/lib/python3.8/site-packages/airflow/example_dags/example_task_group.py
[2024-03-23T07:28:41.183+0000] {logging_mixin.py:154} INFO - [2024-03-23T07:28:41.182+0000] {dag.py:2941} INFO - Sync 1 DAGs
[2024-03-23T07:28:41.203+0000] {logging_mixin.py:154} INFO - [2024-03-23T07:28:41.203+0000] {dag.py:3722} INFO - Setting next_dagrun for example_task_group to 2024-03-22T07:28:41.203728+00:00, run_after=2024-03-23T07:28:41.203728+00:00
[2024-03-23T07:28:41.232+0000] {processor.py:179} INFO - Processing /home/airflow/.local/lib/python3.8/site-packages/airflow/example_dags/example_task_group.py took 0.081 seconds
[2024-03-23T07:29:12.013+0000] {processor.py:157} INFO - Started process (PID=4772) to work on /home/airflow/.local/lib/python3.8/site-packages/airflow/example_dags/example_task_group.py
[2024-03-23T07:29:12.014+0000] {processor.py:829} INFO - Processing file /home/airflow/.local/lib/python3.8/site-packages/airflow/example_dags/example_task_group.py for tasks to queue
[2024-03-23T07:29:12.015+0000] {logging_mixin.py:154} INFO - [2024-03-23T07:29:12.015+0000] {dagbag.py:536} INFO - Filling up the DagBag from /home/airflow/.local/lib/python3.8/site-packages/airflow/example_dags/example_task_group.py
[2024-03-23T07:29:12.019+0000] {processor.py:839} INFO - DAG(s) dict_keys(['example_task_group']) retrieved from /home/airflow/.local/lib/python3.8/site-packages/airflow/example_dags/example_task_group.py
[2024-03-23T07:29:12.030+0000] {logging_mixin.py:154} INFO - [2024-03-23T07:29:12.030+0000] {dag.py:2941} INFO - Sync 1 DAGs
[2024-03-23T07:29:12.041+0000] {logging_mixin.py:154} INFO - [2024-03-23T07:29:12.041+0000] {dag.py:3722} INFO - Setting next_dagrun for example_task_group to 2024-03-22T07:29:12.041237+00:00, run_after=2024-03-23T07:29:12.041237+00:00
[2024-03-23T07:29:12.050+0000] {processor.py:179} INFO - Processing /home/airflow/.local/lib/python3.8/site-packages/airflow/example_dags/example_task_group.py took 0.038 seconds
[2024-03-23T07:29:37.758+0000] {processor.py:157} INFO - Started process (PID=373) to work on /home/airflow/.local/lib/python3.8/site-packages/airflow/example_dags/example_task_group.py
[2024-03-23T07:29:37.759+0000] {processor.py:829} INFO - Processing file /home/airflow/.local/lib/python3.8/site-packages/airflow/example_dags/example_task_group.py for tasks to queue
[2024-03-23T07:29:37.760+0000] {logging_mixin.py:154} INFO - [2024-03-23T07:29:37.760+0000] {dagbag.py:536} INFO - Filling up the DagBag from /home/airflow/.local/lib/python3.8/site-packages/airflow/example_dags/example_task_group.py
[2024-03-23T07:29:37.766+0000] {processor.py:839} INFO - DAG(s) dict_keys(['example_task_group']) retrieved from /home/airflow/.local/lib/python3.8/site-packages/airflow/example_dags/example_task_group.py
[2024-03-23T07:29:37.783+0000] {logging_mixin.py:154} INFO - [2024-03-23T07:29:37.783+0000] {dag.py:2941} INFO - Sync 1 DAGs
[2024-03-23T07:29:37.796+0000] {logging_mixin.py:154} INFO - [2024-03-23T07:29:37.796+0000] {dag.py:3722} INFO - Setting next_dagrun for example_task_group to 2024-03-22T07:29:37.796628+00:00, run_after=2024-03-23T07:29:37.796628+00:00
[2024-03-23T07:29:37.807+0000] {processor.py:179} INFO - Processing /home/airflow/.local/lib/python3.8/site-packages/airflow/example_dags/example_task_group.py took 0.051 seconds
