[2024-03-23T07:19:34.408+0000] {processor.py:157} INFO - Started process (PID=307) to work on /home/airflow/.local/lib/python3.8/site-packages/airflow/example_dags/example_task_group_decorator.py
[2024-03-23T07:19:34.409+0000] {processor.py:829} INFO - Processing file /home/airflow/.local/lib/python3.8/site-packages/airflow/example_dags/example_task_group_decorator.py for tasks to queue
[2024-03-23T07:19:34.410+0000] {logging_mixin.py:154} INFO - [2024-03-23T07:19:34.410+0000] {dagbag.py:536} INFO - Filling up the DagBag from /home/airflow/.local/lib/python3.8/site-packages/airflow/example_dags/example_task_group_decorator.py
[2024-03-23T07:19:34.425+0000] {processor.py:839} INFO - DAG(s) dict_keys(['example_task_group_decorator']) retrieved from /home/airflow/.local/lib/python3.8/site-packages/airflow/example_dags/example_task_group_decorator.py
[2024-03-23T07:19:34.499+0000] {logging_mixin.py:154} INFO - [2024-03-23T07:19:34.499+0000] {manager.py:499} INFO - Created Permission View: %s
[2024-03-23T07:19:34.508+0000] {logging_mixin.py:154} INFO - [2024-03-23T07:19:34.508+0000] {manager.py:499} INFO - Created Permission View: %s
[2024-03-23T07:19:34.517+0000] {logging_mixin.py:154} INFO - [2024-03-23T07:19:34.517+0000] {manager.py:499} INFO - Created Permission View: %s
[2024-03-23T07:19:34.517+0000] {logging_mixin.py:154} INFO - [2024-03-23T07:19:34.517+0000] {dag.py:2941} INFO - Sync 1 DAGs
[2024-03-23T07:19:34.527+0000] {logging_mixin.py:154} INFO - [2024-03-23T07:19:34.526+0000] {dag.py:2963} INFO - Creating ORM DAG for example_task_group_decorator
[2024-03-23T07:19:34.533+0000] {logging_mixin.py:154} INFO - [2024-03-23T07:19:34.533+0000] {dag.py:3722} INFO - Setting next_dagrun for example_task_group_decorator to 2024-03-22T07:19:34.533352+00:00, run_after=2024-03-23T07:19:34.533352+00:00
[2024-03-23T07:19:34.545+0000] {processor.py:179} INFO - Processing /home/airflow/.local/lib/python3.8/site-packages/airflow/example_dags/example_task_group_decorator.py took 0.139 seconds
[2024-03-23T07:20:04.979+0000] {processor.py:157} INFO - Started process (PID=550) to work on /home/airflow/.local/lib/python3.8/site-packages/airflow/example_dags/example_task_group_decorator.py
[2024-03-23T07:20:04.979+0000] {processor.py:829} INFO - Processing file /home/airflow/.local/lib/python3.8/site-packages/airflow/example_dags/example_task_group_decorator.py for tasks to queue
[2024-03-23T07:20:04.980+0000] {logging_mixin.py:154} INFO - [2024-03-23T07:20:04.980+0000] {dagbag.py:536} INFO - Filling up the DagBag from /home/airflow/.local/lib/python3.8/site-packages/airflow/example_dags/example_task_group_decorator.py
[2024-03-23T07:20:04.988+0000] {processor.py:839} INFO - DAG(s) dict_keys(['example_task_group_decorator']) retrieved from /home/airflow/.local/lib/python3.8/site-packages/airflow/example_dags/example_task_group_decorator.py
[2024-03-23T07:20:05.006+0000] {logging_mixin.py:154} INFO - [2024-03-23T07:20:05.006+0000] {dag.py:2941} INFO - Sync 1 DAGs
[2024-03-23T07:20:05.018+0000] {logging_mixin.py:154} INFO - [2024-03-23T07:20:05.018+0000] {dag.py:3722} INFO - Setting next_dagrun for example_task_group_decorator to 2024-03-22T07:20:05.018122+00:00, run_after=2024-03-23T07:20:05.018122+00:00
[2024-03-23T07:20:05.028+0000] {processor.py:179} INFO - Processing /home/airflow/.local/lib/python3.8/site-packages/airflow/example_dags/example_task_group_decorator.py took 0.051 seconds
[2024-03-23T07:20:36.207+0000] {processor.py:157} INFO - Started process (PID=793) to work on /home/airflow/.local/lib/python3.8/site-packages/airflow/example_dags/example_task_group_decorator.py
[2024-03-23T07:20:36.208+0000] {processor.py:829} INFO - Processing file /home/airflow/.local/lib/python3.8/site-packages/airflow/example_dags/example_task_group_decorator.py for tasks to queue
[2024-03-23T07:20:36.209+0000] {logging_mixin.py:154} INFO - [2024-03-23T07:20:36.208+0000] {dagbag.py:536} INFO - Filling up the DagBag from /home/airflow/.local/lib/python3.8/site-packages/airflow/example_dags/example_task_group_decorator.py
[2024-03-23T07:20:36.216+0000] {processor.py:839} INFO - DAG(s) dict_keys(['example_task_group_decorator']) retrieved from /home/airflow/.local/lib/python3.8/site-packages/airflow/example_dags/example_task_group_decorator.py
[2024-03-23T07:20:36.232+0000] {logging_mixin.py:154} INFO - [2024-03-23T07:20:36.231+0000] {dag.py:2941} INFO - Sync 1 DAGs
[2024-03-23T07:20:36.301+0000] {logging_mixin.py:154} INFO - [2024-03-23T07:20:36.300+0000] {dag.py:3722} INFO - Setting next_dagrun for example_task_group_decorator to 2024-03-22T07:20:36.300167+00:00, run_after=2024-03-23T07:20:36.300167+00:00
[2024-03-23T07:20:36.330+0000] {processor.py:179} INFO - Processing /home/airflow/.local/lib/python3.8/site-packages/airflow/example_dags/example_task_group_decorator.py took 0.124 seconds
[2024-03-23T07:21:06.617+0000] {processor.py:157} INFO - Started process (PID=1038) to work on /home/airflow/.local/lib/python3.8/site-packages/airflow/example_dags/example_task_group_decorator.py
[2024-03-23T07:21:06.618+0000] {processor.py:829} INFO - Processing file /home/airflow/.local/lib/python3.8/site-packages/airflow/example_dags/example_task_group_decorator.py for tasks to queue
[2024-03-23T07:21:06.618+0000] {logging_mixin.py:154} INFO - [2024-03-23T07:21:06.618+0000] {dagbag.py:536} INFO - Filling up the DagBag from /home/airflow/.local/lib/python3.8/site-packages/airflow/example_dags/example_task_group_decorator.py
[2024-03-23T07:21:06.627+0000] {processor.py:839} INFO - DAG(s) dict_keys(['example_task_group_decorator']) retrieved from /home/airflow/.local/lib/python3.8/site-packages/airflow/example_dags/example_task_group_decorator.py
[2024-03-23T07:21:06.641+0000] {logging_mixin.py:154} INFO - [2024-03-23T07:21:06.641+0000] {dag.py:2941} INFO - Sync 1 DAGs
[2024-03-23T07:21:06.670+0000] {logging_mixin.py:154} INFO - [2024-03-23T07:21:06.670+0000] {dag.py:3722} INFO - Setting next_dagrun for example_task_group_decorator to 2024-03-22T07:21:06.670382+00:00, run_after=2024-03-23T07:21:06.670382+00:00
[2024-03-23T07:21:06.707+0000] {processor.py:179} INFO - Processing /home/airflow/.local/lib/python3.8/site-packages/airflow/example_dags/example_task_group_decorator.py took 0.092 seconds
[2024-03-23T07:21:37.631+0000] {processor.py:157} INFO - Started process (PID=1279) to work on /home/airflow/.local/lib/python3.8/site-packages/airflow/example_dags/example_task_group_decorator.py
[2024-03-23T07:21:37.632+0000] {processor.py:829} INFO - Processing file /home/airflow/.local/lib/python3.8/site-packages/airflow/example_dags/example_task_group_decorator.py for tasks to queue
[2024-03-23T07:21:37.632+0000] {logging_mixin.py:154} INFO - [2024-03-23T07:21:37.632+0000] {dagbag.py:536} INFO - Filling up the DagBag from /home/airflow/.local/lib/python3.8/site-packages/airflow/example_dags/example_task_group_decorator.py
[2024-03-23T07:21:37.642+0000] {processor.py:839} INFO - DAG(s) dict_keys(['example_task_group_decorator']) retrieved from /home/airflow/.local/lib/python3.8/site-packages/airflow/example_dags/example_task_group_decorator.py
[2024-03-23T07:21:37.656+0000] {logging_mixin.py:154} INFO - [2024-03-23T07:21:37.656+0000] {dag.py:2941} INFO - Sync 1 DAGs
[2024-03-23T07:21:37.668+0000] {logging_mixin.py:154} INFO - [2024-03-23T07:21:37.668+0000] {dag.py:3722} INFO - Setting next_dagrun for example_task_group_decorator to 2024-03-22T07:21:37.667964+00:00, run_after=2024-03-23T07:21:37.667964+00:00
[2024-03-23T07:21:37.677+0000] {processor.py:179} INFO - Processing /home/airflow/.local/lib/python3.8/site-packages/airflow/example_dags/example_task_group_decorator.py took 0.049 seconds
[2024-03-23T07:22:08.568+0000] {processor.py:157} INFO - Started process (PID=1525) to work on /home/airflow/.local/lib/python3.8/site-packages/airflow/example_dags/example_task_group_decorator.py
[2024-03-23T07:22:08.569+0000] {processor.py:829} INFO - Processing file /home/airflow/.local/lib/python3.8/site-packages/airflow/example_dags/example_task_group_decorator.py for tasks to queue
[2024-03-23T07:22:08.569+0000] {logging_mixin.py:154} INFO - [2024-03-23T07:22:08.569+0000] {dagbag.py:536} INFO - Filling up the DagBag from /home/airflow/.local/lib/python3.8/site-packages/airflow/example_dags/example_task_group_decorator.py
[2024-03-23T07:22:08.581+0000] {processor.py:839} INFO - DAG(s) dict_keys(['example_task_group_decorator']) retrieved from /home/airflow/.local/lib/python3.8/site-packages/airflow/example_dags/example_task_group_decorator.py
[2024-03-23T07:22:08.596+0000] {logging_mixin.py:154} INFO - [2024-03-23T07:22:08.596+0000] {dag.py:2941} INFO - Sync 1 DAGs
[2024-03-23T07:22:08.610+0000] {logging_mixin.py:154} INFO - [2024-03-23T07:22:08.609+0000] {dag.py:3722} INFO - Setting next_dagrun for example_task_group_decorator to 2024-03-22T07:22:08.609472+00:00, run_after=2024-03-23T07:22:08.609472+00:00
[2024-03-23T07:22:08.636+0000] {processor.py:179} INFO - Processing /home/airflow/.local/lib/python3.8/site-packages/airflow/example_dags/example_task_group_decorator.py took 0.071 seconds
[2024-03-23T07:22:38.674+0000] {processor.py:157} INFO - Started process (PID=1775) to work on /home/airflow/.local/lib/python3.8/site-packages/airflow/example_dags/example_task_group_decorator.py
[2024-03-23T07:22:38.674+0000] {processor.py:829} INFO - Processing file /home/airflow/.local/lib/python3.8/site-packages/airflow/example_dags/example_task_group_decorator.py for tasks to queue
[2024-03-23T07:22:38.675+0000] {logging_mixin.py:154} INFO - [2024-03-23T07:22:38.674+0000] {dagbag.py:536} INFO - Filling up the DagBag from /home/airflow/.local/lib/python3.8/site-packages/airflow/example_dags/example_task_group_decorator.py
[2024-03-23T07:22:38.683+0000] {processor.py:839} INFO - DAG(s) dict_keys(['example_task_group_decorator']) retrieved from /home/airflow/.local/lib/python3.8/site-packages/airflow/example_dags/example_task_group_decorator.py
[2024-03-23T07:22:38.696+0000] {logging_mixin.py:154} INFO - [2024-03-23T07:22:38.696+0000] {dag.py:2941} INFO - Sync 1 DAGs
[2024-03-23T07:22:38.706+0000] {logging_mixin.py:154} INFO - [2024-03-23T07:22:38.706+0000] {dag.py:3722} INFO - Setting next_dagrun for example_task_group_decorator to 2024-03-22T07:22:38.706078+00:00, run_after=2024-03-23T07:22:38.706078+00:00
[2024-03-23T07:22:38.714+0000] {processor.py:179} INFO - Processing /home/airflow/.local/lib/python3.8/site-packages/airflow/example_dags/example_task_group_decorator.py took 0.042 seconds
[2024-03-23T07:23:10.035+0000] {processor.py:157} INFO - Started process (PID=2016) to work on /home/airflow/.local/lib/python3.8/site-packages/airflow/example_dags/example_task_group_decorator.py
[2024-03-23T07:23:10.037+0000] {processor.py:829} INFO - Processing file /home/airflow/.local/lib/python3.8/site-packages/airflow/example_dags/example_task_group_decorator.py for tasks to queue
[2024-03-23T07:23:10.039+0000] {logging_mixin.py:154} INFO - [2024-03-23T07:23:10.038+0000] {dagbag.py:536} INFO - Filling up the DagBag from /home/airflow/.local/lib/python3.8/site-packages/airflow/example_dags/example_task_group_decorator.py
[2024-03-23T07:23:10.047+0000] {processor.py:839} INFO - DAG(s) dict_keys(['example_task_group_decorator']) retrieved from /home/airflow/.local/lib/python3.8/site-packages/airflow/example_dags/example_task_group_decorator.py
[2024-03-23T07:23:10.059+0000] {logging_mixin.py:154} INFO - [2024-03-23T07:23:10.058+0000] {dag.py:2941} INFO - Sync 1 DAGs
[2024-03-23T07:23:10.070+0000] {logging_mixin.py:154} INFO - [2024-03-23T07:23:10.070+0000] {dag.py:3722} INFO - Setting next_dagrun for example_task_group_decorator to 2024-03-22T07:23:10.069887+00:00, run_after=2024-03-23T07:23:10.069887+00:00
[2024-03-23T07:23:10.078+0000] {processor.py:179} INFO - Processing /home/airflow/.local/lib/python3.8/site-packages/airflow/example_dags/example_task_group_decorator.py took 0.045 seconds
[2024-03-23T07:23:42.523+0000] {processor.py:157} INFO - Started process (PID=2260) to work on /home/airflow/.local/lib/python3.8/site-packages/airflow/example_dags/example_task_group_decorator.py
[2024-03-23T07:23:42.525+0000] {processor.py:829} INFO - Processing file /home/airflow/.local/lib/python3.8/site-packages/airflow/example_dags/example_task_group_decorator.py for tasks to queue
[2024-03-23T07:23:42.526+0000] {logging_mixin.py:154} INFO - [2024-03-23T07:23:42.526+0000] {dagbag.py:536} INFO - Filling up the DagBag from /home/airflow/.local/lib/python3.8/site-packages/airflow/example_dags/example_task_group_decorator.py
[2024-03-23T07:23:42.540+0000] {processor.py:839} INFO - DAG(s) dict_keys(['example_task_group_decorator']) retrieved from /home/airflow/.local/lib/python3.8/site-packages/airflow/example_dags/example_task_group_decorator.py
[2024-03-23T07:23:42.606+0000] {logging_mixin.py:154} INFO - [2024-03-23T07:23:42.606+0000] {dag.py:2941} INFO - Sync 1 DAGs
[2024-03-23T07:23:42.740+0000] {logging_mixin.py:154} INFO - [2024-03-23T07:23:42.739+0000] {dag.py:3722} INFO - Setting next_dagrun for example_task_group_decorator to 2024-03-22T07:23:42.738819+00:00, run_after=2024-03-23T07:23:42.738819+00:00
[2024-03-23T07:23:42.882+0000] {processor.py:179} INFO - Processing /home/airflow/.local/lib/python3.8/site-packages/airflow/example_dags/example_task_group_decorator.py took 0.363 seconds
[2024-03-23T07:24:14.268+0000] {processor.py:157} INFO - Started process (PID=2501) to work on /home/airflow/.local/lib/python3.8/site-packages/airflow/example_dags/example_task_group_decorator.py
[2024-03-23T07:24:14.271+0000] {processor.py:829} INFO - Processing file /home/airflow/.local/lib/python3.8/site-packages/airflow/example_dags/example_task_group_decorator.py for tasks to queue
[2024-03-23T07:24:14.272+0000] {logging_mixin.py:154} INFO - [2024-03-23T07:24:14.271+0000] {dagbag.py:536} INFO - Filling up the DagBag from /home/airflow/.local/lib/python3.8/site-packages/airflow/example_dags/example_task_group_decorator.py
[2024-03-23T07:24:14.286+0000] {processor.py:839} INFO - DAG(s) dict_keys(['example_task_group_decorator']) retrieved from /home/airflow/.local/lib/python3.8/site-packages/airflow/example_dags/example_task_group_decorator.py
[2024-03-23T07:24:14.307+0000] {logging_mixin.py:154} INFO - [2024-03-23T07:24:14.307+0000] {dag.py:2941} INFO - Sync 1 DAGs
[2024-03-23T07:24:14.337+0000] {logging_mixin.py:154} INFO - [2024-03-23T07:24:14.336+0000] {dag.py:3722} INFO - Setting next_dagrun for example_task_group_decorator to 2024-03-22T07:24:14.336604+00:00, run_after=2024-03-23T07:24:14.336604+00:00
[2024-03-23T07:24:14.350+0000] {processor.py:179} INFO - Processing /home/airflow/.local/lib/python3.8/site-packages/airflow/example_dags/example_task_group_decorator.py took 0.086 seconds
[2024-03-23T07:24:46.379+0000] {processor.py:157} INFO - Started process (PID=2744) to work on /home/airflow/.local/lib/python3.8/site-packages/airflow/example_dags/example_task_group_decorator.py
[2024-03-23T07:24:46.380+0000] {processor.py:829} INFO - Processing file /home/airflow/.local/lib/python3.8/site-packages/airflow/example_dags/example_task_group_decorator.py for tasks to queue
[2024-03-23T07:24:46.381+0000] {logging_mixin.py:154} INFO - [2024-03-23T07:24:46.381+0000] {dagbag.py:536} INFO - Filling up the DagBag from /home/airflow/.local/lib/python3.8/site-packages/airflow/example_dags/example_task_group_decorator.py
[2024-03-23T07:24:46.397+0000] {processor.py:839} INFO - DAG(s) dict_keys(['example_task_group_decorator']) retrieved from /home/airflow/.local/lib/python3.8/site-packages/airflow/example_dags/example_task_group_decorator.py
[2024-03-23T07:24:46.423+0000] {logging_mixin.py:154} INFO - [2024-03-23T07:24:46.422+0000] {dag.py:2941} INFO - Sync 1 DAGs
[2024-03-23T07:24:46.445+0000] {logging_mixin.py:154} INFO - [2024-03-23T07:24:46.444+0000] {dag.py:3722} INFO - Setting next_dagrun for example_task_group_decorator to 2024-03-22T07:24:46.444637+00:00, run_after=2024-03-23T07:24:46.444637+00:00
[2024-03-23T07:24:46.457+0000] {processor.py:179} INFO - Processing /home/airflow/.local/lib/python3.8/site-packages/airflow/example_dags/example_task_group_decorator.py took 0.080 seconds
[2024-03-23T07:25:21.906+0000] {processor.py:157} INFO - Started process (PID=2993) to work on /home/airflow/.local/lib/python3.8/site-packages/airflow/example_dags/example_task_group_decorator.py
[2024-03-23T07:25:21.910+0000] {processor.py:829} INFO - Processing file /home/airflow/.local/lib/python3.8/site-packages/airflow/example_dags/example_task_group_decorator.py for tasks to queue
[2024-03-23T07:25:21.911+0000] {logging_mixin.py:154} INFO - [2024-03-23T07:25:21.911+0000] {dagbag.py:536} INFO - Filling up the DagBag from /home/airflow/.local/lib/python3.8/site-packages/airflow/example_dags/example_task_group_decorator.py
[2024-03-23T07:25:21.926+0000] {processor.py:839} INFO - DAG(s) dict_keys(['example_task_group_decorator']) retrieved from /home/airflow/.local/lib/python3.8/site-packages/airflow/example_dags/example_task_group_decorator.py
[2024-03-23T07:25:21.947+0000] {logging_mixin.py:154} INFO - [2024-03-23T07:25:21.947+0000] {dag.py:2941} INFO - Sync 1 DAGs
[2024-03-23T07:25:21.986+0000] {logging_mixin.py:154} INFO - [2024-03-23T07:25:21.986+0000] {dag.py:3722} INFO - Setting next_dagrun for example_task_group_decorator to 2024-03-22T07:25:21.985628+00:00, run_after=2024-03-23T07:25:21.985628+00:00
[2024-03-23T07:25:22.059+0000] {processor.py:179} INFO - Processing /home/airflow/.local/lib/python3.8/site-packages/airflow/example_dags/example_task_group_decorator.py took 0.156 seconds
[2024-03-23T07:25:54.864+0000] {processor.py:157} INFO - Started process (PID=3242) to work on /home/airflow/.local/lib/python3.8/site-packages/airflow/example_dags/example_task_group_decorator.py
[2024-03-23T07:25:54.866+0000] {processor.py:829} INFO - Processing file /home/airflow/.local/lib/python3.8/site-packages/airflow/example_dags/example_task_group_decorator.py for tasks to queue
[2024-03-23T07:25:54.868+0000] {logging_mixin.py:154} INFO - [2024-03-23T07:25:54.868+0000] {dagbag.py:536} INFO - Filling up the DagBag from /home/airflow/.local/lib/python3.8/site-packages/airflow/example_dags/example_task_group_decorator.py
[2024-03-23T07:25:54.884+0000] {processor.py:839} INFO - DAG(s) dict_keys(['example_task_group_decorator']) retrieved from /home/airflow/.local/lib/python3.8/site-packages/airflow/example_dags/example_task_group_decorator.py
[2024-03-23T07:25:54.927+0000] {logging_mixin.py:154} INFO - [2024-03-23T07:25:54.927+0000] {dag.py:2941} INFO - Sync 1 DAGs
[2024-03-23T07:25:54.952+0000] {logging_mixin.py:154} INFO - [2024-03-23T07:25:54.951+0000] {dag.py:3722} INFO - Setting next_dagrun for example_task_group_decorator to 2024-03-22T07:25:54.951517+00:00, run_after=2024-03-23T07:25:54.951517+00:00
[2024-03-23T07:25:54.969+0000] {processor.py:179} INFO - Processing /home/airflow/.local/lib/python3.8/site-packages/airflow/example_dags/example_task_group_decorator.py took 0.109 seconds
[2024-03-23T07:26:29.110+0000] {processor.py:157} INFO - Started process (PID=3486) to work on /home/airflow/.local/lib/python3.8/site-packages/airflow/example_dags/example_task_group_decorator.py
[2024-03-23T07:26:29.112+0000] {processor.py:829} INFO - Processing file /home/airflow/.local/lib/python3.8/site-packages/airflow/example_dags/example_task_group_decorator.py for tasks to queue
[2024-03-23T07:26:29.113+0000] {logging_mixin.py:154} INFO - [2024-03-23T07:26:29.112+0000] {dagbag.py:536} INFO - Filling up the DagBag from /home/airflow/.local/lib/python3.8/site-packages/airflow/example_dags/example_task_group_decorator.py
[2024-03-23T07:26:29.141+0000] {processor.py:839} INFO - DAG(s) dict_keys(['example_task_group_decorator']) retrieved from /home/airflow/.local/lib/python3.8/site-packages/airflow/example_dags/example_task_group_decorator.py
[2024-03-23T07:26:29.169+0000] {logging_mixin.py:154} INFO - [2024-03-23T07:26:29.169+0000] {dag.py:2941} INFO - Sync 1 DAGs
[2024-03-23T07:26:29.194+0000] {logging_mixin.py:154} INFO - [2024-03-23T07:26:29.194+0000] {dag.py:3722} INFO - Setting next_dagrun for example_task_group_decorator to 2024-03-22T07:26:29.194156+00:00, run_after=2024-03-23T07:26:29.194156+00:00
[2024-03-23T07:26:29.212+0000] {processor.py:179} INFO - Processing /home/airflow/.local/lib/python3.8/site-packages/airflow/example_dags/example_task_group_decorator.py took 0.107 seconds
[2024-03-23T07:27:02.369+0000] {processor.py:157} INFO - Started process (PID=3735) to work on /home/airflow/.local/lib/python3.8/site-packages/airflow/example_dags/example_task_group_decorator.py
[2024-03-23T07:27:02.370+0000] {processor.py:829} INFO - Processing file /home/airflow/.local/lib/python3.8/site-packages/airflow/example_dags/example_task_group_decorator.py for tasks to queue
[2024-03-23T07:27:02.371+0000] {logging_mixin.py:154} INFO - [2024-03-23T07:27:02.370+0000] {dagbag.py:536} INFO - Filling up the DagBag from /home/airflow/.local/lib/python3.8/site-packages/airflow/example_dags/example_task_group_decorator.py
[2024-03-23T07:27:02.389+0000] {processor.py:839} INFO - DAG(s) dict_keys(['example_task_group_decorator']) retrieved from /home/airflow/.local/lib/python3.8/site-packages/airflow/example_dags/example_task_group_decorator.py
[2024-03-23T07:27:02.412+0000] {logging_mixin.py:154} INFO - [2024-03-23T07:27:02.412+0000] {dag.py:2941} INFO - Sync 1 DAGs
[2024-03-23T07:27:02.426+0000] {logging_mixin.py:154} INFO - [2024-03-23T07:27:02.426+0000] {dag.py:3722} INFO - Setting next_dagrun for example_task_group_decorator to 2024-03-22T07:27:02.426121+00:00, run_after=2024-03-23T07:27:02.426121+00:00
[2024-03-23T07:27:02.439+0000] {processor.py:179} INFO - Processing /home/airflow/.local/lib/python3.8/site-packages/airflow/example_dags/example_task_group_decorator.py took 0.071 seconds
[2024-03-23T07:27:35.965+0000] {processor.py:157} INFO - Started process (PID=3978) to work on /home/airflow/.local/lib/python3.8/site-packages/airflow/example_dags/example_task_group_decorator.py
[2024-03-23T07:27:35.967+0000] {processor.py:829} INFO - Processing file /home/airflow/.local/lib/python3.8/site-packages/airflow/example_dags/example_task_group_decorator.py for tasks to queue
[2024-03-23T07:27:35.968+0000] {logging_mixin.py:154} INFO - [2024-03-23T07:27:35.968+0000] {dagbag.py:536} INFO - Filling up the DagBag from /home/airflow/.local/lib/python3.8/site-packages/airflow/example_dags/example_task_group_decorator.py
[2024-03-23T07:27:35.979+0000] {processor.py:839} INFO - DAG(s) dict_keys(['example_task_group_decorator']) retrieved from /home/airflow/.local/lib/python3.8/site-packages/airflow/example_dags/example_task_group_decorator.py
[2024-03-23T07:27:36.002+0000] {logging_mixin.py:154} INFO - [2024-03-23T07:27:36.002+0000] {dag.py:2941} INFO - Sync 1 DAGs
[2024-03-23T07:27:36.019+0000] {logging_mixin.py:154} INFO - [2024-03-23T07:27:36.019+0000] {dag.py:3722} INFO - Setting next_dagrun for example_task_group_decorator to 2024-03-22T07:27:36.019606+00:00, run_after=2024-03-23T07:27:36.019606+00:00
[2024-03-23T07:27:36.033+0000] {processor.py:179} INFO - Processing /home/airflow/.local/lib/python3.8/site-packages/airflow/example_dags/example_task_group_decorator.py took 0.070 seconds
[2024-03-23T07:28:10.027+0000] {processor.py:157} INFO - Started process (PID=4221) to work on /home/airflow/.local/lib/python3.8/site-packages/airflow/example_dags/example_task_group_decorator.py
[2024-03-23T07:28:10.029+0000] {processor.py:829} INFO - Processing file /home/airflow/.local/lib/python3.8/site-packages/airflow/example_dags/example_task_group_decorator.py for tasks to queue
[2024-03-23T07:28:10.030+0000] {logging_mixin.py:154} INFO - [2024-03-23T07:28:10.030+0000] {dagbag.py:536} INFO - Filling up the DagBag from /home/airflow/.local/lib/python3.8/site-packages/airflow/example_dags/example_task_group_decorator.py
[2024-03-23T07:28:10.041+0000] {processor.py:839} INFO - DAG(s) dict_keys(['example_task_group_decorator']) retrieved from /home/airflow/.local/lib/python3.8/site-packages/airflow/example_dags/example_task_group_decorator.py
[2024-03-23T07:28:10.057+0000] {logging_mixin.py:154} INFO - [2024-03-23T07:28:10.057+0000] {dag.py:2941} INFO - Sync 1 DAGs
[2024-03-23T07:28:10.069+0000] {logging_mixin.py:154} INFO - [2024-03-23T07:28:10.069+0000] {dag.py:3722} INFO - Setting next_dagrun for example_task_group_decorator to 2024-03-22T07:28:10.069350+00:00, run_after=2024-03-23T07:28:10.069350+00:00
[2024-03-23T07:28:10.079+0000] {processor.py:179} INFO - Processing /home/airflow/.local/lib/python3.8/site-packages/airflow/example_dags/example_task_group_decorator.py took 0.054 seconds
[2024-03-23T07:28:40.623+0000] {processor.py:157} INFO - Started process (PID=4464) to work on /home/airflow/.local/lib/python3.8/site-packages/airflow/example_dags/example_task_group_decorator.py
[2024-03-23T07:28:40.624+0000] {processor.py:829} INFO - Processing file /home/airflow/.local/lib/python3.8/site-packages/airflow/example_dags/example_task_group_decorator.py for tasks to queue
[2024-03-23T07:28:40.625+0000] {logging_mixin.py:154} INFO - [2024-03-23T07:28:40.625+0000] {dagbag.py:536} INFO - Filling up the DagBag from /home/airflow/.local/lib/python3.8/site-packages/airflow/example_dags/example_task_group_decorator.py
[2024-03-23T07:28:40.643+0000] {processor.py:839} INFO - DAG(s) dict_keys(['example_task_group_decorator']) retrieved from /home/airflow/.local/lib/python3.8/site-packages/airflow/example_dags/example_task_group_decorator.py
[2024-03-23T07:28:40.664+0000] {logging_mixin.py:154} INFO - [2024-03-23T07:28:40.663+0000] {dag.py:2941} INFO - Sync 1 DAGs
[2024-03-23T07:28:40.679+0000] {logging_mixin.py:154} INFO - [2024-03-23T07:28:40.679+0000] {dag.py:3722} INFO - Setting next_dagrun for example_task_group_decorator to 2024-03-22T07:28:40.679584+00:00, run_after=2024-03-23T07:28:40.679584+00:00
[2024-03-23T07:28:40.692+0000] {processor.py:179} INFO - Processing /home/airflow/.local/lib/python3.8/site-packages/airflow/example_dags/example_task_group_decorator.py took 0.072 seconds
[2024-03-23T07:29:11.655+0000] {processor.py:157} INFO - Started process (PID=4707) to work on /home/airflow/.local/lib/python3.8/site-packages/airflow/example_dags/example_task_group_decorator.py
[2024-03-23T07:29:11.656+0000] {processor.py:829} INFO - Processing file /home/airflow/.local/lib/python3.8/site-packages/airflow/example_dags/example_task_group_decorator.py for tasks to queue
[2024-03-23T07:29:11.657+0000] {logging_mixin.py:154} INFO - [2024-03-23T07:29:11.656+0000] {dagbag.py:536} INFO - Filling up the DagBag from /home/airflow/.local/lib/python3.8/site-packages/airflow/example_dags/example_task_group_decorator.py
[2024-03-23T07:29:11.665+0000] {processor.py:839} INFO - DAG(s) dict_keys(['example_task_group_decorator']) retrieved from /home/airflow/.local/lib/python3.8/site-packages/airflow/example_dags/example_task_group_decorator.py
[2024-03-23T07:29:11.677+0000] {logging_mixin.py:154} INFO - [2024-03-23T07:29:11.677+0000] {dag.py:2941} INFO - Sync 1 DAGs
[2024-03-23T07:29:11.689+0000] {logging_mixin.py:154} INFO - [2024-03-23T07:29:11.689+0000] {dag.py:3722} INFO - Setting next_dagrun for example_task_group_decorator to 2024-03-22T07:29:11.688892+00:00, run_after=2024-03-23T07:29:11.688892+00:00
[2024-03-23T07:29:11.699+0000] {processor.py:179} INFO - Processing /home/airflow/.local/lib/python3.8/site-packages/airflow/example_dags/example_task_group_decorator.py took 0.046 seconds
[2024-03-23T07:29:37.316+0000] {processor.py:157} INFO - Started process (PID=306) to work on /home/airflow/.local/lib/python3.8/site-packages/airflow/example_dags/example_task_group_decorator.py
[2024-03-23T07:29:37.317+0000] {processor.py:829} INFO - Processing file /home/airflow/.local/lib/python3.8/site-packages/airflow/example_dags/example_task_group_decorator.py for tasks to queue
[2024-03-23T07:29:37.318+0000] {logging_mixin.py:154} INFO - [2024-03-23T07:29:37.317+0000] {dagbag.py:536} INFO - Filling up the DagBag from /home/airflow/.local/lib/python3.8/site-packages/airflow/example_dags/example_task_group_decorator.py
[2024-03-23T07:29:37.325+0000] {processor.py:839} INFO - DAG(s) dict_keys(['example_task_group_decorator']) retrieved from /home/airflow/.local/lib/python3.8/site-packages/airflow/example_dags/example_task_group_decorator.py
[2024-03-23T07:29:37.339+0000] {logging_mixin.py:154} INFO - [2024-03-23T07:29:37.339+0000] {dag.py:2941} INFO - Sync 1 DAGs
[2024-03-23T07:29:37.351+0000] {logging_mixin.py:154} INFO - [2024-03-23T07:29:37.351+0000] {dag.py:3722} INFO - Setting next_dagrun for example_task_group_decorator to 2024-03-22T07:29:37.351488+00:00, run_after=2024-03-23T07:29:37.351488+00:00
[2024-03-23T07:29:37.362+0000] {processor.py:179} INFO - Processing /home/airflow/.local/lib/python3.8/site-packages/airflow/example_dags/example_task_group_decorator.py took 0.047 seconds
