[2024-03-23T07:19:32.804+0000] {processor.py:157} INFO - Started process (PID=197) to work on /home/airflow/.local/lib/python3.8/site-packages/airflow/example_dags/example_kubernetes_executor.py
[2024-03-23T07:19:32.805+0000] {processor.py:829} INFO - Processing file /home/airflow/.local/lib/python3.8/site-packages/airflow/example_dags/example_kubernetes_executor.py for tasks to queue
[2024-03-23T07:19:32.805+0000] {logging_mixin.py:154} INFO - [2024-03-23T07:19:32.805+0000] {dagbag.py:536} INFO - Filling up the DagBag from /home/airflow/.local/lib/python3.8/site-packages/airflow/example_dags/example_kubernetes_executor.py
[2024-03-23T07:19:32.816+0000] {processor.py:839} INFO - DAG(s) dict_keys(['example_kubernetes_executor']) retrieved from /home/airflow/.local/lib/python3.8/site-packages/airflow/example_dags/example_kubernetes_executor.py
[2024-03-23T07:19:32.927+0000] {logging_mixin.py:154} INFO - [2024-03-23T07:19:32.927+0000] {manager.py:499} INFO - Created Permission View: %s
[2024-03-23T07:19:32.953+0000] {logging_mixin.py:154} INFO - [2024-03-23T07:19:32.952+0000] {manager.py:499} INFO - Created Permission View: %s
[2024-03-23T07:19:32.960+0000] {logging_mixin.py:154} INFO - [2024-03-23T07:19:32.960+0000] {manager.py:499} INFO - Created Permission View: %s
[2024-03-23T07:19:32.961+0000] {logging_mixin.py:154} INFO - [2024-03-23T07:19:32.961+0000] {dag.py:2941} INFO - Sync 1 DAGs
[2024-03-23T07:19:32.975+0000] {logging_mixin.py:154} INFO - [2024-03-23T07:19:32.975+0000] {dag.py:2963} INFO - Creating ORM DAG for example_kubernetes_executor
[2024-03-23T07:19:32.976+0000] {logging_mixin.py:154} INFO - [2024-03-23T07:19:32.976+0000] {dag.py:3722} INFO - Setting next_dagrun for example_kubernetes_executor to None, run_after=None
[2024-03-23T07:19:32.986+0000] {processor.py:179} INFO - Processing /home/airflow/.local/lib/python3.8/site-packages/airflow/example_dags/example_kubernetes_executor.py took 0.185 seconds
[2024-03-23T07:20:03.818+0000] {processor.py:157} INFO - Started process (PID=440) to work on /home/airflow/.local/lib/python3.8/site-packages/airflow/example_dags/example_kubernetes_executor.py
[2024-03-23T07:20:03.819+0000] {processor.py:829} INFO - Processing file /home/airflow/.local/lib/python3.8/site-packages/airflow/example_dags/example_kubernetes_executor.py for tasks to queue
[2024-03-23T07:20:03.821+0000] {logging_mixin.py:154} INFO - [2024-03-23T07:20:03.820+0000] {dagbag.py:536} INFO - Filling up the DagBag from /home/airflow/.local/lib/python3.8/site-packages/airflow/example_dags/example_kubernetes_executor.py
[2024-03-23T07:20:03.860+0000] {processor.py:839} INFO - DAG(s) dict_keys(['example_kubernetes_executor']) retrieved from /home/airflow/.local/lib/python3.8/site-packages/airflow/example_dags/example_kubernetes_executor.py
[2024-03-23T07:20:03.999+0000] {logging_mixin.py:154} INFO - [2024-03-23T07:20:03.999+0000] {dag.py:2941} INFO - Sync 1 DAGs
[2024-03-23T07:20:04.026+0000] {logging_mixin.py:154} INFO - [2024-03-23T07:20:04.026+0000] {dag.py:3722} INFO - Setting next_dagrun for example_kubernetes_executor to None, run_after=None
[2024-03-23T07:20:04.059+0000] {processor.py:179} INFO - Processing /home/airflow/.local/lib/python3.8/site-packages/airflow/example_dags/example_kubernetes_executor.py took 0.244 seconds
[2024-03-23T07:20:34.690+0000] {processor.py:157} INFO - Started process (PID=683) to work on /home/airflow/.local/lib/python3.8/site-packages/airflow/example_dags/example_kubernetes_executor.py
[2024-03-23T07:20:34.692+0000] {processor.py:829} INFO - Processing file /home/airflow/.local/lib/python3.8/site-packages/airflow/example_dags/example_kubernetes_executor.py for tasks to queue
[2024-03-23T07:20:34.694+0000] {logging_mixin.py:154} INFO - [2024-03-23T07:20:34.694+0000] {dagbag.py:536} INFO - Filling up the DagBag from /home/airflow/.local/lib/python3.8/site-packages/airflow/example_dags/example_kubernetes_executor.py
[2024-03-23T07:20:34.709+0000] {processor.py:839} INFO - DAG(s) dict_keys(['example_kubernetes_executor']) retrieved from /home/airflow/.local/lib/python3.8/site-packages/airflow/example_dags/example_kubernetes_executor.py
[2024-03-23T07:20:34.745+0000] {logging_mixin.py:154} INFO - [2024-03-23T07:20:34.745+0000] {dag.py:2941} INFO - Sync 1 DAGs
[2024-03-23T07:20:34.755+0000] {logging_mixin.py:154} INFO - [2024-03-23T07:20:34.755+0000] {dag.py:3722} INFO - Setting next_dagrun for example_kubernetes_executor to None, run_after=None
[2024-03-23T07:20:34.771+0000] {processor.py:179} INFO - Processing /home/airflow/.local/lib/python3.8/site-packages/airflow/example_dags/example_kubernetes_executor.py took 0.088 seconds
[2024-03-23T07:21:05.245+0000] {processor.py:157} INFO - Started process (PID=921) to work on /home/airflow/.local/lib/python3.8/site-packages/airflow/example_dags/example_kubernetes_executor.py
[2024-03-23T07:21:05.245+0000] {processor.py:829} INFO - Processing file /home/airflow/.local/lib/python3.8/site-packages/airflow/example_dags/example_kubernetes_executor.py for tasks to queue
[2024-03-23T07:21:05.246+0000] {logging_mixin.py:154} INFO - [2024-03-23T07:21:05.246+0000] {dagbag.py:536} INFO - Filling up the DagBag from /home/airflow/.local/lib/python3.8/site-packages/airflow/example_dags/example_kubernetes_executor.py
[2024-03-23T07:21:05.290+0000] {processor.py:839} INFO - DAG(s) dict_keys(['example_kubernetes_executor']) retrieved from /home/airflow/.local/lib/python3.8/site-packages/airflow/example_dags/example_kubernetes_executor.py
[2024-03-23T07:21:05.356+0000] {logging_mixin.py:154} INFO - [2024-03-23T07:21:05.355+0000] {dag.py:2941} INFO - Sync 1 DAGs
[2024-03-23T07:21:05.368+0000] {logging_mixin.py:154} INFO - [2024-03-23T07:21:05.368+0000] {dag.py:3722} INFO - Setting next_dagrun for example_kubernetes_executor to None, run_after=None
[2024-03-23T07:21:05.377+0000] {processor.py:179} INFO - Processing /home/airflow/.local/lib/python3.8/site-packages/airflow/example_dags/example_kubernetes_executor.py took 0.135 seconds
[2024-03-23T07:21:36.290+0000] {processor.py:157} INFO - Started process (PID=1166) to work on /home/airflow/.local/lib/python3.8/site-packages/airflow/example_dags/example_kubernetes_executor.py
[2024-03-23T07:21:36.291+0000] {processor.py:829} INFO - Processing file /home/airflow/.local/lib/python3.8/site-packages/airflow/example_dags/example_kubernetes_executor.py for tasks to queue
[2024-03-23T07:21:36.292+0000] {logging_mixin.py:154} INFO - [2024-03-23T07:21:36.292+0000] {dagbag.py:536} INFO - Filling up the DagBag from /home/airflow/.local/lib/python3.8/site-packages/airflow/example_dags/example_kubernetes_executor.py
[2024-03-23T07:21:36.308+0000] {processor.py:839} INFO - DAG(s) dict_keys(['example_kubernetes_executor']) retrieved from /home/airflow/.local/lib/python3.8/site-packages/airflow/example_dags/example_kubernetes_executor.py
[2024-03-23T07:21:36.336+0000] {logging_mixin.py:154} INFO - [2024-03-23T07:21:36.336+0000] {dag.py:2941} INFO - Sync 1 DAGs
[2024-03-23T07:21:36.354+0000] {logging_mixin.py:154} INFO - [2024-03-23T07:21:36.354+0000] {dag.py:3722} INFO - Setting next_dagrun for example_kubernetes_executor to None, run_after=None
[2024-03-23T07:21:36.366+0000] {processor.py:179} INFO - Processing /home/airflow/.local/lib/python3.8/site-packages/airflow/example_dags/example_kubernetes_executor.py took 0.079 seconds
[2024-03-23T07:22:06.653+0000] {processor.py:157} INFO - Started process (PID=1409) to work on /home/airflow/.local/lib/python3.8/site-packages/airflow/example_dags/example_kubernetes_executor.py
[2024-03-23T07:22:06.660+0000] {processor.py:829} INFO - Processing file /home/airflow/.local/lib/python3.8/site-packages/airflow/example_dags/example_kubernetes_executor.py for tasks to queue
[2024-03-23T07:22:06.665+0000] {logging_mixin.py:154} INFO - [2024-03-23T07:22:06.664+0000] {dagbag.py:536} INFO - Filling up the DagBag from /home/airflow/.local/lib/python3.8/site-packages/airflow/example_dags/example_kubernetes_executor.py
[2024-03-23T07:22:06.677+0000] {processor.py:839} INFO - DAG(s) dict_keys(['example_kubernetes_executor']) retrieved from /home/airflow/.local/lib/python3.8/site-packages/airflow/example_dags/example_kubernetes_executor.py
[2024-03-23T07:22:06.708+0000] {logging_mixin.py:154} INFO - [2024-03-23T07:22:06.708+0000] {dag.py:2941} INFO - Sync 1 DAGs
[2024-03-23T07:22:06.722+0000] {logging_mixin.py:154} INFO - [2024-03-23T07:22:06.722+0000] {dag.py:3722} INFO - Setting next_dagrun for example_kubernetes_executor to None, run_after=None
[2024-03-23T07:22:06.732+0000] {processor.py:179} INFO - Processing /home/airflow/.local/lib/python3.8/site-packages/airflow/example_dags/example_kubernetes_executor.py took 0.082 seconds
[2024-03-23T07:22:37.247+0000] {processor.py:157} INFO - Started process (PID=1658) to work on /home/airflow/.local/lib/python3.8/site-packages/airflow/example_dags/example_kubernetes_executor.py
[2024-03-23T07:22:37.248+0000] {processor.py:829} INFO - Processing file /home/airflow/.local/lib/python3.8/site-packages/airflow/example_dags/example_kubernetes_executor.py for tasks to queue
[2024-03-23T07:22:37.248+0000] {logging_mixin.py:154} INFO - [2024-03-23T07:22:37.248+0000] {dagbag.py:536} INFO - Filling up the DagBag from /home/airflow/.local/lib/python3.8/site-packages/airflow/example_dags/example_kubernetes_executor.py
[2024-03-23T07:22:37.259+0000] {processor.py:839} INFO - DAG(s) dict_keys(['example_kubernetes_executor']) retrieved from /home/airflow/.local/lib/python3.8/site-packages/airflow/example_dags/example_kubernetes_executor.py
[2024-03-23T07:22:37.297+0000] {logging_mixin.py:154} INFO - [2024-03-23T07:22:37.297+0000] {dag.py:2941} INFO - Sync 1 DAGs
[2024-03-23T07:22:37.305+0000] {logging_mixin.py:154} INFO - [2024-03-23T07:22:37.305+0000] {dag.py:3722} INFO - Setting next_dagrun for example_kubernetes_executor to None, run_after=None
[2024-03-23T07:22:37.314+0000] {processor.py:179} INFO - Processing /home/airflow/.local/lib/python3.8/site-packages/airflow/example_dags/example_kubernetes_executor.py took 0.073 seconds
[2024-03-23T07:23:07.725+0000] {processor.py:157} INFO - Started process (PID=1901) to work on /home/airflow/.local/lib/python3.8/site-packages/airflow/example_dags/example_kubernetes_executor.py
[2024-03-23T07:23:07.727+0000] {processor.py:829} INFO - Processing file /home/airflow/.local/lib/python3.8/site-packages/airflow/example_dags/example_kubernetes_executor.py for tasks to queue
[2024-03-23T07:23:07.727+0000] {logging_mixin.py:154} INFO - [2024-03-23T07:23:07.727+0000] {dagbag.py:536} INFO - Filling up the DagBag from /home/airflow/.local/lib/python3.8/site-packages/airflow/example_dags/example_kubernetes_executor.py
[2024-03-23T07:23:07.737+0000] {processor.py:839} INFO - DAG(s) dict_keys(['example_kubernetes_executor']) retrieved from /home/airflow/.local/lib/python3.8/site-packages/airflow/example_dags/example_kubernetes_executor.py
[2024-03-23T07:23:07.765+0000] {logging_mixin.py:154} INFO - [2024-03-23T07:23:07.765+0000] {dag.py:2941} INFO - Sync 1 DAGs
[2024-03-23T07:23:07.775+0000] {logging_mixin.py:154} INFO - [2024-03-23T07:23:07.774+0000] {dag.py:3722} INFO - Setting next_dagrun for example_kubernetes_executor to None, run_after=None
[2024-03-23T07:23:07.790+0000] {processor.py:179} INFO - Processing /home/airflow/.local/lib/python3.8/site-packages/airflow/example_dags/example_kubernetes_executor.py took 0.067 seconds
[2024-03-23T07:23:37.951+0000] {processor.py:157} INFO - Started process (PID=2143) to work on /home/airflow/.local/lib/python3.8/site-packages/airflow/example_dags/example_kubernetes_executor.py
[2024-03-23T07:23:37.952+0000] {processor.py:829} INFO - Processing file /home/airflow/.local/lib/python3.8/site-packages/airflow/example_dags/example_kubernetes_executor.py for tasks to queue
[2024-03-23T07:23:37.953+0000] {logging_mixin.py:154} INFO - [2024-03-23T07:23:37.952+0000] {dagbag.py:536} INFO - Filling up the DagBag from /home/airflow/.local/lib/python3.8/site-packages/airflow/example_dags/example_kubernetes_executor.py
[2024-03-23T07:23:37.963+0000] {processor.py:839} INFO - DAG(s) dict_keys(['example_kubernetes_executor']) retrieved from /home/airflow/.local/lib/python3.8/site-packages/airflow/example_dags/example_kubernetes_executor.py
[2024-03-23T07:23:37.985+0000] {logging_mixin.py:154} INFO - [2024-03-23T07:23:37.985+0000] {dag.py:2941} INFO - Sync 1 DAGs
[2024-03-23T07:23:37.992+0000] {logging_mixin.py:154} INFO - [2024-03-23T07:23:37.992+0000] {dag.py:3722} INFO - Setting next_dagrun for example_kubernetes_executor to None, run_after=None
[2024-03-23T07:23:38.004+0000] {processor.py:179} INFO - Processing /home/airflow/.local/lib/python3.8/site-packages/airflow/example_dags/example_kubernetes_executor.py took 0.055 seconds
[2024-03-23T07:24:08.486+0000] {processor.py:157} INFO - Started process (PID=2386) to work on /home/airflow/.local/lib/python3.8/site-packages/airflow/example_dags/example_kubernetes_executor.py
[2024-03-23T07:24:08.488+0000] {processor.py:829} INFO - Processing file /home/airflow/.local/lib/python3.8/site-packages/airflow/example_dags/example_kubernetes_executor.py for tasks to queue
[2024-03-23T07:24:08.489+0000] {logging_mixin.py:154} INFO - [2024-03-23T07:24:08.488+0000] {dagbag.py:536} INFO - Filling up the DagBag from /home/airflow/.local/lib/python3.8/site-packages/airflow/example_dags/example_kubernetes_executor.py
[2024-03-23T07:24:08.502+0000] {processor.py:839} INFO - DAG(s) dict_keys(['example_kubernetes_executor']) retrieved from /home/airflow/.local/lib/python3.8/site-packages/airflow/example_dags/example_kubernetes_executor.py
[2024-03-23T07:24:08.526+0000] {logging_mixin.py:154} INFO - [2024-03-23T07:24:08.526+0000] {dag.py:2941} INFO - Sync 1 DAGs
[2024-03-23T07:24:08.534+0000] {logging_mixin.py:154} INFO - [2024-03-23T07:24:08.534+0000] {dag.py:3722} INFO - Setting next_dagrun for example_kubernetes_executor to None, run_after=None
[2024-03-23T07:24:08.543+0000] {processor.py:179} INFO - Processing /home/airflow/.local/lib/python3.8/site-packages/airflow/example_dags/example_kubernetes_executor.py took 0.063 seconds
[2024-03-23T07:24:38.653+0000] {processor.py:157} INFO - Started process (PID=2629) to work on /home/airflow/.local/lib/python3.8/site-packages/airflow/example_dags/example_kubernetes_executor.py
[2024-03-23T07:24:38.655+0000] {processor.py:829} INFO - Processing file /home/airflow/.local/lib/python3.8/site-packages/airflow/example_dags/example_kubernetes_executor.py for tasks to queue
[2024-03-23T07:24:38.655+0000] {logging_mixin.py:154} INFO - [2024-03-23T07:24:38.655+0000] {dagbag.py:536} INFO - Filling up the DagBag from /home/airflow/.local/lib/python3.8/site-packages/airflow/example_dags/example_kubernetes_executor.py
[2024-03-23T07:24:38.664+0000] {processor.py:839} INFO - DAG(s) dict_keys(['example_kubernetes_executor']) retrieved from /home/airflow/.local/lib/python3.8/site-packages/airflow/example_dags/example_kubernetes_executor.py
[2024-03-23T07:24:38.692+0000] {logging_mixin.py:154} INFO - [2024-03-23T07:24:38.692+0000] {dag.py:2941} INFO - Sync 1 DAGs
[2024-03-23T07:24:38.706+0000] {logging_mixin.py:154} INFO - [2024-03-23T07:24:38.706+0000] {dag.py:3722} INFO - Setting next_dagrun for example_kubernetes_executor to None, run_after=None
[2024-03-23T07:24:38.719+0000] {processor.py:179} INFO - Processing /home/airflow/.local/lib/python3.8/site-packages/airflow/example_dags/example_kubernetes_executor.py took 0.067 seconds
[2024-03-23T07:25:09.729+0000] {processor.py:157} INFO - Started process (PID=2878) to work on /home/airflow/.local/lib/python3.8/site-packages/airflow/example_dags/example_kubernetes_executor.py
[2024-03-23T07:25:09.731+0000] {processor.py:829} INFO - Processing file /home/airflow/.local/lib/python3.8/site-packages/airflow/example_dags/example_kubernetes_executor.py for tasks to queue
[2024-03-23T07:25:09.732+0000] {logging_mixin.py:154} INFO - [2024-03-23T07:25:09.731+0000] {dagbag.py:536} INFO - Filling up the DagBag from /home/airflow/.local/lib/python3.8/site-packages/airflow/example_dags/example_kubernetes_executor.py
[2024-03-23T07:25:09.760+0000] {processor.py:839} INFO - DAG(s) dict_keys(['example_kubernetes_executor']) retrieved from /home/airflow/.local/lib/python3.8/site-packages/airflow/example_dags/example_kubernetes_executor.py
[2024-03-23T07:25:09.815+0000] {logging_mixin.py:154} INFO - [2024-03-23T07:25:09.815+0000] {dag.py:2941} INFO - Sync 1 DAGs
[2024-03-23T07:25:09.831+0000] {logging_mixin.py:154} INFO - [2024-03-23T07:25:09.831+0000] {dag.py:3722} INFO - Setting next_dagrun for example_kubernetes_executor to None, run_after=None
[2024-03-23T07:25:09.845+0000] {processor.py:179} INFO - Processing /home/airflow/.local/lib/python3.8/site-packages/airflow/example_dags/example_kubernetes_executor.py took 0.118 seconds
[2024-03-23T07:25:40.103+0000] {processor.py:157} INFO - Started process (PID=3126) to work on /home/airflow/.local/lib/python3.8/site-packages/airflow/example_dags/example_kubernetes_executor.py
[2024-03-23T07:25:40.104+0000] {processor.py:829} INFO - Processing file /home/airflow/.local/lib/python3.8/site-packages/airflow/example_dags/example_kubernetes_executor.py for tasks to queue
[2024-03-23T07:25:40.105+0000] {logging_mixin.py:154} INFO - [2024-03-23T07:25:40.105+0000] {dagbag.py:536} INFO - Filling up the DagBag from /home/airflow/.local/lib/python3.8/site-packages/airflow/example_dags/example_kubernetes_executor.py
[2024-03-23T07:25:40.120+0000] {processor.py:839} INFO - DAG(s) dict_keys(['example_kubernetes_executor']) retrieved from /home/airflow/.local/lib/python3.8/site-packages/airflow/example_dags/example_kubernetes_executor.py
[2024-03-23T07:25:40.157+0000] {logging_mixin.py:154} INFO - [2024-03-23T07:25:40.156+0000] {dag.py:2941} INFO - Sync 1 DAGs
[2024-03-23T07:25:40.172+0000] {logging_mixin.py:154} INFO - [2024-03-23T07:25:40.172+0000] {dag.py:3722} INFO - Setting next_dagrun for example_kubernetes_executor to None, run_after=None
[2024-03-23T07:25:40.197+0000] {processor.py:179} INFO - Processing /home/airflow/.local/lib/python3.8/site-packages/airflow/example_dags/example_kubernetes_executor.py took 0.098 seconds
[2024-03-23T07:26:12.020+0000] {processor.py:157} INFO - Started process (PID=3370) to work on /home/airflow/.local/lib/python3.8/site-packages/airflow/example_dags/example_kubernetes_executor.py
[2024-03-23T07:26:12.028+0000] {processor.py:829} INFO - Processing file /home/airflow/.local/lib/python3.8/site-packages/airflow/example_dags/example_kubernetes_executor.py for tasks to queue
[2024-03-23T07:26:12.031+0000] {logging_mixin.py:154} INFO - [2024-03-23T07:26:12.031+0000] {dagbag.py:536} INFO - Filling up the DagBag from /home/airflow/.local/lib/python3.8/site-packages/airflow/example_dags/example_kubernetes_executor.py
[2024-03-23T07:26:12.094+0000] {processor.py:839} INFO - DAG(s) dict_keys(['example_kubernetes_executor']) retrieved from /home/airflow/.local/lib/python3.8/site-packages/airflow/example_dags/example_kubernetes_executor.py
[2024-03-23T07:26:12.182+0000] {logging_mixin.py:154} INFO - [2024-03-23T07:26:12.181+0000] {dag.py:2941} INFO - Sync 1 DAGs
[2024-03-23T07:26:12.220+0000] {logging_mixin.py:154} INFO - [2024-03-23T07:26:12.220+0000] {dag.py:3722} INFO - Setting next_dagrun for example_kubernetes_executor to None, run_after=None
[2024-03-23T07:26:12.247+0000] {processor.py:179} INFO - Processing /home/airflow/.local/lib/python3.8/site-packages/airflow/example_dags/example_kubernetes_executor.py took 0.230 seconds
[2024-03-23T07:26:43.343+0000] {processor.py:157} INFO - Started process (PID=3618) to work on /home/airflow/.local/lib/python3.8/site-packages/airflow/example_dags/example_kubernetes_executor.py
[2024-03-23T07:26:43.344+0000] {processor.py:829} INFO - Processing file /home/airflow/.local/lib/python3.8/site-packages/airflow/example_dags/example_kubernetes_executor.py for tasks to queue
[2024-03-23T07:26:43.345+0000] {logging_mixin.py:154} INFO - [2024-03-23T07:26:43.345+0000] {dagbag.py:536} INFO - Filling up the DagBag from /home/airflow/.local/lib/python3.8/site-packages/airflow/example_dags/example_kubernetes_executor.py
[2024-03-23T07:26:43.392+0000] {processor.py:839} INFO - DAG(s) dict_keys(['example_kubernetes_executor']) retrieved from /home/airflow/.local/lib/python3.8/site-packages/airflow/example_dags/example_kubernetes_executor.py
[2024-03-23T07:26:43.449+0000] {logging_mixin.py:154} INFO - [2024-03-23T07:26:43.449+0000] {dag.py:2941} INFO - Sync 1 DAGs
[2024-03-23T07:26:43.464+0000] {logging_mixin.py:154} INFO - [2024-03-23T07:26:43.464+0000] {dag.py:3722} INFO - Setting next_dagrun for example_kubernetes_executor to None, run_after=None
[2024-03-23T07:26:43.484+0000] {processor.py:179} INFO - Processing /home/airflow/.local/lib/python3.8/site-packages/airflow/example_dags/example_kubernetes_executor.py took 0.144 seconds
[2024-03-23T07:27:14.175+0000] {processor.py:157} INFO - Started process (PID=3856) to work on /home/airflow/.local/lib/python3.8/site-packages/airflow/example_dags/example_kubernetes_executor.py
[2024-03-23T07:27:14.179+0000] {processor.py:829} INFO - Processing file /home/airflow/.local/lib/python3.8/site-packages/airflow/example_dags/example_kubernetes_executor.py for tasks to queue
[2024-03-23T07:27:14.180+0000] {logging_mixin.py:154} INFO - [2024-03-23T07:27:14.180+0000] {dagbag.py:536} INFO - Filling up the DagBag from /home/airflow/.local/lib/python3.8/site-packages/airflow/example_dags/example_kubernetes_executor.py
[2024-03-23T07:27:14.226+0000] {processor.py:839} INFO - DAG(s) dict_keys(['example_kubernetes_executor']) retrieved from /home/airflow/.local/lib/python3.8/site-packages/airflow/example_dags/example_kubernetes_executor.py
[2024-03-23T07:27:14.326+0000] {logging_mixin.py:154} INFO - [2024-03-23T07:27:14.326+0000] {dag.py:2941} INFO - Sync 1 DAGs
[2024-03-23T07:27:14.336+0000] {logging_mixin.py:154} INFO - [2024-03-23T07:27:14.336+0000] {dag.py:3722} INFO - Setting next_dagrun for example_kubernetes_executor to None, run_after=None
[2024-03-23T07:27:14.348+0000] {processor.py:179} INFO - Processing /home/airflow/.local/lib/python3.8/site-packages/airflow/example_dags/example_kubernetes_executor.py took 0.178 seconds
[2024-03-23T07:27:44.415+0000] {processor.py:157} INFO - Started process (PID=4099) to work on /home/airflow/.local/lib/python3.8/site-packages/airflow/example_dags/example_kubernetes_executor.py
[2024-03-23T07:27:44.416+0000] {processor.py:829} INFO - Processing file /home/airflow/.local/lib/python3.8/site-packages/airflow/example_dags/example_kubernetes_executor.py for tasks to queue
[2024-03-23T07:27:44.418+0000] {logging_mixin.py:154} INFO - [2024-03-23T07:27:44.417+0000] {dagbag.py:536} INFO - Filling up the DagBag from /home/airflow/.local/lib/python3.8/site-packages/airflow/example_dags/example_kubernetes_executor.py
[2024-03-23T07:27:44.442+0000] {processor.py:839} INFO - DAG(s) dict_keys(['example_kubernetes_executor']) retrieved from /home/airflow/.local/lib/python3.8/site-packages/airflow/example_dags/example_kubernetes_executor.py
[2024-03-23T07:27:44.493+0000] {logging_mixin.py:154} INFO - [2024-03-23T07:27:44.493+0000] {dag.py:2941} INFO - Sync 1 DAGs
[2024-03-23T07:27:44.503+0000] {logging_mixin.py:154} INFO - [2024-03-23T07:27:44.503+0000] {dag.py:3722} INFO - Setting next_dagrun for example_kubernetes_executor to None, run_after=None
[2024-03-23T07:27:44.531+0000] {processor.py:179} INFO - Processing /home/airflow/.local/lib/python3.8/site-packages/airflow/example_dags/example_kubernetes_executor.py took 0.119 seconds
[2024-03-23T07:28:15.362+0000] {processor.py:157} INFO - Started process (PID=4344) to work on /home/airflow/.local/lib/python3.8/site-packages/airflow/example_dags/example_kubernetes_executor.py
[2024-03-23T07:28:15.363+0000] {processor.py:829} INFO - Processing file /home/airflow/.local/lib/python3.8/site-packages/airflow/example_dags/example_kubernetes_executor.py for tasks to queue
[2024-03-23T07:28:15.364+0000] {logging_mixin.py:154} INFO - [2024-03-23T07:28:15.364+0000] {dagbag.py:536} INFO - Filling up the DagBag from /home/airflow/.local/lib/python3.8/site-packages/airflow/example_dags/example_kubernetes_executor.py
[2024-03-23T07:28:15.375+0000] {processor.py:839} INFO - DAG(s) dict_keys(['example_kubernetes_executor']) retrieved from /home/airflow/.local/lib/python3.8/site-packages/airflow/example_dags/example_kubernetes_executor.py
[2024-03-23T07:28:15.403+0000] {logging_mixin.py:154} INFO - [2024-03-23T07:28:15.403+0000] {dag.py:2941} INFO - Sync 1 DAGs
[2024-03-23T07:28:15.415+0000] {logging_mixin.py:154} INFO - [2024-03-23T07:28:15.415+0000] {dag.py:3722} INFO - Setting next_dagrun for example_kubernetes_executor to None, run_after=None
[2024-03-23T07:28:15.436+0000] {processor.py:179} INFO - Processing /home/airflow/.local/lib/python3.8/site-packages/airflow/example_dags/example_kubernetes_executor.py took 0.076 seconds
[2024-03-23T07:28:45.703+0000] {processor.py:157} INFO - Started process (PID=4587) to work on /home/airflow/.local/lib/python3.8/site-packages/airflow/example_dags/example_kubernetes_executor.py
[2024-03-23T07:28:45.704+0000] {processor.py:829} INFO - Processing file /home/airflow/.local/lib/python3.8/site-packages/airflow/example_dags/example_kubernetes_executor.py for tasks to queue
[2024-03-23T07:28:45.706+0000] {logging_mixin.py:154} INFO - [2024-03-23T07:28:45.705+0000] {dagbag.py:536} INFO - Filling up the DagBag from /home/airflow/.local/lib/python3.8/site-packages/airflow/example_dags/example_kubernetes_executor.py
[2024-03-23T07:28:45.729+0000] {processor.py:839} INFO - DAG(s) dict_keys(['example_kubernetes_executor']) retrieved from /home/airflow/.local/lib/python3.8/site-packages/airflow/example_dags/example_kubernetes_executor.py
[2024-03-23T07:28:45.772+0000] {logging_mixin.py:154} INFO - [2024-03-23T07:28:45.772+0000] {dag.py:2941} INFO - Sync 1 DAGs
[2024-03-23T07:28:45.780+0000] {logging_mixin.py:154} INFO - [2024-03-23T07:28:45.780+0000] {dag.py:3722} INFO - Setting next_dagrun for example_kubernetes_executor to None, run_after=None
[2024-03-23T07:28:45.790+0000] {processor.py:179} INFO - Processing /home/airflow/.local/lib/python3.8/site-packages/airflow/example_dags/example_kubernetes_executor.py took 0.089 seconds
[2024-03-23T07:29:36.510+0000] {processor.py:157} INFO - Started process (PID=196) to work on /home/airflow/.local/lib/python3.8/site-packages/airflow/example_dags/example_kubernetes_executor.py
[2024-03-23T07:29:36.511+0000] {processor.py:829} INFO - Processing file /home/airflow/.local/lib/python3.8/site-packages/airflow/example_dags/example_kubernetes_executor.py for tasks to queue
[2024-03-23T07:29:36.511+0000] {logging_mixin.py:154} INFO - [2024-03-23T07:29:36.511+0000] {dagbag.py:536} INFO - Filling up the DagBag from /home/airflow/.local/lib/python3.8/site-packages/airflow/example_dags/example_kubernetes_executor.py
[2024-03-23T07:29:36.521+0000] {processor.py:839} INFO - DAG(s) dict_keys(['example_kubernetes_executor']) retrieved from /home/airflow/.local/lib/python3.8/site-packages/airflow/example_dags/example_kubernetes_executor.py
[2024-03-23T07:29:36.539+0000] {logging_mixin.py:154} INFO - [2024-03-23T07:29:36.538+0000] {dag.py:2941} INFO - Sync 1 DAGs
[2024-03-23T07:29:36.546+0000] {logging_mixin.py:154} INFO - [2024-03-23T07:29:36.546+0000] {dag.py:3722} INFO - Setting next_dagrun for example_kubernetes_executor to None, run_after=None
[2024-03-23T07:29:36.555+0000] {processor.py:179} INFO - Processing /home/airflow/.local/lib/python3.8/site-packages/airflow/example_dags/example_kubernetes_executor.py took 0.047 seconds
