[2024-03-23T07:19:33.434+0000] {processor.py:157} INFO - Started process (PID=242) to work on /home/airflow/.local/lib/python3.8/site-packages/airflow/example_dags/example_short_circuit_decorator.py
[2024-03-23T07:19:33.437+0000] {processor.py:829} INFO - Processing file /home/airflow/.local/lib/python3.8/site-packages/airflow/example_dags/example_short_circuit_decorator.py for tasks to queue
[2024-03-23T07:19:33.438+0000] {logging_mixin.py:154} INFO - [2024-03-23T07:19:33.437+0000] {dagbag.py:536} INFO - Filling up the DagBag from /home/airflow/.local/lib/python3.8/site-packages/airflow/example_dags/example_short_circuit_decorator.py
[2024-03-23T07:19:33.451+0000] {processor.py:839} INFO - DAG(s) dict_keys(['example_short_circuit_decorator']) retrieved from /home/airflow/.local/lib/python3.8/site-packages/airflow/example_dags/example_short_circuit_decorator.py
[2024-03-23T07:19:33.521+0000] {logging_mixin.py:154} INFO - [2024-03-23T07:19:33.520+0000] {manager.py:499} INFO - Created Permission View: %s
[2024-03-23T07:19:33.526+0000] {logging_mixin.py:154} INFO - [2024-03-23T07:19:33.526+0000] {manager.py:499} INFO - Created Permission View: %s
[2024-03-23T07:19:33.530+0000] {logging_mixin.py:154} INFO - [2024-03-23T07:19:33.530+0000] {manager.py:499} INFO - Created Permission View: %s
[2024-03-23T07:19:33.530+0000] {logging_mixin.py:154} INFO - [2024-03-23T07:19:33.530+0000] {dag.py:2941} INFO - Sync 1 DAGs
[2024-03-23T07:19:33.537+0000] {logging_mixin.py:154} INFO - [2024-03-23T07:19:33.537+0000] {dag.py:2963} INFO - Creating ORM DAG for example_short_circuit_decorator
[2024-03-23T07:19:33.542+0000] {logging_mixin.py:154} INFO - [2024-03-23T07:19:33.542+0000] {dag.py:3722} INFO - Setting next_dagrun for example_short_circuit_decorator to 2024-03-22T07:19:33.542069+00:00, run_after=2024-03-23T07:19:33.542069+00:00
[2024-03-23T07:19:33.550+0000] {processor.py:179} INFO - Processing /home/airflow/.local/lib/python3.8/site-packages/airflow/example_dags/example_short_circuit_decorator.py took 0.120 seconds
[2024-03-23T07:20:04.343+0000] {processor.py:157} INFO - Started process (PID=485) to work on /home/airflow/.local/lib/python3.8/site-packages/airflow/example_dags/example_short_circuit_decorator.py
[2024-03-23T07:20:04.344+0000] {processor.py:829} INFO - Processing file /home/airflow/.local/lib/python3.8/site-packages/airflow/example_dags/example_short_circuit_decorator.py for tasks to queue
[2024-03-23T07:20:04.344+0000] {logging_mixin.py:154} INFO - [2024-03-23T07:20:04.344+0000] {dagbag.py:536} INFO - Filling up the DagBag from /home/airflow/.local/lib/python3.8/site-packages/airflow/example_dags/example_short_circuit_decorator.py
[2024-03-23T07:20:04.350+0000] {processor.py:839} INFO - DAG(s) dict_keys(['example_short_circuit_decorator']) retrieved from /home/airflow/.local/lib/python3.8/site-packages/airflow/example_dags/example_short_circuit_decorator.py
[2024-03-23T07:20:04.368+0000] {logging_mixin.py:154} INFO - [2024-03-23T07:20:04.368+0000] {dag.py:2941} INFO - Sync 1 DAGs
[2024-03-23T07:20:04.383+0000] {logging_mixin.py:154} INFO - [2024-03-23T07:20:04.383+0000] {dag.py:3722} INFO - Setting next_dagrun for example_short_circuit_decorator to 2024-03-22T07:20:04.383540+00:00, run_after=2024-03-23T07:20:04.383540+00:00
[2024-03-23T07:20:04.395+0000] {processor.py:179} INFO - Processing /home/airflow/.local/lib/python3.8/site-packages/airflow/example_dags/example_short_circuit_decorator.py took 0.054 seconds
[2024-03-23T07:20:35.629+0000] {processor.py:157} INFO - Started process (PID=730) to work on /home/airflow/.local/lib/python3.8/site-packages/airflow/example_dags/example_short_circuit_decorator.py
[2024-03-23T07:20:35.630+0000] {processor.py:829} INFO - Processing file /home/airflow/.local/lib/python3.8/site-packages/airflow/example_dags/example_short_circuit_decorator.py for tasks to queue
[2024-03-23T07:20:35.630+0000] {logging_mixin.py:154} INFO - [2024-03-23T07:20:35.630+0000] {dagbag.py:536} INFO - Filling up the DagBag from /home/airflow/.local/lib/python3.8/site-packages/airflow/example_dags/example_short_circuit_decorator.py
[2024-03-23T07:20:35.636+0000] {processor.py:839} INFO - DAG(s) dict_keys(['example_short_circuit_decorator']) retrieved from /home/airflow/.local/lib/python3.8/site-packages/airflow/example_dags/example_short_circuit_decorator.py
[2024-03-23T07:20:35.648+0000] {logging_mixin.py:154} INFO - [2024-03-23T07:20:35.648+0000] {dag.py:2941} INFO - Sync 1 DAGs
[2024-03-23T07:20:35.664+0000] {logging_mixin.py:154} INFO - [2024-03-23T07:20:35.664+0000] {dag.py:3722} INFO - Setting next_dagrun for example_short_circuit_decorator to 2024-03-22T07:20:35.664422+00:00, run_after=2024-03-23T07:20:35.664422+00:00
[2024-03-23T07:20:35.673+0000] {processor.py:179} INFO - Processing /home/airflow/.local/lib/python3.8/site-packages/airflow/example_dags/example_short_circuit_decorator.py took 0.046 seconds
[2024-03-23T07:21:06.075+0000] {processor.py:157} INFO - Started process (PID=971) to work on /home/airflow/.local/lib/python3.8/site-packages/airflow/example_dags/example_short_circuit_decorator.py
[2024-03-23T07:21:06.079+0000] {processor.py:829} INFO - Processing file /home/airflow/.local/lib/python3.8/site-packages/airflow/example_dags/example_short_circuit_decorator.py for tasks to queue
[2024-03-23T07:21:06.080+0000] {logging_mixin.py:154} INFO - [2024-03-23T07:21:06.080+0000] {dagbag.py:536} INFO - Filling up the DagBag from /home/airflow/.local/lib/python3.8/site-packages/airflow/example_dags/example_short_circuit_decorator.py
[2024-03-23T07:21:06.090+0000] {processor.py:839} INFO - DAG(s) dict_keys(['example_short_circuit_decorator']) retrieved from /home/airflow/.local/lib/python3.8/site-packages/airflow/example_dags/example_short_circuit_decorator.py
[2024-03-23T07:21:06.121+0000] {logging_mixin.py:154} INFO - [2024-03-23T07:21:06.121+0000] {dag.py:2941} INFO - Sync 1 DAGs
[2024-03-23T07:21:06.138+0000] {logging_mixin.py:154} INFO - [2024-03-23T07:21:06.138+0000] {dag.py:3722} INFO - Setting next_dagrun for example_short_circuit_decorator to 2024-03-22T07:21:06.138199+00:00, run_after=2024-03-23T07:21:06.138199+00:00
[2024-03-23T07:21:06.150+0000] {processor.py:179} INFO - Processing /home/airflow/.local/lib/python3.8/site-packages/airflow/example_dags/example_short_circuit_decorator.py took 0.080 seconds
[2024-03-23T07:21:37.010+0000] {processor.py:157} INFO - Started process (PID=1214) to work on /home/airflow/.local/lib/python3.8/site-packages/airflow/example_dags/example_short_circuit_decorator.py
[2024-03-23T07:21:37.011+0000] {processor.py:829} INFO - Processing file /home/airflow/.local/lib/python3.8/site-packages/airflow/example_dags/example_short_circuit_decorator.py for tasks to queue
[2024-03-23T07:21:37.011+0000] {logging_mixin.py:154} INFO - [2024-03-23T07:21:37.011+0000] {dagbag.py:536} INFO - Filling up the DagBag from /home/airflow/.local/lib/python3.8/site-packages/airflow/example_dags/example_short_circuit_decorator.py
[2024-03-23T07:21:37.018+0000] {processor.py:839} INFO - DAG(s) dict_keys(['example_short_circuit_decorator']) retrieved from /home/airflow/.local/lib/python3.8/site-packages/airflow/example_dags/example_short_circuit_decorator.py
[2024-03-23T07:21:37.030+0000] {logging_mixin.py:154} INFO - [2024-03-23T07:21:37.030+0000] {dag.py:2941} INFO - Sync 1 DAGs
[2024-03-23T07:21:37.040+0000] {logging_mixin.py:154} INFO - [2024-03-23T07:21:37.040+0000] {dag.py:3722} INFO - Setting next_dagrun for example_short_circuit_decorator to 2024-03-22T07:21:37.040047+00:00, run_after=2024-03-23T07:21:37.040047+00:00
[2024-03-23T07:21:37.049+0000] {processor.py:179} INFO - Processing /home/airflow/.local/lib/python3.8/site-packages/airflow/example_dags/example_short_circuit_decorator.py took 0.042 seconds
[2024-03-23T07:22:07.446+0000] {processor.py:157} INFO - Started process (PID=1458) to work on /home/airflow/.local/lib/python3.8/site-packages/airflow/example_dags/example_short_circuit_decorator.py
[2024-03-23T07:22:07.449+0000] {processor.py:829} INFO - Processing file /home/airflow/.local/lib/python3.8/site-packages/airflow/example_dags/example_short_circuit_decorator.py for tasks to queue
[2024-03-23T07:22:07.452+0000] {logging_mixin.py:154} INFO - [2024-03-23T07:22:07.452+0000] {dagbag.py:536} INFO - Filling up the DagBag from /home/airflow/.local/lib/python3.8/site-packages/airflow/example_dags/example_short_circuit_decorator.py
[2024-03-23T07:22:07.472+0000] {processor.py:839} INFO - DAG(s) dict_keys(['example_short_circuit_decorator']) retrieved from /home/airflow/.local/lib/python3.8/site-packages/airflow/example_dags/example_short_circuit_decorator.py
[2024-03-23T07:22:07.491+0000] {logging_mixin.py:154} INFO - [2024-03-23T07:22:07.490+0000] {dag.py:2941} INFO - Sync 1 DAGs
[2024-03-23T07:22:07.505+0000] {logging_mixin.py:154} INFO - [2024-03-23T07:22:07.504+0000] {dag.py:3722} INFO - Setting next_dagrun for example_short_circuit_decorator to 2024-03-22T07:22:07.504848+00:00, run_after=2024-03-23T07:22:07.504848+00:00
[2024-03-23T07:22:07.520+0000] {processor.py:179} INFO - Processing /home/airflow/.local/lib/python3.8/site-packages/airflow/example_dags/example_short_circuit_decorator.py took 0.076 seconds
[2024-03-23T07:22:38.100+0000] {processor.py:157} INFO - Started process (PID=1708) to work on /home/airflow/.local/lib/python3.8/site-packages/airflow/example_dags/example_short_circuit_decorator.py
[2024-03-23T07:22:38.101+0000] {processor.py:829} INFO - Processing file /home/airflow/.local/lib/python3.8/site-packages/airflow/example_dags/example_short_circuit_decorator.py for tasks to queue
[2024-03-23T07:22:38.101+0000] {logging_mixin.py:154} INFO - [2024-03-23T07:22:38.101+0000] {dagbag.py:536} INFO - Filling up the DagBag from /home/airflow/.local/lib/python3.8/site-packages/airflow/example_dags/example_short_circuit_decorator.py
[2024-03-23T07:22:38.109+0000] {processor.py:839} INFO - DAG(s) dict_keys(['example_short_circuit_decorator']) retrieved from /home/airflow/.local/lib/python3.8/site-packages/airflow/example_dags/example_short_circuit_decorator.py
[2024-03-23T07:22:38.127+0000] {logging_mixin.py:154} INFO - [2024-03-23T07:22:38.127+0000] {dag.py:2941} INFO - Sync 1 DAGs
[2024-03-23T07:22:38.140+0000] {logging_mixin.py:154} INFO - [2024-03-23T07:22:38.140+0000] {dag.py:3722} INFO - Setting next_dagrun for example_short_circuit_decorator to 2024-03-22T07:22:38.139350+00:00, run_after=2024-03-23T07:22:38.139350+00:00
[2024-03-23T07:22:38.157+0000] {processor.py:179} INFO - Processing /home/airflow/.local/lib/python3.8/site-packages/airflow/example_dags/example_short_circuit_decorator.py took 0.060 seconds
[2024-03-23T07:23:09.075+0000] {processor.py:157} INFO - Started process (PID=1951) to work on /home/airflow/.local/lib/python3.8/site-packages/airflow/example_dags/example_short_circuit_decorator.py
[2024-03-23T07:23:09.076+0000] {processor.py:829} INFO - Processing file /home/airflow/.local/lib/python3.8/site-packages/airflow/example_dags/example_short_circuit_decorator.py for tasks to queue
[2024-03-23T07:23:09.077+0000] {logging_mixin.py:154} INFO - [2024-03-23T07:23:09.077+0000] {dagbag.py:536} INFO - Filling up the DagBag from /home/airflow/.local/lib/python3.8/site-packages/airflow/example_dags/example_short_circuit_decorator.py
[2024-03-23T07:23:09.083+0000] {processor.py:839} INFO - DAG(s) dict_keys(['example_short_circuit_decorator']) retrieved from /home/airflow/.local/lib/python3.8/site-packages/airflow/example_dags/example_short_circuit_decorator.py
[2024-03-23T07:23:09.096+0000] {logging_mixin.py:154} INFO - [2024-03-23T07:23:09.096+0000] {dag.py:2941} INFO - Sync 1 DAGs
[2024-03-23T07:23:09.130+0000] {logging_mixin.py:154} INFO - [2024-03-23T07:23:09.129+0000] {dag.py:3722} INFO - Setting next_dagrun for example_short_circuit_decorator to 2024-03-22T07:23:09.129138+00:00, run_after=2024-03-23T07:23:09.129138+00:00
[2024-03-23T07:23:09.163+0000] {processor.py:179} INFO - Processing /home/airflow/.local/lib/python3.8/site-packages/airflow/example_dags/example_short_circuit_decorator.py took 0.089 seconds
[2024-03-23T07:23:39.194+0000] {processor.py:157} INFO - Started process (PID=2188) to work on /home/airflow/.local/lib/python3.8/site-packages/airflow/example_dags/example_short_circuit_decorator.py
[2024-03-23T07:23:39.195+0000] {processor.py:829} INFO - Processing file /home/airflow/.local/lib/python3.8/site-packages/airflow/example_dags/example_short_circuit_decorator.py for tasks to queue
[2024-03-23T07:23:39.195+0000] {logging_mixin.py:154} INFO - [2024-03-23T07:23:39.195+0000] {dagbag.py:536} INFO - Filling up the DagBag from /home/airflow/.local/lib/python3.8/site-packages/airflow/example_dags/example_short_circuit_decorator.py
[2024-03-23T07:23:39.201+0000] {processor.py:839} INFO - DAG(s) dict_keys(['example_short_circuit_decorator']) retrieved from /home/airflow/.local/lib/python3.8/site-packages/airflow/example_dags/example_short_circuit_decorator.py
[2024-03-23T07:23:39.213+0000] {logging_mixin.py:154} INFO - [2024-03-23T07:23:39.213+0000] {dag.py:2941} INFO - Sync 1 DAGs
[2024-03-23T07:23:39.222+0000] {logging_mixin.py:154} INFO - [2024-03-23T07:23:39.222+0000] {dag.py:3722} INFO - Setting next_dagrun for example_short_circuit_decorator to 2024-03-22T07:23:39.222541+00:00, run_after=2024-03-23T07:23:39.222541+00:00
[2024-03-23T07:23:39.234+0000] {processor.py:179} INFO - Processing /home/airflow/.local/lib/python3.8/site-packages/airflow/example_dags/example_short_circuit_decorator.py took 0.042 seconds
[2024-03-23T07:24:09.727+0000] {processor.py:157} INFO - Started process (PID=2431) to work on /home/airflow/.local/lib/python3.8/site-packages/airflow/example_dags/example_short_circuit_decorator.py
[2024-03-23T07:24:09.729+0000] {processor.py:829} INFO - Processing file /home/airflow/.local/lib/python3.8/site-packages/airflow/example_dags/example_short_circuit_decorator.py for tasks to queue
[2024-03-23T07:24:09.729+0000] {logging_mixin.py:154} INFO - [2024-03-23T07:24:09.729+0000] {dagbag.py:536} INFO - Filling up the DagBag from /home/airflow/.local/lib/python3.8/site-packages/airflow/example_dags/example_short_circuit_decorator.py
[2024-03-23T07:24:09.744+0000] {processor.py:839} INFO - DAG(s) dict_keys(['example_short_circuit_decorator']) retrieved from /home/airflow/.local/lib/python3.8/site-packages/airflow/example_dags/example_short_circuit_decorator.py
[2024-03-23T07:24:09.764+0000] {logging_mixin.py:154} INFO - [2024-03-23T07:24:09.764+0000] {dag.py:2941} INFO - Sync 1 DAGs
[2024-03-23T07:24:09.779+0000] {logging_mixin.py:154} INFO - [2024-03-23T07:24:09.779+0000] {dag.py:3722} INFO - Setting next_dagrun for example_short_circuit_decorator to 2024-03-22T07:24:09.779290+00:00, run_after=2024-03-23T07:24:09.779290+00:00
[2024-03-23T07:24:09.788+0000] {processor.py:179} INFO - Processing /home/airflow/.local/lib/python3.8/site-packages/airflow/example_dags/example_short_circuit_decorator.py took 0.066 seconds
[2024-03-23T07:24:39.936+0000] {processor.py:157} INFO - Started process (PID=2674) to work on /home/airflow/.local/lib/python3.8/site-packages/airflow/example_dags/example_short_circuit_decorator.py
[2024-03-23T07:24:39.937+0000] {processor.py:829} INFO - Processing file /home/airflow/.local/lib/python3.8/site-packages/airflow/example_dags/example_short_circuit_decorator.py for tasks to queue
[2024-03-23T07:24:39.938+0000] {logging_mixin.py:154} INFO - [2024-03-23T07:24:39.938+0000] {dagbag.py:536} INFO - Filling up the DagBag from /home/airflow/.local/lib/python3.8/site-packages/airflow/example_dags/example_short_circuit_decorator.py
[2024-03-23T07:24:39.944+0000] {processor.py:839} INFO - DAG(s) dict_keys(['example_short_circuit_decorator']) retrieved from /home/airflow/.local/lib/python3.8/site-packages/airflow/example_dags/example_short_circuit_decorator.py
[2024-03-23T07:24:39.956+0000] {logging_mixin.py:154} INFO - [2024-03-23T07:24:39.956+0000] {dag.py:2941} INFO - Sync 1 DAGs
[2024-03-23T07:24:39.968+0000] {logging_mixin.py:154} INFO - [2024-03-23T07:24:39.968+0000] {dag.py:3722} INFO - Setting next_dagrun for example_short_circuit_decorator to 2024-03-22T07:24:39.968477+00:00, run_after=2024-03-23T07:24:39.968477+00:00
[2024-03-23T07:24:39.981+0000] {processor.py:179} INFO - Processing /home/airflow/.local/lib/python3.8/site-packages/airflow/example_dags/example_short_circuit_decorator.py took 0.047 seconds
[2024-03-23T07:25:10.419+0000] {processor.py:157} INFO - Started process (PID=2923) to work on /home/airflow/.local/lib/python3.8/site-packages/airflow/example_dags/example_short_circuit_decorator.py
[2024-03-23T07:25:10.420+0000] {processor.py:829} INFO - Processing file /home/airflow/.local/lib/python3.8/site-packages/airflow/example_dags/example_short_circuit_decorator.py for tasks to queue
[2024-03-23T07:25:10.421+0000] {logging_mixin.py:154} INFO - [2024-03-23T07:25:10.421+0000] {dagbag.py:536} INFO - Filling up the DagBag from /home/airflow/.local/lib/python3.8/site-packages/airflow/example_dags/example_short_circuit_decorator.py
[2024-03-23T07:25:10.438+0000] {processor.py:839} INFO - DAG(s) dict_keys(['example_short_circuit_decorator']) retrieved from /home/airflow/.local/lib/python3.8/site-packages/airflow/example_dags/example_short_circuit_decorator.py
[2024-03-23T07:25:10.494+0000] {logging_mixin.py:154} INFO - [2024-03-23T07:25:10.493+0000] {dag.py:2941} INFO - Sync 1 DAGs
[2024-03-23T07:25:10.513+0000] {logging_mixin.py:154} INFO - [2024-03-23T07:25:10.513+0000] {dag.py:3722} INFO - Setting next_dagrun for example_short_circuit_decorator to 2024-03-22T07:25:10.512885+00:00, run_after=2024-03-23T07:25:10.512885+00:00
[2024-03-23T07:25:10.525+0000] {processor.py:179} INFO - Processing /home/airflow/.local/lib/python3.8/site-packages/airflow/example_dags/example_short_circuit_decorator.py took 0.109 seconds
[2024-03-23T07:25:41.036+0000] {processor.py:157} INFO - Started process (PID=3172) to work on /home/airflow/.local/lib/python3.8/site-packages/airflow/example_dags/example_short_circuit_decorator.py
[2024-03-23T07:25:41.039+0000] {processor.py:829} INFO - Processing file /home/airflow/.local/lib/python3.8/site-packages/airflow/example_dags/example_short_circuit_decorator.py for tasks to queue
[2024-03-23T07:25:41.040+0000] {logging_mixin.py:154} INFO - [2024-03-23T07:25:41.040+0000] {dagbag.py:536} INFO - Filling up the DagBag from /home/airflow/.local/lib/python3.8/site-packages/airflow/example_dags/example_short_circuit_decorator.py
[2024-03-23T07:25:41.049+0000] {processor.py:839} INFO - DAG(s) dict_keys(['example_short_circuit_decorator']) retrieved from /home/airflow/.local/lib/python3.8/site-packages/airflow/example_dags/example_short_circuit_decorator.py
[2024-03-23T07:25:41.066+0000] {logging_mixin.py:154} INFO - [2024-03-23T07:25:41.066+0000] {dag.py:2941} INFO - Sync 1 DAGs
[2024-03-23T07:25:41.084+0000] {logging_mixin.py:154} INFO - [2024-03-23T07:25:41.083+0000] {dag.py:3722} INFO - Setting next_dagrun for example_short_circuit_decorator to 2024-03-22T07:25:41.083692+00:00, run_after=2024-03-23T07:25:41.083692+00:00
[2024-03-23T07:25:41.104+0000] {processor.py:179} INFO - Processing /home/airflow/.local/lib/python3.8/site-packages/airflow/example_dags/example_short_circuit_decorator.py took 0.071 seconds
[2024-03-23T07:26:12.908+0000] {processor.py:157} INFO - Started process (PID=3415) to work on /home/airflow/.local/lib/python3.8/site-packages/airflow/example_dags/example_short_circuit_decorator.py
[2024-03-23T07:26:12.911+0000] {processor.py:829} INFO - Processing file /home/airflow/.local/lib/python3.8/site-packages/airflow/example_dags/example_short_circuit_decorator.py for tasks to queue
[2024-03-23T07:26:12.917+0000] {logging_mixin.py:154} INFO - [2024-03-23T07:26:12.917+0000] {dagbag.py:536} INFO - Filling up the DagBag from /home/airflow/.local/lib/python3.8/site-packages/airflow/example_dags/example_short_circuit_decorator.py
[2024-03-23T07:26:12.933+0000] {processor.py:839} INFO - DAG(s) dict_keys(['example_short_circuit_decorator']) retrieved from /home/airflow/.local/lib/python3.8/site-packages/airflow/example_dags/example_short_circuit_decorator.py
[2024-03-23T07:26:12.960+0000] {logging_mixin.py:154} INFO - [2024-03-23T07:26:12.959+0000] {dag.py:2941} INFO - Sync 1 DAGs
[2024-03-23T07:26:12.979+0000] {logging_mixin.py:154} INFO - [2024-03-23T07:26:12.979+0000] {dag.py:3722} INFO - Setting next_dagrun for example_short_circuit_decorator to 2024-03-22T07:26:12.978850+00:00, run_after=2024-03-23T07:26:12.978850+00:00
[2024-03-23T07:26:12.989+0000] {processor.py:179} INFO - Processing /home/airflow/.local/lib/python3.8/site-packages/airflow/example_dags/example_short_circuit_decorator.py took 0.088 seconds
[2024-03-23T07:26:43.771+0000] {processor.py:157} INFO - Started process (PID=3658) to work on /home/airflow/.local/lib/python3.8/site-packages/airflow/example_dags/example_short_circuit_decorator.py
[2024-03-23T07:26:43.773+0000] {processor.py:829} INFO - Processing file /home/airflow/.local/lib/python3.8/site-packages/airflow/example_dags/example_short_circuit_decorator.py for tasks to queue
[2024-03-23T07:26:43.774+0000] {logging_mixin.py:154} INFO - [2024-03-23T07:26:43.773+0000] {dagbag.py:536} INFO - Filling up the DagBag from /home/airflow/.local/lib/python3.8/site-packages/airflow/example_dags/example_short_circuit_decorator.py
[2024-03-23T07:26:43.790+0000] {processor.py:839} INFO - DAG(s) dict_keys(['example_short_circuit_decorator']) retrieved from /home/airflow/.local/lib/python3.8/site-packages/airflow/example_dags/example_short_circuit_decorator.py
[2024-03-23T07:26:43.872+0000] {logging_mixin.py:154} INFO - [2024-03-23T07:26:43.870+0000] {dag.py:2941} INFO - Sync 1 DAGs
[2024-03-23T07:26:43.916+0000] {logging_mixin.py:154} INFO - [2024-03-23T07:26:43.916+0000] {dag.py:3722} INFO - Setting next_dagrun for example_short_circuit_decorator to 2024-03-22T07:26:43.916438+00:00, run_after=2024-03-23T07:26:43.916438+00:00
[2024-03-23T07:26:43.947+0000] {processor.py:179} INFO - Processing /home/airflow/.local/lib/python3.8/site-packages/airflow/example_dags/example_short_circuit_decorator.py took 0.180 seconds
[2024-03-23T07:27:14.733+0000] {processor.py:157} INFO - Started process (PID=3901) to work on /home/airflow/.local/lib/python3.8/site-packages/airflow/example_dags/example_short_circuit_decorator.py
[2024-03-23T07:27:14.735+0000] {processor.py:829} INFO - Processing file /home/airflow/.local/lib/python3.8/site-packages/airflow/example_dags/example_short_circuit_decorator.py for tasks to queue
[2024-03-23T07:27:14.736+0000] {logging_mixin.py:154} INFO - [2024-03-23T07:27:14.736+0000] {dagbag.py:536} INFO - Filling up the DagBag from /home/airflow/.local/lib/python3.8/site-packages/airflow/example_dags/example_short_circuit_decorator.py
[2024-03-23T07:27:14.746+0000] {processor.py:839} INFO - DAG(s) dict_keys(['example_short_circuit_decorator']) retrieved from /home/airflow/.local/lib/python3.8/site-packages/airflow/example_dags/example_short_circuit_decorator.py
[2024-03-23T07:27:14.776+0000] {logging_mixin.py:154} INFO - [2024-03-23T07:27:14.776+0000] {dag.py:2941} INFO - Sync 1 DAGs
[2024-03-23T07:27:14.806+0000] {logging_mixin.py:154} INFO - [2024-03-23T07:27:14.806+0000] {dag.py:3722} INFO - Setting next_dagrun for example_short_circuit_decorator to 2024-03-22T07:27:14.806196+00:00, run_after=2024-03-23T07:27:14.806196+00:00
[2024-03-23T07:27:14.841+0000] {processor.py:179} INFO - Processing /home/airflow/.local/lib/python3.8/site-packages/airflow/example_dags/example_short_circuit_decorator.py took 0.112 seconds
[2024-03-23T07:27:45.063+0000] {processor.py:157} INFO - Started process (PID=4144) to work on /home/airflow/.local/lib/python3.8/site-packages/airflow/example_dags/example_short_circuit_decorator.py
[2024-03-23T07:27:45.065+0000] {processor.py:829} INFO - Processing file /home/airflow/.local/lib/python3.8/site-packages/airflow/example_dags/example_short_circuit_decorator.py for tasks to queue
[2024-03-23T07:27:45.066+0000] {logging_mixin.py:154} INFO - [2024-03-23T07:27:45.066+0000] {dagbag.py:536} INFO - Filling up the DagBag from /home/airflow/.local/lib/python3.8/site-packages/airflow/example_dags/example_short_circuit_decorator.py
[2024-03-23T07:27:45.075+0000] {processor.py:839} INFO - DAG(s) dict_keys(['example_short_circuit_decorator']) retrieved from /home/airflow/.local/lib/python3.8/site-packages/airflow/example_dags/example_short_circuit_decorator.py
[2024-03-23T07:27:45.096+0000] {logging_mixin.py:154} INFO - [2024-03-23T07:27:45.096+0000] {dag.py:2941} INFO - Sync 1 DAGs
[2024-03-23T07:27:45.116+0000] {logging_mixin.py:154} INFO - [2024-03-23T07:27:45.115+0000] {dag.py:3722} INFO - Setting next_dagrun for example_short_circuit_decorator to 2024-03-22T07:27:45.115783+00:00, run_after=2024-03-23T07:27:45.115783+00:00
[2024-03-23T07:27:45.127+0000] {processor.py:179} INFO - Processing /home/airflow/.local/lib/python3.8/site-packages/airflow/example_dags/example_short_circuit_decorator.py took 0.075 seconds
[2024-03-23T07:28:16.107+0000] {processor.py:157} INFO - Started process (PID=4389) to work on /home/airflow/.local/lib/python3.8/site-packages/airflow/example_dags/example_short_circuit_decorator.py
[2024-03-23T07:28:16.112+0000] {processor.py:829} INFO - Processing file /home/airflow/.local/lib/python3.8/site-packages/airflow/example_dags/example_short_circuit_decorator.py for tasks to queue
[2024-03-23T07:28:16.113+0000] {logging_mixin.py:154} INFO - [2024-03-23T07:28:16.113+0000] {dagbag.py:536} INFO - Filling up the DagBag from /home/airflow/.local/lib/python3.8/site-packages/airflow/example_dags/example_short_circuit_decorator.py
[2024-03-23T07:28:16.120+0000] {processor.py:839} INFO - DAG(s) dict_keys(['example_short_circuit_decorator']) retrieved from /home/airflow/.local/lib/python3.8/site-packages/airflow/example_dags/example_short_circuit_decorator.py
[2024-03-23T07:28:16.133+0000] {logging_mixin.py:154} INFO - [2024-03-23T07:28:16.133+0000] {dag.py:2941} INFO - Sync 1 DAGs
[2024-03-23T07:28:16.151+0000] {logging_mixin.py:154} INFO - [2024-03-23T07:28:16.151+0000] {dag.py:3722} INFO - Setting next_dagrun for example_short_circuit_decorator to 2024-03-22T07:28:16.151284+00:00, run_after=2024-03-23T07:28:16.151284+00:00
[2024-03-23T07:28:16.163+0000] {processor.py:179} INFO - Processing /home/airflow/.local/lib/python3.8/site-packages/airflow/example_dags/example_short_circuit_decorator.py took 0.058 seconds
[2024-03-23T07:28:46.196+0000] {processor.py:157} INFO - Started process (PID=4632) to work on /home/airflow/.local/lib/python3.8/site-packages/airflow/example_dags/example_short_circuit_decorator.py
[2024-03-23T07:28:46.198+0000] {processor.py:829} INFO - Processing file /home/airflow/.local/lib/python3.8/site-packages/airflow/example_dags/example_short_circuit_decorator.py for tasks to queue
[2024-03-23T07:28:46.198+0000] {logging_mixin.py:154} INFO - [2024-03-23T07:28:46.198+0000] {dagbag.py:536} INFO - Filling up the DagBag from /home/airflow/.local/lib/python3.8/site-packages/airflow/example_dags/example_short_circuit_decorator.py
[2024-03-23T07:28:46.206+0000] {processor.py:839} INFO - DAG(s) dict_keys(['example_short_circuit_decorator']) retrieved from /home/airflow/.local/lib/python3.8/site-packages/airflow/example_dags/example_short_circuit_decorator.py
[2024-03-23T07:28:46.222+0000] {logging_mixin.py:154} INFO - [2024-03-23T07:28:46.221+0000] {dag.py:2941} INFO - Sync 1 DAGs
[2024-03-23T07:28:46.238+0000] {logging_mixin.py:154} INFO - [2024-03-23T07:28:46.238+0000] {dag.py:3722} INFO - Setting next_dagrun for example_short_circuit_decorator to 2024-03-22T07:28:46.238027+00:00, run_after=2024-03-23T07:28:46.238027+00:00
[2024-03-23T07:28:46.250+0000] {processor.py:179} INFO - Processing /home/airflow/.local/lib/python3.8/site-packages/airflow/example_dags/example_short_circuit_decorator.py took 0.056 seconds
[2024-03-23T07:29:36.824+0000] {processor.py:157} INFO - Started process (PID=243) to work on /home/airflow/.local/lib/python3.8/site-packages/airflow/example_dags/example_short_circuit_decorator.py
[2024-03-23T07:29:36.827+0000] {processor.py:829} INFO - Processing file /home/airflow/.local/lib/python3.8/site-packages/airflow/example_dags/example_short_circuit_decorator.py for tasks to queue
[2024-03-23T07:29:36.828+0000] {logging_mixin.py:154} INFO - [2024-03-23T07:29:36.827+0000] {dagbag.py:536} INFO - Filling up the DagBag from /home/airflow/.local/lib/python3.8/site-packages/airflow/example_dags/example_short_circuit_decorator.py
[2024-03-23T07:29:36.834+0000] {processor.py:839} INFO - DAG(s) dict_keys(['example_short_circuit_decorator']) retrieved from /home/airflow/.local/lib/python3.8/site-packages/airflow/example_dags/example_short_circuit_decorator.py
[2024-03-23T07:29:36.847+0000] {logging_mixin.py:154} INFO - [2024-03-23T07:29:36.847+0000] {dag.py:2941} INFO - Sync 1 DAGs
[2024-03-23T07:29:36.860+0000] {logging_mixin.py:154} INFO - [2024-03-23T07:29:36.860+0000] {dag.py:3722} INFO - Setting next_dagrun for example_short_circuit_decorator to 2024-03-22T07:29:36.860628+00:00, run_after=2024-03-23T07:29:36.860628+00:00
[2024-03-23T07:29:36.870+0000] {processor.py:179} INFO - Processing /home/airflow/.local/lib/python3.8/site-packages/airflow/example_dags/example_short_circuit_decorator.py took 0.047 seconds
