[2024-03-23T07:19:34.663+0000] {processor.py:157} INFO - Started process (PID=322) to work on /home/airflow/.local/lib/python3.8/site-packages/airflow/example_dags/example_complex.py
[2024-03-23T07:19:34.663+0000] {processor.py:829} INFO - Processing file /home/airflow/.local/lib/python3.8/site-packages/airflow/example_dags/example_complex.py for tasks to queue
[2024-03-23T07:19:34.664+0000] {logging_mixin.py:154} INFO - [2024-03-23T07:19:34.664+0000] {dagbag.py:536} INFO - Filling up the DagBag from /home/airflow/.local/lib/python3.8/site-packages/airflow/example_dags/example_complex.py
[2024-03-23T07:19:34.671+0000] {processor.py:839} INFO - DAG(s) dict_keys(['example_complex']) retrieved from /home/airflow/.local/lib/python3.8/site-packages/airflow/example_dags/example_complex.py
[2024-03-23T07:19:34.733+0000] {logging_mixin.py:154} INFO - [2024-03-23T07:19:34.733+0000] {manager.py:499} INFO - Created Permission View: %s
[2024-03-23T07:19:34.742+0000] {logging_mixin.py:154} INFO - [2024-03-23T07:19:34.742+0000] {manager.py:499} INFO - Created Permission View: %s
[2024-03-23T07:19:34.756+0000] {logging_mixin.py:154} INFO - [2024-03-23T07:19:34.756+0000] {manager.py:499} INFO - Created Permission View: %s
[2024-03-23T07:19:34.757+0000] {logging_mixin.py:154} INFO - [2024-03-23T07:19:34.756+0000] {dag.py:2941} INFO - Sync 1 DAGs
[2024-03-23T07:19:34.776+0000] {logging_mixin.py:154} INFO - [2024-03-23T07:19:34.775+0000] {dag.py:2963} INFO - Creating ORM DAG for example_complex
[2024-03-23T07:19:34.777+0000] {logging_mixin.py:154} INFO - [2024-03-23T07:19:34.776+0000] {dag.py:3722} INFO - Setting next_dagrun for example_complex to None, run_after=None
[2024-03-23T07:19:34.799+0000] {processor.py:179} INFO - Processing /home/airflow/.local/lib/python3.8/site-packages/airflow/example_dags/example_complex.py took 0.139 seconds
[2024-03-23T07:20:05.074+0000] {processor.py:157} INFO - Started process (PID=565) to work on /home/airflow/.local/lib/python3.8/site-packages/airflow/example_dags/example_complex.py
[2024-03-23T07:20:05.075+0000] {processor.py:829} INFO - Processing file /home/airflow/.local/lib/python3.8/site-packages/airflow/example_dags/example_complex.py for tasks to queue
[2024-03-23T07:20:05.075+0000] {logging_mixin.py:154} INFO - [2024-03-23T07:20:05.075+0000] {dagbag.py:536} INFO - Filling up the DagBag from /home/airflow/.local/lib/python3.8/site-packages/airflow/example_dags/example_complex.py
[2024-03-23T07:20:05.083+0000] {processor.py:839} INFO - DAG(s) dict_keys(['example_complex']) retrieved from /home/airflow/.local/lib/python3.8/site-packages/airflow/example_dags/example_complex.py
[2024-03-23T07:20:05.099+0000] {logging_mixin.py:154} INFO - [2024-03-23T07:20:05.099+0000] {dag.py:2941} INFO - Sync 1 DAGs
[2024-03-23T07:20:05.105+0000] {logging_mixin.py:154} INFO - [2024-03-23T07:20:05.105+0000] {dag.py:3722} INFO - Setting next_dagrun for example_complex to None, run_after=None
[2024-03-23T07:20:05.115+0000] {processor.py:179} INFO - Processing /home/airflow/.local/lib/python3.8/site-packages/airflow/example_dags/example_complex.py took 0.043 seconds
[2024-03-23T07:20:36.455+0000] {processor.py:157} INFO - Started process (PID=810) to work on /home/airflow/.local/lib/python3.8/site-packages/airflow/example_dags/example_complex.py
[2024-03-23T07:20:36.457+0000] {processor.py:829} INFO - Processing file /home/airflow/.local/lib/python3.8/site-packages/airflow/example_dags/example_complex.py for tasks to queue
[2024-03-23T07:20:36.459+0000] {logging_mixin.py:154} INFO - [2024-03-23T07:20:36.458+0000] {dagbag.py:536} INFO - Filling up the DagBag from /home/airflow/.local/lib/python3.8/site-packages/airflow/example_dags/example_complex.py
[2024-03-23T07:20:36.470+0000] {processor.py:839} INFO - DAG(s) dict_keys(['example_complex']) retrieved from /home/airflow/.local/lib/python3.8/site-packages/airflow/example_dags/example_complex.py
[2024-03-23T07:20:36.498+0000] {logging_mixin.py:154} INFO - [2024-03-23T07:20:36.498+0000] {dag.py:2941} INFO - Sync 1 DAGs
[2024-03-23T07:20:36.509+0000] {logging_mixin.py:154} INFO - [2024-03-23T07:20:36.508+0000] {dag.py:3722} INFO - Setting next_dagrun for example_complex to None, run_after=None
[2024-03-23T07:20:36.528+0000] {processor.py:179} INFO - Processing /home/airflow/.local/lib/python3.8/site-packages/airflow/example_dags/example_complex.py took 0.090 seconds
[2024-03-23T07:21:06.763+0000] {processor.py:157} INFO - Started process (PID=1051) to work on /home/airflow/.local/lib/python3.8/site-packages/airflow/example_dags/example_complex.py
[2024-03-23T07:21:06.764+0000] {processor.py:829} INFO - Processing file /home/airflow/.local/lib/python3.8/site-packages/airflow/example_dags/example_complex.py for tasks to queue
[2024-03-23T07:21:06.765+0000] {logging_mixin.py:154} INFO - [2024-03-23T07:21:06.764+0000] {dagbag.py:536} INFO - Filling up the DagBag from /home/airflow/.local/lib/python3.8/site-packages/airflow/example_dags/example_complex.py
[2024-03-23T07:21:06.773+0000] {processor.py:839} INFO - DAG(s) dict_keys(['example_complex']) retrieved from /home/airflow/.local/lib/python3.8/site-packages/airflow/example_dags/example_complex.py
[2024-03-23T07:21:06.798+0000] {logging_mixin.py:154} INFO - [2024-03-23T07:21:06.798+0000] {dag.py:2941} INFO - Sync 1 DAGs
[2024-03-23T07:21:06.808+0000] {logging_mixin.py:154} INFO - [2024-03-23T07:21:06.808+0000] {dag.py:3722} INFO - Setting next_dagrun for example_complex to None, run_after=None
[2024-03-23T07:21:06.820+0000] {processor.py:179} INFO - Processing /home/airflow/.local/lib/python3.8/site-packages/airflow/example_dags/example_complex.py took 0.061 seconds
[2024-03-23T07:21:37.747+0000] {processor.py:157} INFO - Started process (PID=1294) to work on /home/airflow/.local/lib/python3.8/site-packages/airflow/example_dags/example_complex.py
[2024-03-23T07:21:37.748+0000] {processor.py:829} INFO - Processing file /home/airflow/.local/lib/python3.8/site-packages/airflow/example_dags/example_complex.py for tasks to queue
[2024-03-23T07:21:37.749+0000] {logging_mixin.py:154} INFO - [2024-03-23T07:21:37.749+0000] {dagbag.py:536} INFO - Filling up the DagBag from /home/airflow/.local/lib/python3.8/site-packages/airflow/example_dags/example_complex.py
[2024-03-23T07:21:37.755+0000] {processor.py:839} INFO - DAG(s) dict_keys(['example_complex']) retrieved from /home/airflow/.local/lib/python3.8/site-packages/airflow/example_dags/example_complex.py
[2024-03-23T07:21:37.770+0000] {logging_mixin.py:154} INFO - [2024-03-23T07:21:37.770+0000] {dag.py:2941} INFO - Sync 1 DAGs
[2024-03-23T07:21:37.775+0000] {logging_mixin.py:154} INFO - [2024-03-23T07:21:37.775+0000] {dag.py:3722} INFO - Setting next_dagrun for example_complex to None, run_after=None
[2024-03-23T07:21:37.784+0000] {processor.py:179} INFO - Processing /home/airflow/.local/lib/python3.8/site-packages/airflow/example_dags/example_complex.py took 0.038 seconds
[2024-03-23T07:22:08.679+0000] {processor.py:157} INFO - Started process (PID=1540) to work on /home/airflow/.local/lib/python3.8/site-packages/airflow/example_dags/example_complex.py
[2024-03-23T07:22:08.680+0000] {processor.py:829} INFO - Processing file /home/airflow/.local/lib/python3.8/site-packages/airflow/example_dags/example_complex.py for tasks to queue
[2024-03-23T07:22:08.681+0000] {logging_mixin.py:154} INFO - [2024-03-23T07:22:08.680+0000] {dagbag.py:536} INFO - Filling up the DagBag from /home/airflow/.local/lib/python3.8/site-packages/airflow/example_dags/example_complex.py
[2024-03-23T07:22:08.717+0000] {processor.py:839} INFO - DAG(s) dict_keys(['example_complex']) retrieved from /home/airflow/.local/lib/python3.8/site-packages/airflow/example_dags/example_complex.py
[2024-03-23T07:22:08.769+0000] {logging_mixin.py:154} INFO - [2024-03-23T07:22:08.769+0000] {dag.py:2941} INFO - Sync 1 DAGs
[2024-03-23T07:22:08.788+0000] {logging_mixin.py:154} INFO - [2024-03-23T07:22:08.788+0000] {dag.py:3722} INFO - Setting next_dagrun for example_complex to None, run_after=None
[2024-03-23T07:22:08.809+0000] {processor.py:179} INFO - Processing /home/airflow/.local/lib/python3.8/site-packages/airflow/example_dags/example_complex.py took 0.132 seconds
[2024-03-23T07:22:39.722+0000] {processor.py:157} INFO - Started process (PID=1788) to work on /home/airflow/.local/lib/python3.8/site-packages/airflow/example_dags/example_complex.py
[2024-03-23T07:22:39.724+0000] {processor.py:829} INFO - Processing file /home/airflow/.local/lib/python3.8/site-packages/airflow/example_dags/example_complex.py for tasks to queue
[2024-03-23T07:22:39.725+0000] {logging_mixin.py:154} INFO - [2024-03-23T07:22:39.724+0000] {dagbag.py:536} INFO - Filling up the DagBag from /home/airflow/.local/lib/python3.8/site-packages/airflow/example_dags/example_complex.py
[2024-03-23T07:22:39.737+0000] {processor.py:839} INFO - DAG(s) dict_keys(['example_complex']) retrieved from /home/airflow/.local/lib/python3.8/site-packages/airflow/example_dags/example_complex.py
[2024-03-23T07:22:39.759+0000] {logging_mixin.py:154} INFO - [2024-03-23T07:22:39.759+0000] {dag.py:2941} INFO - Sync 1 DAGs
[2024-03-23T07:22:39.767+0000] {logging_mixin.py:154} INFO - [2024-03-23T07:22:39.767+0000] {dag.py:3722} INFO - Setting next_dagrun for example_complex to None, run_after=None
[2024-03-23T07:22:39.775+0000] {processor.py:179} INFO - Processing /home/airflow/.local/lib/python3.8/site-packages/airflow/example_dags/example_complex.py took 0.057 seconds
[2024-03-23T07:23:10.121+0000] {processor.py:157} INFO - Started process (PID=2031) to work on /home/airflow/.local/lib/python3.8/site-packages/airflow/example_dags/example_complex.py
[2024-03-23T07:23:10.123+0000] {processor.py:829} INFO - Processing file /home/airflow/.local/lib/python3.8/site-packages/airflow/example_dags/example_complex.py for tasks to queue
[2024-03-23T07:23:10.124+0000] {logging_mixin.py:154} INFO - [2024-03-23T07:23:10.124+0000] {dagbag.py:536} INFO - Filling up the DagBag from /home/airflow/.local/lib/python3.8/site-packages/airflow/example_dags/example_complex.py
[2024-03-23T07:23:10.129+0000] {processor.py:839} INFO - DAG(s) dict_keys(['example_complex']) retrieved from /home/airflow/.local/lib/python3.8/site-packages/airflow/example_dags/example_complex.py
[2024-03-23T07:23:10.145+0000] {logging_mixin.py:154} INFO - [2024-03-23T07:23:10.145+0000] {dag.py:2941} INFO - Sync 1 DAGs
[2024-03-23T07:23:10.151+0000] {logging_mixin.py:154} INFO - [2024-03-23T07:23:10.151+0000] {dag.py:3722} INFO - Setting next_dagrun for example_complex to None, run_after=None
[2024-03-23T07:23:10.160+0000] {processor.py:179} INFO - Processing /home/airflow/.local/lib/python3.8/site-packages/airflow/example_dags/example_complex.py took 0.040 seconds
[2024-03-23T07:23:42.989+0000] {processor.py:157} INFO - Started process (PID=2273) to work on /home/airflow/.local/lib/python3.8/site-packages/airflow/example_dags/example_complex.py
[2024-03-23T07:23:42.991+0000] {processor.py:829} INFO - Processing file /home/airflow/.local/lib/python3.8/site-packages/airflow/example_dags/example_complex.py for tasks to queue
[2024-03-23T07:23:42.992+0000] {logging_mixin.py:154} INFO - [2024-03-23T07:23:42.992+0000] {dagbag.py:536} INFO - Filling up the DagBag from /home/airflow/.local/lib/python3.8/site-packages/airflow/example_dags/example_complex.py
[2024-03-23T07:23:43.007+0000] {processor.py:839} INFO - DAG(s) dict_keys(['example_complex']) retrieved from /home/airflow/.local/lib/python3.8/site-packages/airflow/example_dags/example_complex.py
[2024-03-23T07:23:43.045+0000] {logging_mixin.py:154} INFO - [2024-03-23T07:23:43.045+0000] {dag.py:2941} INFO - Sync 1 DAGs
[2024-03-23T07:23:43.061+0000] {logging_mixin.py:154} INFO - [2024-03-23T07:23:43.061+0000] {dag.py:3722} INFO - Setting next_dagrun for example_complex to None, run_after=None
[2024-03-23T07:23:43.084+0000] {processor.py:179} INFO - Processing /home/airflow/.local/lib/python3.8/site-packages/airflow/example_dags/example_complex.py took 0.100 seconds
[2024-03-23T07:24:14.499+0000] {processor.py:157} INFO - Started process (PID=2516) to work on /home/airflow/.local/lib/python3.8/site-packages/airflow/example_dags/example_complex.py
[2024-03-23T07:24:14.506+0000] {processor.py:829} INFO - Processing file /home/airflow/.local/lib/python3.8/site-packages/airflow/example_dags/example_complex.py for tasks to queue
[2024-03-23T07:24:14.510+0000] {logging_mixin.py:154} INFO - [2024-03-23T07:24:14.509+0000] {dagbag.py:536} INFO - Filling up the DagBag from /home/airflow/.local/lib/python3.8/site-packages/airflow/example_dags/example_complex.py
[2024-03-23T07:24:14.535+0000] {processor.py:839} INFO - DAG(s) dict_keys(['example_complex']) retrieved from /home/airflow/.local/lib/python3.8/site-packages/airflow/example_dags/example_complex.py
[2024-03-23T07:24:14.577+0000] {logging_mixin.py:154} INFO - [2024-03-23T07:24:14.577+0000] {dag.py:2941} INFO - Sync 1 DAGs
[2024-03-23T07:24:14.584+0000] {logging_mixin.py:154} INFO - [2024-03-23T07:24:14.584+0000] {dag.py:3722} INFO - Setting next_dagrun for example_complex to None, run_after=None
[2024-03-23T07:24:14.613+0000] {processor.py:179} INFO - Processing /home/airflow/.local/lib/python3.8/site-packages/airflow/example_dags/example_complex.py took 0.122 seconds
[2024-03-23T07:24:46.577+0000] {processor.py:157} INFO - Started process (PID=2759) to work on /home/airflow/.local/lib/python3.8/site-packages/airflow/example_dags/example_complex.py
[2024-03-23T07:24:46.579+0000] {processor.py:829} INFO - Processing file /home/airflow/.local/lib/python3.8/site-packages/airflow/example_dags/example_complex.py for tasks to queue
[2024-03-23T07:24:46.580+0000] {logging_mixin.py:154} INFO - [2024-03-23T07:24:46.579+0000] {dagbag.py:536} INFO - Filling up the DagBag from /home/airflow/.local/lib/python3.8/site-packages/airflow/example_dags/example_complex.py
[2024-03-23T07:24:46.589+0000] {processor.py:839} INFO - DAG(s) dict_keys(['example_complex']) retrieved from /home/airflow/.local/lib/python3.8/site-packages/airflow/example_dags/example_complex.py
[2024-03-23T07:24:46.621+0000] {logging_mixin.py:154} INFO - [2024-03-23T07:24:46.621+0000] {dag.py:2941} INFO - Sync 1 DAGs
[2024-03-23T07:24:46.635+0000] {logging_mixin.py:154} INFO - [2024-03-23T07:24:46.635+0000] {dag.py:3722} INFO - Setting next_dagrun for example_complex to None, run_after=None
[2024-03-23T07:24:46.650+0000] {processor.py:179} INFO - Processing /home/airflow/.local/lib/python3.8/site-packages/airflow/example_dags/example_complex.py took 0.077 seconds
[2024-03-23T07:25:22.269+0000] {processor.py:157} INFO - Started process (PID=3008) to work on /home/airflow/.local/lib/python3.8/site-packages/airflow/example_dags/example_complex.py
[2024-03-23T07:25:22.270+0000] {processor.py:829} INFO - Processing file /home/airflow/.local/lib/python3.8/site-packages/airflow/example_dags/example_complex.py for tasks to queue
[2024-03-23T07:25:22.271+0000] {logging_mixin.py:154} INFO - [2024-03-23T07:25:22.270+0000] {dagbag.py:536} INFO - Filling up the DagBag from /home/airflow/.local/lib/python3.8/site-packages/airflow/example_dags/example_complex.py
[2024-03-23T07:25:22.280+0000] {processor.py:839} INFO - DAG(s) dict_keys(['example_complex']) retrieved from /home/airflow/.local/lib/python3.8/site-packages/airflow/example_dags/example_complex.py
[2024-03-23T07:25:22.311+0000] {logging_mixin.py:154} INFO - [2024-03-23T07:25:22.311+0000] {dag.py:2941} INFO - Sync 1 DAGs
[2024-03-23T07:25:22.322+0000] {logging_mixin.py:154} INFO - [2024-03-23T07:25:22.322+0000] {dag.py:3722} INFO - Setting next_dagrun for example_complex to None, run_after=None
[2024-03-23T07:25:22.359+0000] {processor.py:179} INFO - Processing /home/airflow/.local/lib/python3.8/site-packages/airflow/example_dags/example_complex.py took 0.093 seconds
[2024-03-23T07:25:55.042+0000] {processor.py:157} INFO - Started process (PID=3257) to work on /home/airflow/.local/lib/python3.8/site-packages/airflow/example_dags/example_complex.py
[2024-03-23T07:25:55.044+0000] {processor.py:829} INFO - Processing file /home/airflow/.local/lib/python3.8/site-packages/airflow/example_dags/example_complex.py for tasks to queue
[2024-03-23T07:25:55.047+0000] {logging_mixin.py:154} INFO - [2024-03-23T07:25:55.046+0000] {dagbag.py:536} INFO - Filling up the DagBag from /home/airflow/.local/lib/python3.8/site-packages/airflow/example_dags/example_complex.py
[2024-03-23T07:25:55.059+0000] {processor.py:839} INFO - DAG(s) dict_keys(['example_complex']) retrieved from /home/airflow/.local/lib/python3.8/site-packages/airflow/example_dags/example_complex.py
[2024-03-23T07:25:55.082+0000] {logging_mixin.py:154} INFO - [2024-03-23T07:25:55.082+0000] {dag.py:2941} INFO - Sync 1 DAGs
[2024-03-23T07:25:55.102+0000] {logging_mixin.py:154} INFO - [2024-03-23T07:25:55.102+0000] {dag.py:3722} INFO - Setting next_dagrun for example_complex to None, run_after=None
[2024-03-23T07:25:55.131+0000] {processor.py:179} INFO - Processing /home/airflow/.local/lib/python3.8/site-packages/airflow/example_dags/example_complex.py took 0.097 seconds
[2024-03-23T07:26:29.289+0000] {processor.py:157} INFO - Started process (PID=3507) to work on /home/airflow/.local/lib/python3.8/site-packages/airflow/example_dags/example_complex.py
[2024-03-23T07:26:29.291+0000] {processor.py:829} INFO - Processing file /home/airflow/.local/lib/python3.8/site-packages/airflow/example_dags/example_complex.py for tasks to queue
[2024-03-23T07:26:29.292+0000] {logging_mixin.py:154} INFO - [2024-03-23T07:26:29.292+0000] {dagbag.py:536} INFO - Filling up the DagBag from /home/airflow/.local/lib/python3.8/site-packages/airflow/example_dags/example_complex.py
[2024-03-23T07:26:29.302+0000] {processor.py:839} INFO - DAG(s) dict_keys(['example_complex']) retrieved from /home/airflow/.local/lib/python3.8/site-packages/airflow/example_dags/example_complex.py
[2024-03-23T07:26:29.325+0000] {logging_mixin.py:154} INFO - [2024-03-23T07:26:29.325+0000] {dag.py:2941} INFO - Sync 1 DAGs
[2024-03-23T07:26:29.333+0000] {logging_mixin.py:154} INFO - [2024-03-23T07:26:29.333+0000] {dag.py:3722} INFO - Setting next_dagrun for example_complex to None, run_after=None
[2024-03-23T07:26:29.349+0000] {processor.py:179} INFO - Processing /home/airflow/.local/lib/python3.8/site-packages/airflow/example_dags/example_complex.py took 0.066 seconds
[2024-03-23T07:27:02.464+0000] {processor.py:157} INFO - Started process (PID=3750) to work on /home/airflow/.local/lib/python3.8/site-packages/airflow/example_dags/example_complex.py
[2024-03-23T07:27:02.465+0000] {processor.py:829} INFO - Processing file /home/airflow/.local/lib/python3.8/site-packages/airflow/example_dags/example_complex.py for tasks to queue
[2024-03-23T07:27:02.465+0000] {logging_mixin.py:154} INFO - [2024-03-23T07:27:02.465+0000] {dagbag.py:536} INFO - Filling up the DagBag from /home/airflow/.local/lib/python3.8/site-packages/airflow/example_dags/example_complex.py
[2024-03-23T07:27:02.472+0000] {processor.py:839} INFO - DAG(s) dict_keys(['example_complex']) retrieved from /home/airflow/.local/lib/python3.8/site-packages/airflow/example_dags/example_complex.py
[2024-03-23T07:27:02.503+0000] {logging_mixin.py:154} INFO - [2024-03-23T07:27:02.503+0000] {dag.py:2941} INFO - Sync 1 DAGs
[2024-03-23T07:27:02.512+0000] {logging_mixin.py:154} INFO - [2024-03-23T07:27:02.512+0000] {dag.py:3722} INFO - Setting next_dagrun for example_complex to None, run_after=None
[2024-03-23T07:27:02.524+0000] {processor.py:179} INFO - Processing /home/airflow/.local/lib/python3.8/site-packages/airflow/example_dags/example_complex.py took 0.063 seconds
[2024-03-23T07:27:36.086+0000] {processor.py:157} INFO - Started process (PID=3993) to work on /home/airflow/.local/lib/python3.8/site-packages/airflow/example_dags/example_complex.py
[2024-03-23T07:27:36.087+0000] {processor.py:829} INFO - Processing file /home/airflow/.local/lib/python3.8/site-packages/airflow/example_dags/example_complex.py for tasks to queue
[2024-03-23T07:27:36.088+0000] {logging_mixin.py:154} INFO - [2024-03-23T07:27:36.088+0000] {dagbag.py:536} INFO - Filling up the DagBag from /home/airflow/.local/lib/python3.8/site-packages/airflow/example_dags/example_complex.py
[2024-03-23T07:27:36.095+0000] {processor.py:839} INFO - DAG(s) dict_keys(['example_complex']) retrieved from /home/airflow/.local/lib/python3.8/site-packages/airflow/example_dags/example_complex.py
[2024-03-23T07:27:36.112+0000] {logging_mixin.py:154} INFO - [2024-03-23T07:27:36.112+0000] {dag.py:2941} INFO - Sync 1 DAGs
[2024-03-23T07:27:36.120+0000] {logging_mixin.py:154} INFO - [2024-03-23T07:27:36.120+0000] {dag.py:3722} INFO - Setting next_dagrun for example_complex to None, run_after=None
[2024-03-23T07:27:36.130+0000] {processor.py:179} INFO - Processing /home/airflow/.local/lib/python3.8/site-packages/airflow/example_dags/example_complex.py took 0.046 seconds
[2024-03-23T07:28:10.125+0000] {processor.py:157} INFO - Started process (PID=4236) to work on /home/airflow/.local/lib/python3.8/site-packages/airflow/example_dags/example_complex.py
[2024-03-23T07:28:10.126+0000] {processor.py:829} INFO - Processing file /home/airflow/.local/lib/python3.8/site-packages/airflow/example_dags/example_complex.py for tasks to queue
[2024-03-23T07:28:10.126+0000] {logging_mixin.py:154} INFO - [2024-03-23T07:28:10.126+0000] {dagbag.py:536} INFO - Filling up the DagBag from /home/airflow/.local/lib/python3.8/site-packages/airflow/example_dags/example_complex.py
[2024-03-23T07:28:10.135+0000] {processor.py:839} INFO - DAG(s) dict_keys(['example_complex']) retrieved from /home/airflow/.local/lib/python3.8/site-packages/airflow/example_dags/example_complex.py
[2024-03-23T07:28:10.157+0000] {logging_mixin.py:154} INFO - [2024-03-23T07:28:10.157+0000] {dag.py:2941} INFO - Sync 1 DAGs
[2024-03-23T07:28:10.164+0000] {logging_mixin.py:154} INFO - [2024-03-23T07:28:10.164+0000] {dag.py:3722} INFO - Setting next_dagrun for example_complex to None, run_after=None
[2024-03-23T07:28:10.173+0000] {processor.py:179} INFO - Processing /home/airflow/.local/lib/python3.8/site-packages/airflow/example_dags/example_complex.py took 0.051 seconds
[2024-03-23T07:28:40.729+0000] {processor.py:157} INFO - Started process (PID=4479) to work on /home/airflow/.local/lib/python3.8/site-packages/airflow/example_dags/example_complex.py
[2024-03-23T07:28:40.731+0000] {processor.py:829} INFO - Processing file /home/airflow/.local/lib/python3.8/site-packages/airflow/example_dags/example_complex.py for tasks to queue
[2024-03-23T07:28:40.731+0000] {logging_mixin.py:154} INFO - [2024-03-23T07:28:40.731+0000] {dagbag.py:536} INFO - Filling up the DagBag from /home/airflow/.local/lib/python3.8/site-packages/airflow/example_dags/example_complex.py
[2024-03-23T07:28:40.738+0000] {processor.py:839} INFO - DAG(s) dict_keys(['example_complex']) retrieved from /home/airflow/.local/lib/python3.8/site-packages/airflow/example_dags/example_complex.py
[2024-03-23T07:28:40.755+0000] {logging_mixin.py:154} INFO - [2024-03-23T07:28:40.755+0000] {dag.py:2941} INFO - Sync 1 DAGs
[2024-03-23T07:28:40.763+0000] {logging_mixin.py:154} INFO - [2024-03-23T07:28:40.763+0000] {dag.py:3722} INFO - Setting next_dagrun for example_complex to None, run_after=None
[2024-03-23T07:28:40.774+0000] {processor.py:179} INFO - Processing /home/airflow/.local/lib/python3.8/site-packages/airflow/example_dags/example_complex.py took 0.047 seconds
[2024-03-23T07:29:11.724+0000] {processor.py:157} INFO - Started process (PID=4722) to work on /home/airflow/.local/lib/python3.8/site-packages/airflow/example_dags/example_complex.py
[2024-03-23T07:29:11.725+0000] {processor.py:829} INFO - Processing file /home/airflow/.local/lib/python3.8/site-packages/airflow/example_dags/example_complex.py for tasks to queue
[2024-03-23T07:29:11.725+0000] {logging_mixin.py:154} INFO - [2024-03-23T07:29:11.725+0000] {dagbag.py:536} INFO - Filling up the DagBag from /home/airflow/.local/lib/python3.8/site-packages/airflow/example_dags/example_complex.py
[2024-03-23T07:29:11.731+0000] {processor.py:839} INFO - DAG(s) dict_keys(['example_complex']) retrieved from /home/airflow/.local/lib/python3.8/site-packages/airflow/example_dags/example_complex.py
[2024-03-23T07:29:11.747+0000] {logging_mixin.py:154} INFO - [2024-03-23T07:29:11.747+0000] {dag.py:2941} INFO - Sync 1 DAGs
[2024-03-23T07:29:11.753+0000] {logging_mixin.py:154} INFO - [2024-03-23T07:29:11.753+0000] {dag.py:3722} INFO - Setting next_dagrun for example_complex to None, run_after=None
[2024-03-23T07:29:11.763+0000] {processor.py:179} INFO - Processing /home/airflow/.local/lib/python3.8/site-packages/airflow/example_dags/example_complex.py took 0.041 seconds
[2024-03-23T07:29:37.397+0000] {processor.py:157} INFO - Started process (PID=321) to work on /home/airflow/.local/lib/python3.8/site-packages/airflow/example_dags/example_complex.py
[2024-03-23T07:29:37.398+0000] {processor.py:829} INFO - Processing file /home/airflow/.local/lib/python3.8/site-packages/airflow/example_dags/example_complex.py for tasks to queue
[2024-03-23T07:29:37.398+0000] {logging_mixin.py:154} INFO - [2024-03-23T07:29:37.398+0000] {dagbag.py:536} INFO - Filling up the DagBag from /home/airflow/.local/lib/python3.8/site-packages/airflow/example_dags/example_complex.py
[2024-03-23T07:29:37.408+0000] {processor.py:839} INFO - DAG(s) dict_keys(['example_complex']) retrieved from /home/airflow/.local/lib/python3.8/site-packages/airflow/example_dags/example_complex.py
[2024-03-23T07:29:37.429+0000] {logging_mixin.py:154} INFO - [2024-03-23T07:29:37.429+0000] {dag.py:2941} INFO - Sync 1 DAGs
[2024-03-23T07:29:37.442+0000] {logging_mixin.py:154} INFO - [2024-03-23T07:29:37.442+0000] {dag.py:3722} INFO - Setting next_dagrun for example_complex to None, run_after=None
[2024-03-23T07:29:37.455+0000] {processor.py:179} INFO - Processing /home/airflow/.local/lib/python3.8/site-packages/airflow/example_dags/example_complex.py took 0.060 seconds
