[2024-03-23T07:19:34.673+0000] {processor.py:157} INFO - Started process (PID=327) to work on /home/airflow/.local/lib/python3.8/site-packages/airflow/example_dags/example_short_circuit_operator.py
[2024-03-23T07:19:34.673+0000] {processor.py:829} INFO - Processing file /home/airflow/.local/lib/python3.8/site-packages/airflow/example_dags/example_short_circuit_operator.py for tasks to queue
[2024-03-23T07:19:34.674+0000] {logging_mixin.py:154} INFO - [2024-03-23T07:19:34.674+0000] {dagbag.py:536} INFO - Filling up the DagBag from /home/airflow/.local/lib/python3.8/site-packages/airflow/example_dags/example_short_circuit_operator.py
[2024-03-23T07:19:34.679+0000] {processor.py:839} INFO - DAG(s) dict_keys(['example_short_circuit_operator']) retrieved from /home/airflow/.local/lib/python3.8/site-packages/airflow/example_dags/example_short_circuit_operator.py
[2024-03-23T07:19:34.740+0000] {logging_mixin.py:154} INFO - [2024-03-23T07:19:34.740+0000] {manager.py:499} INFO - Created Permission View: %s
[2024-03-23T07:19:34.757+0000] {logging_mixin.py:154} INFO - [2024-03-23T07:19:34.756+0000] {manager.py:499} INFO - Created Permission View: %s
[2024-03-23T07:19:34.764+0000] {logging_mixin.py:154} INFO - [2024-03-23T07:19:34.763+0000] {manager.py:499} INFO - Created Permission View: %s
[2024-03-23T07:19:34.764+0000] {logging_mixin.py:154} INFO - [2024-03-23T07:19:34.764+0000] {dag.py:2941} INFO - Sync 1 DAGs
[2024-03-23T07:19:34.783+0000] {logging_mixin.py:154} INFO - [2024-03-23T07:19:34.783+0000] {dag.py:2963} INFO - Creating ORM DAG for example_short_circuit_operator
[2024-03-23T07:19:34.795+0000] {logging_mixin.py:154} INFO - [2024-03-23T07:19:34.795+0000] {dag.py:3722} INFO - Setting next_dagrun for example_short_circuit_operator to 2024-03-22T07:19:34.794893+00:00, run_after=2024-03-23T07:19:34.794893+00:00
[2024-03-23T07:19:34.810+0000] {processor.py:179} INFO - Processing /home/airflow/.local/lib/python3.8/site-packages/airflow/example_dags/example_short_circuit_operator.py took 0.139 seconds
[2024-03-23T07:20:05.098+0000] {processor.py:157} INFO - Started process (PID=570) to work on /home/airflow/.local/lib/python3.8/site-packages/airflow/example_dags/example_short_circuit_operator.py
[2024-03-23T07:20:05.098+0000] {processor.py:829} INFO - Processing file /home/airflow/.local/lib/python3.8/site-packages/airflow/example_dags/example_short_circuit_operator.py for tasks to queue
[2024-03-23T07:20:05.099+0000] {logging_mixin.py:154} INFO - [2024-03-23T07:20:05.099+0000] {dagbag.py:536} INFO - Filling up the DagBag from /home/airflow/.local/lib/python3.8/site-packages/airflow/example_dags/example_short_circuit_operator.py
[2024-03-23T07:20:05.103+0000] {processor.py:839} INFO - DAG(s) dict_keys(['example_short_circuit_operator']) retrieved from /home/airflow/.local/lib/python3.8/site-packages/airflow/example_dags/example_short_circuit_operator.py
[2024-03-23T07:20:05.115+0000] {logging_mixin.py:154} INFO - [2024-03-23T07:20:05.115+0000] {dag.py:2941} INFO - Sync 1 DAGs
[2024-03-23T07:20:05.128+0000] {logging_mixin.py:154} INFO - [2024-03-23T07:20:05.128+0000] {dag.py:3722} INFO - Setting next_dagrun for example_short_circuit_operator to 2024-03-22T07:20:05.127915+00:00, run_after=2024-03-23T07:20:05.127915+00:00
[2024-03-23T07:20:05.137+0000] {processor.py:179} INFO - Processing /home/airflow/.local/lib/python3.8/site-packages/airflow/example_dags/example_short_circuit_operator.py took 0.041 seconds
[2024-03-23T07:20:36.465+0000] {processor.py:157} INFO - Started process (PID=813) to work on /home/airflow/.local/lib/python3.8/site-packages/airflow/example_dags/example_short_circuit_operator.py
[2024-03-23T07:20:36.466+0000] {processor.py:829} INFO - Processing file /home/airflow/.local/lib/python3.8/site-packages/airflow/example_dags/example_short_circuit_operator.py for tasks to queue
[2024-03-23T07:20:36.467+0000] {logging_mixin.py:154} INFO - [2024-03-23T07:20:36.467+0000] {dagbag.py:536} INFO - Filling up the DagBag from /home/airflow/.local/lib/python3.8/site-packages/airflow/example_dags/example_short_circuit_operator.py
[2024-03-23T07:20:36.475+0000] {processor.py:839} INFO - DAG(s) dict_keys(['example_short_circuit_operator']) retrieved from /home/airflow/.local/lib/python3.8/site-packages/airflow/example_dags/example_short_circuit_operator.py
[2024-03-23T07:20:36.498+0000] {logging_mixin.py:154} INFO - [2024-03-23T07:20:36.498+0000] {dag.py:2941} INFO - Sync 1 DAGs
[2024-03-23T07:20:36.514+0000] {logging_mixin.py:154} INFO - [2024-03-23T07:20:36.514+0000] {dag.py:3722} INFO - Setting next_dagrun for example_short_circuit_operator to 2024-03-22T07:20:36.514354+00:00, run_after=2024-03-23T07:20:36.514354+00:00
[2024-03-23T07:20:36.537+0000] {processor.py:179} INFO - Processing /home/airflow/.local/lib/python3.8/site-packages/airflow/example_dags/example_short_circuit_operator.py took 0.074 seconds
[2024-03-23T07:21:06.829+0000] {processor.py:157} INFO - Started process (PID=1056) to work on /home/airflow/.local/lib/python3.8/site-packages/airflow/example_dags/example_short_circuit_operator.py
[2024-03-23T07:21:06.832+0000] {processor.py:829} INFO - Processing file /home/airflow/.local/lib/python3.8/site-packages/airflow/example_dags/example_short_circuit_operator.py for tasks to queue
[2024-03-23T07:21:06.833+0000] {logging_mixin.py:154} INFO - [2024-03-23T07:21:06.833+0000] {dagbag.py:536} INFO - Filling up the DagBag from /home/airflow/.local/lib/python3.8/site-packages/airflow/example_dags/example_short_circuit_operator.py
[2024-03-23T07:21:06.848+0000] {processor.py:839} INFO - DAG(s) dict_keys(['example_short_circuit_operator']) retrieved from /home/airflow/.local/lib/python3.8/site-packages/airflow/example_dags/example_short_circuit_operator.py
[2024-03-23T07:21:06.864+0000] {logging_mixin.py:154} INFO - [2024-03-23T07:21:06.864+0000] {dag.py:2941} INFO - Sync 1 DAGs
[2024-03-23T07:21:06.877+0000] {logging_mixin.py:154} INFO - [2024-03-23T07:21:06.877+0000] {dag.py:3722} INFO - Setting next_dagrun for example_short_circuit_operator to 2024-03-22T07:21:06.877683+00:00, run_after=2024-03-23T07:21:06.877683+00:00
[2024-03-23T07:21:06.886+0000] {processor.py:179} INFO - Processing /home/airflow/.local/lib/python3.8/site-packages/airflow/example_dags/example_short_circuit_operator.py took 0.061 seconds
[2024-03-23T07:21:37.790+0000] {processor.py:157} INFO - Started process (PID=1301) to work on /home/airflow/.local/lib/python3.8/site-packages/airflow/example_dags/example_short_circuit_operator.py
[2024-03-23T07:21:37.791+0000] {processor.py:829} INFO - Processing file /home/airflow/.local/lib/python3.8/site-packages/airflow/example_dags/example_short_circuit_operator.py for tasks to queue
[2024-03-23T07:21:37.791+0000] {logging_mixin.py:154} INFO - [2024-03-23T07:21:37.791+0000] {dagbag.py:536} INFO - Filling up the DagBag from /home/airflow/.local/lib/python3.8/site-packages/airflow/example_dags/example_short_circuit_operator.py
[2024-03-23T07:21:37.796+0000] {processor.py:839} INFO - DAG(s) dict_keys(['example_short_circuit_operator']) retrieved from /home/airflow/.local/lib/python3.8/site-packages/airflow/example_dags/example_short_circuit_operator.py
[2024-03-23T07:21:37.808+0000] {logging_mixin.py:154} INFO - [2024-03-23T07:21:37.808+0000] {dag.py:2941} INFO - Sync 1 DAGs
[2024-03-23T07:21:37.821+0000] {logging_mixin.py:154} INFO - [2024-03-23T07:21:37.821+0000] {dag.py:3722} INFO - Setting next_dagrun for example_short_circuit_operator to 2024-03-22T07:21:37.821508+00:00, run_after=2024-03-23T07:21:37.821508+00:00
[2024-03-23T07:21:37.829+0000] {processor.py:179} INFO - Processing /home/airflow/.local/lib/python3.8/site-packages/airflow/example_dags/example_short_circuit_operator.py took 0.041 seconds
[2024-03-23T07:22:08.814+0000] {processor.py:157} INFO - Started process (PID=1546) to work on /home/airflow/.local/lib/python3.8/site-packages/airflow/example_dags/example_short_circuit_operator.py
[2024-03-23T07:22:08.815+0000] {processor.py:829} INFO - Processing file /home/airflow/.local/lib/python3.8/site-packages/airflow/example_dags/example_short_circuit_operator.py for tasks to queue
[2024-03-23T07:22:08.816+0000] {logging_mixin.py:154} INFO - [2024-03-23T07:22:08.816+0000] {dagbag.py:536} INFO - Filling up the DagBag from /home/airflow/.local/lib/python3.8/site-packages/airflow/example_dags/example_short_circuit_operator.py
[2024-03-23T07:22:08.832+0000] {processor.py:839} INFO - DAG(s) dict_keys(['example_short_circuit_operator']) retrieved from /home/airflow/.local/lib/python3.8/site-packages/airflow/example_dags/example_short_circuit_operator.py
[2024-03-23T07:22:08.848+0000] {logging_mixin.py:154} INFO - [2024-03-23T07:22:08.848+0000] {dag.py:2941} INFO - Sync 1 DAGs
[2024-03-23T07:22:08.863+0000] {logging_mixin.py:154} INFO - [2024-03-23T07:22:08.863+0000] {dag.py:3722} INFO - Setting next_dagrun for example_short_circuit_operator to 2024-03-22T07:22:08.863475+00:00, run_after=2024-03-23T07:22:08.863475+00:00
[2024-03-23T07:22:08.873+0000] {processor.py:179} INFO - Processing /home/airflow/.local/lib/python3.8/site-packages/airflow/example_dags/example_short_circuit_operator.py took 0.062 seconds
[2024-03-23T07:22:39.782+0000] {processor.py:157} INFO - Started process (PID=1795) to work on /home/airflow/.local/lib/python3.8/site-packages/airflow/example_dags/example_short_circuit_operator.py
[2024-03-23T07:22:39.783+0000] {processor.py:829} INFO - Processing file /home/airflow/.local/lib/python3.8/site-packages/airflow/example_dags/example_short_circuit_operator.py for tasks to queue
[2024-03-23T07:22:39.783+0000] {logging_mixin.py:154} INFO - [2024-03-23T07:22:39.783+0000] {dagbag.py:536} INFO - Filling up the DagBag from /home/airflow/.local/lib/python3.8/site-packages/airflow/example_dags/example_short_circuit_operator.py
[2024-03-23T07:22:39.788+0000] {processor.py:839} INFO - DAG(s) dict_keys(['example_short_circuit_operator']) retrieved from /home/airflow/.local/lib/python3.8/site-packages/airflow/example_dags/example_short_circuit_operator.py
[2024-03-23T07:22:39.799+0000] {logging_mixin.py:154} INFO - [2024-03-23T07:22:39.799+0000] {dag.py:2941} INFO - Sync 1 DAGs
[2024-03-23T07:22:39.810+0000] {logging_mixin.py:154} INFO - [2024-03-23T07:22:39.810+0000] {dag.py:3722} INFO - Setting next_dagrun for example_short_circuit_operator to 2024-03-22T07:22:39.809899+00:00, run_after=2024-03-23T07:22:39.809899+00:00
[2024-03-23T07:22:39.818+0000] {processor.py:179} INFO - Processing /home/airflow/.local/lib/python3.8/site-packages/airflow/example_dags/example_short_circuit_operator.py took 0.038 seconds
[2024-03-23T07:23:10.145+0000] {processor.py:157} INFO - Started process (PID=2036) to work on /home/airflow/.local/lib/python3.8/site-packages/airflow/example_dags/example_short_circuit_operator.py
[2024-03-23T07:23:10.146+0000] {processor.py:829} INFO - Processing file /home/airflow/.local/lib/python3.8/site-packages/airflow/example_dags/example_short_circuit_operator.py for tasks to queue
[2024-03-23T07:23:10.147+0000] {logging_mixin.py:154} INFO - [2024-03-23T07:23:10.147+0000] {dagbag.py:536} INFO - Filling up the DagBag from /home/airflow/.local/lib/python3.8/site-packages/airflow/example_dags/example_short_circuit_operator.py
[2024-03-23T07:23:10.151+0000] {processor.py:839} INFO - DAG(s) dict_keys(['example_short_circuit_operator']) retrieved from /home/airflow/.local/lib/python3.8/site-packages/airflow/example_dags/example_short_circuit_operator.py
[2024-03-23T07:23:10.163+0000] {logging_mixin.py:154} INFO - [2024-03-23T07:23:10.162+0000] {dag.py:2941} INFO - Sync 1 DAGs
[2024-03-23T07:23:10.174+0000] {logging_mixin.py:154} INFO - [2024-03-23T07:23:10.174+0000] {dag.py:3722} INFO - Setting next_dagrun for example_short_circuit_operator to 2024-03-22T07:23:10.174290+00:00, run_after=2024-03-23T07:23:10.174290+00:00
[2024-03-23T07:23:10.186+0000] {processor.py:179} INFO - Processing /home/airflow/.local/lib/python3.8/site-packages/airflow/example_dags/example_short_circuit_operator.py took 0.043 seconds
[2024-03-23T07:23:43.122+0000] {processor.py:157} INFO - Started process (PID=2280) to work on /home/airflow/.local/lib/python3.8/site-packages/airflow/example_dags/example_short_circuit_operator.py
[2024-03-23T07:23:43.125+0000] {processor.py:829} INFO - Processing file /home/airflow/.local/lib/python3.8/site-packages/airflow/example_dags/example_short_circuit_operator.py for tasks to queue
[2024-03-23T07:23:43.126+0000] {logging_mixin.py:154} INFO - [2024-03-23T07:23:43.126+0000] {dagbag.py:536} INFO - Filling up the DagBag from /home/airflow/.local/lib/python3.8/site-packages/airflow/example_dags/example_short_circuit_operator.py
[2024-03-23T07:23:43.134+0000] {processor.py:839} INFO - DAG(s) dict_keys(['example_short_circuit_operator']) retrieved from /home/airflow/.local/lib/python3.8/site-packages/airflow/example_dags/example_short_circuit_operator.py
[2024-03-23T07:23:43.156+0000] {logging_mixin.py:154} INFO - [2024-03-23T07:23:43.156+0000] {dag.py:2941} INFO - Sync 1 DAGs
[2024-03-23T07:23:43.172+0000] {logging_mixin.py:154} INFO - [2024-03-23T07:23:43.172+0000] {dag.py:3722} INFO - Setting next_dagrun for example_short_circuit_operator to 2024-03-22T07:23:43.172457+00:00, run_after=2024-03-23T07:23:43.172457+00:00
[2024-03-23T07:23:43.192+0000] {processor.py:179} INFO - Processing /home/airflow/.local/lib/python3.8/site-packages/airflow/example_dags/example_short_circuit_operator.py took 0.073 seconds
[2024-03-23T07:24:14.624+0000] {processor.py:157} INFO - Started process (PID=2523) to work on /home/airflow/.local/lib/python3.8/site-packages/airflow/example_dags/example_short_circuit_operator.py
[2024-03-23T07:24:14.625+0000] {processor.py:829} INFO - Processing file /home/airflow/.local/lib/python3.8/site-packages/airflow/example_dags/example_short_circuit_operator.py for tasks to queue
[2024-03-23T07:24:14.626+0000] {logging_mixin.py:154} INFO - [2024-03-23T07:24:14.625+0000] {dagbag.py:536} INFO - Filling up the DagBag from /home/airflow/.local/lib/python3.8/site-packages/airflow/example_dags/example_short_circuit_operator.py
[2024-03-23T07:24:14.630+0000] {processor.py:839} INFO - DAG(s) dict_keys(['example_short_circuit_operator']) retrieved from /home/airflow/.local/lib/python3.8/site-packages/airflow/example_dags/example_short_circuit_operator.py
[2024-03-23T07:24:14.644+0000] {logging_mixin.py:154} INFO - [2024-03-23T07:24:14.644+0000] {dag.py:2941} INFO - Sync 1 DAGs
[2024-03-23T07:24:14.656+0000] {logging_mixin.py:154} INFO - [2024-03-23T07:24:14.655+0000] {dag.py:3722} INFO - Setting next_dagrun for example_short_circuit_operator to 2024-03-22T07:24:14.655847+00:00, run_after=2024-03-23T07:24:14.655847+00:00
[2024-03-23T07:24:14.663+0000] {processor.py:179} INFO - Processing /home/airflow/.local/lib/python3.8/site-packages/airflow/example_dags/example_short_circuit_operator.py took 0.041 seconds
[2024-03-23T07:24:46.664+0000] {processor.py:157} INFO - Started process (PID=2766) to work on /home/airflow/.local/lib/python3.8/site-packages/airflow/example_dags/example_short_circuit_operator.py
[2024-03-23T07:24:46.665+0000] {processor.py:829} INFO - Processing file /home/airflow/.local/lib/python3.8/site-packages/airflow/example_dags/example_short_circuit_operator.py for tasks to queue
[2024-03-23T07:24:46.666+0000] {logging_mixin.py:154} INFO - [2024-03-23T07:24:46.666+0000] {dagbag.py:536} INFO - Filling up the DagBag from /home/airflow/.local/lib/python3.8/site-packages/airflow/example_dags/example_short_circuit_operator.py
[2024-03-23T07:24:46.671+0000] {processor.py:839} INFO - DAG(s) dict_keys(['example_short_circuit_operator']) retrieved from /home/airflow/.local/lib/python3.8/site-packages/airflow/example_dags/example_short_circuit_operator.py
[2024-03-23T07:24:46.685+0000] {logging_mixin.py:154} INFO - [2024-03-23T07:24:46.685+0000] {dag.py:2941} INFO - Sync 1 DAGs
[2024-03-23T07:24:46.708+0000] {logging_mixin.py:154} INFO - [2024-03-23T07:24:46.708+0000] {dag.py:3722} INFO - Setting next_dagrun for example_short_circuit_operator to 2024-03-22T07:24:46.708121+00:00, run_after=2024-03-23T07:24:46.708121+00:00
[2024-03-23T07:24:46.720+0000] {processor.py:179} INFO - Processing /home/airflow/.local/lib/python3.8/site-packages/airflow/example_dags/example_short_circuit_operator.py took 0.058 seconds
[2024-03-23T07:25:22.286+0000] {processor.py:157} INFO - Started process (PID=3013) to work on /home/airflow/.local/lib/python3.8/site-packages/airflow/example_dags/example_short_circuit_operator.py
[2024-03-23T07:25:22.289+0000] {processor.py:829} INFO - Processing file /home/airflow/.local/lib/python3.8/site-packages/airflow/example_dags/example_short_circuit_operator.py for tasks to queue
[2024-03-23T07:25:22.290+0000] {logging_mixin.py:154} INFO - [2024-03-23T07:25:22.290+0000] {dagbag.py:536} INFO - Filling up the DagBag from /home/airflow/.local/lib/python3.8/site-packages/airflow/example_dags/example_short_circuit_operator.py
[2024-03-23T07:25:22.298+0000] {processor.py:839} INFO - DAG(s) dict_keys(['example_short_circuit_operator']) retrieved from /home/airflow/.local/lib/python3.8/site-packages/airflow/example_dags/example_short_circuit_operator.py
[2024-03-23T07:25:22.321+0000] {logging_mixin.py:154} INFO - [2024-03-23T07:25:22.320+0000] {dag.py:2941} INFO - Sync 1 DAGs
[2024-03-23T07:25:22.355+0000] {logging_mixin.py:154} INFO - [2024-03-23T07:25:22.355+0000] {dag.py:3722} INFO - Setting next_dagrun for example_short_circuit_operator to 2024-03-22T07:25:22.355293+00:00, run_after=2024-03-23T07:25:22.355293+00:00
[2024-03-23T07:25:22.376+0000] {processor.py:179} INFO - Processing /home/airflow/.local/lib/python3.8/site-packages/airflow/example_dags/example_short_circuit_operator.py took 0.094 seconds
[2024-03-23T07:25:55.145+0000] {processor.py:157} INFO - Started process (PID=3262) to work on /home/airflow/.local/lib/python3.8/site-packages/airflow/example_dags/example_short_circuit_operator.py
[2024-03-23T07:25:55.147+0000] {processor.py:829} INFO - Processing file /home/airflow/.local/lib/python3.8/site-packages/airflow/example_dags/example_short_circuit_operator.py for tasks to queue
[2024-03-23T07:25:55.149+0000] {logging_mixin.py:154} INFO - [2024-03-23T07:25:55.148+0000] {dagbag.py:536} INFO - Filling up the DagBag from /home/airflow/.local/lib/python3.8/site-packages/airflow/example_dags/example_short_circuit_operator.py
[2024-03-23T07:25:55.156+0000] {processor.py:839} INFO - DAG(s) dict_keys(['example_short_circuit_operator']) retrieved from /home/airflow/.local/lib/python3.8/site-packages/airflow/example_dags/example_short_circuit_operator.py
[2024-03-23T07:25:55.195+0000] {logging_mixin.py:154} INFO - [2024-03-23T07:25:55.195+0000] {dag.py:2941} INFO - Sync 1 DAGs
[2024-03-23T07:25:55.227+0000] {logging_mixin.py:154} INFO - [2024-03-23T07:25:55.225+0000] {dag.py:3722} INFO - Setting next_dagrun for example_short_circuit_operator to 2024-03-22T07:25:55.225677+00:00, run_after=2024-03-23T07:25:55.225677+00:00
[2024-03-23T07:25:55.327+0000] {processor.py:179} INFO - Processing /home/airflow/.local/lib/python3.8/site-packages/airflow/example_dags/example_short_circuit_operator.py took 0.184 seconds
[2024-03-23T07:26:29.333+0000] {processor.py:157} INFO - Started process (PID=3512) to work on /home/airflow/.local/lib/python3.8/site-packages/airflow/example_dags/example_short_circuit_operator.py
[2024-03-23T07:26:29.334+0000] {processor.py:829} INFO - Processing file /home/airflow/.local/lib/python3.8/site-packages/airflow/example_dags/example_short_circuit_operator.py for tasks to queue
[2024-03-23T07:26:29.334+0000] {logging_mixin.py:154} INFO - [2024-03-23T07:26:29.334+0000] {dagbag.py:536} INFO - Filling up the DagBag from /home/airflow/.local/lib/python3.8/site-packages/airflow/example_dags/example_short_circuit_operator.py
[2024-03-23T07:26:29.341+0000] {processor.py:839} INFO - DAG(s) dict_keys(['example_short_circuit_operator']) retrieved from /home/airflow/.local/lib/python3.8/site-packages/airflow/example_dags/example_short_circuit_operator.py
[2024-03-23T07:26:29.362+0000] {logging_mixin.py:154} INFO - [2024-03-23T07:26:29.362+0000] {dag.py:2941} INFO - Sync 1 DAGs
[2024-03-23T07:26:29.379+0000] {logging_mixin.py:154} INFO - [2024-03-23T07:26:29.379+0000] {dag.py:3722} INFO - Setting next_dagrun for example_short_circuit_operator to 2024-03-22T07:26:29.378836+00:00, run_after=2024-03-23T07:26:29.378836+00:00
[2024-03-23T07:26:29.390+0000] {processor.py:179} INFO - Processing /home/airflow/.local/lib/python3.8/site-packages/airflow/example_dags/example_short_circuit_operator.py took 0.059 seconds
[2024-03-23T07:27:02.537+0000] {processor.py:157} INFO - Started process (PID=3757) to work on /home/airflow/.local/lib/python3.8/site-packages/airflow/example_dags/example_short_circuit_operator.py
[2024-03-23T07:27:02.538+0000] {processor.py:829} INFO - Processing file /home/airflow/.local/lib/python3.8/site-packages/airflow/example_dags/example_short_circuit_operator.py for tasks to queue
[2024-03-23T07:27:02.544+0000] {logging_mixin.py:154} INFO - [2024-03-23T07:27:02.544+0000] {dagbag.py:536} INFO - Filling up the DagBag from /home/airflow/.local/lib/python3.8/site-packages/airflow/example_dags/example_short_circuit_operator.py
[2024-03-23T07:27:02.558+0000] {processor.py:839} INFO - DAG(s) dict_keys(['example_short_circuit_operator']) retrieved from /home/airflow/.local/lib/python3.8/site-packages/airflow/example_dags/example_short_circuit_operator.py
[2024-03-23T07:27:02.586+0000] {logging_mixin.py:154} INFO - [2024-03-23T07:27:02.586+0000] {dag.py:2941} INFO - Sync 1 DAGs
[2024-03-23T07:27:02.603+0000] {logging_mixin.py:154} INFO - [2024-03-23T07:27:02.602+0000] {dag.py:3722} INFO - Setting next_dagrun for example_short_circuit_operator to 2024-03-22T07:27:02.602652+00:00, run_after=2024-03-23T07:27:02.602652+00:00
[2024-03-23T07:27:02.617+0000] {processor.py:179} INFO - Processing /home/airflow/.local/lib/python3.8/site-packages/airflow/example_dags/example_short_circuit_operator.py took 0.082 seconds
[2024-03-23T07:27:36.127+0000] {processor.py:157} INFO - Started process (PID=3998) to work on /home/airflow/.local/lib/python3.8/site-packages/airflow/example_dags/example_short_circuit_operator.py
[2024-03-23T07:27:36.127+0000] {processor.py:829} INFO - Processing file /home/airflow/.local/lib/python3.8/site-packages/airflow/example_dags/example_short_circuit_operator.py for tasks to queue
[2024-03-23T07:27:36.128+0000] {logging_mixin.py:154} INFO - [2024-03-23T07:27:36.128+0000] {dagbag.py:536} INFO - Filling up the DagBag from /home/airflow/.local/lib/python3.8/site-packages/airflow/example_dags/example_short_circuit_operator.py
[2024-03-23T07:27:36.133+0000] {processor.py:839} INFO - DAG(s) dict_keys(['example_short_circuit_operator']) retrieved from /home/airflow/.local/lib/python3.8/site-packages/airflow/example_dags/example_short_circuit_operator.py
[2024-03-23T07:27:36.157+0000] {logging_mixin.py:154} INFO - [2024-03-23T07:27:36.157+0000] {dag.py:2941} INFO - Sync 1 DAGs
[2024-03-23T07:27:36.171+0000] {logging_mixin.py:154} INFO - [2024-03-23T07:27:36.171+0000] {dag.py:3722} INFO - Setting next_dagrun for example_short_circuit_operator to 2024-03-22T07:27:36.170917+00:00, run_after=2024-03-23T07:27:36.170917+00:00
[2024-03-23T07:27:36.181+0000] {processor.py:179} INFO - Processing /home/airflow/.local/lib/python3.8/site-packages/airflow/example_dags/example_short_circuit_operator.py took 0.056 seconds
[2024-03-23T07:28:10.171+0000] {processor.py:157} INFO - Started process (PID=4241) to work on /home/airflow/.local/lib/python3.8/site-packages/airflow/example_dags/example_short_circuit_operator.py
[2024-03-23T07:28:10.172+0000] {processor.py:829} INFO - Processing file /home/airflow/.local/lib/python3.8/site-packages/airflow/example_dags/example_short_circuit_operator.py for tasks to queue
[2024-03-23T07:28:10.172+0000] {logging_mixin.py:154} INFO - [2024-03-23T07:28:10.172+0000] {dagbag.py:536} INFO - Filling up the DagBag from /home/airflow/.local/lib/python3.8/site-packages/airflow/example_dags/example_short_circuit_operator.py
[2024-03-23T07:28:10.178+0000] {processor.py:839} INFO - DAG(s) dict_keys(['example_short_circuit_operator']) retrieved from /home/airflow/.local/lib/python3.8/site-packages/airflow/example_dags/example_short_circuit_operator.py
[2024-03-23T07:28:10.191+0000] {logging_mixin.py:154} INFO - [2024-03-23T07:28:10.191+0000] {dag.py:2941} INFO - Sync 1 DAGs
[2024-03-23T07:28:10.203+0000] {logging_mixin.py:154} INFO - [2024-03-23T07:28:10.203+0000] {dag.py:3722} INFO - Setting next_dagrun for example_short_circuit_operator to 2024-03-22T07:28:10.202877+00:00, run_after=2024-03-23T07:28:10.202877+00:00
[2024-03-23T07:28:10.213+0000] {processor.py:179} INFO - Processing /home/airflow/.local/lib/python3.8/site-packages/airflow/example_dags/example_short_circuit_operator.py took 0.044 seconds
[2024-03-23T07:28:40.768+0000] {processor.py:157} INFO - Started process (PID=4484) to work on /home/airflow/.local/lib/python3.8/site-packages/airflow/example_dags/example_short_circuit_operator.py
[2024-03-23T07:28:40.769+0000] {processor.py:829} INFO - Processing file /home/airflow/.local/lib/python3.8/site-packages/airflow/example_dags/example_short_circuit_operator.py for tasks to queue
[2024-03-23T07:28:40.769+0000] {logging_mixin.py:154} INFO - [2024-03-23T07:28:40.769+0000] {dagbag.py:536} INFO - Filling up the DagBag from /home/airflow/.local/lib/python3.8/site-packages/airflow/example_dags/example_short_circuit_operator.py
[2024-03-23T07:28:40.775+0000] {processor.py:839} INFO - DAG(s) dict_keys(['example_short_circuit_operator']) retrieved from /home/airflow/.local/lib/python3.8/site-packages/airflow/example_dags/example_short_circuit_operator.py
[2024-03-23T07:28:40.790+0000] {logging_mixin.py:154} INFO - [2024-03-23T07:28:40.790+0000] {dag.py:2941} INFO - Sync 1 DAGs
[2024-03-23T07:28:40.813+0000] {logging_mixin.py:154} INFO - [2024-03-23T07:28:40.812+0000] {dag.py:3722} INFO - Setting next_dagrun for example_short_circuit_operator to 2024-03-22T07:28:40.812460+00:00, run_after=2024-03-23T07:28:40.812460+00:00
[2024-03-23T07:28:40.826+0000] {processor.py:179} INFO - Processing /home/airflow/.local/lib/python3.8/site-packages/airflow/example_dags/example_short_circuit_operator.py took 0.060 seconds
[2024-03-23T07:29:11.767+0000] {processor.py:157} INFO - Started process (PID=4727) to work on /home/airflow/.local/lib/python3.8/site-packages/airflow/example_dags/example_short_circuit_operator.py
[2024-03-23T07:29:11.767+0000] {processor.py:829} INFO - Processing file /home/airflow/.local/lib/python3.8/site-packages/airflow/example_dags/example_short_circuit_operator.py for tasks to queue
[2024-03-23T07:29:11.768+0000] {logging_mixin.py:154} INFO - [2024-03-23T07:29:11.768+0000] {dagbag.py:536} INFO - Filling up the DagBag from /home/airflow/.local/lib/python3.8/site-packages/airflow/example_dags/example_short_circuit_operator.py
[2024-03-23T07:29:11.773+0000] {processor.py:839} INFO - DAG(s) dict_keys(['example_short_circuit_operator']) retrieved from /home/airflow/.local/lib/python3.8/site-packages/airflow/example_dags/example_short_circuit_operator.py
[2024-03-23T07:29:11.790+0000] {logging_mixin.py:154} INFO - [2024-03-23T07:29:11.790+0000] {dag.py:2941} INFO - Sync 1 DAGs
[2024-03-23T07:29:11.807+0000] {logging_mixin.py:154} INFO - [2024-03-23T07:29:11.807+0000] {dag.py:3722} INFO - Setting next_dagrun for example_short_circuit_operator to 2024-03-22T07:29:11.807049+00:00, run_after=2024-03-23T07:29:11.807049+00:00
[2024-03-23T07:29:11.816+0000] {processor.py:179} INFO - Processing /home/airflow/.local/lib/python3.8/site-packages/airflow/example_dags/example_short_circuit_operator.py took 0.051 seconds
[2024-03-23T07:29:37.444+0000] {processor.py:157} INFO - Started process (PID=326) to work on /home/airflow/.local/lib/python3.8/site-packages/airflow/example_dags/example_short_circuit_operator.py
[2024-03-23T07:29:37.445+0000] {processor.py:829} INFO - Processing file /home/airflow/.local/lib/python3.8/site-packages/airflow/example_dags/example_short_circuit_operator.py for tasks to queue
[2024-03-23T07:29:37.446+0000] {logging_mixin.py:154} INFO - [2024-03-23T07:29:37.446+0000] {dagbag.py:536} INFO - Filling up the DagBag from /home/airflow/.local/lib/python3.8/site-packages/airflow/example_dags/example_short_circuit_operator.py
[2024-03-23T07:29:37.451+0000] {processor.py:839} INFO - DAG(s) dict_keys(['example_short_circuit_operator']) retrieved from /home/airflow/.local/lib/python3.8/site-packages/airflow/example_dags/example_short_circuit_operator.py
[2024-03-23T07:29:37.471+0000] {logging_mixin.py:154} INFO - [2024-03-23T07:29:37.470+0000] {dag.py:2941} INFO - Sync 1 DAGs
[2024-03-23T07:29:37.485+0000] {logging_mixin.py:154} INFO - [2024-03-23T07:29:37.485+0000] {dag.py:3722} INFO - Setting next_dagrun for example_short_circuit_operator to 2024-03-22T07:29:37.484989+00:00, run_after=2024-03-23T07:29:37.484989+00:00
[2024-03-23T07:29:37.495+0000] {processor.py:179} INFO - Processing /home/airflow/.local/lib/python3.8/site-packages/airflow/example_dags/example_short_circuit_operator.py took 0.053 seconds
