[2024-03-23T07:19:33.357+0000] {processor.py:157} INFO - Started process (PID=237) to work on /home/airflow/.local/lib/python3.8/site-packages/airflow/example_dags/example_latest_only_with_trigger.py
[2024-03-23T07:19:33.357+0000] {processor.py:829} INFO - Processing file /home/airflow/.local/lib/python3.8/site-packages/airflow/example_dags/example_latest_only_with_trigger.py for tasks to queue
[2024-03-23T07:19:33.358+0000] {logging_mixin.py:154} INFO - [2024-03-23T07:19:33.357+0000] {dagbag.py:536} INFO - Filling up the DagBag from /home/airflow/.local/lib/python3.8/site-packages/airflow/example_dags/example_latest_only_with_trigger.py
[2024-03-23T07:19:33.362+0000] {processor.py:839} INFO - DAG(s) dict_keys(['latest_only_with_trigger']) retrieved from /home/airflow/.local/lib/python3.8/site-packages/airflow/example_dags/example_latest_only_with_trigger.py
[2024-03-23T07:19:33.421+0000] {logging_mixin.py:154} INFO - [2024-03-23T07:19:33.421+0000] {manager.py:499} INFO - Created Permission View: %s
[2024-03-23T07:19:33.429+0000] {logging_mixin.py:154} INFO - [2024-03-23T07:19:33.429+0000] {manager.py:499} INFO - Created Permission View: %s
[2024-03-23T07:19:33.438+0000] {logging_mixin.py:154} INFO - [2024-03-23T07:19:33.438+0000] {manager.py:499} INFO - Created Permission View: %s
[2024-03-23T07:19:33.439+0000] {logging_mixin.py:154} INFO - [2024-03-23T07:19:33.438+0000] {dag.py:2941} INFO - Sync 1 DAGs
[2024-03-23T07:19:33.452+0000] {logging_mixin.py:154} INFO - [2024-03-23T07:19:33.451+0000] {dag.py:2963} INFO - Creating ORM DAG for latest_only_with_trigger
[2024-03-23T07:19:33.461+0000] {logging_mixin.py:154} INFO - [2024-03-23T07:19:33.460+0000] {dag.py:3722} INFO - Setting next_dagrun for latest_only_with_trigger to 2024-03-23T03:19:33.460661+00:00, run_after=2024-03-23T07:19:33.460661+00:00
[2024-03-23T07:19:33.477+0000] {processor.py:179} INFO - Processing /home/airflow/.local/lib/python3.8/site-packages/airflow/example_dags/example_latest_only_with_trigger.py took 0.122 seconds
[2024-03-23T07:20:04.336+0000] {processor.py:157} INFO - Started process (PID=482) to work on /home/airflow/.local/lib/python3.8/site-packages/airflow/example_dags/example_latest_only_with_trigger.py
[2024-03-23T07:20:04.337+0000] {processor.py:829} INFO - Processing file /home/airflow/.local/lib/python3.8/site-packages/airflow/example_dags/example_latest_only_with_trigger.py for tasks to queue
[2024-03-23T07:20:04.339+0000] {logging_mixin.py:154} INFO - [2024-03-23T07:20:04.339+0000] {dagbag.py:536} INFO - Filling up the DagBag from /home/airflow/.local/lib/python3.8/site-packages/airflow/example_dags/example_latest_only_with_trigger.py
[2024-03-23T07:20:04.344+0000] {processor.py:839} INFO - DAG(s) dict_keys(['latest_only_with_trigger']) retrieved from /home/airflow/.local/lib/python3.8/site-packages/airflow/example_dags/example_latest_only_with_trigger.py
[2024-03-23T07:20:04.356+0000] {logging_mixin.py:154} INFO - [2024-03-23T07:20:04.356+0000] {dag.py:2941} INFO - Sync 1 DAGs
[2024-03-23T07:20:04.374+0000] {logging_mixin.py:154} INFO - [2024-03-23T07:20:04.374+0000] {dag.py:3722} INFO - Setting next_dagrun for latest_only_with_trigger to 2024-03-23T03:20:04.374521+00:00, run_after=2024-03-23T07:20:04.374521+00:00
[2024-03-23T07:20:04.387+0000] {processor.py:179} INFO - Processing /home/airflow/.local/lib/python3.8/site-packages/airflow/example_dags/example_latest_only_with_trigger.py took 0.053 seconds
[2024-03-23T07:20:35.580+0000] {processor.py:157} INFO - Started process (PID=725) to work on /home/airflow/.local/lib/python3.8/site-packages/airflow/example_dags/example_latest_only_with_trigger.py
[2024-03-23T07:20:35.581+0000] {processor.py:829} INFO - Processing file /home/airflow/.local/lib/python3.8/site-packages/airflow/example_dags/example_latest_only_with_trigger.py for tasks to queue
[2024-03-23T07:20:35.582+0000] {logging_mixin.py:154} INFO - [2024-03-23T07:20:35.582+0000] {dagbag.py:536} INFO - Filling up the DagBag from /home/airflow/.local/lib/python3.8/site-packages/airflow/example_dags/example_latest_only_with_trigger.py
[2024-03-23T07:20:35.586+0000] {processor.py:839} INFO - DAG(s) dict_keys(['latest_only_with_trigger']) retrieved from /home/airflow/.local/lib/python3.8/site-packages/airflow/example_dags/example_latest_only_with_trigger.py
[2024-03-23T07:20:35.597+0000] {logging_mixin.py:154} INFO - [2024-03-23T07:20:35.596+0000] {dag.py:2941} INFO - Sync 1 DAGs
[2024-03-23T07:20:35.608+0000] {logging_mixin.py:154} INFO - [2024-03-23T07:20:35.607+0000] {dag.py:3722} INFO - Setting next_dagrun for latest_only_with_trigger to 2024-03-23T03:20:35.607753+00:00, run_after=2024-03-23T07:20:35.607753+00:00
[2024-03-23T07:20:35.616+0000] {processor.py:179} INFO - Processing /home/airflow/.local/lib/python3.8/site-packages/airflow/example_dags/example_latest_only_with_trigger.py took 0.038 seconds
[2024-03-23T07:21:05.843+0000] {processor.py:157} INFO - Started process (PID=966) to work on /home/airflow/.local/lib/python3.8/site-packages/airflow/example_dags/example_latest_only_with_trigger.py
[2024-03-23T07:21:05.844+0000] {processor.py:829} INFO - Processing file /home/airflow/.local/lib/python3.8/site-packages/airflow/example_dags/example_latest_only_with_trigger.py for tasks to queue
[2024-03-23T07:21:05.845+0000] {logging_mixin.py:154} INFO - [2024-03-23T07:21:05.845+0000] {dagbag.py:536} INFO - Filling up the DagBag from /home/airflow/.local/lib/python3.8/site-packages/airflow/example_dags/example_latest_only_with_trigger.py
[2024-03-23T07:21:05.866+0000] {processor.py:839} INFO - DAG(s) dict_keys(['latest_only_with_trigger']) retrieved from /home/airflow/.local/lib/python3.8/site-packages/airflow/example_dags/example_latest_only_with_trigger.py
[2024-03-23T07:21:05.947+0000] {logging_mixin.py:154} INFO - [2024-03-23T07:21:05.947+0000] {dag.py:2941} INFO - Sync 1 DAGs
[2024-03-23T07:21:05.997+0000] {logging_mixin.py:154} INFO - [2024-03-23T07:21:05.997+0000] {dag.py:3722} INFO - Setting next_dagrun for latest_only_with_trigger to 2024-03-23T03:21:05.995131+00:00, run_after=2024-03-23T07:21:05.995131+00:00
[2024-03-23T07:21:06.024+0000] {processor.py:179} INFO - Processing /home/airflow/.local/lib/python3.8/site-packages/airflow/example_dags/example_latest_only_with_trigger.py took 0.207 seconds
[2024-03-23T07:21:37.007+0000] {processor.py:157} INFO - Started process (PID=1211) to work on /home/airflow/.local/lib/python3.8/site-packages/airflow/example_dags/example_latest_only_with_trigger.py
[2024-03-23T07:21:37.009+0000] {processor.py:829} INFO - Processing file /home/airflow/.local/lib/python3.8/site-packages/airflow/example_dags/example_latest_only_with_trigger.py for tasks to queue
[2024-03-23T07:21:37.010+0000] {logging_mixin.py:154} INFO - [2024-03-23T07:21:37.009+0000] {dagbag.py:536} INFO - Filling up the DagBag from /home/airflow/.local/lib/python3.8/site-packages/airflow/example_dags/example_latest_only_with_trigger.py
[2024-03-23T07:21:37.016+0000] {processor.py:839} INFO - DAG(s) dict_keys(['latest_only_with_trigger']) retrieved from /home/airflow/.local/lib/python3.8/site-packages/airflow/example_dags/example_latest_only_with_trigger.py
[2024-03-23T07:21:37.029+0000] {logging_mixin.py:154} INFO - [2024-03-23T07:21:37.029+0000] {dag.py:2941} INFO - Sync 1 DAGs
[2024-03-23T07:21:37.040+0000] {logging_mixin.py:154} INFO - [2024-03-23T07:21:37.040+0000] {dag.py:3722} INFO - Setting next_dagrun for latest_only_with_trigger to 2024-03-23T03:21:37.040047+00:00, run_after=2024-03-23T07:21:37.040047+00:00
[2024-03-23T07:21:37.049+0000] {processor.py:179} INFO - Processing /home/airflow/.local/lib/python3.8/site-packages/airflow/example_dags/example_latest_only_with_trigger.py took 0.045 seconds
[2024-03-23T07:22:07.441+0000] {processor.py:157} INFO - Started process (PID=1455) to work on /home/airflow/.local/lib/python3.8/site-packages/airflow/example_dags/example_latest_only_with_trigger.py
[2024-03-23T07:22:07.442+0000] {processor.py:829} INFO - Processing file /home/airflow/.local/lib/python3.8/site-packages/airflow/example_dags/example_latest_only_with_trigger.py for tasks to queue
[2024-03-23T07:22:07.443+0000] {logging_mixin.py:154} INFO - [2024-03-23T07:22:07.443+0000] {dagbag.py:536} INFO - Filling up the DagBag from /home/airflow/.local/lib/python3.8/site-packages/airflow/example_dags/example_latest_only_with_trigger.py
[2024-03-23T07:22:07.448+0000] {processor.py:839} INFO - DAG(s) dict_keys(['latest_only_with_trigger']) retrieved from /home/airflow/.local/lib/python3.8/site-packages/airflow/example_dags/example_latest_only_with_trigger.py
[2024-03-23T07:22:07.480+0000] {logging_mixin.py:154} INFO - [2024-03-23T07:22:07.480+0000] {dag.py:2941} INFO - Sync 1 DAGs
[2024-03-23T07:22:07.496+0000] {logging_mixin.py:154} INFO - [2024-03-23T07:22:07.496+0000] {dag.py:3722} INFO - Setting next_dagrun for latest_only_with_trigger to 2024-03-23T03:22:07.495902+00:00, run_after=2024-03-23T07:22:07.495902+00:00
[2024-03-23T07:22:07.506+0000] {processor.py:179} INFO - Processing /home/airflow/.local/lib/python3.8/site-packages/airflow/example_dags/example_latest_only_with_trigger.py took 0.068 seconds
[2024-03-23T07:22:38.096+0000] {processor.py:157} INFO - Started process (PID=1705) to work on /home/airflow/.local/lib/python3.8/site-packages/airflow/example_dags/example_latest_only_with_trigger.py
[2024-03-23T07:22:38.097+0000] {processor.py:829} INFO - Processing file /home/airflow/.local/lib/python3.8/site-packages/airflow/example_dags/example_latest_only_with_trigger.py for tasks to queue
[2024-03-23T07:22:38.098+0000] {logging_mixin.py:154} INFO - [2024-03-23T07:22:38.098+0000] {dagbag.py:536} INFO - Filling up the DagBag from /home/airflow/.local/lib/python3.8/site-packages/airflow/example_dags/example_latest_only_with_trigger.py
[2024-03-23T07:22:38.104+0000] {processor.py:839} INFO - DAG(s) dict_keys(['latest_only_with_trigger']) retrieved from /home/airflow/.local/lib/python3.8/site-packages/airflow/example_dags/example_latest_only_with_trigger.py
[2024-03-23T07:22:38.123+0000] {logging_mixin.py:154} INFO - [2024-03-23T07:22:38.123+0000] {dag.py:2941} INFO - Sync 1 DAGs
[2024-03-23T07:22:38.136+0000] {logging_mixin.py:154} INFO - [2024-03-23T07:22:38.135+0000] {dag.py:3722} INFO - Setting next_dagrun for latest_only_with_trigger to 2024-03-23T03:22:38.135785+00:00, run_after=2024-03-23T07:22:38.135785+00:00
[2024-03-23T07:22:38.153+0000] {processor.py:179} INFO - Processing /home/airflow/.local/lib/python3.8/site-packages/airflow/example_dags/example_latest_only_with_trigger.py took 0.061 seconds
[2024-03-23T07:23:09.012+0000] {processor.py:157} INFO - Started process (PID=1946) to work on /home/airflow/.local/lib/python3.8/site-packages/airflow/example_dags/example_latest_only_with_trigger.py
[2024-03-23T07:23:09.013+0000] {processor.py:829} INFO - Processing file /home/airflow/.local/lib/python3.8/site-packages/airflow/example_dags/example_latest_only_with_trigger.py for tasks to queue
[2024-03-23T07:23:09.014+0000] {logging_mixin.py:154} INFO - [2024-03-23T07:23:09.014+0000] {dagbag.py:536} INFO - Filling up the DagBag from /home/airflow/.local/lib/python3.8/site-packages/airflow/example_dags/example_latest_only_with_trigger.py
[2024-03-23T07:23:09.020+0000] {processor.py:839} INFO - DAG(s) dict_keys(['latest_only_with_trigger']) retrieved from /home/airflow/.local/lib/python3.8/site-packages/airflow/example_dags/example_latest_only_with_trigger.py
[2024-03-23T07:23:09.036+0000] {logging_mixin.py:154} INFO - [2024-03-23T07:23:09.036+0000] {dag.py:2941} INFO - Sync 1 DAGs
[2024-03-23T07:23:09.050+0000] {logging_mixin.py:154} INFO - [2024-03-23T07:23:09.050+0000] {dag.py:3722} INFO - Setting next_dagrun for latest_only_with_trigger to 2024-03-23T03:23:09.050166+00:00, run_after=2024-03-23T07:23:09.050166+00:00
[2024-03-23T07:23:09.060+0000] {processor.py:179} INFO - Processing /home/airflow/.local/lib/python3.8/site-packages/airflow/example_dags/example_latest_only_with_trigger.py took 0.052 seconds
[2024-03-23T07:23:39.155+0000] {processor.py:157} INFO - Started process (PID=2185) to work on /home/airflow/.local/lib/python3.8/site-packages/airflow/example_dags/example_latest_only_with_trigger.py
[2024-03-23T07:23:39.157+0000] {processor.py:829} INFO - Processing file /home/airflow/.local/lib/python3.8/site-packages/airflow/example_dags/example_latest_only_with_trigger.py for tasks to queue
[2024-03-23T07:23:39.159+0000] {logging_mixin.py:154} INFO - [2024-03-23T07:23:39.158+0000] {dagbag.py:536} INFO - Filling up the DagBag from /home/airflow/.local/lib/python3.8/site-packages/airflow/example_dags/example_latest_only_with_trigger.py
[2024-03-23T07:23:39.165+0000] {processor.py:839} INFO - DAG(s) dict_keys(['latest_only_with_trigger']) retrieved from /home/airflow/.local/lib/python3.8/site-packages/airflow/example_dags/example_latest_only_with_trigger.py
[2024-03-23T07:23:39.181+0000] {logging_mixin.py:154} INFO - [2024-03-23T07:23:39.181+0000] {dag.py:2941} INFO - Sync 1 DAGs
[2024-03-23T07:23:39.195+0000] {logging_mixin.py:154} INFO - [2024-03-23T07:23:39.195+0000] {dag.py:3722} INFO - Setting next_dagrun for latest_only_with_trigger to 2024-03-23T03:23:39.195007+00:00, run_after=2024-03-23T07:23:39.195007+00:00
[2024-03-23T07:23:39.204+0000] {processor.py:179} INFO - Processing /home/airflow/.local/lib/python3.8/site-packages/airflow/example_dags/example_latest_only_with_trigger.py took 0.053 seconds
[2024-03-23T07:24:09.722+0000] {processor.py:157} INFO - Started process (PID=2428) to work on /home/airflow/.local/lib/python3.8/site-packages/airflow/example_dags/example_latest_only_with_trigger.py
[2024-03-23T07:24:09.724+0000] {processor.py:829} INFO - Processing file /home/airflow/.local/lib/python3.8/site-packages/airflow/example_dags/example_latest_only_with_trigger.py for tasks to queue
[2024-03-23T07:24:09.727+0000] {logging_mixin.py:154} INFO - [2024-03-23T07:24:09.726+0000] {dagbag.py:536} INFO - Filling up the DagBag from /home/airflow/.local/lib/python3.8/site-packages/airflow/example_dags/example_latest_only_with_trigger.py
[2024-03-23T07:24:09.739+0000] {processor.py:839} INFO - DAG(s) dict_keys(['latest_only_with_trigger']) retrieved from /home/airflow/.local/lib/python3.8/site-packages/airflow/example_dags/example_latest_only_with_trigger.py
[2024-03-23T07:24:09.763+0000] {logging_mixin.py:154} INFO - [2024-03-23T07:24:09.762+0000] {dag.py:2941} INFO - Sync 1 DAGs
[2024-03-23T07:24:09.779+0000] {logging_mixin.py:154} INFO - [2024-03-23T07:24:09.779+0000] {dag.py:3722} INFO - Setting next_dagrun for latest_only_with_trigger to 2024-03-23T03:24:09.779291+00:00, run_after=2024-03-23T07:24:09.779291+00:00
[2024-03-23T07:24:09.788+0000] {processor.py:179} INFO - Processing /home/airflow/.local/lib/python3.8/site-packages/airflow/example_dags/example_latest_only_with_trigger.py took 0.071 seconds
[2024-03-23T07:24:39.933+0000] {processor.py:157} INFO - Started process (PID=2671) to work on /home/airflow/.local/lib/python3.8/site-packages/airflow/example_dags/example_latest_only_with_trigger.py
[2024-03-23T07:24:39.934+0000] {processor.py:829} INFO - Processing file /home/airflow/.local/lib/python3.8/site-packages/airflow/example_dags/example_latest_only_with_trigger.py for tasks to queue
[2024-03-23T07:24:39.935+0000] {logging_mixin.py:154} INFO - [2024-03-23T07:24:39.935+0000] {dagbag.py:536} INFO - Filling up the DagBag from /home/airflow/.local/lib/python3.8/site-packages/airflow/example_dags/example_latest_only_with_trigger.py
[2024-03-23T07:24:39.939+0000] {processor.py:839} INFO - DAG(s) dict_keys(['latest_only_with_trigger']) retrieved from /home/airflow/.local/lib/python3.8/site-packages/airflow/example_dags/example_latest_only_with_trigger.py
[2024-03-23T07:24:39.951+0000] {logging_mixin.py:154} INFO - [2024-03-23T07:24:39.951+0000] {dag.py:2941} INFO - Sync 1 DAGs
[2024-03-23T07:24:39.963+0000] {logging_mixin.py:154} INFO - [2024-03-23T07:24:39.963+0000] {dag.py:3722} INFO - Setting next_dagrun for latest_only_with_trigger to 2024-03-23T03:24:39.963442+00:00, run_after=2024-03-23T07:24:39.963442+00:00
[2024-03-23T07:24:39.974+0000] {processor.py:179} INFO - Processing /home/airflow/.local/lib/python3.8/site-packages/airflow/example_dags/example_latest_only_with_trigger.py took 0.044 seconds
[2024-03-23T07:25:10.303+0000] {processor.py:157} INFO - Started process (PID=2918) to work on /home/airflow/.local/lib/python3.8/site-packages/airflow/example_dags/example_latest_only_with_trigger.py
[2024-03-23T07:25:10.306+0000] {processor.py:829} INFO - Processing file /home/airflow/.local/lib/python3.8/site-packages/airflow/example_dags/example_latest_only_with_trigger.py for tasks to queue
[2024-03-23T07:25:10.311+0000] {logging_mixin.py:154} INFO - [2024-03-23T07:25:10.311+0000] {dagbag.py:536} INFO - Filling up the DagBag from /home/airflow/.local/lib/python3.8/site-packages/airflow/example_dags/example_latest_only_with_trigger.py
[2024-03-23T07:25:10.324+0000] {processor.py:839} INFO - DAG(s) dict_keys(['latest_only_with_trigger']) retrieved from /home/airflow/.local/lib/python3.8/site-packages/airflow/example_dags/example_latest_only_with_trigger.py
[2024-03-23T07:25:10.389+0000] {logging_mixin.py:154} INFO - [2024-03-23T07:25:10.388+0000] {dag.py:2941} INFO - Sync 1 DAGs
[2024-03-23T07:25:10.425+0000] {logging_mixin.py:154} INFO - [2024-03-23T07:25:10.425+0000] {dag.py:3722} INFO - Setting next_dagrun for latest_only_with_trigger to 2024-03-23T03:25:10.424870+00:00, run_after=2024-03-23T07:25:10.424870+00:00
[2024-03-23T07:25:10.444+0000] {processor.py:179} INFO - Processing /home/airflow/.local/lib/python3.8/site-packages/airflow/example_dags/example_latest_only_with_trigger.py took 0.144 seconds
[2024-03-23T07:25:40.869+0000] {processor.py:157} INFO - Started process (PID=3167) to work on /home/airflow/.local/lib/python3.8/site-packages/airflow/example_dags/example_latest_only_with_trigger.py
[2024-03-23T07:25:40.874+0000] {processor.py:829} INFO - Processing file /home/airflow/.local/lib/python3.8/site-packages/airflow/example_dags/example_latest_only_with_trigger.py for tasks to queue
[2024-03-23T07:25:40.878+0000] {logging_mixin.py:154} INFO - [2024-03-23T07:25:40.877+0000] {dagbag.py:536} INFO - Filling up the DagBag from /home/airflow/.local/lib/python3.8/site-packages/airflow/example_dags/example_latest_only_with_trigger.py
[2024-03-23T07:25:40.894+0000] {processor.py:839} INFO - DAG(s) dict_keys(['latest_only_with_trigger']) retrieved from /home/airflow/.local/lib/python3.8/site-packages/airflow/example_dags/example_latest_only_with_trigger.py
[2024-03-23T07:25:40.936+0000] {logging_mixin.py:154} INFO - [2024-03-23T07:25:40.935+0000] {dag.py:2941} INFO - Sync 1 DAGs
[2024-03-23T07:25:40.985+0000] {logging_mixin.py:154} INFO - [2024-03-23T07:25:40.985+0000] {dag.py:3722} INFO - Setting next_dagrun for latest_only_with_trigger to 2024-03-23T03:25:40.984768+00:00, run_after=2024-03-23T07:25:40.984768+00:00
[2024-03-23T07:25:41.037+0000] {processor.py:179} INFO - Processing /home/airflow/.local/lib/python3.8/site-packages/airflow/example_dags/example_latest_only_with_trigger.py took 0.172 seconds
[2024-03-23T07:26:12.855+0000] {processor.py:157} INFO - Started process (PID=3410) to work on /home/airflow/.local/lib/python3.8/site-packages/airflow/example_dags/example_latest_only_with_trigger.py
[2024-03-23T07:26:12.857+0000] {processor.py:829} INFO - Processing file /home/airflow/.local/lib/python3.8/site-packages/airflow/example_dags/example_latest_only_with_trigger.py for tasks to queue
[2024-03-23T07:26:12.857+0000] {logging_mixin.py:154} INFO - [2024-03-23T07:26:12.857+0000] {dagbag.py:536} INFO - Filling up the DagBag from /home/airflow/.local/lib/python3.8/site-packages/airflow/example_dags/example_latest_only_with_trigger.py
[2024-03-23T07:26:12.864+0000] {processor.py:839} INFO - DAG(s) dict_keys(['latest_only_with_trigger']) retrieved from /home/airflow/.local/lib/python3.8/site-packages/airflow/example_dags/example_latest_only_with_trigger.py
[2024-03-23T07:26:12.901+0000] {logging_mixin.py:154} INFO - [2024-03-23T07:26:12.901+0000] {dag.py:2941} INFO - Sync 1 DAGs
[2024-03-23T07:26:12.931+0000] {logging_mixin.py:154} INFO - [2024-03-23T07:26:12.931+0000] {dag.py:3722} INFO - Setting next_dagrun for latest_only_with_trigger to 2024-03-23T03:26:12.931263+00:00, run_after=2024-03-23T07:26:12.931263+00:00
[2024-03-23T07:26:12.950+0000] {processor.py:179} INFO - Processing /home/airflow/.local/lib/python3.8/site-packages/airflow/example_dags/example_latest_only_with_trigger.py took 0.098 seconds
[2024-03-23T07:26:43.752+0000] {processor.py:157} INFO - Started process (PID=3655) to work on /home/airflow/.local/lib/python3.8/site-packages/airflow/example_dags/example_latest_only_with_trigger.py
[2024-03-23T07:26:43.754+0000] {processor.py:829} INFO - Processing file /home/airflow/.local/lib/python3.8/site-packages/airflow/example_dags/example_latest_only_with_trigger.py for tasks to queue
[2024-03-23T07:26:43.756+0000] {logging_mixin.py:154} INFO - [2024-03-23T07:26:43.756+0000] {dagbag.py:536} INFO - Filling up the DagBag from /home/airflow/.local/lib/python3.8/site-packages/airflow/example_dags/example_latest_only_with_trigger.py
[2024-03-23T07:26:43.768+0000] {processor.py:839} INFO - DAG(s) dict_keys(['latest_only_with_trigger']) retrieved from /home/airflow/.local/lib/python3.8/site-packages/airflow/example_dags/example_latest_only_with_trigger.py
[2024-03-23T07:26:43.819+0000] {logging_mixin.py:154} INFO - [2024-03-23T07:26:43.817+0000] {dag.py:2941} INFO - Sync 1 DAGs
[2024-03-23T07:26:43.889+0000] {logging_mixin.py:154} INFO - [2024-03-23T07:26:43.889+0000] {dag.py:3722} INFO - Setting next_dagrun for latest_only_with_trigger to 2024-03-23T03:26:43.888688+00:00, run_after=2024-03-23T07:26:43.888688+00:00
[2024-03-23T07:26:43.921+0000] {processor.py:179} INFO - Processing /home/airflow/.local/lib/python3.8/site-packages/airflow/example_dags/example_latest_only_with_trigger.py took 0.174 seconds
[2024-03-23T07:27:14.703+0000] {processor.py:157} INFO - Started process (PID=3896) to work on /home/airflow/.local/lib/python3.8/site-packages/airflow/example_dags/example_latest_only_with_trigger.py
[2024-03-23T07:27:14.705+0000] {processor.py:829} INFO - Processing file /home/airflow/.local/lib/python3.8/site-packages/airflow/example_dags/example_latest_only_with_trigger.py for tasks to queue
[2024-03-23T07:27:14.706+0000] {logging_mixin.py:154} INFO - [2024-03-23T07:27:14.706+0000] {dagbag.py:536} INFO - Filling up the DagBag from /home/airflow/.local/lib/python3.8/site-packages/airflow/example_dags/example_latest_only_with_trigger.py
[2024-03-23T07:27:14.718+0000] {processor.py:839} INFO - DAG(s) dict_keys(['latest_only_with_trigger']) retrieved from /home/airflow/.local/lib/python3.8/site-packages/airflow/example_dags/example_latest_only_with_trigger.py
[2024-03-23T07:27:14.736+0000] {logging_mixin.py:154} INFO - [2024-03-23T07:27:14.736+0000] {dag.py:2941} INFO - Sync 1 DAGs
[2024-03-23T07:27:14.763+0000] {logging_mixin.py:154} INFO - [2024-03-23T07:27:14.763+0000] {dag.py:3722} INFO - Setting next_dagrun for latest_only_with_trigger to 2024-03-23T03:27:14.763144+00:00, run_after=2024-03-23T07:27:14.763144+00:00
[2024-03-23T07:27:14.785+0000] {processor.py:179} INFO - Processing /home/airflow/.local/lib/python3.8/site-packages/airflow/example_dags/example_latest_only_with_trigger.py took 0.088 seconds
[2024-03-23T07:27:45.039+0000] {processor.py:157} INFO - Started process (PID=4139) to work on /home/airflow/.local/lib/python3.8/site-packages/airflow/example_dags/example_latest_only_with_trigger.py
[2024-03-23T07:27:45.040+0000] {processor.py:829} INFO - Processing file /home/airflow/.local/lib/python3.8/site-packages/airflow/example_dags/example_latest_only_with_trigger.py for tasks to queue
[2024-03-23T07:27:45.041+0000] {logging_mixin.py:154} INFO - [2024-03-23T07:27:45.040+0000] {dagbag.py:536} INFO - Filling up the DagBag from /home/airflow/.local/lib/python3.8/site-packages/airflow/example_dags/example_latest_only_with_trigger.py
[2024-03-23T07:27:45.045+0000] {processor.py:839} INFO - DAG(s) dict_keys(['latest_only_with_trigger']) retrieved from /home/airflow/.local/lib/python3.8/site-packages/airflow/example_dags/example_latest_only_with_trigger.py
[2024-03-23T07:27:45.075+0000] {logging_mixin.py:154} INFO - [2024-03-23T07:27:45.075+0000] {dag.py:2941} INFO - Sync 1 DAGs
[2024-03-23T07:27:45.091+0000] {logging_mixin.py:154} INFO - [2024-03-23T07:27:45.091+0000] {dag.py:3722} INFO - Setting next_dagrun for latest_only_with_trigger to 2024-03-23T03:27:45.090978+00:00, run_after=2024-03-23T07:27:45.090978+00:00
[2024-03-23T07:27:45.110+0000] {processor.py:179} INFO - Processing /home/airflow/.local/lib/python3.8/site-packages/airflow/example_dags/example_latest_only_with_trigger.py took 0.073 seconds
[2024-03-23T07:28:16.020+0000] {processor.py:157} INFO - Started process (PID=4381) to work on /home/airflow/.local/lib/python3.8/site-packages/airflow/example_dags/example_latest_only_with_trigger.py
[2024-03-23T07:28:16.028+0000] {processor.py:829} INFO - Processing file /home/airflow/.local/lib/python3.8/site-packages/airflow/example_dags/example_latest_only_with_trigger.py for tasks to queue
[2024-03-23T07:28:16.029+0000] {logging_mixin.py:154} INFO - [2024-03-23T07:28:16.029+0000] {dagbag.py:536} INFO - Filling up the DagBag from /home/airflow/.local/lib/python3.8/site-packages/airflow/example_dags/example_latest_only_with_trigger.py
[2024-03-23T07:28:16.035+0000] {processor.py:839} INFO - DAG(s) dict_keys(['latest_only_with_trigger']) retrieved from /home/airflow/.local/lib/python3.8/site-packages/airflow/example_dags/example_latest_only_with_trigger.py
[2024-03-23T07:28:16.054+0000] {logging_mixin.py:154} INFO - [2024-03-23T07:28:16.053+0000] {dag.py:2941} INFO - Sync 1 DAGs
[2024-03-23T07:28:16.068+0000] {logging_mixin.py:154} INFO - [2024-03-23T07:28:16.068+0000] {dag.py:3722} INFO - Setting next_dagrun for latest_only_with_trigger to 2024-03-23T03:28:16.067964+00:00, run_after=2024-03-23T07:28:16.067964+00:00
[2024-03-23T07:28:16.084+0000] {processor.py:179} INFO - Processing /home/airflow/.local/lib/python3.8/site-packages/airflow/example_dags/example_latest_only_with_trigger.py took 0.068 seconds
[2024-03-23T07:28:46.133+0000] {processor.py:157} INFO - Started process (PID=4625) to work on /home/airflow/.local/lib/python3.8/site-packages/airflow/example_dags/example_latest_only_with_trigger.py
[2024-03-23T07:28:46.134+0000] {processor.py:829} INFO - Processing file /home/airflow/.local/lib/python3.8/site-packages/airflow/example_dags/example_latest_only_with_trigger.py for tasks to queue
[2024-03-23T07:28:46.135+0000] {logging_mixin.py:154} INFO - [2024-03-23T07:28:46.135+0000] {dagbag.py:536} INFO - Filling up the DagBag from /home/airflow/.local/lib/python3.8/site-packages/airflow/example_dags/example_latest_only_with_trigger.py
[2024-03-23T07:28:46.141+0000] {processor.py:839} INFO - DAG(s) dict_keys(['latest_only_with_trigger']) retrieved from /home/airflow/.local/lib/python3.8/site-packages/airflow/example_dags/example_latest_only_with_trigger.py
[2024-03-23T07:28:46.154+0000] {logging_mixin.py:154} INFO - [2024-03-23T07:28:46.154+0000] {dag.py:2941} INFO - Sync 1 DAGs
[2024-03-23T07:28:46.167+0000] {logging_mixin.py:154} INFO - [2024-03-23T07:28:46.167+0000] {dag.py:3722} INFO - Setting next_dagrun for latest_only_with_trigger to 2024-03-23T03:28:46.167579+00:00, run_after=2024-03-23T07:28:46.167579+00:00
[2024-03-23T07:28:46.179+0000] {processor.py:179} INFO - Processing /home/airflow/.local/lib/python3.8/site-packages/airflow/example_dags/example_latest_only_with_trigger.py took 0.048 seconds
[2024-03-23T07:29:36.763+0000] {processor.py:157} INFO - Started process (PID=236) to work on /home/airflow/.local/lib/python3.8/site-packages/airflow/example_dags/example_latest_only_with_trigger.py
[2024-03-23T07:29:36.764+0000] {processor.py:829} INFO - Processing file /home/airflow/.local/lib/python3.8/site-packages/airflow/example_dags/example_latest_only_with_trigger.py for tasks to queue
[2024-03-23T07:29:36.764+0000] {logging_mixin.py:154} INFO - [2024-03-23T07:29:36.764+0000] {dagbag.py:536} INFO - Filling up the DagBag from /home/airflow/.local/lib/python3.8/site-packages/airflow/example_dags/example_latest_only_with_trigger.py
[2024-03-23T07:29:36.769+0000] {processor.py:839} INFO - DAG(s) dict_keys(['latest_only_with_trigger']) retrieved from /home/airflow/.local/lib/python3.8/site-packages/airflow/example_dags/example_latest_only_with_trigger.py
[2024-03-23T07:29:36.782+0000] {logging_mixin.py:154} INFO - [2024-03-23T07:29:36.781+0000] {dag.py:2941} INFO - Sync 1 DAGs
[2024-03-23T07:29:36.795+0000] {logging_mixin.py:154} INFO - [2024-03-23T07:29:36.795+0000] {dag.py:3722} INFO - Setting next_dagrun for latest_only_with_trigger to 2024-03-23T03:29:36.794698+00:00, run_after=2024-03-23T07:29:36.794698+00:00
[2024-03-23T07:29:36.810+0000] {processor.py:179} INFO - Processing /home/airflow/.local/lib/python3.8/site-packages/airflow/example_dags/example_latest_only_with_trigger.py took 0.048 seconds
