[2024-03-23T07:19:34.542+0000] {processor.py:157} INFO - Started process (PID=312) to work on /home/airflow/.local/lib/python3.8/site-packages/airflow/example_dags/example_branch_operator_decorator.py
[2024-03-23T07:19:34.543+0000] {processor.py:829} INFO - Processing file /home/airflow/.local/lib/python3.8/site-packages/airflow/example_dags/example_branch_operator_decorator.py for tasks to queue
[2024-03-23T07:19:34.544+0000] {logging_mixin.py:154} INFO - [2024-03-23T07:19:34.544+0000] {dagbag.py:536} INFO - Filling up the DagBag from /home/airflow/.local/lib/python3.8/site-packages/airflow/example_dags/example_branch_operator_decorator.py
[2024-03-23T07:19:34.550+0000] {processor.py:839} INFO - DAG(s) dict_keys(['example_branch_python_operator_decorator']) retrieved from /home/airflow/.local/lib/python3.8/site-packages/airflow/example_dags/example_branch_operator_decorator.py
[2024-03-23T07:19:34.613+0000] {logging_mixin.py:154} INFO - [2024-03-23T07:19:34.612+0000] {manager.py:499} INFO - Created Permission View: %s
[2024-03-23T07:19:34.620+0000] {logging_mixin.py:154} INFO - [2024-03-23T07:19:34.619+0000] {manager.py:499} INFO - Created Permission View: %s
[2024-03-23T07:19:34.623+0000] {logging_mixin.py:154} INFO - [2024-03-23T07:19:34.623+0000] {manager.py:499} INFO - Created Permission View: %s
[2024-03-23T07:19:34.623+0000] {logging_mixin.py:154} INFO - [2024-03-23T07:19:34.623+0000] {dag.py:2941} INFO - Sync 1 DAGs
[2024-03-23T07:19:34.630+0000] {logging_mixin.py:154} INFO - [2024-03-23T07:19:34.630+0000] {dag.py:2963} INFO - Creating ORM DAG for example_branch_python_operator_decorator
[2024-03-23T07:19:34.636+0000] {logging_mixin.py:154} INFO - [2024-03-23T07:19:34.636+0000] {dag.py:3722} INFO - Setting next_dagrun for example_branch_python_operator_decorator to 2024-03-22T00:00:00+00:00, run_after=2024-03-23T00:00:00+00:00
[2024-03-23T07:19:34.646+0000] {processor.py:179} INFO - Processing /home/airflow/.local/lib/python3.8/site-packages/airflow/example_dags/example_branch_operator_decorator.py took 0.105 seconds
[2024-03-23T07:20:05.014+0000] {processor.py:157} INFO - Started process (PID=555) to work on /home/airflow/.local/lib/python3.8/site-packages/airflow/example_dags/example_branch_operator_decorator.py
[2024-03-23T07:20:05.015+0000] {processor.py:829} INFO - Processing file /home/airflow/.local/lib/python3.8/site-packages/airflow/example_dags/example_branch_operator_decorator.py for tasks to queue
[2024-03-23T07:20:05.015+0000] {logging_mixin.py:154} INFO - [2024-03-23T07:20:05.015+0000] {dagbag.py:536} INFO - Filling up the DagBag from /home/airflow/.local/lib/python3.8/site-packages/airflow/example_dags/example_branch_operator_decorator.py
[2024-03-23T07:20:05.021+0000] {processor.py:839} INFO - DAG(s) dict_keys(['example_branch_python_operator_decorator']) retrieved from /home/airflow/.local/lib/python3.8/site-packages/airflow/example_dags/example_branch_operator_decorator.py
[2024-03-23T07:20:05.034+0000] {logging_mixin.py:154} INFO - [2024-03-23T07:20:05.033+0000] {dag.py:2941} INFO - Sync 1 DAGs
[2024-03-23T07:20:05.047+0000] {logging_mixin.py:154} INFO - [2024-03-23T07:20:05.047+0000] {dag.py:3722} INFO - Setting next_dagrun for example_branch_python_operator_decorator to 2024-03-22T00:00:00+00:00, run_after=2024-03-23T00:00:00+00:00
[2024-03-23T07:20:05.059+0000] {processor.py:179} INFO - Processing /home/airflow/.local/lib/python3.8/site-packages/airflow/example_dags/example_branch_operator_decorator.py took 0.047 seconds
[2024-03-23T07:20:36.332+0000] {processor.py:157} INFO - Started process (PID=798) to work on /home/airflow/.local/lib/python3.8/site-packages/airflow/example_dags/example_branch_operator_decorator.py
[2024-03-23T07:20:36.333+0000] {processor.py:829} INFO - Processing file /home/airflow/.local/lib/python3.8/site-packages/airflow/example_dags/example_branch_operator_decorator.py for tasks to queue
[2024-03-23T07:20:36.333+0000] {logging_mixin.py:154} INFO - [2024-03-23T07:20:36.333+0000] {dagbag.py:536} INFO - Filling up the DagBag from /home/airflow/.local/lib/python3.8/site-packages/airflow/example_dags/example_branch_operator_decorator.py
[2024-03-23T07:20:36.343+0000] {processor.py:839} INFO - DAG(s) dict_keys(['example_branch_python_operator_decorator']) retrieved from /home/airflow/.local/lib/python3.8/site-packages/airflow/example_dags/example_branch_operator_decorator.py
[2024-03-23T07:20:36.365+0000] {logging_mixin.py:154} INFO - [2024-03-23T07:20:36.365+0000] {dag.py:2941} INFO - Sync 1 DAGs
[2024-03-23T07:20:36.386+0000] {logging_mixin.py:154} INFO - [2024-03-23T07:20:36.385+0000] {dag.py:3722} INFO - Setting next_dagrun for example_branch_python_operator_decorator to 2024-03-22T00:00:00+00:00, run_after=2024-03-23T00:00:00+00:00
[2024-03-23T07:20:36.399+0000] {processor.py:179} INFO - Processing /home/airflow/.local/lib/python3.8/site-packages/airflow/example_dags/example_branch_operator_decorator.py took 0.070 seconds
[2024-03-23T07:21:06.620+0000] {processor.py:157} INFO - Started process (PID=1041) to work on /home/airflow/.local/lib/python3.8/site-packages/airflow/example_dags/example_branch_operator_decorator.py
[2024-03-23T07:21:06.621+0000] {processor.py:829} INFO - Processing file /home/airflow/.local/lib/python3.8/site-packages/airflow/example_dags/example_branch_operator_decorator.py for tasks to queue
[2024-03-23T07:21:06.622+0000] {logging_mixin.py:154} INFO - [2024-03-23T07:21:06.622+0000] {dagbag.py:536} INFO - Filling up the DagBag from /home/airflow/.local/lib/python3.8/site-packages/airflow/example_dags/example_branch_operator_decorator.py
[2024-03-23T07:21:06.628+0000] {processor.py:839} INFO - DAG(s) dict_keys(['example_branch_python_operator_decorator']) retrieved from /home/airflow/.local/lib/python3.8/site-packages/airflow/example_dags/example_branch_operator_decorator.py
[2024-03-23T07:21:06.642+0000] {logging_mixin.py:154} INFO - [2024-03-23T07:21:06.642+0000] {dag.py:2941} INFO - Sync 1 DAGs
[2024-03-23T07:21:06.687+0000] {logging_mixin.py:154} INFO - [2024-03-23T07:21:06.686+0000] {dag.py:3722} INFO - Setting next_dagrun for example_branch_python_operator_decorator to 2024-03-22T00:00:00+00:00, run_after=2024-03-23T00:00:00+00:00
[2024-03-23T07:21:06.730+0000] {processor.py:179} INFO - Processing /home/airflow/.local/lib/python3.8/site-packages/airflow/example_dags/example_branch_operator_decorator.py took 0.112 seconds
[2024-03-23T07:21:37.689+0000] {processor.py:157} INFO - Started process (PID=1286) to work on /home/airflow/.local/lib/python3.8/site-packages/airflow/example_dags/example_branch_operator_decorator.py
[2024-03-23T07:21:37.690+0000] {processor.py:829} INFO - Processing file /home/airflow/.local/lib/python3.8/site-packages/airflow/example_dags/example_branch_operator_decorator.py for tasks to queue
[2024-03-23T07:21:37.691+0000] {logging_mixin.py:154} INFO - [2024-03-23T07:21:37.690+0000] {dagbag.py:536} INFO - Filling up the DagBag from /home/airflow/.local/lib/python3.8/site-packages/airflow/example_dags/example_branch_operator_decorator.py
[2024-03-23T07:21:37.696+0000] {processor.py:839} INFO - DAG(s) dict_keys(['example_branch_python_operator_decorator']) retrieved from /home/airflow/.local/lib/python3.8/site-packages/airflow/example_dags/example_branch_operator_decorator.py
[2024-03-23T07:21:37.707+0000] {logging_mixin.py:154} INFO - [2024-03-23T07:21:37.707+0000] {dag.py:2941} INFO - Sync 1 DAGs
[2024-03-23T07:21:37.717+0000] {logging_mixin.py:154} INFO - [2024-03-23T07:21:37.717+0000] {dag.py:3722} INFO - Setting next_dagrun for example_branch_python_operator_decorator to 2024-03-22T00:00:00+00:00, run_after=2024-03-23T00:00:00+00:00
[2024-03-23T07:21:37.727+0000] {processor.py:179} INFO - Processing /home/airflow/.local/lib/python3.8/site-packages/airflow/example_dags/example_branch_operator_decorator.py took 0.039 seconds
[2024-03-23T07:22:08.582+0000] {processor.py:157} INFO - Started process (PID=1530) to work on /home/airflow/.local/lib/python3.8/site-packages/airflow/example_dags/example_branch_operator_decorator.py
[2024-03-23T07:22:08.583+0000] {processor.py:829} INFO - Processing file /home/airflow/.local/lib/python3.8/site-packages/airflow/example_dags/example_branch_operator_decorator.py for tasks to queue
[2024-03-23T07:22:08.584+0000] {logging_mixin.py:154} INFO - [2024-03-23T07:22:08.584+0000] {dagbag.py:536} INFO - Filling up the DagBag from /home/airflow/.local/lib/python3.8/site-packages/airflow/example_dags/example_branch_operator_decorator.py
[2024-03-23T07:22:08.589+0000] {processor.py:839} INFO - DAG(s) dict_keys(['example_branch_python_operator_decorator']) retrieved from /home/airflow/.local/lib/python3.8/site-packages/airflow/example_dags/example_branch_operator_decorator.py
[2024-03-23T07:22:08.604+0000] {logging_mixin.py:154} INFO - [2024-03-23T07:22:08.604+0000] {dag.py:2941} INFO - Sync 1 DAGs
[2024-03-23T07:22:08.642+0000] {logging_mixin.py:154} INFO - [2024-03-23T07:22:08.642+0000] {dag.py:3722} INFO - Setting next_dagrun for example_branch_python_operator_decorator to 2024-03-22T00:00:00+00:00, run_after=2024-03-23T00:00:00+00:00
[2024-03-23T07:22:08.654+0000] {processor.py:179} INFO - Processing /home/airflow/.local/lib/python3.8/site-packages/airflow/example_dags/example_branch_operator_decorator.py took 0.075 seconds
[2024-03-23T07:22:38.676+0000] {processor.py:157} INFO - Started process (PID=1778) to work on /home/airflow/.local/lib/python3.8/site-packages/airflow/example_dags/example_branch_operator_decorator.py
[2024-03-23T07:22:38.676+0000] {processor.py:829} INFO - Processing file /home/airflow/.local/lib/python3.8/site-packages/airflow/example_dags/example_branch_operator_decorator.py for tasks to queue
[2024-03-23T07:22:38.677+0000] {logging_mixin.py:154} INFO - [2024-03-23T07:22:38.677+0000] {dagbag.py:536} INFO - Filling up the DagBag from /home/airflow/.local/lib/python3.8/site-packages/airflow/example_dags/example_branch_operator_decorator.py
[2024-03-23T07:22:38.683+0000] {processor.py:839} INFO - DAG(s) dict_keys(['example_branch_python_operator_decorator']) retrieved from /home/airflow/.local/lib/python3.8/site-packages/airflow/example_dags/example_branch_operator_decorator.py
[2024-03-23T07:22:38.695+0000] {logging_mixin.py:154} INFO - [2024-03-23T07:22:38.695+0000] {dag.py:2941} INFO - Sync 1 DAGs
[2024-03-23T07:22:38.706+0000] {logging_mixin.py:154} INFO - [2024-03-23T07:22:38.706+0000] {dag.py:3722} INFO - Setting next_dagrun for example_branch_python_operator_decorator to 2024-03-22T00:00:00+00:00, run_after=2024-03-23T00:00:00+00:00
[2024-03-23T07:22:38.715+0000] {processor.py:179} INFO - Processing /home/airflow/.local/lib/python3.8/site-packages/airflow/example_dags/example_branch_operator_decorator.py took 0.040 seconds
[2024-03-23T07:23:10.063+0000] {processor.py:157} INFO - Started process (PID=2021) to work on /home/airflow/.local/lib/python3.8/site-packages/airflow/example_dags/example_branch_operator_decorator.py
[2024-03-23T07:23:10.064+0000] {processor.py:829} INFO - Processing file /home/airflow/.local/lib/python3.8/site-packages/airflow/example_dags/example_branch_operator_decorator.py for tasks to queue
[2024-03-23T07:23:10.065+0000] {logging_mixin.py:154} INFO - [2024-03-23T07:23:10.065+0000] {dagbag.py:536} INFO - Filling up the DagBag from /home/airflow/.local/lib/python3.8/site-packages/airflow/example_dags/example_branch_operator_decorator.py
[2024-03-23T07:23:10.070+0000] {processor.py:839} INFO - DAG(s) dict_keys(['example_branch_python_operator_decorator']) retrieved from /home/airflow/.local/lib/python3.8/site-packages/airflow/example_dags/example_branch_operator_decorator.py
[2024-03-23T07:23:10.081+0000] {logging_mixin.py:154} INFO - [2024-03-23T07:23:10.081+0000] {dag.py:2941} INFO - Sync 1 DAGs
[2024-03-23T07:23:10.093+0000] {logging_mixin.py:154} INFO - [2024-03-23T07:23:10.093+0000] {dag.py:3722} INFO - Setting next_dagrun for example_branch_python_operator_decorator to 2024-03-22T00:00:00+00:00, run_after=2024-03-23T00:00:00+00:00
[2024-03-23T07:23:10.106+0000] {processor.py:179} INFO - Processing /home/airflow/.local/lib/python3.8/site-packages/airflow/example_dags/example_branch_operator_decorator.py took 0.044 seconds
[2024-03-23T07:23:42.529+0000] {processor.py:157} INFO - Started process (PID=2263) to work on /home/airflow/.local/lib/python3.8/site-packages/airflow/example_dags/example_branch_operator_decorator.py
[2024-03-23T07:23:42.532+0000] {processor.py:829} INFO - Processing file /home/airflow/.local/lib/python3.8/site-packages/airflow/example_dags/example_branch_operator_decorator.py for tasks to queue
[2024-03-23T07:23:42.533+0000] {logging_mixin.py:154} INFO - [2024-03-23T07:23:42.533+0000] {dagbag.py:536} INFO - Filling up the DagBag from /home/airflow/.local/lib/python3.8/site-packages/airflow/example_dags/example_branch_operator_decorator.py
[2024-03-23T07:23:42.542+0000] {processor.py:839} INFO - DAG(s) dict_keys(['example_branch_python_operator_decorator']) retrieved from /home/airflow/.local/lib/python3.8/site-packages/airflow/example_dags/example_branch_operator_decorator.py
[2024-03-23T07:23:42.606+0000] {logging_mixin.py:154} INFO - [2024-03-23T07:23:42.605+0000] {dag.py:2941} INFO - Sync 1 DAGs
[2024-03-23T07:23:42.741+0000] {logging_mixin.py:154} INFO - [2024-03-23T07:23:42.741+0000] {dag.py:3722} INFO - Setting next_dagrun for example_branch_python_operator_decorator to 2024-03-22T00:00:00+00:00, run_after=2024-03-23T00:00:00+00:00
[2024-03-23T07:23:42.882+0000] {processor.py:179} INFO - Processing /home/airflow/.local/lib/python3.8/site-packages/airflow/example_dags/example_branch_operator_decorator.py took 0.356 seconds
[2024-03-23T07:24:14.370+0000] {processor.py:157} INFO - Started process (PID=2508) to work on /home/airflow/.local/lib/python3.8/site-packages/airflow/example_dags/example_branch_operator_decorator.py
[2024-03-23T07:24:14.371+0000] {processor.py:829} INFO - Processing file /home/airflow/.local/lib/python3.8/site-packages/airflow/example_dags/example_branch_operator_decorator.py for tasks to queue
[2024-03-23T07:24:14.372+0000] {logging_mixin.py:154} INFO - [2024-03-23T07:24:14.372+0000] {dagbag.py:536} INFO - Filling up the DagBag from /home/airflow/.local/lib/python3.8/site-packages/airflow/example_dags/example_branch_operator_decorator.py
[2024-03-23T07:24:14.381+0000] {processor.py:839} INFO - DAG(s) dict_keys(['example_branch_python_operator_decorator']) retrieved from /home/airflow/.local/lib/python3.8/site-packages/airflow/example_dags/example_branch_operator_decorator.py
[2024-03-23T07:24:14.412+0000] {logging_mixin.py:154} INFO - [2024-03-23T07:24:14.411+0000] {dag.py:2941} INFO - Sync 1 DAGs
[2024-03-23T07:24:14.452+0000] {logging_mixin.py:154} INFO - [2024-03-23T07:24:14.452+0000] {dag.py:3722} INFO - Setting next_dagrun for example_branch_python_operator_decorator to 2024-03-22T00:00:00+00:00, run_after=2024-03-23T00:00:00+00:00
[2024-03-23T07:24:14.467+0000] {processor.py:179} INFO - Processing /home/airflow/.local/lib/python3.8/site-packages/airflow/example_dags/example_branch_operator_decorator.py took 0.099 seconds
[2024-03-23T07:24:46.478+0000] {processor.py:157} INFO - Started process (PID=2751) to work on /home/airflow/.local/lib/python3.8/site-packages/airflow/example_dags/example_branch_operator_decorator.py
[2024-03-23T07:24:46.479+0000] {processor.py:829} INFO - Processing file /home/airflow/.local/lib/python3.8/site-packages/airflow/example_dags/example_branch_operator_decorator.py for tasks to queue
[2024-03-23T07:24:46.480+0000] {logging_mixin.py:154} INFO - [2024-03-23T07:24:46.479+0000] {dagbag.py:536} INFO - Filling up the DagBag from /home/airflow/.local/lib/python3.8/site-packages/airflow/example_dags/example_branch_operator_decorator.py
[2024-03-23T07:24:46.486+0000] {processor.py:839} INFO - DAG(s) dict_keys(['example_branch_python_operator_decorator']) retrieved from /home/airflow/.local/lib/python3.8/site-packages/airflow/example_dags/example_branch_operator_decorator.py
[2024-03-23T07:24:46.500+0000] {logging_mixin.py:154} INFO - [2024-03-23T07:24:46.500+0000] {dag.py:2941} INFO - Sync 1 DAGs
[2024-03-23T07:24:46.524+0000] {logging_mixin.py:154} INFO - [2024-03-23T07:24:46.523+0000] {dag.py:3722} INFO - Setting next_dagrun for example_branch_python_operator_decorator to 2024-03-22T00:00:00+00:00, run_after=2024-03-23T00:00:00+00:00
[2024-03-23T07:24:46.542+0000] {processor.py:179} INFO - Processing /home/airflow/.local/lib/python3.8/site-packages/airflow/example_dags/example_branch_operator_decorator.py took 0.067 seconds
[2024-03-23T07:25:22.034+0000] {processor.py:157} INFO - Started process (PID=2998) to work on /home/airflow/.local/lib/python3.8/site-packages/airflow/example_dags/example_branch_operator_decorator.py
[2024-03-23T07:25:22.038+0000] {processor.py:829} INFO - Processing file /home/airflow/.local/lib/python3.8/site-packages/airflow/example_dags/example_branch_operator_decorator.py for tasks to queue
[2024-03-23T07:25:22.041+0000] {logging_mixin.py:154} INFO - [2024-03-23T07:25:22.040+0000] {dagbag.py:536} INFO - Filling up the DagBag from /home/airflow/.local/lib/python3.8/site-packages/airflow/example_dags/example_branch_operator_decorator.py
[2024-03-23T07:25:22.073+0000] {processor.py:839} INFO - DAG(s) dict_keys(['example_branch_python_operator_decorator']) retrieved from /home/airflow/.local/lib/python3.8/site-packages/airflow/example_dags/example_branch_operator_decorator.py
[2024-03-23T07:25:22.163+0000] {logging_mixin.py:154} INFO - [2024-03-23T07:25:22.162+0000] {dag.py:2941} INFO - Sync 1 DAGs
[2024-03-23T07:25:22.198+0000] {logging_mixin.py:154} INFO - [2024-03-23T07:25:22.198+0000] {dag.py:3722} INFO - Setting next_dagrun for example_branch_python_operator_decorator to 2024-03-22T00:00:00+00:00, run_after=2024-03-23T00:00:00+00:00
[2024-03-23T07:25:22.228+0000] {processor.py:179} INFO - Processing /home/airflow/.local/lib/python3.8/site-packages/airflow/example_dags/example_branch_operator_decorator.py took 0.200 seconds
[2024-03-23T07:25:54.886+0000] {processor.py:157} INFO - Started process (PID=3247) to work on /home/airflow/.local/lib/python3.8/site-packages/airflow/example_dags/example_branch_operator_decorator.py
[2024-03-23T07:25:54.888+0000] {processor.py:829} INFO - Processing file /home/airflow/.local/lib/python3.8/site-packages/airflow/example_dags/example_branch_operator_decorator.py for tasks to queue
[2024-03-23T07:25:54.889+0000] {logging_mixin.py:154} INFO - [2024-03-23T07:25:54.889+0000] {dagbag.py:536} INFO - Filling up the DagBag from /home/airflow/.local/lib/python3.8/site-packages/airflow/example_dags/example_branch_operator_decorator.py
[2024-03-23T07:25:54.898+0000] {processor.py:839} INFO - DAG(s) dict_keys(['example_branch_python_operator_decorator']) retrieved from /home/airflow/.local/lib/python3.8/site-packages/airflow/example_dags/example_branch_operator_decorator.py
[2024-03-23T07:25:54.941+0000] {logging_mixin.py:154} INFO - [2024-03-23T07:25:54.941+0000] {dag.py:2941} INFO - Sync 1 DAGs
[2024-03-23T07:25:54.962+0000] {logging_mixin.py:154} INFO - [2024-03-23T07:25:54.962+0000] {dag.py:3722} INFO - Setting next_dagrun for example_branch_python_operator_decorator to 2024-03-22T00:00:00+00:00, run_after=2024-03-23T00:00:00+00:00
[2024-03-23T07:25:54.979+0000] {processor.py:179} INFO - Processing /home/airflow/.local/lib/python3.8/site-packages/airflow/example_dags/example_branch_operator_decorator.py took 0.096 seconds
[2024-03-23T07:26:29.189+0000] {processor.py:157} INFO - Started process (PID=3497) to work on /home/airflow/.local/lib/python3.8/site-packages/airflow/example_dags/example_branch_operator_decorator.py
[2024-03-23T07:26:29.190+0000] {processor.py:829} INFO - Processing file /home/airflow/.local/lib/python3.8/site-packages/airflow/example_dags/example_branch_operator_decorator.py for tasks to queue
[2024-03-23T07:26:29.191+0000] {logging_mixin.py:154} INFO - [2024-03-23T07:26:29.191+0000] {dagbag.py:536} INFO - Filling up the DagBag from /home/airflow/.local/lib/python3.8/site-packages/airflow/example_dags/example_branch_operator_decorator.py
[2024-03-23T07:26:29.200+0000] {processor.py:839} INFO - DAG(s) dict_keys(['example_branch_python_operator_decorator']) retrieved from /home/airflow/.local/lib/python3.8/site-packages/airflow/example_dags/example_branch_operator_decorator.py
[2024-03-23T07:26:29.218+0000] {logging_mixin.py:154} INFO - [2024-03-23T07:26:29.218+0000] {dag.py:2941} INFO - Sync 1 DAGs
[2024-03-23T07:26:29.242+0000] {logging_mixin.py:154} INFO - [2024-03-23T07:26:29.242+0000] {dag.py:3722} INFO - Setting next_dagrun for example_branch_python_operator_decorator to 2024-03-22T00:00:00+00:00, run_after=2024-03-23T00:00:00+00:00
[2024-03-23T07:26:29.258+0000] {processor.py:179} INFO - Processing /home/airflow/.local/lib/python3.8/site-packages/airflow/example_dags/example_branch_operator_decorator.py took 0.072 seconds
[2024-03-23T07:27:02.378+0000] {processor.py:157} INFO - Started process (PID=3740) to work on /home/airflow/.local/lib/python3.8/site-packages/airflow/example_dags/example_branch_operator_decorator.py
[2024-03-23T07:27:02.380+0000] {processor.py:829} INFO - Processing file /home/airflow/.local/lib/python3.8/site-packages/airflow/example_dags/example_branch_operator_decorator.py for tasks to queue
[2024-03-23T07:27:02.381+0000] {logging_mixin.py:154} INFO - [2024-03-23T07:27:02.381+0000] {dagbag.py:536} INFO - Filling up the DagBag from /home/airflow/.local/lib/python3.8/site-packages/airflow/example_dags/example_branch_operator_decorator.py
[2024-03-23T07:27:02.395+0000] {processor.py:839} INFO - DAG(s) dict_keys(['example_branch_python_operator_decorator']) retrieved from /home/airflow/.local/lib/python3.8/site-packages/airflow/example_dags/example_branch_operator_decorator.py
[2024-03-23T07:27:02.412+0000] {logging_mixin.py:154} INFO - [2024-03-23T07:27:02.412+0000] {dag.py:2941} INFO - Sync 1 DAGs
[2024-03-23T07:27:02.427+0000] {logging_mixin.py:154} INFO - [2024-03-23T07:27:02.427+0000] {dag.py:3722} INFO - Setting next_dagrun for example_branch_python_operator_decorator to 2024-03-22T00:00:00+00:00, run_after=2024-03-23T00:00:00+00:00
[2024-03-23T07:27:02.439+0000] {processor.py:179} INFO - Processing /home/airflow/.local/lib/python3.8/site-packages/airflow/example_dags/example_branch_operator_decorator.py took 0.064 seconds
[2024-03-23T07:27:35.986+0000] {processor.py:157} INFO - Started process (PID=3983) to work on /home/airflow/.local/lib/python3.8/site-packages/airflow/example_dags/example_branch_operator_decorator.py
[2024-03-23T07:27:35.987+0000] {processor.py:829} INFO - Processing file /home/airflow/.local/lib/python3.8/site-packages/airflow/example_dags/example_branch_operator_decorator.py for tasks to queue
[2024-03-23T07:27:35.988+0000] {logging_mixin.py:154} INFO - [2024-03-23T07:27:35.988+0000] {dagbag.py:536} INFO - Filling up the DagBag from /home/airflow/.local/lib/python3.8/site-packages/airflow/example_dags/example_branch_operator_decorator.py
[2024-03-23T07:27:36.002+0000] {processor.py:839} INFO - DAG(s) dict_keys(['example_branch_python_operator_decorator']) retrieved from /home/airflow/.local/lib/python3.8/site-packages/airflow/example_dags/example_branch_operator_decorator.py
[2024-03-23T07:27:36.020+0000] {logging_mixin.py:154} INFO - [2024-03-23T07:27:36.020+0000] {dag.py:2941} INFO - Sync 1 DAGs
[2024-03-23T07:27:36.042+0000] {logging_mixin.py:154} INFO - [2024-03-23T07:27:36.042+0000] {dag.py:3722} INFO - Setting next_dagrun for example_branch_python_operator_decorator to 2024-03-22T00:00:00+00:00, run_after=2024-03-23T00:00:00+00:00
[2024-03-23T07:27:36.056+0000] {processor.py:179} INFO - Processing /home/airflow/.local/lib/python3.8/site-packages/airflow/example_dags/example_branch_operator_decorator.py took 0.072 seconds
[2024-03-23T07:28:10.047+0000] {processor.py:157} INFO - Started process (PID=4226) to work on /home/airflow/.local/lib/python3.8/site-packages/airflow/example_dags/example_branch_operator_decorator.py
[2024-03-23T07:28:10.048+0000] {processor.py:829} INFO - Processing file /home/airflow/.local/lib/python3.8/site-packages/airflow/example_dags/example_branch_operator_decorator.py for tasks to queue
[2024-03-23T07:28:10.049+0000] {logging_mixin.py:154} INFO - [2024-03-23T07:28:10.049+0000] {dagbag.py:536} INFO - Filling up the DagBag from /home/airflow/.local/lib/python3.8/site-packages/airflow/example_dags/example_branch_operator_decorator.py
[2024-03-23T07:28:10.055+0000] {processor.py:839} INFO - DAG(s) dict_keys(['example_branch_python_operator_decorator']) retrieved from /home/airflow/.local/lib/python3.8/site-packages/airflow/example_dags/example_branch_operator_decorator.py
[2024-03-23T07:28:10.068+0000] {logging_mixin.py:154} INFO - [2024-03-23T07:28:10.068+0000] {dag.py:2941} INFO - Sync 1 DAGs
[2024-03-23T07:28:10.082+0000] {logging_mixin.py:154} INFO - [2024-03-23T07:28:10.081+0000] {dag.py:3722} INFO - Setting next_dagrun for example_branch_python_operator_decorator to 2024-03-22T00:00:00+00:00, run_after=2024-03-23T00:00:00+00:00
[2024-03-23T07:28:10.103+0000] {processor.py:179} INFO - Processing /home/airflow/.local/lib/python3.8/site-packages/airflow/example_dags/example_branch_operator_decorator.py took 0.057 seconds
[2024-03-23T07:28:40.655+0000] {processor.py:157} INFO - Started process (PID=4469) to work on /home/airflow/.local/lib/python3.8/site-packages/airflow/example_dags/example_branch_operator_decorator.py
[2024-03-23T07:28:40.658+0000] {processor.py:829} INFO - Processing file /home/airflow/.local/lib/python3.8/site-packages/airflow/example_dags/example_branch_operator_decorator.py for tasks to queue
[2024-03-23T07:28:40.659+0000] {logging_mixin.py:154} INFO - [2024-03-23T07:28:40.659+0000] {dagbag.py:536} INFO - Filling up the DagBag from /home/airflow/.local/lib/python3.8/site-packages/airflow/example_dags/example_branch_operator_decorator.py
[2024-03-23T07:28:40.667+0000] {processor.py:839} INFO - DAG(s) dict_keys(['example_branch_python_operator_decorator']) retrieved from /home/airflow/.local/lib/python3.8/site-packages/airflow/example_dags/example_branch_operator_decorator.py
[2024-03-23T07:28:40.684+0000] {logging_mixin.py:154} INFO - [2024-03-23T07:28:40.683+0000] {dag.py:2941} INFO - Sync 1 DAGs
[2024-03-23T07:28:40.700+0000] {logging_mixin.py:154} INFO - [2024-03-23T07:28:40.700+0000] {dag.py:3722} INFO - Setting next_dagrun for example_branch_python_operator_decorator to 2024-03-22T00:00:00+00:00, run_after=2024-03-23T00:00:00+00:00
[2024-03-23T07:28:40.712+0000] {processor.py:179} INFO - Processing /home/airflow/.local/lib/python3.8/site-packages/airflow/example_dags/example_branch_operator_decorator.py took 0.060 seconds
[2024-03-23T07:29:11.663+0000] {processor.py:157} INFO - Started process (PID=4712) to work on /home/airflow/.local/lib/python3.8/site-packages/airflow/example_dags/example_branch_operator_decorator.py
[2024-03-23T07:29:11.664+0000] {processor.py:829} INFO - Processing file /home/airflow/.local/lib/python3.8/site-packages/airflow/example_dags/example_branch_operator_decorator.py for tasks to queue
[2024-03-23T07:29:11.665+0000] {logging_mixin.py:154} INFO - [2024-03-23T07:29:11.664+0000] {dagbag.py:536} INFO - Filling up the DagBag from /home/airflow/.local/lib/python3.8/site-packages/airflow/example_dags/example_branch_operator_decorator.py
[2024-03-23T07:29:11.670+0000] {processor.py:839} INFO - DAG(s) dict_keys(['example_branch_python_operator_decorator']) retrieved from /home/airflow/.local/lib/python3.8/site-packages/airflow/example_dags/example_branch_operator_decorator.py
[2024-03-23T07:29:11.682+0000] {logging_mixin.py:154} INFO - [2024-03-23T07:29:11.682+0000] {dag.py:2941} INFO - Sync 1 DAGs
[2024-03-23T07:29:11.697+0000] {logging_mixin.py:154} INFO - [2024-03-23T07:29:11.697+0000] {dag.py:3722} INFO - Setting next_dagrun for example_branch_python_operator_decorator to 2024-03-22T00:00:00+00:00, run_after=2024-03-23T00:00:00+00:00
[2024-03-23T07:29:11.706+0000] {processor.py:179} INFO - Processing /home/airflow/.local/lib/python3.8/site-packages/airflow/example_dags/example_branch_operator_decorator.py took 0.045 seconds
[2024-03-23T07:29:37.336+0000] {processor.py:157} INFO - Started process (PID=311) to work on /home/airflow/.local/lib/python3.8/site-packages/airflow/example_dags/example_branch_operator_decorator.py
[2024-03-23T07:29:37.338+0000] {processor.py:829} INFO - Processing file /home/airflow/.local/lib/python3.8/site-packages/airflow/example_dags/example_branch_operator_decorator.py for tasks to queue
[2024-03-23T07:29:37.338+0000] {logging_mixin.py:154} INFO - [2024-03-23T07:29:37.338+0000] {dagbag.py:536} INFO - Filling up the DagBag from /home/airflow/.local/lib/python3.8/site-packages/airflow/example_dags/example_branch_operator_decorator.py
[2024-03-23T07:29:37.344+0000] {processor.py:839} INFO - DAG(s) dict_keys(['example_branch_python_operator_decorator']) retrieved from /home/airflow/.local/lib/python3.8/site-packages/airflow/example_dags/example_branch_operator_decorator.py
[2024-03-23T07:29:37.357+0000] {logging_mixin.py:154} INFO - [2024-03-23T07:29:37.357+0000] {dag.py:2941} INFO - Sync 1 DAGs
[2024-03-23T07:29:37.371+0000] {logging_mixin.py:154} INFO - [2024-03-23T07:29:37.371+0000] {dag.py:3722} INFO - Setting next_dagrun for example_branch_python_operator_decorator to 2024-03-22T00:00:00+00:00, run_after=2024-03-23T00:00:00+00:00
[2024-03-23T07:29:37.381+0000] {processor.py:179} INFO - Processing /home/airflow/.local/lib/python3.8/site-packages/airflow/example_dags/example_branch_operator_decorator.py took 0.047 seconds
