[2024-03-23T07:19:33.629+0000] {processor.py:157} INFO - Started process (PID=257) to work on /home/airflow/.local/lib/python3.8/site-packages/airflow/example_dags/example_dag_decorator.py
[2024-03-23T07:19:33.630+0000] {processor.py:829} INFO - Processing file /home/airflow/.local/lib/python3.8/site-packages/airflow/example_dags/example_dag_decorator.py for tasks to queue
[2024-03-23T07:19:33.631+0000] {logging_mixin.py:154} INFO - [2024-03-23T07:19:33.631+0000] {dagbag.py:536} INFO - Filling up the DagBag from /home/airflow/.local/lib/python3.8/site-packages/airflow/example_dags/example_dag_decorator.py
[2024-03-23T07:19:33.749+0000] {processor.py:839} INFO - DAG(s) dict_keys(['example_dag_decorator']) retrieved from /home/airflow/.local/lib/python3.8/site-packages/airflow/example_dags/example_dag_decorator.py
[2024-03-23T07:19:33.815+0000] {logging_mixin.py:154} INFO - [2024-03-23T07:19:33.815+0000] {manager.py:499} INFO - Created Permission View: %s
[2024-03-23T07:19:33.821+0000] {logging_mixin.py:154} INFO - [2024-03-23T07:19:33.821+0000] {manager.py:499} INFO - Created Permission View: %s
[2024-03-23T07:19:33.825+0000] {logging_mixin.py:154} INFO - [2024-03-23T07:19:33.825+0000] {manager.py:499} INFO - Created Permission View: %s
[2024-03-23T07:19:33.829+0000] {logging_mixin.py:154} INFO - [2024-03-23T07:19:33.829+0000] {dag.py:2941} INFO - Sync 1 DAGs
[2024-03-23T07:19:33.836+0000] {logging_mixin.py:154} INFO - [2024-03-23T07:19:33.836+0000] {dag.py:2963} INFO - Creating ORM DAG for example_dag_decorator
[2024-03-23T07:19:33.837+0000] {logging_mixin.py:154} INFO - [2024-03-23T07:19:33.837+0000] {dag.py:3722} INFO - Setting next_dagrun for example_dag_decorator to None, run_after=None
[2024-03-23T07:19:33.851+0000] {processor.py:179} INFO - Processing /home/airflow/.local/lib/python3.8/site-packages/airflow/example_dags/example_dag_decorator.py took 0.224 seconds
[2024-03-23T07:20:04.513+0000] {processor.py:157} INFO - Started process (PID=502) to work on /home/airflow/.local/lib/python3.8/site-packages/airflow/example_dags/example_dag_decorator.py
[2024-03-23T07:20:04.513+0000] {processor.py:829} INFO - Processing file /home/airflow/.local/lib/python3.8/site-packages/airflow/example_dags/example_dag_decorator.py for tasks to queue
[2024-03-23T07:20:04.514+0000] {logging_mixin.py:154} INFO - [2024-03-23T07:20:04.514+0000] {dagbag.py:536} INFO - Filling up the DagBag from /home/airflow/.local/lib/python3.8/site-packages/airflow/example_dags/example_dag_decorator.py
[2024-03-23T07:20:04.571+0000] {processor.py:839} INFO - DAG(s) dict_keys(['example_dag_decorator']) retrieved from /home/airflow/.local/lib/python3.8/site-packages/airflow/example_dags/example_dag_decorator.py
[2024-03-23T07:20:04.637+0000] {logging_mixin.py:154} INFO - [2024-03-23T07:20:04.636+0000] {dag.py:2941} INFO - Sync 1 DAGs
[2024-03-23T07:20:04.642+0000] {logging_mixin.py:154} INFO - [2024-03-23T07:20:04.642+0000] {dag.py:3722} INFO - Setting next_dagrun for example_dag_decorator to None, run_after=None
[2024-03-23T07:20:04.652+0000] {processor.py:179} INFO - Processing /home/airflow/.local/lib/python3.8/site-packages/airflow/example_dags/example_dag_decorator.py took 0.141 seconds
[2024-03-23T07:20:35.693+0000] {processor.py:157} INFO - Started process (PID=743) to work on /home/airflow/.local/lib/python3.8/site-packages/airflow/example_dags/example_dag_decorator.py
[2024-03-23T07:20:35.694+0000] {processor.py:829} INFO - Processing file /home/airflow/.local/lib/python3.8/site-packages/airflow/example_dags/example_dag_decorator.py for tasks to queue
[2024-03-23T07:20:35.694+0000] {logging_mixin.py:154} INFO - [2024-03-23T07:20:35.694+0000] {dagbag.py:536} INFO - Filling up the DagBag from /home/airflow/.local/lib/python3.8/site-packages/airflow/example_dags/example_dag_decorator.py
[2024-03-23T07:20:35.743+0000] {processor.py:839} INFO - DAG(s) dict_keys(['example_dag_decorator']) retrieved from /home/airflow/.local/lib/python3.8/site-packages/airflow/example_dags/example_dag_decorator.py
[2024-03-23T07:20:35.829+0000] {logging_mixin.py:154} INFO - [2024-03-23T07:20:35.829+0000] {dag.py:2941} INFO - Sync 1 DAGs
[2024-03-23T07:20:35.986+0000] {logging_mixin.py:154} INFO - [2024-03-23T07:20:35.986+0000] {dag.py:3722} INFO - Setting next_dagrun for example_dag_decorator to None, run_after=None
[2024-03-23T07:20:35.996+0000] {processor.py:179} INFO - Processing /home/airflow/.local/lib/python3.8/site-packages/airflow/example_dags/example_dag_decorator.py took 0.305 seconds
[2024-03-23T07:21:06.211+0000] {processor.py:157} INFO - Started process (PID=986) to work on /home/airflow/.local/lib/python3.8/site-packages/airflow/example_dags/example_dag_decorator.py
[2024-03-23T07:21:06.212+0000] {processor.py:829} INFO - Processing file /home/airflow/.local/lib/python3.8/site-packages/airflow/example_dags/example_dag_decorator.py for tasks to queue
[2024-03-23T07:21:06.213+0000] {logging_mixin.py:154} INFO - [2024-03-23T07:21:06.212+0000] {dagbag.py:536} INFO - Filling up the DagBag from /home/airflow/.local/lib/python3.8/site-packages/airflow/example_dags/example_dag_decorator.py
[2024-03-23T07:21:06.268+0000] {processor.py:839} INFO - DAG(s) dict_keys(['example_dag_decorator']) retrieved from /home/airflow/.local/lib/python3.8/site-packages/airflow/example_dags/example_dag_decorator.py
[2024-03-23T07:21:06.322+0000] {logging_mixin.py:154} INFO - [2024-03-23T07:21:06.322+0000] {dag.py:2941} INFO - Sync 1 DAGs
[2024-03-23T07:21:06.329+0000] {logging_mixin.py:154} INFO - [2024-03-23T07:21:06.329+0000] {dag.py:3722} INFO - Setting next_dagrun for example_dag_decorator to None, run_after=None
[2024-03-23T07:21:06.339+0000] {processor.py:179} INFO - Processing /home/airflow/.local/lib/python3.8/site-packages/airflow/example_dags/example_dag_decorator.py took 0.129 seconds
[2024-03-23T07:21:37.130+0000] {processor.py:157} INFO - Started process (PID=1229) to work on /home/airflow/.local/lib/python3.8/site-packages/airflow/example_dags/example_dag_decorator.py
[2024-03-23T07:21:37.131+0000] {processor.py:829} INFO - Processing file /home/airflow/.local/lib/python3.8/site-packages/airflow/example_dags/example_dag_decorator.py for tasks to queue
[2024-03-23T07:21:37.132+0000] {logging_mixin.py:154} INFO - [2024-03-23T07:21:37.132+0000] {dagbag.py:536} INFO - Filling up the DagBag from /home/airflow/.local/lib/python3.8/site-packages/airflow/example_dags/example_dag_decorator.py
[2024-03-23T07:21:37.172+0000] {processor.py:839} INFO - DAG(s) dict_keys(['example_dag_decorator']) retrieved from /home/airflow/.local/lib/python3.8/site-packages/airflow/example_dags/example_dag_decorator.py
[2024-03-23T07:21:37.303+0000] {logging_mixin.py:154} INFO - [2024-03-23T07:21:37.303+0000] {dag.py:2941} INFO - Sync 1 DAGs
[2024-03-23T07:21:37.316+0000] {logging_mixin.py:154} INFO - [2024-03-23T07:21:37.316+0000] {dag.py:3722} INFO - Setting next_dagrun for example_dag_decorator to None, run_after=None
[2024-03-23T07:21:37.336+0000] {processor.py:179} INFO - Processing /home/airflow/.local/lib/python3.8/site-packages/airflow/example_dags/example_dag_decorator.py took 0.208 seconds
[2024-03-23T07:22:07.690+0000] {processor.py:157} INFO - Started process (PID=1475) to work on /home/airflow/.local/lib/python3.8/site-packages/airflow/example_dags/example_dag_decorator.py
[2024-03-23T07:22:07.694+0000] {processor.py:829} INFO - Processing file /home/airflow/.local/lib/python3.8/site-packages/airflow/example_dags/example_dag_decorator.py for tasks to queue
[2024-03-23T07:22:07.694+0000] {logging_mixin.py:154} INFO - [2024-03-23T07:22:07.694+0000] {dagbag.py:536} INFO - Filling up the DagBag from /home/airflow/.local/lib/python3.8/site-packages/airflow/example_dags/example_dag_decorator.py
[2024-03-23T07:22:07.756+0000] {processor.py:839} INFO - DAG(s) dict_keys(['example_dag_decorator']) retrieved from /home/airflow/.local/lib/python3.8/site-packages/airflow/example_dags/example_dag_decorator.py
[2024-03-23T07:22:07.771+0000] {logging_mixin.py:154} INFO - [2024-03-23T07:22:07.771+0000] {dag.py:2941} INFO - Sync 1 DAGs
[2024-03-23T07:22:07.782+0000] {logging_mixin.py:154} INFO - [2024-03-23T07:22:07.782+0000] {dag.py:3722} INFO - Setting next_dagrun for example_dag_decorator to None, run_after=None
[2024-03-23T07:22:07.793+0000] {processor.py:179} INFO - Processing /home/airflow/.local/lib/python3.8/site-packages/airflow/example_dags/example_dag_decorator.py took 0.107 seconds
[2024-03-23T07:22:38.231+0000] {processor.py:157} INFO - Started process (PID=1723) to work on /home/airflow/.local/lib/python3.8/site-packages/airflow/example_dags/example_dag_decorator.py
[2024-03-23T07:22:38.233+0000] {processor.py:829} INFO - Processing file /home/airflow/.local/lib/python3.8/site-packages/airflow/example_dags/example_dag_decorator.py for tasks to queue
[2024-03-23T07:22:38.235+0000] {logging_mixin.py:154} INFO - [2024-03-23T07:22:38.235+0000] {dagbag.py:536} INFO - Filling up the DagBag from /home/airflow/.local/lib/python3.8/site-packages/airflow/example_dags/example_dag_decorator.py
[2024-03-23T07:22:38.333+0000] {processor.py:839} INFO - DAG(s) dict_keys(['example_dag_decorator']) retrieved from /home/airflow/.local/lib/python3.8/site-packages/airflow/example_dags/example_dag_decorator.py
[2024-03-23T07:22:38.399+0000] {logging_mixin.py:154} INFO - [2024-03-23T07:22:38.399+0000] {dag.py:2941} INFO - Sync 1 DAGs
[2024-03-23T07:22:38.405+0000] {logging_mixin.py:154} INFO - [2024-03-23T07:22:38.404+0000] {dag.py:3722} INFO - Setting next_dagrun for example_dag_decorator to None, run_after=None
[2024-03-23T07:22:38.415+0000] {processor.py:179} INFO - Processing /home/airflow/.local/lib/python3.8/site-packages/airflow/example_dags/example_dag_decorator.py took 0.186 seconds
[2024-03-23T07:23:09.588+0000] {processor.py:157} INFO - Started process (PID=1966) to work on /home/airflow/.local/lib/python3.8/site-packages/airflow/example_dags/example_dag_decorator.py
[2024-03-23T07:23:09.591+0000] {processor.py:829} INFO - Processing file /home/airflow/.local/lib/python3.8/site-packages/airflow/example_dags/example_dag_decorator.py for tasks to queue
[2024-03-23T07:23:09.591+0000] {logging_mixin.py:154} INFO - [2024-03-23T07:23:09.591+0000] {dagbag.py:536} INFO - Filling up the DagBag from /home/airflow/.local/lib/python3.8/site-packages/airflow/example_dags/example_dag_decorator.py
[2024-03-23T07:23:09.633+0000] {processor.py:839} INFO - DAG(s) dict_keys(['example_dag_decorator']) retrieved from /home/airflow/.local/lib/python3.8/site-packages/airflow/example_dags/example_dag_decorator.py
[2024-03-23T07:23:09.820+0000] {logging_mixin.py:154} INFO - [2024-03-23T07:23:09.820+0000] {dag.py:2941} INFO - Sync 1 DAGs
[2024-03-23T07:23:09.832+0000] {logging_mixin.py:154} INFO - [2024-03-23T07:23:09.832+0000] {dag.py:3722} INFO - Setting next_dagrun for example_dag_decorator to None, run_after=None
[2024-03-23T07:23:09.844+0000] {processor.py:179} INFO - Processing /home/airflow/.local/lib/python3.8/site-packages/airflow/example_dags/example_dag_decorator.py took 0.259 seconds
[2024-03-23T07:23:40.546+0000] {processor.py:157} INFO - Started process (PID=2208) to work on /home/airflow/.local/lib/python3.8/site-packages/airflow/example_dags/example_dag_decorator.py
[2024-03-23T07:23:40.548+0000] {processor.py:829} INFO - Processing file /home/airflow/.local/lib/python3.8/site-packages/airflow/example_dags/example_dag_decorator.py for tasks to queue
[2024-03-23T07:23:40.549+0000] {logging_mixin.py:154} INFO - [2024-03-23T07:23:40.549+0000] {dagbag.py:536} INFO - Filling up the DagBag from /home/airflow/.local/lib/python3.8/site-packages/airflow/example_dags/example_dag_decorator.py
[2024-03-23T07:23:40.753+0000] {processor.py:839} INFO - DAG(s) dict_keys(['example_dag_decorator']) retrieved from /home/airflow/.local/lib/python3.8/site-packages/airflow/example_dags/example_dag_decorator.py
[2024-03-23T07:23:41.074+0000] {logging_mixin.py:154} INFO - [2024-03-23T07:23:41.074+0000] {dag.py:2941} INFO - Sync 1 DAGs
[2024-03-23T07:23:41.472+0000] {logging_mixin.py:154} INFO - [2024-03-23T07:23:41.472+0000] {dag.py:3722} INFO - Setting next_dagrun for example_dag_decorator to None, run_after=None
[2024-03-23T07:23:41.490+0000] {processor.py:179} INFO - Processing /home/airflow/.local/lib/python3.8/site-packages/airflow/example_dags/example_dag_decorator.py took 0.947 seconds
[2024-03-23T07:24:11.918+0000] {processor.py:157} INFO - Started process (PID=2451) to work on /home/airflow/.local/lib/python3.8/site-packages/airflow/example_dags/example_dag_decorator.py
[2024-03-23T07:24:11.925+0000] {processor.py:829} INFO - Processing file /home/airflow/.local/lib/python3.8/site-packages/airflow/example_dags/example_dag_decorator.py for tasks to queue
[2024-03-23T07:24:11.926+0000] {logging_mixin.py:154} INFO - [2024-03-23T07:24:11.926+0000] {dagbag.py:536} INFO - Filling up the DagBag from /home/airflow/.local/lib/python3.8/site-packages/airflow/example_dags/example_dag_decorator.py
[2024-03-23T07:24:11.996+0000] {processor.py:839} INFO - DAG(s) dict_keys(['example_dag_decorator']) retrieved from /home/airflow/.local/lib/python3.8/site-packages/airflow/example_dags/example_dag_decorator.py
[2024-03-23T07:24:13.346+0000] {logging_mixin.py:154} INFO - [2024-03-23T07:24:13.345+0000] {dag.py:2941} INFO - Sync 1 DAGs
[2024-03-23T07:24:13.357+0000] {logging_mixin.py:154} INFO - [2024-03-23T07:24:13.356+0000] {dag.py:3722} INFO - Setting next_dagrun for example_dag_decorator to None, run_after=None
[2024-03-23T07:24:13.395+0000] {processor.py:179} INFO - Processing /home/airflow/.local/lib/python3.8/site-packages/airflow/example_dags/example_dag_decorator.py took 1.486 seconds
[2024-03-23T07:24:44.366+0000] {processor.py:157} INFO - Started process (PID=2694) to work on /home/airflow/.local/lib/python3.8/site-packages/airflow/example_dags/example_dag_decorator.py
[2024-03-23T07:24:44.372+0000] {processor.py:829} INFO - Processing file /home/airflow/.local/lib/python3.8/site-packages/airflow/example_dags/example_dag_decorator.py for tasks to queue
[2024-03-23T07:24:44.374+0000] {logging_mixin.py:154} INFO - [2024-03-23T07:24:44.373+0000] {dagbag.py:536} INFO - Filling up the DagBag from /home/airflow/.local/lib/python3.8/site-packages/airflow/example_dags/example_dag_decorator.py
[2024-03-23T07:24:44.520+0000] {processor.py:839} INFO - DAG(s) dict_keys(['example_dag_decorator']) retrieved from /home/airflow/.local/lib/python3.8/site-packages/airflow/example_dags/example_dag_decorator.py
[2024-03-23T07:24:45.882+0000] {logging_mixin.py:154} INFO - [2024-03-23T07:24:45.882+0000] {dag.py:2941} INFO - Sync 1 DAGs
[2024-03-23T07:24:45.894+0000] {logging_mixin.py:154} INFO - [2024-03-23T07:24:45.893+0000] {dag.py:3722} INFO - Setting next_dagrun for example_dag_decorator to None, run_after=None
[2024-03-23T07:24:45.912+0000] {processor.py:179} INFO - Processing /home/airflow/.local/lib/python3.8/site-packages/airflow/example_dags/example_dag_decorator.py took 1.566 seconds
[2024-03-23T07:25:16.176+0000] {processor.py:157} INFO - Started process (PID=2942) to work on /home/airflow/.local/lib/python3.8/site-packages/airflow/example_dags/example_dag_decorator.py
[2024-03-23T07:25:16.178+0000] {processor.py:829} INFO - Processing file /home/airflow/.local/lib/python3.8/site-packages/airflow/example_dags/example_dag_decorator.py for tasks to queue
[2024-03-23T07:25:16.184+0000] {logging_mixin.py:154} INFO - [2024-03-23T07:25:16.183+0000] {dagbag.py:536} INFO - Filling up the DagBag from /home/airflow/.local/lib/python3.8/site-packages/airflow/example_dags/example_dag_decorator.py
[2024-03-23T07:25:16.720+0000] {processor.py:839} INFO - DAG(s) dict_keys(['example_dag_decorator']) retrieved from /home/airflow/.local/lib/python3.8/site-packages/airflow/example_dags/example_dag_decorator.py
[2024-03-23T07:25:20.955+0000] {logging_mixin.py:154} INFO - [2024-03-23T07:25:20.954+0000] {dag.py:2941} INFO - Sync 1 DAGs
[2024-03-23T07:25:20.990+0000] {logging_mixin.py:154} INFO - [2024-03-23T07:25:20.989+0000] {dag.py:3722} INFO - Setting next_dagrun for example_dag_decorator to None, run_after=None
[2024-03-23T07:25:21.033+0000] {processor.py:179} INFO - Processing /home/airflow/.local/lib/python3.8/site-packages/airflow/example_dags/example_dag_decorator.py took 4.862 seconds
[2024-03-23T07:25:52.159+0000] {processor.py:157} INFO - Started process (PID=3191) to work on /home/airflow/.local/lib/python3.8/site-packages/airflow/example_dags/example_dag_decorator.py
[2024-03-23T07:25:52.165+0000] {processor.py:829} INFO - Processing file /home/airflow/.local/lib/python3.8/site-packages/airflow/example_dags/example_dag_decorator.py for tasks to queue
[2024-03-23T07:25:52.166+0000] {logging_mixin.py:154} INFO - [2024-03-23T07:25:52.166+0000] {dagbag.py:536} INFO - Filling up the DagBag from /home/airflow/.local/lib/python3.8/site-packages/airflow/example_dags/example_dag_decorator.py
[2024-03-23T07:25:52.374+0000] {processor.py:839} INFO - DAG(s) dict_keys(['example_dag_decorator']) retrieved from /home/airflow/.local/lib/python3.8/site-packages/airflow/example_dags/example_dag_decorator.py
[2024-03-23T07:25:53.749+0000] {logging_mixin.py:154} INFO - [2024-03-23T07:25:53.746+0000] {dag.py:2941} INFO - Sync 1 DAGs
[2024-03-23T07:25:53.768+0000] {logging_mixin.py:154} INFO - [2024-03-23T07:25:53.768+0000] {dag.py:3722} INFO - Setting next_dagrun for example_dag_decorator to None, run_after=None
[2024-03-23T07:25:53.818+0000] {processor.py:179} INFO - Processing /home/airflow/.local/lib/python3.8/site-packages/airflow/example_dags/example_dag_decorator.py took 1.676 seconds
[2024-03-23T07:26:24.519+0000] {processor.py:157} INFO - Started process (PID=3434) to work on /home/airflow/.local/lib/python3.8/site-packages/airflow/example_dags/example_dag_decorator.py
[2024-03-23T07:26:24.521+0000] {processor.py:829} INFO - Processing file /home/airflow/.local/lib/python3.8/site-packages/airflow/example_dags/example_dag_decorator.py for tasks to queue
[2024-03-23T07:26:24.531+0000] {logging_mixin.py:154} INFO - [2024-03-23T07:26:24.523+0000] {dagbag.py:536} INFO - Filling up the DagBag from /home/airflow/.local/lib/python3.8/site-packages/airflow/example_dags/example_dag_decorator.py
[2024-03-23T07:26:26.030+0000] {processor.py:839} INFO - DAG(s) dict_keys(['example_dag_decorator']) retrieved from /home/airflow/.local/lib/python3.8/site-packages/airflow/example_dags/example_dag_decorator.py
[2024-03-23T07:26:27.853+0000] {logging_mixin.py:154} INFO - [2024-03-23T07:26:27.853+0000] {dag.py:2941} INFO - Sync 1 DAGs
[2024-03-23T07:26:27.886+0000] {logging_mixin.py:154} INFO - [2024-03-23T07:26:27.885+0000] {dag.py:3722} INFO - Setting next_dagrun for example_dag_decorator to None, run_after=None
[2024-03-23T07:26:27.929+0000] {processor.py:179} INFO - Processing /home/airflow/.local/lib/python3.8/site-packages/airflow/example_dags/example_dag_decorator.py took 3.383 seconds
[2024-03-23T07:26:59.287+0000] {processor.py:157} INFO - Started process (PID=3678) to work on /home/airflow/.local/lib/python3.8/site-packages/airflow/example_dags/example_dag_decorator.py
[2024-03-23T07:26:59.307+0000] {processor.py:829} INFO - Processing file /home/airflow/.local/lib/python3.8/site-packages/airflow/example_dags/example_dag_decorator.py for tasks to queue
[2024-03-23T07:26:59.315+0000] {logging_mixin.py:154} INFO - [2024-03-23T07:26:59.311+0000] {dagbag.py:536} INFO - Filling up the DagBag from /home/airflow/.local/lib/python3.8/site-packages/airflow/example_dags/example_dag_decorator.py
[2024-03-23T07:26:59.746+0000] {processor.py:839} INFO - DAG(s) dict_keys(['example_dag_decorator']) retrieved from /home/airflow/.local/lib/python3.8/site-packages/airflow/example_dags/example_dag_decorator.py
[2024-03-23T07:27:00.135+0000] {logging_mixin.py:154} INFO - [2024-03-23T07:27:00.134+0000] {dag.py:2941} INFO - Sync 1 DAGs
[2024-03-23T07:27:01.755+0000] {logging_mixin.py:154} INFO - [2024-03-23T07:27:01.755+0000] {dag.py:3722} INFO - Setting next_dagrun for example_dag_decorator to None, run_after=None
[2024-03-23T07:27:01.794+0000] {processor.py:179} INFO - Processing /home/airflow/.local/lib/python3.8/site-packages/airflow/example_dags/example_dag_decorator.py took 2.558 seconds
[2024-03-23T07:27:32.644+0000] {processor.py:157} INFO - Started process (PID=3928) to work on /home/airflow/.local/lib/python3.8/site-packages/airflow/example_dags/example_dag_decorator.py
[2024-03-23T07:27:32.649+0000] {processor.py:829} INFO - Processing file /home/airflow/.local/lib/python3.8/site-packages/airflow/example_dags/example_dag_decorator.py for tasks to queue
[2024-03-23T07:27:32.651+0000] {logging_mixin.py:154} INFO - [2024-03-23T07:27:32.650+0000] {dagbag.py:536} INFO - Filling up the DagBag from /home/airflow/.local/lib/python3.8/site-packages/airflow/example_dags/example_dag_decorator.py
[2024-03-23T07:27:33.175+0000] {processor.py:839} INFO - DAG(s) dict_keys(['example_dag_decorator']) retrieved from /home/airflow/.local/lib/python3.8/site-packages/airflow/example_dags/example_dag_decorator.py
[2024-03-23T07:27:35.190+0000] {logging_mixin.py:154} INFO - [2024-03-23T07:27:35.172+0000] {dag.py:2941} INFO - Sync 1 DAGs
[2024-03-23T07:27:35.206+0000] {logging_mixin.py:154} INFO - [2024-03-23T07:27:35.205+0000] {dag.py:3722} INFO - Setting next_dagrun for example_dag_decorator to None, run_after=None
[2024-03-23T07:27:35.242+0000] {processor.py:179} INFO - Processing /home/airflow/.local/lib/python3.8/site-packages/airflow/example_dags/example_dag_decorator.py took 2.640 seconds
[2024-03-23T07:28:06.688+0000] {processor.py:157} INFO - Started process (PID=4171) to work on /home/airflow/.local/lib/python3.8/site-packages/airflow/example_dags/example_dag_decorator.py
[2024-03-23T07:28:06.697+0000] {processor.py:829} INFO - Processing file /home/airflow/.local/lib/python3.8/site-packages/airflow/example_dags/example_dag_decorator.py for tasks to queue
[2024-03-23T07:28:06.706+0000] {logging_mixin.py:154} INFO - [2024-03-23T07:28:06.700+0000] {dagbag.py:536} INFO - Filling up the DagBag from /home/airflow/.local/lib/python3.8/site-packages/airflow/example_dags/example_dag_decorator.py
[2024-03-23T07:28:07.232+0000] {processor.py:839} INFO - DAG(s) dict_keys(['example_dag_decorator']) retrieved from /home/airflow/.local/lib/python3.8/site-packages/airflow/example_dags/example_dag_decorator.py
[2024-03-23T07:28:09.277+0000] {logging_mixin.py:154} INFO - [2024-03-23T07:28:09.277+0000] {dag.py:2941} INFO - Sync 1 DAGs
[2024-03-23T07:28:09.296+0000] {logging_mixin.py:154} INFO - [2024-03-23T07:28:09.296+0000] {dag.py:3722} INFO - Setting next_dagrun for example_dag_decorator to None, run_after=None
[2024-03-23T07:28:09.313+0000] {processor.py:179} INFO - Processing /home/airflow/.local/lib/python3.8/site-packages/airflow/example_dags/example_dag_decorator.py took 2.678 seconds
[2024-03-23T07:28:39.595+0000] {processor.py:157} INFO - Started process (PID=4414) to work on /home/airflow/.local/lib/python3.8/site-packages/airflow/example_dags/example_dag_decorator.py
[2024-03-23T07:28:39.598+0000] {processor.py:829} INFO - Processing file /home/airflow/.local/lib/python3.8/site-packages/airflow/example_dags/example_dag_decorator.py for tasks to queue
[2024-03-23T07:28:39.601+0000] {logging_mixin.py:154} INFO - [2024-03-23T07:28:39.599+0000] {dagbag.py:536} INFO - Filling up the DagBag from /home/airflow/.local/lib/python3.8/site-packages/airflow/example_dags/example_dag_decorator.py
[2024-03-23T07:28:39.766+0000] {processor.py:839} INFO - DAG(s) dict_keys(['example_dag_decorator']) retrieved from /home/airflow/.local/lib/python3.8/site-packages/airflow/example_dags/example_dag_decorator.py
[2024-03-23T07:28:40.200+0000] {logging_mixin.py:154} INFO - [2024-03-23T07:28:40.200+0000] {dag.py:2941} INFO - Sync 1 DAGs
[2024-03-23T07:28:40.217+0000] {logging_mixin.py:154} INFO - [2024-03-23T07:28:40.217+0000] {dag.py:3722} INFO - Setting next_dagrun for example_dag_decorator to None, run_after=None
[2024-03-23T07:28:40.240+0000] {processor.py:179} INFO - Processing /home/airflow/.local/lib/python3.8/site-packages/airflow/example_dags/example_dag_decorator.py took 0.653 seconds
[2024-03-23T07:29:10.918+0000] {processor.py:157} INFO - Started process (PID=4657) to work on /home/airflow/.local/lib/python3.8/site-packages/airflow/example_dags/example_dag_decorator.py
[2024-03-23T07:29:10.920+0000] {processor.py:829} INFO - Processing file /home/airflow/.local/lib/python3.8/site-packages/airflow/example_dags/example_dag_decorator.py for tasks to queue
[2024-03-23T07:29:10.922+0000] {logging_mixin.py:154} INFO - [2024-03-23T07:29:10.921+0000] {dagbag.py:536} INFO - Filling up the DagBag from /home/airflow/.local/lib/python3.8/site-packages/airflow/example_dags/example_dag_decorator.py
[2024-03-23T07:29:11.012+0000] {processor.py:839} INFO - DAG(s) dict_keys(['example_dag_decorator']) retrieved from /home/airflow/.local/lib/python3.8/site-packages/airflow/example_dags/example_dag_decorator.py
[2024-03-23T07:29:11.319+0000] {logging_mixin.py:154} INFO - [2024-03-23T07:29:11.319+0000] {dag.py:2941} INFO - Sync 1 DAGs
[2024-03-23T07:29:11.326+0000] {logging_mixin.py:154} INFO - [2024-03-23T07:29:11.325+0000] {dag.py:3722} INFO - Setting next_dagrun for example_dag_decorator to None, run_after=None
[2024-03-23T07:29:11.336+0000] {processor.py:179} INFO - Processing /home/airflow/.local/lib/python3.8/site-packages/airflow/example_dags/example_dag_decorator.py took 0.425 seconds
[2024-03-23T07:29:36.889+0000] {processor.py:157} INFO - Started process (PID=256) to work on /home/airflow/.local/lib/python3.8/site-packages/airflow/example_dags/example_dag_decorator.py
[2024-03-23T07:29:36.890+0000] {processor.py:829} INFO - Processing file /home/airflow/.local/lib/python3.8/site-packages/airflow/example_dags/example_dag_decorator.py for tasks to queue
[2024-03-23T07:29:36.891+0000] {logging_mixin.py:154} INFO - [2024-03-23T07:29:36.890+0000] {dagbag.py:536} INFO - Filling up the DagBag from /home/airflow/.local/lib/python3.8/site-packages/airflow/example_dags/example_dag_decorator.py
[2024-03-23T07:29:36.934+0000] {processor.py:839} INFO - DAG(s) dict_keys(['example_dag_decorator']) retrieved from /home/airflow/.local/lib/python3.8/site-packages/airflow/example_dags/example_dag_decorator.py
[2024-03-23T07:29:36.943+0000] {logging_mixin.py:154} INFO - [2024-03-23T07:29:36.943+0000] {dag.py:2941} INFO - Sync 1 DAGs
[2024-03-23T07:29:36.950+0000] {logging_mixin.py:154} INFO - [2024-03-23T07:29:36.950+0000] {dag.py:3722} INFO - Setting next_dagrun for example_dag_decorator to None, run_after=None
[2024-03-23T07:29:36.960+0000] {processor.py:179} INFO - Processing /home/airflow/.local/lib/python3.8/site-packages/airflow/example_dags/example_dag_decorator.py took 0.072 seconds
