[2024-03-23T07:19:34.016+0000] {processor.py:157} INFO - Started process (PID=277) to work on /home/airflow/.local/lib/python3.8/site-packages/airflow/example_dags/example_sensor_decorator.py
[2024-03-23T07:19:34.020+0000] {processor.py:829} INFO - Processing file /home/airflow/.local/lib/python3.8/site-packages/airflow/example_dags/example_sensor_decorator.py for tasks to queue
[2024-03-23T07:19:34.024+0000] {logging_mixin.py:154} INFO - [2024-03-23T07:19:34.024+0000] {dagbag.py:536} INFO - Filling up the DagBag from /home/airflow/.local/lib/python3.8/site-packages/airflow/example_dags/example_sensor_decorator.py
[2024-03-23T07:19:34.033+0000] {processor.py:839} INFO - DAG(s) dict_keys(['example_sensor_decorator']) retrieved from /home/airflow/.local/lib/python3.8/site-packages/airflow/example_dags/example_sensor_decorator.py
[2024-03-23T07:19:34.099+0000] {logging_mixin.py:154} INFO - [2024-03-23T07:19:34.099+0000] {manager.py:499} INFO - Created Permission View: %s
[2024-03-23T07:19:34.105+0000] {logging_mixin.py:154} INFO - [2024-03-23T07:19:34.105+0000] {manager.py:499} INFO - Created Permission View: %s
[2024-03-23T07:19:34.109+0000] {logging_mixin.py:154} INFO - [2024-03-23T07:19:34.109+0000] {manager.py:499} INFO - Created Permission View: %s
[2024-03-23T07:19:34.109+0000] {logging_mixin.py:154} INFO - [2024-03-23T07:19:34.109+0000] {dag.py:2941} INFO - Sync 1 DAGs
[2024-03-23T07:19:34.118+0000] {logging_mixin.py:154} INFO - [2024-03-23T07:19:34.118+0000] {dag.py:2963} INFO - Creating ORM DAG for example_sensor_decorator
[2024-03-23T07:19:34.119+0000] {logging_mixin.py:154} INFO - [2024-03-23T07:19:34.118+0000] {dag.py:3722} INFO - Setting next_dagrun for example_sensor_decorator to None, run_after=None
[2024-03-23T07:19:34.131+0000] {processor.py:179} INFO - Processing /home/airflow/.local/lib/python3.8/site-packages/airflow/example_dags/example_sensor_decorator.py took 0.120 seconds
[2024-03-23T07:20:04.815+0000] {processor.py:157} INFO - Started process (PID=522) to work on /home/airflow/.local/lib/python3.8/site-packages/airflow/example_dags/example_sensor_decorator.py
[2024-03-23T07:20:04.816+0000] {processor.py:829} INFO - Processing file /home/airflow/.local/lib/python3.8/site-packages/airflow/example_dags/example_sensor_decorator.py for tasks to queue
[2024-03-23T07:20:04.817+0000] {logging_mixin.py:154} INFO - [2024-03-23T07:20:04.817+0000] {dagbag.py:536} INFO - Filling up the DagBag from /home/airflow/.local/lib/python3.8/site-packages/airflow/example_dags/example_sensor_decorator.py
[2024-03-23T07:20:04.821+0000] {processor.py:839} INFO - DAG(s) dict_keys(['example_sensor_decorator']) retrieved from /home/airflow/.local/lib/python3.8/site-packages/airflow/example_dags/example_sensor_decorator.py
[2024-03-23T07:20:04.833+0000] {logging_mixin.py:154} INFO - [2024-03-23T07:20:04.833+0000] {dag.py:2941} INFO - Sync 1 DAGs
[2024-03-23T07:20:04.843+0000] {logging_mixin.py:154} INFO - [2024-03-23T07:20:04.843+0000] {dag.py:3722} INFO - Setting next_dagrun for example_sensor_decorator to None, run_after=None
[2024-03-23T07:20:04.855+0000] {processor.py:179} INFO - Processing /home/airflow/.local/lib/python3.8/site-packages/airflow/example_dags/example_sensor_decorator.py took 0.042 seconds
[2024-03-23T07:20:36.013+0000] {processor.py:157} INFO - Started process (PID=763) to work on /home/airflow/.local/lib/python3.8/site-packages/airflow/example_dags/example_sensor_decorator.py
[2024-03-23T07:20:36.013+0000] {processor.py:829} INFO - Processing file /home/airflow/.local/lib/python3.8/site-packages/airflow/example_dags/example_sensor_decorator.py for tasks to queue
[2024-03-23T07:20:36.014+0000] {logging_mixin.py:154} INFO - [2024-03-23T07:20:36.014+0000] {dagbag.py:536} INFO - Filling up the DagBag from /home/airflow/.local/lib/python3.8/site-packages/airflow/example_dags/example_sensor_decorator.py
[2024-03-23T07:20:36.020+0000] {processor.py:839} INFO - DAG(s) dict_keys(['example_sensor_decorator']) retrieved from /home/airflow/.local/lib/python3.8/site-packages/airflow/example_dags/example_sensor_decorator.py
[2024-03-23T07:20:36.035+0000] {logging_mixin.py:154} INFO - [2024-03-23T07:20:36.035+0000] {dag.py:2941} INFO - Sync 1 DAGs
[2024-03-23T07:20:36.042+0000] {logging_mixin.py:154} INFO - [2024-03-23T07:20:36.042+0000] {dag.py:3722} INFO - Setting next_dagrun for example_sensor_decorator to None, run_after=None
[2024-03-23T07:20:36.051+0000] {processor.py:179} INFO - Processing /home/airflow/.local/lib/python3.8/site-packages/airflow/example_dags/example_sensor_decorator.py took 0.040 seconds
[2024-03-23T07:21:06.358+0000] {processor.py:157} INFO - Started process (PID=1006) to work on /home/airflow/.local/lib/python3.8/site-packages/airflow/example_dags/example_sensor_decorator.py
[2024-03-23T07:21:06.359+0000] {processor.py:829} INFO - Processing file /home/airflow/.local/lib/python3.8/site-packages/airflow/example_dags/example_sensor_decorator.py for tasks to queue
[2024-03-23T07:21:06.360+0000] {logging_mixin.py:154} INFO - [2024-03-23T07:21:06.359+0000] {dagbag.py:536} INFO - Filling up the DagBag from /home/airflow/.local/lib/python3.8/site-packages/airflow/example_dags/example_sensor_decorator.py
[2024-03-23T07:21:06.363+0000] {processor.py:839} INFO - DAG(s) dict_keys(['example_sensor_decorator']) retrieved from /home/airflow/.local/lib/python3.8/site-packages/airflow/example_dags/example_sensor_decorator.py
[2024-03-23T07:21:06.382+0000] {logging_mixin.py:154} INFO - [2024-03-23T07:21:06.382+0000] {dag.py:2941} INFO - Sync 1 DAGs
[2024-03-23T07:21:06.389+0000] {logging_mixin.py:154} INFO - [2024-03-23T07:21:06.389+0000] {dag.py:3722} INFO - Setting next_dagrun for example_sensor_decorator to None, run_after=None
[2024-03-23T07:21:06.399+0000] {processor.py:179} INFO - Processing /home/airflow/.local/lib/python3.8/site-packages/airflow/example_dags/example_sensor_decorator.py took 0.042 seconds
[2024-03-23T07:21:37.398+0000] {processor.py:157} INFO - Started process (PID=1249) to work on /home/airflow/.local/lib/python3.8/site-packages/airflow/example_dags/example_sensor_decorator.py
[2024-03-23T07:21:37.399+0000] {processor.py:829} INFO - Processing file /home/airflow/.local/lib/python3.8/site-packages/airflow/example_dags/example_sensor_decorator.py for tasks to queue
[2024-03-23T07:21:37.399+0000] {logging_mixin.py:154} INFO - [2024-03-23T07:21:37.399+0000] {dagbag.py:536} INFO - Filling up the DagBag from /home/airflow/.local/lib/python3.8/site-packages/airflow/example_dags/example_sensor_decorator.py
[2024-03-23T07:21:37.402+0000] {processor.py:839} INFO - DAG(s) dict_keys(['example_sensor_decorator']) retrieved from /home/airflow/.local/lib/python3.8/site-packages/airflow/example_dags/example_sensor_decorator.py
[2024-03-23T07:21:37.414+0000] {logging_mixin.py:154} INFO - [2024-03-23T07:21:37.414+0000] {dag.py:2941} INFO - Sync 1 DAGs
[2024-03-23T07:21:37.420+0000] {logging_mixin.py:154} INFO - [2024-03-23T07:21:37.420+0000] {dag.py:3722} INFO - Setting next_dagrun for example_sensor_decorator to None, run_after=None
[2024-03-23T07:21:37.429+0000] {processor.py:179} INFO - Processing /home/airflow/.local/lib/python3.8/site-packages/airflow/example_dags/example_sensor_decorator.py took 0.033 seconds
[2024-03-23T07:22:07.929+0000] {processor.py:157} INFO - Started process (PID=1494) to work on /home/airflow/.local/lib/python3.8/site-packages/airflow/example_dags/example_sensor_decorator.py
[2024-03-23T07:22:07.930+0000] {processor.py:829} INFO - Processing file /home/airflow/.local/lib/python3.8/site-packages/airflow/example_dags/example_sensor_decorator.py for tasks to queue
[2024-03-23T07:22:07.930+0000] {logging_mixin.py:154} INFO - [2024-03-23T07:22:07.930+0000] {dagbag.py:536} INFO - Filling up the DagBag from /home/airflow/.local/lib/python3.8/site-packages/airflow/example_dags/example_sensor_decorator.py
[2024-03-23T07:22:07.934+0000] {processor.py:839} INFO - DAG(s) dict_keys(['example_sensor_decorator']) retrieved from /home/airflow/.local/lib/python3.8/site-packages/airflow/example_dags/example_sensor_decorator.py
[2024-03-23T07:22:07.952+0000] {logging_mixin.py:154} INFO - [2024-03-23T07:22:07.952+0000] {dag.py:2941} INFO - Sync 1 DAGs
[2024-03-23T07:22:08.052+0000] {logging_mixin.py:154} INFO - [2024-03-23T07:22:08.052+0000] {dag.py:3722} INFO - Setting next_dagrun for example_sensor_decorator to None, run_after=None
[2024-03-23T07:22:08.138+0000] {processor.py:179} INFO - Processing /home/airflow/.local/lib/python3.8/site-packages/airflow/example_dags/example_sensor_decorator.py took 0.211 seconds
[2024-03-23T07:22:38.452+0000] {processor.py:157} INFO - Started process (PID=1743) to work on /home/airflow/.local/lib/python3.8/site-packages/airflow/example_dags/example_sensor_decorator.py
[2024-03-23T07:22:38.454+0000] {processor.py:829} INFO - Processing file /home/airflow/.local/lib/python3.8/site-packages/airflow/example_dags/example_sensor_decorator.py for tasks to queue
[2024-03-23T07:22:38.456+0000] {logging_mixin.py:154} INFO - [2024-03-23T07:22:38.456+0000] {dagbag.py:536} INFO - Filling up the DagBag from /home/airflow/.local/lib/python3.8/site-packages/airflow/example_dags/example_sensor_decorator.py
[2024-03-23T07:22:38.461+0000] {processor.py:839} INFO - DAG(s) dict_keys(['example_sensor_decorator']) retrieved from /home/airflow/.local/lib/python3.8/site-packages/airflow/example_dags/example_sensor_decorator.py
[2024-03-23T07:22:38.473+0000] {logging_mixin.py:154} INFO - [2024-03-23T07:22:38.473+0000] {dag.py:2941} INFO - Sync 1 DAGs
[2024-03-23T07:22:38.480+0000] {logging_mixin.py:154} INFO - [2024-03-23T07:22:38.480+0000] {dag.py:3722} INFO - Setting next_dagrun for example_sensor_decorator to None, run_after=None
[2024-03-23T07:22:38.489+0000] {processor.py:179} INFO - Processing /home/airflow/.local/lib/python3.8/site-packages/airflow/example_dags/example_sensor_decorator.py took 0.040 seconds
[2024-03-23T07:23:09.866+0000] {processor.py:157} INFO - Started process (PID=1986) to work on /home/airflow/.local/lib/python3.8/site-packages/airflow/example_dags/example_sensor_decorator.py
[2024-03-23T07:23:09.867+0000] {processor.py:829} INFO - Processing file /home/airflow/.local/lib/python3.8/site-packages/airflow/example_dags/example_sensor_decorator.py for tasks to queue
[2024-03-23T07:23:09.867+0000] {logging_mixin.py:154} INFO - [2024-03-23T07:23:09.867+0000] {dagbag.py:536} INFO - Filling up the DagBag from /home/airflow/.local/lib/python3.8/site-packages/airflow/example_dags/example_sensor_decorator.py
[2024-03-23T07:23:09.870+0000] {processor.py:839} INFO - DAG(s) dict_keys(['example_sensor_decorator']) retrieved from /home/airflow/.local/lib/python3.8/site-packages/airflow/example_dags/example_sensor_decorator.py
[2024-03-23T07:23:09.890+0000] {logging_mixin.py:154} INFO - [2024-03-23T07:23:09.889+0000] {dag.py:2941} INFO - Sync 1 DAGs
[2024-03-23T07:23:09.896+0000] {logging_mixin.py:154} INFO - [2024-03-23T07:23:09.896+0000] {dag.py:3722} INFO - Setting next_dagrun for example_sensor_decorator to None, run_after=None
[2024-03-23T07:23:09.904+0000] {processor.py:179} INFO - Processing /home/airflow/.local/lib/python3.8/site-packages/airflow/example_dags/example_sensor_decorator.py took 0.040 seconds
[2024-03-23T07:23:41.526+0000] {processor.py:157} INFO - Started process (PID=2228) to work on /home/airflow/.local/lib/python3.8/site-packages/airflow/example_dags/example_sensor_decorator.py
[2024-03-23T07:23:41.527+0000] {processor.py:829} INFO - Processing file /home/airflow/.local/lib/python3.8/site-packages/airflow/example_dags/example_sensor_decorator.py for tasks to queue
[2024-03-23T07:23:41.528+0000] {logging_mixin.py:154} INFO - [2024-03-23T07:23:41.528+0000] {dagbag.py:536} INFO - Filling up the DagBag from /home/airflow/.local/lib/python3.8/site-packages/airflow/example_dags/example_sensor_decorator.py
[2024-03-23T07:23:41.533+0000] {processor.py:839} INFO - DAG(s) dict_keys(['example_sensor_decorator']) retrieved from /home/airflow/.local/lib/python3.8/site-packages/airflow/example_dags/example_sensor_decorator.py
[2024-03-23T07:23:41.546+0000] {logging_mixin.py:154} INFO - [2024-03-23T07:23:41.546+0000] {dag.py:2941} INFO - Sync 1 DAGs
[2024-03-23T07:23:41.554+0000] {logging_mixin.py:154} INFO - [2024-03-23T07:23:41.553+0000] {dag.py:3722} INFO - Setting next_dagrun for example_sensor_decorator to None, run_after=None
[2024-03-23T07:23:41.602+0000] {processor.py:179} INFO - Processing /home/airflow/.local/lib/python3.8/site-packages/airflow/example_dags/example_sensor_decorator.py took 0.079 seconds
[2024-03-23T07:24:13.583+0000] {processor.py:157} INFO - Started process (PID=2466) to work on /home/airflow/.local/lib/python3.8/site-packages/airflow/example_dags/example_sensor_decorator.py
[2024-03-23T07:24:13.586+0000] {processor.py:829} INFO - Processing file /home/airflow/.local/lib/python3.8/site-packages/airflow/example_dags/example_sensor_decorator.py for tasks to queue
[2024-03-23T07:24:13.586+0000] {logging_mixin.py:154} INFO - [2024-03-23T07:24:13.586+0000] {dagbag.py:536} INFO - Filling up the DagBag from /home/airflow/.local/lib/python3.8/site-packages/airflow/example_dags/example_sensor_decorator.py
[2024-03-23T07:24:13.635+0000] {processor.py:839} INFO - DAG(s) dict_keys(['example_sensor_decorator']) retrieved from /home/airflow/.local/lib/python3.8/site-packages/airflow/example_dags/example_sensor_decorator.py
[2024-03-23T07:24:13.653+0000] {logging_mixin.py:154} INFO - [2024-03-23T07:24:13.653+0000] {dag.py:2941} INFO - Sync 1 DAGs
[2024-03-23T07:24:13.702+0000] {logging_mixin.py:154} INFO - [2024-03-23T07:24:13.701+0000] {dag.py:3722} INFO - Setting next_dagrun for example_sensor_decorator to None, run_after=None
[2024-03-23T07:24:13.714+0000] {processor.py:179} INFO - Processing /home/airflow/.local/lib/python3.8/site-packages/airflow/example_dags/example_sensor_decorator.py took 0.136 seconds
[2024-03-23T07:24:46.086+0000] {processor.py:157} INFO - Started process (PID=2714) to work on /home/airflow/.local/lib/python3.8/site-packages/airflow/example_dags/example_sensor_decorator.py
[2024-03-23T07:24:46.087+0000] {processor.py:829} INFO - Processing file /home/airflow/.local/lib/python3.8/site-packages/airflow/example_dags/example_sensor_decorator.py for tasks to queue
[2024-03-23T07:24:46.088+0000] {logging_mixin.py:154} INFO - [2024-03-23T07:24:46.088+0000] {dagbag.py:536} INFO - Filling up the DagBag from /home/airflow/.local/lib/python3.8/site-packages/airflow/example_dags/example_sensor_decorator.py
[2024-03-23T07:24:46.091+0000] {processor.py:839} INFO - DAG(s) dict_keys(['example_sensor_decorator']) retrieved from /home/airflow/.local/lib/python3.8/site-packages/airflow/example_dags/example_sensor_decorator.py
[2024-03-23T07:24:46.105+0000] {logging_mixin.py:154} INFO - [2024-03-23T07:24:46.105+0000] {dag.py:2941} INFO - Sync 1 DAGs
[2024-03-23T07:24:46.117+0000] {logging_mixin.py:154} INFO - [2024-03-23T07:24:46.116+0000] {dag.py:3722} INFO - Setting next_dagrun for example_sensor_decorator to None, run_after=None
[2024-03-23T07:24:46.138+0000] {processor.py:179} INFO - Processing /home/airflow/.local/lib/python3.8/site-packages/airflow/example_dags/example_sensor_decorator.py took 0.054 seconds
[2024-03-23T07:25:21.477+0000] {processor.py:157} INFO - Started process (PID=2963) to work on /home/airflow/.local/lib/python3.8/site-packages/airflow/example_dags/example_sensor_decorator.py
[2024-03-23T07:25:21.478+0000] {processor.py:829} INFO - Processing file /home/airflow/.local/lib/python3.8/site-packages/airflow/example_dags/example_sensor_decorator.py for tasks to queue
[2024-03-23T07:25:21.478+0000] {logging_mixin.py:154} INFO - [2024-03-23T07:25:21.478+0000] {dagbag.py:536} INFO - Filling up the DagBag from /home/airflow/.local/lib/python3.8/site-packages/airflow/example_dags/example_sensor_decorator.py
[2024-03-23T07:25:21.484+0000] {processor.py:839} INFO - DAG(s) dict_keys(['example_sensor_decorator']) retrieved from /home/airflow/.local/lib/python3.8/site-packages/airflow/example_dags/example_sensor_decorator.py
[2024-03-23T07:25:21.527+0000] {logging_mixin.py:154} INFO - [2024-03-23T07:25:21.527+0000] {dag.py:2941} INFO - Sync 1 DAGs
[2024-03-23T07:25:21.561+0000] {logging_mixin.py:154} INFO - [2024-03-23T07:25:21.561+0000] {dag.py:3722} INFO - Setting next_dagrun for example_sensor_decorator to None, run_after=None
[2024-03-23T07:25:21.597+0000] {processor.py:179} INFO - Processing /home/airflow/.local/lib/python3.8/site-packages/airflow/example_dags/example_sensor_decorator.py took 0.123 seconds
[2024-03-23T07:25:54.204+0000] {processor.py:157} INFO - Started process (PID=3212) to work on /home/airflow/.local/lib/python3.8/site-packages/airflow/example_dags/example_sensor_decorator.py
[2024-03-23T07:25:54.205+0000] {processor.py:829} INFO - Processing file /home/airflow/.local/lib/python3.8/site-packages/airflow/example_dags/example_sensor_decorator.py for tasks to queue
[2024-03-23T07:25:54.207+0000] {logging_mixin.py:154} INFO - [2024-03-23T07:25:54.206+0000] {dagbag.py:536} INFO - Filling up the DagBag from /home/airflow/.local/lib/python3.8/site-packages/airflow/example_dags/example_sensor_decorator.py
[2024-03-23T07:25:54.226+0000] {processor.py:839} INFO - DAG(s) dict_keys(['example_sensor_decorator']) retrieved from /home/airflow/.local/lib/python3.8/site-packages/airflow/example_dags/example_sensor_decorator.py
[2024-03-23T07:25:54.261+0000] {logging_mixin.py:154} INFO - [2024-03-23T07:25:54.260+0000] {dag.py:2941} INFO - Sync 1 DAGs
[2024-03-23T07:25:54.283+0000] {logging_mixin.py:154} INFO - [2024-03-23T07:25:54.282+0000] {dag.py:3722} INFO - Setting next_dagrun for example_sensor_decorator to None, run_after=None
[2024-03-23T07:25:54.316+0000] {processor.py:179} INFO - Processing /home/airflow/.local/lib/python3.8/site-packages/airflow/example_dags/example_sensor_decorator.py took 0.115 seconds
[2024-03-23T07:26:28.630+0000] {processor.py:157} INFO - Started process (PID=3453) to work on /home/airflow/.local/lib/python3.8/site-packages/airflow/example_dags/example_sensor_decorator.py
[2024-03-23T07:26:28.631+0000] {processor.py:829} INFO - Processing file /home/airflow/.local/lib/python3.8/site-packages/airflow/example_dags/example_sensor_decorator.py for tasks to queue
[2024-03-23T07:26:28.632+0000] {logging_mixin.py:154} INFO - [2024-03-23T07:26:28.632+0000] {dagbag.py:536} INFO - Filling up the DagBag from /home/airflow/.local/lib/python3.8/site-packages/airflow/example_dags/example_sensor_decorator.py
[2024-03-23T07:26:28.637+0000] {processor.py:839} INFO - DAG(s) dict_keys(['example_sensor_decorator']) retrieved from /home/airflow/.local/lib/python3.8/site-packages/airflow/example_dags/example_sensor_decorator.py
[2024-03-23T07:26:28.675+0000] {logging_mixin.py:154} INFO - [2024-03-23T07:26:28.674+0000] {dag.py:2941} INFO - Sync 1 DAGs
[2024-03-23T07:26:28.695+0000] {logging_mixin.py:154} INFO - [2024-03-23T07:26:28.695+0000] {dag.py:3722} INFO - Setting next_dagrun for example_sensor_decorator to None, run_after=None
[2024-03-23T07:26:28.731+0000] {processor.py:179} INFO - Processing /home/airflow/.local/lib/python3.8/site-packages/airflow/example_dags/example_sensor_decorator.py took 0.103 seconds
[2024-03-23T07:27:02.074+0000] {processor.py:157} INFO - Started process (PID=3705) to work on /home/airflow/.local/lib/python3.8/site-packages/airflow/example_dags/example_sensor_decorator.py
[2024-03-23T07:27:02.074+0000] {processor.py:829} INFO - Processing file /home/airflow/.local/lib/python3.8/site-packages/airflow/example_dags/example_sensor_decorator.py for tasks to queue
[2024-03-23T07:27:02.075+0000] {logging_mixin.py:154} INFO - [2024-03-23T07:27:02.075+0000] {dagbag.py:536} INFO - Filling up the DagBag from /home/airflow/.local/lib/python3.8/site-packages/airflow/example_dags/example_sensor_decorator.py
[2024-03-23T07:27:02.079+0000] {processor.py:839} INFO - DAG(s) dict_keys(['example_sensor_decorator']) retrieved from /home/airflow/.local/lib/python3.8/site-packages/airflow/example_dags/example_sensor_decorator.py
[2024-03-23T07:27:02.103+0000] {logging_mixin.py:154} INFO - [2024-03-23T07:27:02.103+0000] {dag.py:2941} INFO - Sync 1 DAGs
[2024-03-23T07:27:02.113+0000] {logging_mixin.py:154} INFO - [2024-03-23T07:27:02.113+0000] {dag.py:3722} INFO - Setting next_dagrun for example_sensor_decorator to None, run_after=None
[2024-03-23T07:27:02.126+0000] {processor.py:179} INFO - Processing /home/airflow/.local/lib/python3.8/site-packages/airflow/example_dags/example_sensor_decorator.py took 0.054 seconds
[2024-03-23T07:27:35.616+0000] {processor.py:157} INFO - Started process (PID=3948) to work on /home/airflow/.local/lib/python3.8/site-packages/airflow/example_dags/example_sensor_decorator.py
[2024-03-23T07:27:35.617+0000] {processor.py:829} INFO - Processing file /home/airflow/.local/lib/python3.8/site-packages/airflow/example_dags/example_sensor_decorator.py for tasks to queue
[2024-03-23T07:27:35.617+0000] {logging_mixin.py:154} INFO - [2024-03-23T07:27:35.617+0000] {dagbag.py:536} INFO - Filling up the DagBag from /home/airflow/.local/lib/python3.8/site-packages/airflow/example_dags/example_sensor_decorator.py
[2024-03-23T07:27:35.623+0000] {processor.py:839} INFO - DAG(s) dict_keys(['example_sensor_decorator']) retrieved from /home/airflow/.local/lib/python3.8/site-packages/airflow/example_dags/example_sensor_decorator.py
[2024-03-23T07:27:35.642+0000] {logging_mixin.py:154} INFO - [2024-03-23T07:27:35.642+0000] {dag.py:2941} INFO - Sync 1 DAGs
[2024-03-23T07:27:35.667+0000] {logging_mixin.py:154} INFO - [2024-03-23T07:27:35.666+0000] {dag.py:3722} INFO - Setting next_dagrun for example_sensor_decorator to None, run_after=None
[2024-03-23T07:27:35.684+0000] {processor.py:179} INFO - Processing /home/airflow/.local/lib/python3.8/site-packages/airflow/example_dags/example_sensor_decorator.py took 0.072 seconds
[2024-03-23T07:28:09.637+0000] {processor.py:157} INFO - Started process (PID=4191) to work on /home/airflow/.local/lib/python3.8/site-packages/airflow/example_dags/example_sensor_decorator.py
[2024-03-23T07:28:09.638+0000] {processor.py:829} INFO - Processing file /home/airflow/.local/lib/python3.8/site-packages/airflow/example_dags/example_sensor_decorator.py for tasks to queue
[2024-03-23T07:28:09.639+0000] {logging_mixin.py:154} INFO - [2024-03-23T07:28:09.638+0000] {dagbag.py:536} INFO - Filling up the DagBag from /home/airflow/.local/lib/python3.8/site-packages/airflow/example_dags/example_sensor_decorator.py
[2024-03-23T07:28:09.643+0000] {processor.py:839} INFO - DAG(s) dict_keys(['example_sensor_decorator']) retrieved from /home/airflow/.local/lib/python3.8/site-packages/airflow/example_dags/example_sensor_decorator.py
[2024-03-23T07:28:09.667+0000] {logging_mixin.py:154} INFO - [2024-03-23T07:28:09.667+0000] {dag.py:2941} INFO - Sync 1 DAGs
[2024-03-23T07:28:09.677+0000] {logging_mixin.py:154} INFO - [2024-03-23T07:28:09.676+0000] {dag.py:3722} INFO - Setting next_dagrun for example_sensor_decorator to None, run_after=None
[2024-03-23T07:28:09.690+0000] {processor.py:179} INFO - Processing /home/airflow/.local/lib/python3.8/site-packages/airflow/example_dags/example_sensor_decorator.py took 0.055 seconds
[2024-03-23T07:28:40.361+0000] {processor.py:157} INFO - Started process (PID=4434) to work on /home/airflow/.local/lib/python3.8/site-packages/airflow/example_dags/example_sensor_decorator.py
[2024-03-23T07:28:40.363+0000] {processor.py:829} INFO - Processing file /home/airflow/.local/lib/python3.8/site-packages/airflow/example_dags/example_sensor_decorator.py for tasks to queue
[2024-03-23T07:28:40.364+0000] {logging_mixin.py:154} INFO - [2024-03-23T07:28:40.364+0000] {dagbag.py:536} INFO - Filling up the DagBag from /home/airflow/.local/lib/python3.8/site-packages/airflow/example_dags/example_sensor_decorator.py
[2024-03-23T07:28:40.368+0000] {processor.py:839} INFO - DAG(s) dict_keys(['example_sensor_decorator']) retrieved from /home/airflow/.local/lib/python3.8/site-packages/airflow/example_dags/example_sensor_decorator.py
[2024-03-23T07:28:40.381+0000] {logging_mixin.py:154} INFO - [2024-03-23T07:28:40.381+0000] {dag.py:2941} INFO - Sync 1 DAGs
[2024-03-23T07:28:40.388+0000] {logging_mixin.py:154} INFO - [2024-03-23T07:28:40.388+0000] {dag.py:3722} INFO - Setting next_dagrun for example_sensor_decorator to None, run_after=None
[2024-03-23T07:28:40.398+0000] {processor.py:179} INFO - Processing /home/airflow/.local/lib/python3.8/site-packages/airflow/example_dags/example_sensor_decorator.py took 0.041 seconds
[2024-03-23T07:29:11.439+0000] {processor.py:157} INFO - Started process (PID=4677) to work on /home/airflow/.local/lib/python3.8/site-packages/airflow/example_dags/example_sensor_decorator.py
[2024-03-23T07:29:11.441+0000] {processor.py:829} INFO - Processing file /home/airflow/.local/lib/python3.8/site-packages/airflow/example_dags/example_sensor_decorator.py for tasks to queue
[2024-03-23T07:29:11.442+0000] {logging_mixin.py:154} INFO - [2024-03-23T07:29:11.442+0000] {dagbag.py:536} INFO - Filling up the DagBag from /home/airflow/.local/lib/python3.8/site-packages/airflow/example_dags/example_sensor_decorator.py
[2024-03-23T07:29:11.447+0000] {processor.py:839} INFO - DAG(s) dict_keys(['example_sensor_decorator']) retrieved from /home/airflow/.local/lib/python3.8/site-packages/airflow/example_dags/example_sensor_decorator.py
[2024-03-23T07:29:11.462+0000] {logging_mixin.py:154} INFO - [2024-03-23T07:29:11.462+0000] {dag.py:2941} INFO - Sync 1 DAGs
[2024-03-23T07:29:11.469+0000] {logging_mixin.py:154} INFO - [2024-03-23T07:29:11.469+0000] {dag.py:3722} INFO - Setting next_dagrun for example_sensor_decorator to None, run_after=None
[2024-03-23T07:29:11.485+0000] {processor.py:179} INFO - Processing /home/airflow/.local/lib/python3.8/site-packages/airflow/example_dags/example_sensor_decorator.py took 0.048 seconds
[2024-03-23T07:29:37.099+0000] {processor.py:157} INFO - Started process (PID=276) to work on /home/airflow/.local/lib/python3.8/site-packages/airflow/example_dags/example_sensor_decorator.py
[2024-03-23T07:29:37.100+0000] {processor.py:829} INFO - Processing file /home/airflow/.local/lib/python3.8/site-packages/airflow/example_dags/example_sensor_decorator.py for tasks to queue
[2024-03-23T07:29:37.100+0000] {logging_mixin.py:154} INFO - [2024-03-23T07:29:37.100+0000] {dagbag.py:536} INFO - Filling up the DagBag from /home/airflow/.local/lib/python3.8/site-packages/airflow/example_dags/example_sensor_decorator.py
[2024-03-23T07:29:37.105+0000] {processor.py:839} INFO - DAG(s) dict_keys(['example_sensor_decorator']) retrieved from /home/airflow/.local/lib/python3.8/site-packages/airflow/example_dags/example_sensor_decorator.py
[2024-03-23T07:29:37.117+0000] {logging_mixin.py:154} INFO - [2024-03-23T07:29:37.116+0000] {dag.py:2941} INFO - Sync 1 DAGs
[2024-03-23T07:29:37.123+0000] {logging_mixin.py:154} INFO - [2024-03-23T07:29:37.123+0000] {dag.py:3722} INFO - Setting next_dagrun for example_sensor_decorator to None, run_after=None
[2024-03-23T07:29:37.133+0000] {processor.py:179} INFO - Processing /home/airflow/.local/lib/python3.8/site-packages/airflow/example_dags/example_sensor_decorator.py took 0.036 seconds
