[2024-03-23T07:19:33.006+0000] {processor.py:157} INFO - Started process (PID=207) to work on /home/airflow/.local/lib/python3.8/site-packages/airflow/example_dags/example_setup_teardown_taskflow.py
[2024-03-23T07:19:33.007+0000] {processor.py:829} INFO - Processing file /home/airflow/.local/lib/python3.8/site-packages/airflow/example_dags/example_setup_teardown_taskflow.py for tasks to queue
[2024-03-23T07:19:33.008+0000] {logging_mixin.py:154} INFO - [2024-03-23T07:19:33.007+0000] {dagbag.py:536} INFO - Filling up the DagBag from /home/airflow/.local/lib/python3.8/site-packages/airflow/example_dags/example_setup_teardown_taskflow.py
[2024-03-23T07:19:33.015+0000] {processor.py:839} INFO - DAG(s) dict_keys(['example_setup_teardown_taskflow']) retrieved from /home/airflow/.local/lib/python3.8/site-packages/airflow/example_dags/example_setup_teardown_taskflow.py
[2024-03-23T07:19:33.070+0000] {logging_mixin.py:154} INFO - [2024-03-23T07:19:33.070+0000] {manager.py:499} INFO - Created Permission View: %s
[2024-03-23T07:19:33.076+0000] {logging_mixin.py:154} INFO - [2024-03-23T07:19:33.076+0000] {manager.py:499} INFO - Created Permission View: %s
[2024-03-23T07:19:33.079+0000] {logging_mixin.py:154} INFO - [2024-03-23T07:19:33.079+0000] {manager.py:499} INFO - Created Permission View: %s
[2024-03-23T07:19:33.080+0000] {logging_mixin.py:154} INFO - [2024-03-23T07:19:33.080+0000] {dag.py:2941} INFO - Sync 1 DAGs
[2024-03-23T07:19:33.087+0000] {logging_mixin.py:154} INFO - [2024-03-23T07:19:33.087+0000] {dag.py:2963} INFO - Creating ORM DAG for example_setup_teardown_taskflow
[2024-03-23T07:19:33.095+0000] {logging_mixin.py:154} INFO - [2024-03-23T07:19:33.095+0000] {dag.py:3722} INFO - Setting next_dagrun for example_setup_teardown_taskflow to 2024-03-22T07:19:33.095087+00:00, run_after=2024-03-23T07:19:33.095087+00:00
[2024-03-23T07:19:33.103+0000] {processor.py:179} INFO - Processing /home/airflow/.local/lib/python3.8/site-packages/airflow/example_dags/example_setup_teardown_taskflow.py took 0.098 seconds
[2024-03-23T07:20:04.140+0000] {processor.py:157} INFO - Started process (PID=450) to work on /home/airflow/.local/lib/python3.8/site-packages/airflow/example_dags/example_setup_teardown_taskflow.py
[2024-03-23T07:20:04.145+0000] {processor.py:829} INFO - Processing file /home/airflow/.local/lib/python3.8/site-packages/airflow/example_dags/example_setup_teardown_taskflow.py for tasks to queue
[2024-03-23T07:20:04.145+0000] {logging_mixin.py:154} INFO - [2024-03-23T07:20:04.145+0000] {dagbag.py:536} INFO - Filling up the DagBag from /home/airflow/.local/lib/python3.8/site-packages/airflow/example_dags/example_setup_teardown_taskflow.py
[2024-03-23T07:20:04.152+0000] {processor.py:839} INFO - DAG(s) dict_keys(['example_setup_teardown_taskflow']) retrieved from /home/airflow/.local/lib/python3.8/site-packages/airflow/example_dags/example_setup_teardown_taskflow.py
[2024-03-23T07:20:04.177+0000] {logging_mixin.py:154} INFO - [2024-03-23T07:20:04.177+0000] {dag.py:2941} INFO - Sync 1 DAGs
[2024-03-23T07:20:04.195+0000] {logging_mixin.py:154} INFO - [2024-03-23T07:20:04.195+0000] {dag.py:3722} INFO - Setting next_dagrun for example_setup_teardown_taskflow to 2024-03-22T07:20:04.194907+00:00, run_after=2024-03-23T07:20:04.194907+00:00
[2024-03-23T07:20:04.206+0000] {processor.py:179} INFO - Processing /home/airflow/.local/lib/python3.8/site-packages/airflow/example_dags/example_setup_teardown_taskflow.py took 0.068 seconds
[2024-03-23T07:20:34.889+0000] {processor.py:157} INFO - Started process (PID=693) to work on /home/airflow/.local/lib/python3.8/site-packages/airflow/example_dags/example_setup_teardown_taskflow.py
[2024-03-23T07:20:34.890+0000] {processor.py:829} INFO - Processing file /home/airflow/.local/lib/python3.8/site-packages/airflow/example_dags/example_setup_teardown_taskflow.py for tasks to queue
[2024-03-23T07:20:34.892+0000] {logging_mixin.py:154} INFO - [2024-03-23T07:20:34.891+0000] {dagbag.py:536} INFO - Filling up the DagBag from /home/airflow/.local/lib/python3.8/site-packages/airflow/example_dags/example_setup_teardown_taskflow.py
[2024-03-23T07:20:34.904+0000] {processor.py:839} INFO - DAG(s) dict_keys(['example_setup_teardown_taskflow']) retrieved from /home/airflow/.local/lib/python3.8/site-packages/airflow/example_dags/example_setup_teardown_taskflow.py
[2024-03-23T07:20:34.961+0000] {logging_mixin.py:154} INFO - [2024-03-23T07:20:34.961+0000] {dag.py:2941} INFO - Sync 1 DAGs
[2024-03-23T07:20:35.016+0000] {logging_mixin.py:154} INFO - [2024-03-23T07:20:35.016+0000] {dag.py:3722} INFO - Setting next_dagrun for example_setup_teardown_taskflow to 2024-03-22T07:20:35.015736+00:00, run_after=2024-03-23T07:20:35.015736+00:00
[2024-03-23T07:20:35.053+0000] {processor.py:179} INFO - Processing /home/airflow/.local/lib/python3.8/site-packages/airflow/example_dags/example_setup_teardown_taskflow.py took 0.175 seconds
[2024-03-23T07:21:05.391+0000] {processor.py:157} INFO - Started process (PID=931) to work on /home/airflow/.local/lib/python3.8/site-packages/airflow/example_dags/example_setup_teardown_taskflow.py
[2024-03-23T07:21:05.391+0000] {processor.py:829} INFO - Processing file /home/airflow/.local/lib/python3.8/site-packages/airflow/example_dags/example_setup_teardown_taskflow.py for tasks to queue
[2024-03-23T07:21:05.392+0000] {logging_mixin.py:154} INFO - [2024-03-23T07:21:05.392+0000] {dagbag.py:536} INFO - Filling up the DagBag from /home/airflow/.local/lib/python3.8/site-packages/airflow/example_dags/example_setup_teardown_taskflow.py
[2024-03-23T07:21:05.398+0000] {processor.py:839} INFO - DAG(s) dict_keys(['example_setup_teardown_taskflow']) retrieved from /home/airflow/.local/lib/python3.8/site-packages/airflow/example_dags/example_setup_teardown_taskflow.py
[2024-03-23T07:21:05.411+0000] {logging_mixin.py:154} INFO - [2024-03-23T07:21:05.411+0000] {dag.py:2941} INFO - Sync 1 DAGs
[2024-03-23T07:21:05.424+0000] {logging_mixin.py:154} INFO - [2024-03-23T07:21:05.424+0000] {dag.py:3722} INFO - Setting next_dagrun for example_setup_teardown_taskflow to 2024-03-22T07:21:05.424743+00:00, run_after=2024-03-23T07:21:05.424743+00:00
[2024-03-23T07:21:05.439+0000] {processor.py:179} INFO - Processing /home/airflow/.local/lib/python3.8/site-packages/airflow/example_dags/example_setup_teardown_taskflow.py took 0.050 seconds
[2024-03-23T07:21:36.384+0000] {processor.py:157} INFO - Started process (PID=1174) to work on /home/airflow/.local/lib/python3.8/site-packages/airflow/example_dags/example_setup_teardown_taskflow.py
[2024-03-23T07:21:36.384+0000] {processor.py:829} INFO - Processing file /home/airflow/.local/lib/python3.8/site-packages/airflow/example_dags/example_setup_teardown_taskflow.py for tasks to queue
[2024-03-23T07:21:36.385+0000] {logging_mixin.py:154} INFO - [2024-03-23T07:21:36.385+0000] {dagbag.py:536} INFO - Filling up the DagBag from /home/airflow/.local/lib/python3.8/site-packages/airflow/example_dags/example_setup_teardown_taskflow.py
[2024-03-23T07:21:36.391+0000] {processor.py:839} INFO - DAG(s) dict_keys(['example_setup_teardown_taskflow']) retrieved from /home/airflow/.local/lib/python3.8/site-packages/airflow/example_dags/example_setup_teardown_taskflow.py
[2024-03-23T07:21:36.403+0000] {logging_mixin.py:154} INFO - [2024-03-23T07:21:36.402+0000] {dag.py:2941} INFO - Sync 1 DAGs
[2024-03-23T07:21:36.415+0000] {logging_mixin.py:154} INFO - [2024-03-23T07:21:36.415+0000] {dag.py:3722} INFO - Setting next_dagrun for example_setup_teardown_taskflow to 2024-03-22T07:21:36.415647+00:00, run_after=2024-03-23T07:21:36.415647+00:00
[2024-03-23T07:21:36.425+0000] {processor.py:179} INFO - Processing /home/airflow/.local/lib/python3.8/site-packages/airflow/example_dags/example_setup_teardown_taskflow.py took 0.043 seconds
[2024-03-23T07:22:06.746+0000] {processor.py:157} INFO - Started process (PID=1419) to work on /home/airflow/.local/lib/python3.8/site-packages/airflow/example_dags/example_setup_teardown_taskflow.py
[2024-03-23T07:22:06.747+0000] {processor.py:829} INFO - Processing file /home/airflow/.local/lib/python3.8/site-packages/airflow/example_dags/example_setup_teardown_taskflow.py for tasks to queue
[2024-03-23T07:22:06.748+0000] {logging_mixin.py:154} INFO - [2024-03-23T07:22:06.747+0000] {dagbag.py:536} INFO - Filling up the DagBag from /home/airflow/.local/lib/python3.8/site-packages/airflow/example_dags/example_setup_teardown_taskflow.py
[2024-03-23T07:22:06.754+0000] {processor.py:839} INFO - DAG(s) dict_keys(['example_setup_teardown_taskflow']) retrieved from /home/airflow/.local/lib/python3.8/site-packages/airflow/example_dags/example_setup_teardown_taskflow.py
[2024-03-23T07:22:06.789+0000] {logging_mixin.py:154} INFO - [2024-03-23T07:22:06.789+0000] {dag.py:2941} INFO - Sync 1 DAGs
[2024-03-23T07:22:06.801+0000] {logging_mixin.py:154} INFO - [2024-03-23T07:22:06.800+0000] {dag.py:3722} INFO - Setting next_dagrun for example_setup_teardown_taskflow to 2024-03-22T07:22:06.800780+00:00, run_after=2024-03-23T07:22:06.800780+00:00
[2024-03-23T07:22:06.810+0000] {processor.py:179} INFO - Processing /home/airflow/.local/lib/python3.8/site-packages/airflow/example_dags/example_setup_teardown_taskflow.py took 0.065 seconds
[2024-03-23T07:22:37.330+0000] {processor.py:157} INFO - Started process (PID=1668) to work on /home/airflow/.local/lib/python3.8/site-packages/airflow/example_dags/example_setup_teardown_taskflow.py
[2024-03-23T07:22:37.331+0000] {processor.py:829} INFO - Processing file /home/airflow/.local/lib/python3.8/site-packages/airflow/example_dags/example_setup_teardown_taskflow.py for tasks to queue
[2024-03-23T07:22:37.332+0000] {logging_mixin.py:154} INFO - [2024-03-23T07:22:37.332+0000] {dagbag.py:536} INFO - Filling up the DagBag from /home/airflow/.local/lib/python3.8/site-packages/airflow/example_dags/example_setup_teardown_taskflow.py
[2024-03-23T07:22:37.339+0000] {processor.py:839} INFO - DAG(s) dict_keys(['example_setup_teardown_taskflow']) retrieved from /home/airflow/.local/lib/python3.8/site-packages/airflow/example_dags/example_setup_teardown_taskflow.py
[2024-03-23T07:22:37.351+0000] {logging_mixin.py:154} INFO - [2024-03-23T07:22:37.351+0000] {dag.py:2941} INFO - Sync 1 DAGs
[2024-03-23T07:22:37.362+0000] {logging_mixin.py:154} INFO - [2024-03-23T07:22:37.362+0000] {dag.py:3722} INFO - Setting next_dagrun for example_setup_teardown_taskflow to 2024-03-22T07:22:37.362429+00:00, run_after=2024-03-23T07:22:37.362429+00:00
[2024-03-23T07:22:37.372+0000] {processor.py:179} INFO - Processing /home/airflow/.local/lib/python3.8/site-packages/airflow/example_dags/example_setup_teardown_taskflow.py took 0.044 seconds
[2024-03-23T07:23:07.807+0000] {processor.py:157} INFO - Started process (PID=1911) to work on /home/airflow/.local/lib/python3.8/site-packages/airflow/example_dags/example_setup_teardown_taskflow.py
[2024-03-23T07:23:07.808+0000] {processor.py:829} INFO - Processing file /home/airflow/.local/lib/python3.8/site-packages/airflow/example_dags/example_setup_teardown_taskflow.py for tasks to queue
[2024-03-23T07:23:07.808+0000] {logging_mixin.py:154} INFO - [2024-03-23T07:23:07.808+0000] {dagbag.py:536} INFO - Filling up the DagBag from /home/airflow/.local/lib/python3.8/site-packages/airflow/example_dags/example_setup_teardown_taskflow.py
[2024-03-23T07:23:07.816+0000] {processor.py:839} INFO - DAG(s) dict_keys(['example_setup_teardown_taskflow']) retrieved from /home/airflow/.local/lib/python3.8/site-packages/airflow/example_dags/example_setup_teardown_taskflow.py
[2024-03-23T07:23:07.827+0000] {logging_mixin.py:154} INFO - [2024-03-23T07:23:07.827+0000] {dag.py:2941} INFO - Sync 1 DAGs
[2024-03-23T07:23:07.839+0000] {logging_mixin.py:154} INFO - [2024-03-23T07:23:07.839+0000] {dag.py:3722} INFO - Setting next_dagrun for example_setup_teardown_taskflow to 2024-03-22T07:23:07.839055+00:00, run_after=2024-03-23T07:23:07.839055+00:00
[2024-03-23T07:23:07.848+0000] {processor.py:179} INFO - Processing /home/airflow/.local/lib/python3.8/site-packages/airflow/example_dags/example_setup_teardown_taskflow.py took 0.043 seconds
[2024-03-23T07:23:38.020+0000] {processor.py:157} INFO - Started process (PID=2153) to work on /home/airflow/.local/lib/python3.8/site-packages/airflow/example_dags/example_setup_teardown_taskflow.py
[2024-03-23T07:23:38.022+0000] {processor.py:829} INFO - Processing file /home/airflow/.local/lib/python3.8/site-packages/airflow/example_dags/example_setup_teardown_taskflow.py for tasks to queue
[2024-03-23T07:23:38.022+0000] {logging_mixin.py:154} INFO - [2024-03-23T07:23:38.022+0000] {dagbag.py:536} INFO - Filling up the DagBag from /home/airflow/.local/lib/python3.8/site-packages/airflow/example_dags/example_setup_teardown_taskflow.py
[2024-03-23T07:23:38.030+0000] {processor.py:839} INFO - DAG(s) dict_keys(['example_setup_teardown_taskflow']) retrieved from /home/airflow/.local/lib/python3.8/site-packages/airflow/example_dags/example_setup_teardown_taskflow.py
[2024-03-23T07:23:38.046+0000] {logging_mixin.py:154} INFO - [2024-03-23T07:23:38.046+0000] {dag.py:2941} INFO - Sync 1 DAGs
[2024-03-23T07:23:38.056+0000] {logging_mixin.py:154} INFO - [2024-03-23T07:23:38.056+0000] {dag.py:3722} INFO - Setting next_dagrun for example_setup_teardown_taskflow to 2024-03-22T07:23:38.056551+00:00, run_after=2024-03-23T07:23:38.056551+00:00
[2024-03-23T07:23:38.064+0000] {processor.py:179} INFO - Processing /home/airflow/.local/lib/python3.8/site-packages/airflow/example_dags/example_setup_teardown_taskflow.py took 0.046 seconds
[2024-03-23T07:24:08.557+0000] {processor.py:157} INFO - Started process (PID=2396) to work on /home/airflow/.local/lib/python3.8/site-packages/airflow/example_dags/example_setup_teardown_taskflow.py
[2024-03-23T07:24:08.558+0000] {processor.py:829} INFO - Processing file /home/airflow/.local/lib/python3.8/site-packages/airflow/example_dags/example_setup_teardown_taskflow.py for tasks to queue
[2024-03-23T07:24:08.558+0000] {logging_mixin.py:154} INFO - [2024-03-23T07:24:08.558+0000] {dagbag.py:536} INFO - Filling up the DagBag from /home/airflow/.local/lib/python3.8/site-packages/airflow/example_dags/example_setup_teardown_taskflow.py
[2024-03-23T07:24:08.564+0000] {processor.py:839} INFO - DAG(s) dict_keys(['example_setup_teardown_taskflow']) retrieved from /home/airflow/.local/lib/python3.8/site-packages/airflow/example_dags/example_setup_teardown_taskflow.py
[2024-03-23T07:24:08.575+0000] {logging_mixin.py:154} INFO - [2024-03-23T07:24:08.575+0000] {dag.py:2941} INFO - Sync 1 DAGs
[2024-03-23T07:24:08.587+0000] {logging_mixin.py:154} INFO - [2024-03-23T07:24:08.587+0000] {dag.py:3722} INFO - Setting next_dagrun for example_setup_teardown_taskflow to 2024-03-22T07:24:08.586892+00:00, run_after=2024-03-23T07:24:08.586892+00:00
[2024-03-23T07:24:08.598+0000] {processor.py:179} INFO - Processing /home/airflow/.local/lib/python3.8/site-packages/airflow/example_dags/example_setup_teardown_taskflow.py took 0.042 seconds
[2024-03-23T07:24:38.736+0000] {processor.py:157} INFO - Started process (PID=2639) to work on /home/airflow/.local/lib/python3.8/site-packages/airflow/example_dags/example_setup_teardown_taskflow.py
[2024-03-23T07:24:38.737+0000] {processor.py:829} INFO - Processing file /home/airflow/.local/lib/python3.8/site-packages/airflow/example_dags/example_setup_teardown_taskflow.py for tasks to queue
[2024-03-23T07:24:38.737+0000] {logging_mixin.py:154} INFO - [2024-03-23T07:24:38.737+0000] {dagbag.py:536} INFO - Filling up the DagBag from /home/airflow/.local/lib/python3.8/site-packages/airflow/example_dags/example_setup_teardown_taskflow.py
[2024-03-23T07:24:38.742+0000] {processor.py:839} INFO - DAG(s) dict_keys(['example_setup_teardown_taskflow']) retrieved from /home/airflow/.local/lib/python3.8/site-packages/airflow/example_dags/example_setup_teardown_taskflow.py
[2024-03-23T07:24:38.753+0000] {logging_mixin.py:154} INFO - [2024-03-23T07:24:38.753+0000] {dag.py:2941} INFO - Sync 1 DAGs
[2024-03-23T07:24:38.767+0000] {logging_mixin.py:154} INFO - [2024-03-23T07:24:38.767+0000] {dag.py:3722} INFO - Setting next_dagrun for example_setup_teardown_taskflow to 2024-03-22T07:24:38.767614+00:00, run_after=2024-03-23T07:24:38.767614+00:00
[2024-03-23T07:24:38.780+0000] {processor.py:179} INFO - Processing /home/airflow/.local/lib/python3.8/site-packages/airflow/example_dags/example_setup_teardown_taskflow.py took 0.046 seconds
[2024-03-23T07:25:09.873+0000] {processor.py:157} INFO - Started process (PID=2888) to work on /home/airflow/.local/lib/python3.8/site-packages/airflow/example_dags/example_setup_teardown_taskflow.py
[2024-03-23T07:25:09.876+0000] {processor.py:829} INFO - Processing file /home/airflow/.local/lib/python3.8/site-packages/airflow/example_dags/example_setup_teardown_taskflow.py for tasks to queue
[2024-03-23T07:25:09.879+0000] {logging_mixin.py:154} INFO - [2024-03-23T07:25:09.878+0000] {dagbag.py:536} INFO - Filling up the DagBag from /home/airflow/.local/lib/python3.8/site-packages/airflow/example_dags/example_setup_teardown_taskflow.py
[2024-03-23T07:25:09.892+0000] {processor.py:839} INFO - DAG(s) dict_keys(['example_setup_teardown_taskflow']) retrieved from /home/airflow/.local/lib/python3.8/site-packages/airflow/example_dags/example_setup_teardown_taskflow.py
[2024-03-23T07:25:09.920+0000] {logging_mixin.py:154} INFO - [2024-03-23T07:25:09.919+0000] {dag.py:2941} INFO - Sync 1 DAGs
[2024-03-23T07:25:09.977+0000] {logging_mixin.py:154} INFO - [2024-03-23T07:25:09.977+0000] {dag.py:3722} INFO - Setting next_dagrun for example_setup_teardown_taskflow to 2024-03-22T07:25:09.977081+00:00, run_after=2024-03-23T07:25:09.977081+00:00
[2024-03-23T07:25:10.009+0000] {processor.py:179} INFO - Processing /home/airflow/.local/lib/python3.8/site-packages/airflow/example_dags/example_setup_teardown_taskflow.py took 0.139 seconds
[2024-03-23T07:25:40.246+0000] {processor.py:157} INFO - Started process (PID=3137) to work on /home/airflow/.local/lib/python3.8/site-packages/airflow/example_dags/example_setup_teardown_taskflow.py
[2024-03-23T07:25:40.248+0000] {processor.py:829} INFO - Processing file /home/airflow/.local/lib/python3.8/site-packages/airflow/example_dags/example_setup_teardown_taskflow.py for tasks to queue
[2024-03-23T07:25:40.250+0000] {logging_mixin.py:154} INFO - [2024-03-23T07:25:40.249+0000] {dagbag.py:536} INFO - Filling up the DagBag from /home/airflow/.local/lib/python3.8/site-packages/airflow/example_dags/example_setup_teardown_taskflow.py
[2024-03-23T07:25:40.259+0000] {processor.py:839} INFO - DAG(s) dict_keys(['example_setup_teardown_taskflow']) retrieved from /home/airflow/.local/lib/python3.8/site-packages/airflow/example_dags/example_setup_teardown_taskflow.py
[2024-03-23T07:25:40.315+0000] {logging_mixin.py:154} INFO - [2024-03-23T07:25:40.314+0000] {dag.py:2941} INFO - Sync 1 DAGs
[2024-03-23T07:25:40.358+0000] {logging_mixin.py:154} INFO - [2024-03-23T07:25:40.358+0000] {dag.py:3722} INFO - Setting next_dagrun for example_setup_teardown_taskflow to 2024-03-22T07:25:40.358463+00:00, run_after=2024-03-23T07:25:40.358463+00:00
[2024-03-23T07:25:40.432+0000] {processor.py:179} INFO - Processing /home/airflow/.local/lib/python3.8/site-packages/airflow/example_dags/example_setup_teardown_taskflow.py took 0.199 seconds
[2024-03-23T07:26:12.236+0000] {processor.py:157} INFO - Started process (PID=3380) to work on /home/airflow/.local/lib/python3.8/site-packages/airflow/example_dags/example_setup_teardown_taskflow.py
[2024-03-23T07:26:12.239+0000] {processor.py:829} INFO - Processing file /home/airflow/.local/lib/python3.8/site-packages/airflow/example_dags/example_setup_teardown_taskflow.py for tasks to queue
[2024-03-23T07:26:12.240+0000] {logging_mixin.py:154} INFO - [2024-03-23T07:26:12.240+0000] {dagbag.py:536} INFO - Filling up the DagBag from /home/airflow/.local/lib/python3.8/site-packages/airflow/example_dags/example_setup_teardown_taskflow.py
[2024-03-23T07:26:12.253+0000] {processor.py:839} INFO - DAG(s) dict_keys(['example_setup_teardown_taskflow']) retrieved from /home/airflow/.local/lib/python3.8/site-packages/airflow/example_dags/example_setup_teardown_taskflow.py
[2024-03-23T07:26:12.275+0000] {logging_mixin.py:154} INFO - [2024-03-23T07:26:12.275+0000] {dag.py:2941} INFO - Sync 1 DAGs
[2024-03-23T07:26:12.311+0000] {logging_mixin.py:154} INFO - [2024-03-23T07:26:12.310+0000] {dag.py:3722} INFO - Setting next_dagrun for example_setup_teardown_taskflow to 2024-03-22T07:26:12.309224+00:00, run_after=2024-03-23T07:26:12.309224+00:00
[2024-03-23T07:26:12.331+0000] {processor.py:179} INFO - Processing /home/airflow/.local/lib/python3.8/site-packages/airflow/example_dags/example_setup_teardown_taskflow.py took 0.103 seconds
[2024-03-23T07:26:43.418+0000] {processor.py:157} INFO - Started process (PID=3623) to work on /home/airflow/.local/lib/python3.8/site-packages/airflow/example_dags/example_setup_teardown_taskflow.py
[2024-03-23T07:26:43.420+0000] {processor.py:829} INFO - Processing file /home/airflow/.local/lib/python3.8/site-packages/airflow/example_dags/example_setup_teardown_taskflow.py for tasks to queue
[2024-03-23T07:26:43.420+0000] {logging_mixin.py:154} INFO - [2024-03-23T07:26:43.420+0000] {dagbag.py:536} INFO - Filling up the DagBag from /home/airflow/.local/lib/python3.8/site-packages/airflow/example_dags/example_setup_teardown_taskflow.py
[2024-03-23T07:26:43.430+0000] {processor.py:839} INFO - DAG(s) dict_keys(['example_setup_teardown_taskflow']) retrieved from /home/airflow/.local/lib/python3.8/site-packages/airflow/example_dags/example_setup_teardown_taskflow.py
[2024-03-23T07:26:43.444+0000] {logging_mixin.py:154} INFO - [2024-03-23T07:26:43.444+0000] {dag.py:2941} INFO - Sync 1 DAGs
[2024-03-23T07:26:43.464+0000] {logging_mixin.py:154} INFO - [2024-03-23T07:26:43.463+0000] {dag.py:3722} INFO - Setting next_dagrun for example_setup_teardown_taskflow to 2024-03-22T07:26:43.463572+00:00, run_after=2024-03-23T07:26:43.463572+00:00
[2024-03-23T07:26:43.485+0000] {processor.py:179} INFO - Processing /home/airflow/.local/lib/python3.8/site-packages/airflow/example_dags/example_setup_teardown_taskflow.py took 0.069 seconds
[2024-03-23T07:27:14.394+0000] {processor.py:157} INFO - Started process (PID=3866) to work on /home/airflow/.local/lib/python3.8/site-packages/airflow/example_dags/example_setup_teardown_taskflow.py
[2024-03-23T07:27:14.401+0000] {processor.py:829} INFO - Processing file /home/airflow/.local/lib/python3.8/site-packages/airflow/example_dags/example_setup_teardown_taskflow.py for tasks to queue
[2024-03-23T07:27:14.404+0000] {logging_mixin.py:154} INFO - [2024-03-23T07:27:14.404+0000] {dagbag.py:536} INFO - Filling up the DagBag from /home/airflow/.local/lib/python3.8/site-packages/airflow/example_dags/example_setup_teardown_taskflow.py
[2024-03-23T07:27:14.422+0000] {processor.py:839} INFO - DAG(s) dict_keys(['example_setup_teardown_taskflow']) retrieved from /home/airflow/.local/lib/python3.8/site-packages/airflow/example_dags/example_setup_teardown_taskflow.py
[2024-03-23T07:27:14.452+0000] {logging_mixin.py:154} INFO - [2024-03-23T07:27:14.452+0000] {dag.py:2941} INFO - Sync 1 DAGs
[2024-03-23T07:27:14.466+0000] {logging_mixin.py:154} INFO - [2024-03-23T07:27:14.466+0000] {dag.py:3722} INFO - Setting next_dagrun for example_setup_teardown_taskflow to 2024-03-22T07:27:14.466074+00:00, run_after=2024-03-23T07:27:14.466074+00:00
[2024-03-23T07:27:14.478+0000] {processor.py:179} INFO - Processing /home/airflow/.local/lib/python3.8/site-packages/airflow/example_dags/example_setup_teardown_taskflow.py took 0.086 seconds
[2024-03-23T07:27:44.603+0000] {processor.py:157} INFO - Started process (PID=4109) to work on /home/airflow/.local/lib/python3.8/site-packages/airflow/example_dags/example_setup_teardown_taskflow.py
[2024-03-23T07:27:44.610+0000] {processor.py:829} INFO - Processing file /home/airflow/.local/lib/python3.8/site-packages/airflow/example_dags/example_setup_teardown_taskflow.py for tasks to queue
[2024-03-23T07:27:44.612+0000] {logging_mixin.py:154} INFO - [2024-03-23T07:27:44.611+0000] {dagbag.py:536} INFO - Filling up the DagBag from /home/airflow/.local/lib/python3.8/site-packages/airflow/example_dags/example_setup_teardown_taskflow.py
[2024-03-23T07:27:44.629+0000] {processor.py:839} INFO - DAG(s) dict_keys(['example_setup_teardown_taskflow']) retrieved from /home/airflow/.local/lib/python3.8/site-packages/airflow/example_dags/example_setup_teardown_taskflow.py
[2024-03-23T07:27:44.654+0000] {logging_mixin.py:154} INFO - [2024-03-23T07:27:44.653+0000] {dag.py:2941} INFO - Sync 1 DAGs
[2024-03-23T07:27:44.679+0000] {logging_mixin.py:154} INFO - [2024-03-23T07:27:44.678+0000] {dag.py:3722} INFO - Setting next_dagrun for example_setup_teardown_taskflow to 2024-03-22T07:27:44.678617+00:00, run_after=2024-03-23T07:27:44.678617+00:00
[2024-03-23T07:27:44.696+0000] {processor.py:179} INFO - Processing /home/airflow/.local/lib/python3.8/site-packages/airflow/example_dags/example_setup_teardown_taskflow.py took 0.117 seconds
[2024-03-23T07:28:15.470+0000] {processor.py:157} INFO - Started process (PID=4352) to work on /home/airflow/.local/lib/python3.8/site-packages/airflow/example_dags/example_setup_teardown_taskflow.py
[2024-03-23T07:28:15.471+0000] {processor.py:829} INFO - Processing file /home/airflow/.local/lib/python3.8/site-packages/airflow/example_dags/example_setup_teardown_taskflow.py for tasks to queue
[2024-03-23T07:28:15.472+0000] {logging_mixin.py:154} INFO - [2024-03-23T07:28:15.472+0000] {dagbag.py:536} INFO - Filling up the DagBag from /home/airflow/.local/lib/python3.8/site-packages/airflow/example_dags/example_setup_teardown_taskflow.py
[2024-03-23T07:28:15.480+0000] {processor.py:839} INFO - DAG(s) dict_keys(['example_setup_teardown_taskflow']) retrieved from /home/airflow/.local/lib/python3.8/site-packages/airflow/example_dags/example_setup_teardown_taskflow.py
[2024-03-23T07:28:15.525+0000] {logging_mixin.py:154} INFO - [2024-03-23T07:28:15.524+0000] {dag.py:2941} INFO - Sync 1 DAGs
[2024-03-23T07:28:15.564+0000] {logging_mixin.py:154} INFO - [2024-03-23T07:28:15.563+0000] {dag.py:3722} INFO - Setting next_dagrun for example_setup_teardown_taskflow to 2024-03-22T07:28:15.563376+00:00, run_after=2024-03-23T07:28:15.563376+00:00
[2024-03-23T07:28:15.626+0000] {processor.py:179} INFO - Processing /home/airflow/.local/lib/python3.8/site-packages/airflow/example_dags/example_setup_teardown_taskflow.py took 0.162 seconds
[2024-03-23T07:28:45.868+0000] {processor.py:157} INFO - Started process (PID=4597) to work on /home/airflow/.local/lib/python3.8/site-packages/airflow/example_dags/example_setup_teardown_taskflow.py
[2024-03-23T07:28:45.869+0000] {processor.py:829} INFO - Processing file /home/airflow/.local/lib/python3.8/site-packages/airflow/example_dags/example_setup_teardown_taskflow.py for tasks to queue
[2024-03-23T07:28:45.869+0000] {logging_mixin.py:154} INFO - [2024-03-23T07:28:45.869+0000] {dagbag.py:536} INFO - Filling up the DagBag from /home/airflow/.local/lib/python3.8/site-packages/airflow/example_dags/example_setup_teardown_taskflow.py
[2024-03-23T07:28:45.876+0000] {processor.py:839} INFO - DAG(s) dict_keys(['example_setup_teardown_taskflow']) retrieved from /home/airflow/.local/lib/python3.8/site-packages/airflow/example_dags/example_setup_teardown_taskflow.py
[2024-03-23T07:28:45.889+0000] {logging_mixin.py:154} INFO - [2024-03-23T07:28:45.889+0000] {dag.py:2941} INFO - Sync 1 DAGs
[2024-03-23T07:28:45.902+0000] {logging_mixin.py:154} INFO - [2024-03-23T07:28:45.902+0000] {dag.py:3722} INFO - Setting next_dagrun for example_setup_teardown_taskflow to 2024-03-22T07:28:45.902334+00:00, run_after=2024-03-23T07:28:45.902334+00:00
[2024-03-23T07:28:45.918+0000] {processor.py:179} INFO - Processing /home/airflow/.local/lib/python3.8/site-packages/airflow/example_dags/example_setup_teardown_taskflow.py took 0.053 seconds
[2024-03-23T07:29:36.571+0000] {processor.py:157} INFO - Started process (PID=206) to work on /home/airflow/.local/lib/python3.8/site-packages/airflow/example_dags/example_setup_teardown_taskflow.py
[2024-03-23T07:29:36.573+0000] {processor.py:829} INFO - Processing file /home/airflow/.local/lib/python3.8/site-packages/airflow/example_dags/example_setup_teardown_taskflow.py for tasks to queue
[2024-03-23T07:29:36.574+0000] {logging_mixin.py:154} INFO - [2024-03-23T07:29:36.573+0000] {dagbag.py:536} INFO - Filling up the DagBag from /home/airflow/.local/lib/python3.8/site-packages/airflow/example_dags/example_setup_teardown_taskflow.py
[2024-03-23T07:29:36.584+0000] {processor.py:839} INFO - DAG(s) dict_keys(['example_setup_teardown_taskflow']) retrieved from /home/airflow/.local/lib/python3.8/site-packages/airflow/example_dags/example_setup_teardown_taskflow.py
[2024-03-23T07:29:36.603+0000] {logging_mixin.py:154} INFO - [2024-03-23T07:29:36.603+0000] {dag.py:2941} INFO - Sync 1 DAGs
[2024-03-23T07:29:36.616+0000] {logging_mixin.py:154} INFO - [2024-03-23T07:29:36.615+0000] {dag.py:3722} INFO - Setting next_dagrun for example_setup_teardown_taskflow to 2024-03-22T07:29:36.615788+00:00, run_after=2024-03-23T07:29:36.615788+00:00
[2024-03-23T07:29:36.628+0000] {processor.py:179} INFO - Processing /home/airflow/.local/lib/python3.8/site-packages/airflow/example_dags/example_setup_teardown_taskflow.py took 0.060 seconds
