[2024-03-23T07:19:33.495+0000] {processor.py:157} INFO - Started process (PID=247) to work on /home/airflow/.local/lib/python3.8/site-packages/airflow/example_dags/example_bash_operator.py
[2024-03-23T07:19:33.496+0000] {processor.py:829} INFO - Processing file /home/airflow/.local/lib/python3.8/site-packages/airflow/example_dags/example_bash_operator.py for tasks to queue
[2024-03-23T07:19:33.498+0000] {logging_mixin.py:154} INFO - [2024-03-23T07:19:33.497+0000] {dagbag.py:536} INFO - Filling up the DagBag from /home/airflow/.local/lib/python3.8/site-packages/airflow/example_dags/example_bash_operator.py
[2024-03-23T07:19:33.506+0000] {processor.py:839} INFO - DAG(s) dict_keys(['example_bash_operator']) retrieved from /home/airflow/.local/lib/python3.8/site-packages/airflow/example_dags/example_bash_operator.py
[2024-03-23T07:19:33.576+0000] {logging_mixin.py:154} INFO - [2024-03-23T07:19:33.576+0000] {manager.py:499} INFO - Created Permission View: %s
[2024-03-23T07:19:33.582+0000] {logging_mixin.py:154} INFO - [2024-03-23T07:19:33.582+0000] {manager.py:499} INFO - Created Permission View: %s
[2024-03-23T07:19:33.587+0000] {logging_mixin.py:154} INFO - [2024-03-23T07:19:33.587+0000] {manager.py:499} INFO - Created Permission View: %s
[2024-03-23T07:19:33.588+0000] {logging_mixin.py:154} INFO - [2024-03-23T07:19:33.588+0000] {dag.py:2941} INFO - Sync 1 DAGs
[2024-03-23T07:19:33.596+0000] {logging_mixin.py:154} INFO - [2024-03-23T07:19:33.596+0000] {dag.py:2963} INFO - Creating ORM DAG for example_bash_operator
[2024-03-23T07:19:33.603+0000] {logging_mixin.py:154} INFO - [2024-03-23T07:19:33.603+0000] {dag.py:3722} INFO - Setting next_dagrun for example_bash_operator to 2024-03-22T00:00:00+00:00, run_after=2024-03-23T00:00:00+00:00
[2024-03-23T07:19:33.613+0000] {processor.py:179} INFO - Processing /home/airflow/.local/lib/python3.8/site-packages/airflow/example_dags/example_bash_operator.py took 0.119 seconds
[2024-03-23T07:20:04.403+0000] {processor.py:157} INFO - Started process (PID=492) to work on /home/airflow/.local/lib/python3.8/site-packages/airflow/example_dags/example_bash_operator.py
[2024-03-23T07:20:04.404+0000] {processor.py:829} INFO - Processing file /home/airflow/.local/lib/python3.8/site-packages/airflow/example_dags/example_bash_operator.py for tasks to queue
[2024-03-23T07:20:04.404+0000] {logging_mixin.py:154} INFO - [2024-03-23T07:20:04.404+0000] {dagbag.py:536} INFO - Filling up the DagBag from /home/airflow/.local/lib/python3.8/site-packages/airflow/example_dags/example_bash_operator.py
[2024-03-23T07:20:04.412+0000] {processor.py:839} INFO - DAG(s) dict_keys(['example_bash_operator']) retrieved from /home/airflow/.local/lib/python3.8/site-packages/airflow/example_dags/example_bash_operator.py
[2024-03-23T07:20:04.458+0000] {logging_mixin.py:154} INFO - [2024-03-23T07:20:04.458+0000] {dag.py:2941} INFO - Sync 1 DAGs
[2024-03-23T07:20:04.483+0000] {logging_mixin.py:154} INFO - [2024-03-23T07:20:04.483+0000] {dag.py:3722} INFO - Setting next_dagrun for example_bash_operator to 2024-03-22T00:00:00+00:00, run_after=2024-03-23T00:00:00+00:00
[2024-03-23T07:20:04.497+0000] {processor.py:179} INFO - Processing /home/airflow/.local/lib/python3.8/site-packages/airflow/example_dags/example_bash_operator.py took 0.096 seconds
[2024-03-23T07:20:35.630+0000] {processor.py:157} INFO - Started process (PID=733) to work on /home/airflow/.local/lib/python3.8/site-packages/airflow/example_dags/example_bash_operator.py
[2024-03-23T07:20:35.631+0000] {processor.py:829} INFO - Processing file /home/airflow/.local/lib/python3.8/site-packages/airflow/example_dags/example_bash_operator.py for tasks to queue
[2024-03-23T07:20:35.631+0000] {logging_mixin.py:154} INFO - [2024-03-23T07:20:35.631+0000] {dagbag.py:536} INFO - Filling up the DagBag from /home/airflow/.local/lib/python3.8/site-packages/airflow/example_dags/example_bash_operator.py
[2024-03-23T07:20:35.638+0000] {processor.py:839} INFO - DAG(s) dict_keys(['example_bash_operator']) retrieved from /home/airflow/.local/lib/python3.8/site-packages/airflow/example_dags/example_bash_operator.py
[2024-03-23T07:20:35.656+0000] {logging_mixin.py:154} INFO - [2024-03-23T07:20:35.655+0000] {dag.py:2941} INFO - Sync 1 DAGs
[2024-03-23T07:20:35.669+0000] {logging_mixin.py:154} INFO - [2024-03-23T07:20:35.669+0000] {dag.py:3722} INFO - Setting next_dagrun for example_bash_operator to 2024-03-22T00:00:00+00:00, run_after=2024-03-23T00:00:00+00:00
[2024-03-23T07:20:35.677+0000] {processor.py:179} INFO - Processing /home/airflow/.local/lib/python3.8/site-packages/airflow/example_dags/example_bash_operator.py took 0.049 seconds
[2024-03-23T07:21:06.117+0000] {processor.py:157} INFO - Started process (PID=976) to work on /home/airflow/.local/lib/python3.8/site-packages/airflow/example_dags/example_bash_operator.py
[2024-03-23T07:21:06.118+0000] {processor.py:829} INFO - Processing file /home/airflow/.local/lib/python3.8/site-packages/airflow/example_dags/example_bash_operator.py for tasks to queue
[2024-03-23T07:21:06.119+0000] {logging_mixin.py:154} INFO - [2024-03-23T07:21:06.119+0000] {dagbag.py:536} INFO - Filling up the DagBag from /home/airflow/.local/lib/python3.8/site-packages/airflow/example_dags/example_bash_operator.py
[2024-03-23T07:21:06.128+0000] {processor.py:839} INFO - DAG(s) dict_keys(['example_bash_operator']) retrieved from /home/airflow/.local/lib/python3.8/site-packages/airflow/example_dags/example_bash_operator.py
[2024-03-23T07:21:06.148+0000] {logging_mixin.py:154} INFO - [2024-03-23T07:21:06.148+0000] {dag.py:2941} INFO - Sync 1 DAGs
[2024-03-23T07:21:06.173+0000] {logging_mixin.py:154} INFO - [2024-03-23T07:21:06.172+0000] {dag.py:3722} INFO - Setting next_dagrun for example_bash_operator to 2024-03-22T00:00:00+00:00, run_after=2024-03-23T00:00:00+00:00
[2024-03-23T07:21:06.185+0000] {processor.py:179} INFO - Processing /home/airflow/.local/lib/python3.8/site-packages/airflow/example_dags/example_bash_operator.py took 0.070 seconds
[2024-03-23T07:21:37.065+0000] {processor.py:157} INFO - Started process (PID=1221) to work on /home/airflow/.local/lib/python3.8/site-packages/airflow/example_dags/example_bash_operator.py
[2024-03-23T07:21:37.066+0000] {processor.py:829} INFO - Processing file /home/airflow/.local/lib/python3.8/site-packages/airflow/example_dags/example_bash_operator.py for tasks to queue
[2024-03-23T07:21:37.066+0000] {logging_mixin.py:154} INFO - [2024-03-23T07:21:37.066+0000] {dagbag.py:536} INFO - Filling up the DagBag from /home/airflow/.local/lib/python3.8/site-packages/airflow/example_dags/example_bash_operator.py
[2024-03-23T07:21:37.078+0000] {processor.py:839} INFO - DAG(s) dict_keys(['example_bash_operator']) retrieved from /home/airflow/.local/lib/python3.8/site-packages/airflow/example_dags/example_bash_operator.py
[2024-03-23T07:21:37.096+0000] {logging_mixin.py:154} INFO - [2024-03-23T07:21:37.095+0000] {dag.py:2941} INFO - Sync 1 DAGs
[2024-03-23T07:21:37.106+0000] {logging_mixin.py:154} INFO - [2024-03-23T07:21:37.106+0000] {dag.py:3722} INFO - Setting next_dagrun for example_bash_operator to 2024-03-22T00:00:00+00:00, run_after=2024-03-23T00:00:00+00:00
[2024-03-23T07:21:37.114+0000] {processor.py:179} INFO - Processing /home/airflow/.local/lib/python3.8/site-packages/airflow/example_dags/example_bash_operator.py took 0.051 seconds
[2024-03-23T07:22:07.577+0000] {processor.py:157} INFO - Started process (PID=1463) to work on /home/airflow/.local/lib/python3.8/site-packages/airflow/example_dags/example_bash_operator.py
[2024-03-23T07:22:07.579+0000] {processor.py:829} INFO - Processing file /home/airflow/.local/lib/python3.8/site-packages/airflow/example_dags/example_bash_operator.py for tasks to queue
[2024-03-23T07:22:07.581+0000] {logging_mixin.py:154} INFO - [2024-03-23T07:22:07.580+0000] {dagbag.py:536} INFO - Filling up the DagBag from /home/airflow/.local/lib/python3.8/site-packages/airflow/example_dags/example_bash_operator.py
[2024-03-23T07:22:07.591+0000] {processor.py:839} INFO - DAG(s) dict_keys(['example_bash_operator']) retrieved from /home/airflow/.local/lib/python3.8/site-packages/airflow/example_dags/example_bash_operator.py
[2024-03-23T07:22:07.610+0000] {logging_mixin.py:154} INFO - [2024-03-23T07:22:07.610+0000] {dag.py:2941} INFO - Sync 1 DAGs
[2024-03-23T07:22:07.624+0000] {logging_mixin.py:154} INFO - [2024-03-23T07:22:07.624+0000] {dag.py:3722} INFO - Setting next_dagrun for example_bash_operator to 2024-03-22T00:00:00+00:00, run_after=2024-03-23T00:00:00+00:00
[2024-03-23T07:22:07.645+0000] {processor.py:179} INFO - Processing /home/airflow/.local/lib/python3.8/site-packages/airflow/example_dags/example_bash_operator.py took 0.075 seconds
[2024-03-23T07:22:38.169+0000] {processor.py:157} INFO - Started process (PID=1715) to work on /home/airflow/.local/lib/python3.8/site-packages/airflow/example_dags/example_bash_operator.py
[2024-03-23T07:22:38.170+0000] {processor.py:829} INFO - Processing file /home/airflow/.local/lib/python3.8/site-packages/airflow/example_dags/example_bash_operator.py for tasks to queue
[2024-03-23T07:22:38.170+0000] {logging_mixin.py:154} INFO - [2024-03-23T07:22:38.170+0000] {dagbag.py:536} INFO - Filling up the DagBag from /home/airflow/.local/lib/python3.8/site-packages/airflow/example_dags/example_bash_operator.py
[2024-03-23T07:22:38.176+0000] {processor.py:839} INFO - DAG(s) dict_keys(['example_bash_operator']) retrieved from /home/airflow/.local/lib/python3.8/site-packages/airflow/example_dags/example_bash_operator.py
[2024-03-23T07:22:38.190+0000] {logging_mixin.py:154} INFO - [2024-03-23T07:22:38.190+0000] {dag.py:2941} INFO - Sync 1 DAGs
[2024-03-23T07:22:38.205+0000] {logging_mixin.py:154} INFO - [2024-03-23T07:22:38.205+0000] {dag.py:3722} INFO - Setting next_dagrun for example_bash_operator to 2024-03-22T00:00:00+00:00, run_after=2024-03-23T00:00:00+00:00
[2024-03-23T07:22:38.214+0000] {processor.py:179} INFO - Processing /home/airflow/.local/lib/python3.8/site-packages/airflow/example_dags/example_bash_operator.py took 0.048 seconds
[2024-03-23T07:23:09.196+0000] {processor.py:157} INFO - Started process (PID=1956) to work on /home/airflow/.local/lib/python3.8/site-packages/airflow/example_dags/example_bash_operator.py
[2024-03-23T07:23:09.197+0000] {processor.py:829} INFO - Processing file /home/airflow/.local/lib/python3.8/site-packages/airflow/example_dags/example_bash_operator.py for tasks to queue
[2024-03-23T07:23:09.198+0000] {logging_mixin.py:154} INFO - [2024-03-23T07:23:09.198+0000] {dagbag.py:536} INFO - Filling up the DagBag from /home/airflow/.local/lib/python3.8/site-packages/airflow/example_dags/example_bash_operator.py
[2024-03-23T07:23:09.211+0000] {processor.py:839} INFO - DAG(s) dict_keys(['example_bash_operator']) retrieved from /home/airflow/.local/lib/python3.8/site-packages/airflow/example_dags/example_bash_operator.py
[2024-03-23T07:23:09.338+0000] {logging_mixin.py:154} INFO - [2024-03-23T07:23:09.337+0000] {dag.py:2941} INFO - Sync 1 DAGs
[2024-03-23T07:23:09.436+0000] {logging_mixin.py:154} INFO - [2024-03-23T07:23:09.436+0000] {dag.py:3722} INFO - Setting next_dagrun for example_bash_operator to 2024-03-22T00:00:00+00:00, run_after=2024-03-23T00:00:00+00:00
[2024-03-23T07:23:09.465+0000] {processor.py:179} INFO - Processing /home/airflow/.local/lib/python3.8/site-packages/airflow/example_dags/example_bash_operator.py took 0.273 seconds
[2024-03-23T07:23:40.280+0000] {processor.py:157} INFO - Started process (PID=2198) to work on /home/airflow/.local/lib/python3.8/site-packages/airflow/example_dags/example_bash_operator.py
[2024-03-23T07:23:40.282+0000] {processor.py:829} INFO - Processing file /home/airflow/.local/lib/python3.8/site-packages/airflow/example_dags/example_bash_operator.py for tasks to queue
[2024-03-23T07:23:40.283+0000] {logging_mixin.py:154} INFO - [2024-03-23T07:23:40.283+0000] {dagbag.py:536} INFO - Filling up the DagBag from /home/airflow/.local/lib/python3.8/site-packages/airflow/example_dags/example_bash_operator.py
[2024-03-23T07:23:40.300+0000] {processor.py:839} INFO - DAG(s) dict_keys(['example_bash_operator']) retrieved from /home/airflow/.local/lib/python3.8/site-packages/airflow/example_dags/example_bash_operator.py
[2024-03-23T07:23:40.351+0000] {logging_mixin.py:154} INFO - [2024-03-23T07:23:40.350+0000] {dag.py:2941} INFO - Sync 1 DAGs
[2024-03-23T07:23:40.374+0000] {logging_mixin.py:154} INFO - [2024-03-23T07:23:40.373+0000] {dag.py:3722} INFO - Setting next_dagrun for example_bash_operator to 2024-03-22T00:00:00+00:00, run_after=2024-03-23T00:00:00+00:00
[2024-03-23T07:23:40.385+0000] {processor.py:179} INFO - Processing /home/airflow/.local/lib/python3.8/site-packages/airflow/example_dags/example_bash_operator.py took 0.108 seconds
[2024-03-23T07:24:10.787+0000] {processor.py:157} INFO - Started process (PID=2438) to work on /home/airflow/.local/lib/python3.8/site-packages/airflow/example_dags/example_bash_operator.py
[2024-03-23T07:24:10.789+0000] {processor.py:829} INFO - Processing file /home/airflow/.local/lib/python3.8/site-packages/airflow/example_dags/example_bash_operator.py for tasks to queue
[2024-03-23T07:24:10.789+0000] {logging_mixin.py:154} INFO - [2024-03-23T07:24:10.789+0000] {dagbag.py:536} INFO - Filling up the DagBag from /home/airflow/.local/lib/python3.8/site-packages/airflow/example_dags/example_bash_operator.py
[2024-03-23T07:24:10.797+0000] {processor.py:839} INFO - DAG(s) dict_keys(['example_bash_operator']) retrieved from /home/airflow/.local/lib/python3.8/site-packages/airflow/example_dags/example_bash_operator.py
[2024-03-23T07:24:10.816+0000] {logging_mixin.py:154} INFO - [2024-03-23T07:24:10.816+0000] {dag.py:2941} INFO - Sync 1 DAGs
[2024-03-23T07:24:10.833+0000] {logging_mixin.py:154} INFO - [2024-03-23T07:24:10.833+0000] {dag.py:3722} INFO - Setting next_dagrun for example_bash_operator to 2024-03-22T00:00:00+00:00, run_after=2024-03-23T00:00:00+00:00
[2024-03-23T07:24:10.853+0000] {processor.py:179} INFO - Processing /home/airflow/.local/lib/python3.8/site-packages/airflow/example_dags/example_bash_operator.py took 0.068 seconds
[2024-03-23T07:24:41.099+0000] {processor.py:157} INFO - Started process (PID=2681) to work on /home/airflow/.local/lib/python3.8/site-packages/airflow/example_dags/example_bash_operator.py
[2024-03-23T07:24:41.102+0000] {processor.py:829} INFO - Processing file /home/airflow/.local/lib/python3.8/site-packages/airflow/example_dags/example_bash_operator.py for tasks to queue
[2024-03-23T07:24:41.104+0000] {logging_mixin.py:154} INFO - [2024-03-23T07:24:41.103+0000] {dagbag.py:536} INFO - Filling up the DagBag from /home/airflow/.local/lib/python3.8/site-packages/airflow/example_dags/example_bash_operator.py
[2024-03-23T07:24:41.133+0000] {processor.py:839} INFO - DAG(s) dict_keys(['example_bash_operator']) retrieved from /home/airflow/.local/lib/python3.8/site-packages/airflow/example_dags/example_bash_operator.py
[2024-03-23T07:24:41.190+0000] {logging_mixin.py:154} INFO - [2024-03-23T07:24:41.190+0000] {dag.py:2941} INFO - Sync 1 DAGs
[2024-03-23T07:24:41.219+0000] {logging_mixin.py:154} INFO - [2024-03-23T07:24:41.219+0000] {dag.py:3722} INFO - Setting next_dagrun for example_bash_operator to 2024-03-22T00:00:00+00:00, run_after=2024-03-23T00:00:00+00:00
[2024-03-23T07:24:41.236+0000] {processor.py:179} INFO - Processing /home/airflow/.local/lib/python3.8/site-packages/airflow/example_dags/example_bash_operator.py took 0.142 seconds
[2024-03-23T07:25:11.626+0000] {processor.py:157} INFO - Started process (PID=2930) to work on /home/airflow/.local/lib/python3.8/site-packages/airflow/example_dags/example_bash_operator.py
[2024-03-23T07:25:11.634+0000] {processor.py:829} INFO - Processing file /home/airflow/.local/lib/python3.8/site-packages/airflow/example_dags/example_bash_operator.py for tasks to queue
[2024-03-23T07:25:11.637+0000] {logging_mixin.py:154} INFO - [2024-03-23T07:25:11.635+0000] {dagbag.py:536} INFO - Filling up the DagBag from /home/airflow/.local/lib/python3.8/site-packages/airflow/example_dags/example_bash_operator.py
[2024-03-23T07:25:11.697+0000] {processor.py:839} INFO - DAG(s) dict_keys(['example_bash_operator']) retrieved from /home/airflow/.local/lib/python3.8/site-packages/airflow/example_dags/example_bash_operator.py
[2024-03-23T07:25:11.918+0000] {logging_mixin.py:154} INFO - [2024-03-23T07:25:11.917+0000] {dag.py:2941} INFO - Sync 1 DAGs
[2024-03-23T07:25:11.993+0000] {logging_mixin.py:154} INFO - [2024-03-23T07:25:11.992+0000] {dag.py:3722} INFO - Setting next_dagrun for example_bash_operator to 2024-03-22T00:00:00+00:00, run_after=2024-03-23T00:00:00+00:00
[2024-03-23T07:25:12.059+0000] {processor.py:179} INFO - Processing /home/airflow/.local/lib/python3.8/site-packages/airflow/example_dags/example_bash_operator.py took 0.461 seconds
[2024-03-23T07:25:42.199+0000] {processor.py:157} INFO - Started process (PID=3179) to work on /home/airflow/.local/lib/python3.8/site-packages/airflow/example_dags/example_bash_operator.py
[2024-03-23T07:25:42.202+0000] {processor.py:829} INFO - Processing file /home/airflow/.local/lib/python3.8/site-packages/airflow/example_dags/example_bash_operator.py for tasks to queue
[2024-03-23T07:25:42.204+0000] {logging_mixin.py:154} INFO - [2024-03-23T07:25:42.203+0000] {dagbag.py:536} INFO - Filling up the DagBag from /home/airflow/.local/lib/python3.8/site-packages/airflow/example_dags/example_bash_operator.py
[2024-03-23T07:25:42.254+0000] {processor.py:839} INFO - DAG(s) dict_keys(['example_bash_operator']) retrieved from /home/airflow/.local/lib/python3.8/site-packages/airflow/example_dags/example_bash_operator.py
[2024-03-23T07:25:42.357+0000] {logging_mixin.py:154} INFO - [2024-03-23T07:25:42.357+0000] {dag.py:2941} INFO - Sync 1 DAGs
[2024-03-23T07:25:42.464+0000] {logging_mixin.py:154} INFO - [2024-03-23T07:25:42.463+0000] {dag.py:3722} INFO - Setting next_dagrun for example_bash_operator to 2024-03-22T00:00:00+00:00, run_after=2024-03-23T00:00:00+00:00
[2024-03-23T07:25:42.554+0000] {processor.py:179} INFO - Processing /home/airflow/.local/lib/python3.8/site-packages/airflow/example_dags/example_bash_operator.py took 0.374 seconds
[2024-03-23T07:26:12.976+0000] {processor.py:157} INFO - Started process (PID=3420) to work on /home/airflow/.local/lib/python3.8/site-packages/airflow/example_dags/example_bash_operator.py
[2024-03-23T07:26:12.979+0000] {processor.py:829} INFO - Processing file /home/airflow/.local/lib/python3.8/site-packages/airflow/example_dags/example_bash_operator.py for tasks to queue
[2024-03-23T07:26:12.979+0000] {logging_mixin.py:154} INFO - [2024-03-23T07:26:12.979+0000] {dagbag.py:536} INFO - Filling up the DagBag from /home/airflow/.local/lib/python3.8/site-packages/airflow/example_dags/example_bash_operator.py
[2024-03-23T07:26:12.987+0000] {processor.py:839} INFO - DAG(s) dict_keys(['example_bash_operator']) retrieved from /home/airflow/.local/lib/python3.8/site-packages/airflow/example_dags/example_bash_operator.py
[2024-03-23T07:26:13.010+0000] {logging_mixin.py:154} INFO - [2024-03-23T07:26:13.009+0000] {dag.py:2941} INFO - Sync 1 DAGs
[2024-03-23T07:26:13.028+0000] {logging_mixin.py:154} INFO - [2024-03-23T07:26:13.028+0000] {dag.py:3722} INFO - Setting next_dagrun for example_bash_operator to 2024-03-22T00:00:00+00:00, run_after=2024-03-23T00:00:00+00:00
[2024-03-23T07:26:13.045+0000] {processor.py:179} INFO - Processing /home/airflow/.local/lib/python3.8/site-packages/airflow/example_dags/example_bash_operator.py took 0.071 seconds
[2024-03-23T07:26:43.973+0000] {processor.py:157} INFO - Started process (PID=3665) to work on /home/airflow/.local/lib/python3.8/site-packages/airflow/example_dags/example_bash_operator.py
[2024-03-23T07:26:43.981+0000] {processor.py:829} INFO - Processing file /home/airflow/.local/lib/python3.8/site-packages/airflow/example_dags/example_bash_operator.py for tasks to queue
[2024-03-23T07:26:43.982+0000] {logging_mixin.py:154} INFO - [2024-03-23T07:26:43.982+0000] {dagbag.py:536} INFO - Filling up the DagBag from /home/airflow/.local/lib/python3.8/site-packages/airflow/example_dags/example_bash_operator.py
[2024-03-23T07:26:43.993+0000] {processor.py:839} INFO - DAG(s) dict_keys(['example_bash_operator']) retrieved from /home/airflow/.local/lib/python3.8/site-packages/airflow/example_dags/example_bash_operator.py
[2024-03-23T07:26:44.021+0000] {logging_mixin.py:154} INFO - [2024-03-23T07:26:44.021+0000] {dag.py:2941} INFO - Sync 1 DAGs
[2024-03-23T07:26:44.042+0000] {logging_mixin.py:154} INFO - [2024-03-23T07:26:44.042+0000] {dag.py:3722} INFO - Setting next_dagrun for example_bash_operator to 2024-03-22T00:00:00+00:00, run_after=2024-03-23T00:00:00+00:00
[2024-03-23T07:26:44.061+0000] {processor.py:179} INFO - Processing /home/airflow/.local/lib/python3.8/site-packages/airflow/example_dags/example_bash_operator.py took 0.095 seconds
[2024-03-23T07:27:14.835+0000] {processor.py:157} INFO - Started process (PID=3906) to work on /home/airflow/.local/lib/python3.8/site-packages/airflow/example_dags/example_bash_operator.py
[2024-03-23T07:27:14.837+0000] {processor.py:829} INFO - Processing file /home/airflow/.local/lib/python3.8/site-packages/airflow/example_dags/example_bash_operator.py for tasks to queue
[2024-03-23T07:27:14.838+0000] {logging_mixin.py:154} INFO - [2024-03-23T07:27:14.838+0000] {dagbag.py:536} INFO - Filling up the DagBag from /home/airflow/.local/lib/python3.8/site-packages/airflow/example_dags/example_bash_operator.py
[2024-03-23T07:27:14.851+0000] {processor.py:839} INFO - DAG(s) dict_keys(['example_bash_operator']) retrieved from /home/airflow/.local/lib/python3.8/site-packages/airflow/example_dags/example_bash_operator.py
[2024-03-23T07:27:14.894+0000] {logging_mixin.py:154} INFO - [2024-03-23T07:27:14.893+0000] {dag.py:2941} INFO - Sync 1 DAGs
[2024-03-23T07:27:14.917+0000] {logging_mixin.py:154} INFO - [2024-03-23T07:27:14.917+0000] {dag.py:3722} INFO - Setting next_dagrun for example_bash_operator to 2024-03-22T00:00:00+00:00, run_after=2024-03-23T00:00:00+00:00
[2024-03-23T07:27:14.935+0000] {processor.py:179} INFO - Processing /home/airflow/.local/lib/python3.8/site-packages/airflow/example_dags/example_bash_operator.py took 0.105 seconds
[2024-03-23T07:27:45.127+0000] {processor.py:157} INFO - Started process (PID=4149) to work on /home/airflow/.local/lib/python3.8/site-packages/airflow/example_dags/example_bash_operator.py
[2024-03-23T07:27:45.128+0000] {processor.py:829} INFO - Processing file /home/airflow/.local/lib/python3.8/site-packages/airflow/example_dags/example_bash_operator.py for tasks to queue
[2024-03-23T07:27:45.129+0000] {logging_mixin.py:154} INFO - [2024-03-23T07:27:45.129+0000] {dagbag.py:536} INFO - Filling up the DagBag from /home/airflow/.local/lib/python3.8/site-packages/airflow/example_dags/example_bash_operator.py
[2024-03-23T07:27:45.136+0000] {processor.py:839} INFO - DAG(s) dict_keys(['example_bash_operator']) retrieved from /home/airflow/.local/lib/python3.8/site-packages/airflow/example_dags/example_bash_operator.py
[2024-03-23T07:27:45.163+0000] {logging_mixin.py:154} INFO - [2024-03-23T07:27:45.163+0000] {dag.py:2941} INFO - Sync 1 DAGs
[2024-03-23T07:27:45.198+0000] {logging_mixin.py:154} INFO - [2024-03-23T07:27:45.197+0000] {dag.py:3722} INFO - Setting next_dagrun for example_bash_operator to 2024-03-22T00:00:00+00:00, run_after=2024-03-23T00:00:00+00:00
[2024-03-23T07:27:45.209+0000] {processor.py:179} INFO - Processing /home/airflow/.local/lib/python3.8/site-packages/airflow/example_dags/example_bash_operator.py took 0.084 seconds
[2024-03-23T07:28:16.108+0000] {processor.py:157} INFO - Started process (PID=4392) to work on /home/airflow/.local/lib/python3.8/site-packages/airflow/example_dags/example_bash_operator.py
[2024-03-23T07:28:16.113+0000] {processor.py:829} INFO - Processing file /home/airflow/.local/lib/python3.8/site-packages/airflow/example_dags/example_bash_operator.py for tasks to queue
[2024-03-23T07:28:16.114+0000] {logging_mixin.py:154} INFO - [2024-03-23T07:28:16.113+0000] {dagbag.py:536} INFO - Filling up the DagBag from /home/airflow/.local/lib/python3.8/site-packages/airflow/example_dags/example_bash_operator.py
[2024-03-23T07:28:16.121+0000] {processor.py:839} INFO - DAG(s) dict_keys(['example_bash_operator']) retrieved from /home/airflow/.local/lib/python3.8/site-packages/airflow/example_dags/example_bash_operator.py
[2024-03-23T07:28:16.136+0000] {logging_mixin.py:154} INFO - [2024-03-23T07:28:16.136+0000] {dag.py:2941} INFO - Sync 1 DAGs
[2024-03-23T07:28:16.155+0000] {logging_mixin.py:154} INFO - [2024-03-23T07:28:16.155+0000] {dag.py:3722} INFO - Setting next_dagrun for example_bash_operator to 2024-03-22T00:00:00+00:00, run_after=2024-03-23T00:00:00+00:00
[2024-03-23T07:28:16.166+0000] {processor.py:179} INFO - Processing /home/airflow/.local/lib/python3.8/site-packages/airflow/example_dags/example_bash_operator.py took 0.060 seconds
[2024-03-23T07:28:46.265+0000] {processor.py:157} INFO - Started process (PID=4637) to work on /home/airflow/.local/lib/python3.8/site-packages/airflow/example_dags/example_bash_operator.py
[2024-03-23T07:28:46.266+0000] {processor.py:829} INFO - Processing file /home/airflow/.local/lib/python3.8/site-packages/airflow/example_dags/example_bash_operator.py for tasks to queue
[2024-03-23T07:28:46.267+0000] {logging_mixin.py:154} INFO - [2024-03-23T07:28:46.267+0000] {dagbag.py:536} INFO - Filling up the DagBag from /home/airflow/.local/lib/python3.8/site-packages/airflow/example_dags/example_bash_operator.py
[2024-03-23T07:28:46.274+0000] {processor.py:839} INFO - DAG(s) dict_keys(['example_bash_operator']) retrieved from /home/airflow/.local/lib/python3.8/site-packages/airflow/example_dags/example_bash_operator.py
[2024-03-23T07:28:46.290+0000] {logging_mixin.py:154} INFO - [2024-03-23T07:28:46.290+0000] {dag.py:2941} INFO - Sync 1 DAGs
[2024-03-23T07:28:46.306+0000] {logging_mixin.py:154} INFO - [2024-03-23T07:28:46.306+0000] {dag.py:3722} INFO - Setting next_dagrun for example_bash_operator to 2024-03-22T00:00:00+00:00, run_after=2024-03-23T00:00:00+00:00
[2024-03-23T07:28:46.322+0000] {processor.py:179} INFO - Processing /home/airflow/.local/lib/python3.8/site-packages/airflow/example_dags/example_bash_operator.py took 0.059 seconds
[2024-03-23T07:29:36.826+0000] {processor.py:157} INFO - Started process (PID=246) to work on /home/airflow/.local/lib/python3.8/site-packages/airflow/example_dags/example_bash_operator.py
[2024-03-23T07:29:36.827+0000] {processor.py:829} INFO - Processing file /home/airflow/.local/lib/python3.8/site-packages/airflow/example_dags/example_bash_operator.py for tasks to queue
[2024-03-23T07:29:36.827+0000] {logging_mixin.py:154} INFO - [2024-03-23T07:29:36.827+0000] {dagbag.py:536} INFO - Filling up the DagBag from /home/airflow/.local/lib/python3.8/site-packages/airflow/example_dags/example_bash_operator.py
[2024-03-23T07:29:36.836+0000] {processor.py:839} INFO - DAG(s) dict_keys(['example_bash_operator']) retrieved from /home/airflow/.local/lib/python3.8/site-packages/airflow/example_dags/example_bash_operator.py
[2024-03-23T07:29:36.850+0000] {logging_mixin.py:154} INFO - [2024-03-23T07:29:36.850+0000] {dag.py:2941} INFO - Sync 1 DAGs
[2024-03-23T07:29:36.862+0000] {logging_mixin.py:154} INFO - [2024-03-23T07:29:36.862+0000] {dag.py:3722} INFO - Setting next_dagrun for example_bash_operator to 2024-03-22T00:00:00+00:00, run_after=2024-03-23T00:00:00+00:00
[2024-03-23T07:29:36.870+0000] {processor.py:179} INFO - Processing /home/airflow/.local/lib/python3.8/site-packages/airflow/example_dags/example_bash_operator.py took 0.046 seconds
