[2024-03-23T07:19:34.238+0000] {processor.py:157} INFO - Started process (PID=292) to work on /home/airflow/.local/lib/python3.8/site-packages/airflow/example_dags/example_python_operator.py
[2024-03-23T07:19:34.239+0000] {processor.py:829} INFO - Processing file /home/airflow/.local/lib/python3.8/site-packages/airflow/example_dags/example_python_operator.py for tasks to queue
[2024-03-23T07:19:34.240+0000] {logging_mixin.py:154} INFO - [2024-03-23T07:19:34.240+0000] {dagbag.py:536} INFO - Filling up the DagBag from /home/airflow/.local/lib/python3.8/site-packages/airflow/example_dags/example_python_operator.py
[2024-03-23T07:19:34.246+0000] {processor.py:839} INFO - DAG(s) dict_keys(['example_python_operator']) retrieved from /home/airflow/.local/lib/python3.8/site-packages/airflow/example_dags/example_python_operator.py
[2024-03-23T07:19:34.316+0000] {logging_mixin.py:154} INFO - [2024-03-23T07:19:34.315+0000] {manager.py:499} INFO - Created Permission View: %s
[2024-03-23T07:19:34.322+0000] {logging_mixin.py:154} INFO - [2024-03-23T07:19:34.322+0000] {manager.py:499} INFO - Created Permission View: %s
[2024-03-23T07:19:34.325+0000] {logging_mixin.py:154} INFO - [2024-03-23T07:19:34.325+0000] {manager.py:499} INFO - Created Permission View: %s
[2024-03-23T07:19:34.326+0000] {logging_mixin.py:154} INFO - [2024-03-23T07:19:34.325+0000] {dag.py:2941} INFO - Sync 1 DAGs
[2024-03-23T07:19:34.332+0000] {logging_mixin.py:154} INFO - [2024-03-23T07:19:34.331+0000] {dag.py:2963} INFO - Creating ORM DAG for example_python_operator
[2024-03-23T07:19:34.332+0000] {logging_mixin.py:154} INFO - [2024-03-23T07:19:34.332+0000] {dag.py:3722} INFO - Setting next_dagrun for example_python_operator to None, run_after=None
[2024-03-23T07:19:34.340+0000] {processor.py:179} INFO - Processing /home/airflow/.local/lib/python3.8/site-packages/airflow/example_dags/example_python_operator.py took 0.104 seconds
[2024-03-23T07:20:04.895+0000] {processor.py:157} INFO - Started process (PID=535) to work on /home/airflow/.local/lib/python3.8/site-packages/airflow/example_dags/example_python_operator.py
[2024-03-23T07:20:04.896+0000] {processor.py:829} INFO - Processing file /home/airflow/.local/lib/python3.8/site-packages/airflow/example_dags/example_python_operator.py for tasks to queue
[2024-03-23T07:20:04.897+0000] {logging_mixin.py:154} INFO - [2024-03-23T07:20:04.897+0000] {dagbag.py:536} INFO - Filling up the DagBag from /home/airflow/.local/lib/python3.8/site-packages/airflow/example_dags/example_python_operator.py
[2024-03-23T07:20:04.903+0000] {processor.py:839} INFO - DAG(s) dict_keys(['example_python_operator']) retrieved from /home/airflow/.local/lib/python3.8/site-packages/airflow/example_dags/example_python_operator.py
[2024-03-23T07:20:04.915+0000] {logging_mixin.py:154} INFO - [2024-03-23T07:20:04.915+0000] {dag.py:2941} INFO - Sync 1 DAGs
[2024-03-23T07:20:04.922+0000] {logging_mixin.py:154} INFO - [2024-03-23T07:20:04.922+0000] {dag.py:3722} INFO - Setting next_dagrun for example_python_operator to None, run_after=None
[2024-03-23T07:20:04.931+0000] {processor.py:179} INFO - Processing /home/airflow/.local/lib/python3.8/site-packages/airflow/example_dags/example_python_operator.py took 0.038 seconds
[2024-03-23T07:20:36.100+0000] {processor.py:157} INFO - Started process (PID=778) to work on /home/airflow/.local/lib/python3.8/site-packages/airflow/example_dags/example_python_operator.py
[2024-03-23T07:20:36.101+0000] {processor.py:829} INFO - Processing file /home/airflow/.local/lib/python3.8/site-packages/airflow/example_dags/example_python_operator.py for tasks to queue
[2024-03-23T07:20:36.101+0000] {logging_mixin.py:154} INFO - [2024-03-23T07:20:36.101+0000] {dagbag.py:536} INFO - Filling up the DagBag from /home/airflow/.local/lib/python3.8/site-packages/airflow/example_dags/example_python_operator.py
[2024-03-23T07:20:36.108+0000] {processor.py:839} INFO - DAG(s) dict_keys(['example_python_operator']) retrieved from /home/airflow/.local/lib/python3.8/site-packages/airflow/example_dags/example_python_operator.py
[2024-03-23T07:20:36.125+0000] {logging_mixin.py:154} INFO - [2024-03-23T07:20:36.125+0000] {dag.py:2941} INFO - Sync 1 DAGs
[2024-03-23T07:20:36.135+0000] {logging_mixin.py:154} INFO - [2024-03-23T07:20:36.135+0000] {dag.py:3722} INFO - Setting next_dagrun for example_python_operator to None, run_after=None
[2024-03-23T07:20:36.154+0000] {processor.py:179} INFO - Processing /home/airflow/.local/lib/python3.8/site-packages/airflow/example_dags/example_python_operator.py took 0.056 seconds
[2024-03-23T07:21:06.492+0000] {processor.py:157} INFO - Started process (PID=1021) to work on /home/airflow/.local/lib/python3.8/site-packages/airflow/example_dags/example_python_operator.py
[2024-03-23T07:21:06.494+0000] {processor.py:829} INFO - Processing file /home/airflow/.local/lib/python3.8/site-packages/airflow/example_dags/example_python_operator.py for tasks to queue
[2024-03-23T07:21:06.494+0000] {logging_mixin.py:154} INFO - [2024-03-23T07:21:06.494+0000] {dagbag.py:536} INFO - Filling up the DagBag from /home/airflow/.local/lib/python3.8/site-packages/airflow/example_dags/example_python_operator.py
[2024-03-23T07:21:06.502+0000] {processor.py:839} INFO - DAG(s) dict_keys(['example_python_operator']) retrieved from /home/airflow/.local/lib/python3.8/site-packages/airflow/example_dags/example_python_operator.py
[2024-03-23T07:21:06.516+0000] {logging_mixin.py:154} INFO - [2024-03-23T07:21:06.516+0000] {dag.py:2941} INFO - Sync 1 DAGs
[2024-03-23T07:21:06.525+0000] {logging_mixin.py:154} INFO - [2024-03-23T07:21:06.524+0000] {dag.py:3722} INFO - Setting next_dagrun for example_python_operator to None, run_after=None
[2024-03-23T07:21:06.538+0000] {processor.py:179} INFO - Processing /home/airflow/.local/lib/python3.8/site-packages/airflow/example_dags/example_python_operator.py took 0.048 seconds
[2024-03-23T07:21:37.527+0000] {processor.py:157} INFO - Started process (PID=1266) to work on /home/airflow/.local/lib/python3.8/site-packages/airflow/example_dags/example_python_operator.py
[2024-03-23T07:21:37.529+0000] {processor.py:829} INFO - Processing file /home/airflow/.local/lib/python3.8/site-packages/airflow/example_dags/example_python_operator.py for tasks to queue
[2024-03-23T07:21:37.530+0000] {logging_mixin.py:154} INFO - [2024-03-23T07:21:37.530+0000] {dagbag.py:536} INFO - Filling up the DagBag from /home/airflow/.local/lib/python3.8/site-packages/airflow/example_dags/example_python_operator.py
[2024-03-23T07:21:37.537+0000] {processor.py:839} INFO - DAG(s) dict_keys(['example_python_operator']) retrieved from /home/airflow/.local/lib/python3.8/site-packages/airflow/example_dags/example_python_operator.py
[2024-03-23T07:21:37.550+0000] {logging_mixin.py:154} INFO - [2024-03-23T07:21:37.550+0000] {dag.py:2941} INFO - Sync 1 DAGs
[2024-03-23T07:21:37.556+0000] {logging_mixin.py:154} INFO - [2024-03-23T07:21:37.556+0000] {dag.py:3722} INFO - Setting next_dagrun for example_python_operator to None, run_after=None
[2024-03-23T07:21:37.564+0000] {processor.py:179} INFO - Processing /home/airflow/.local/lib/python3.8/site-packages/airflow/example_dags/example_python_operator.py took 0.040 seconds
[2024-03-23T07:22:08.371+0000] {processor.py:157} INFO - Started process (PID=1511) to work on /home/airflow/.local/lib/python3.8/site-packages/airflow/example_dags/example_python_operator.py
[2024-03-23T07:22:08.372+0000] {processor.py:829} INFO - Processing file /home/airflow/.local/lib/python3.8/site-packages/airflow/example_dags/example_python_operator.py for tasks to queue
[2024-03-23T07:22:08.373+0000] {logging_mixin.py:154} INFO - [2024-03-23T07:22:08.373+0000] {dagbag.py:536} INFO - Filling up the DagBag from /home/airflow/.local/lib/python3.8/site-packages/airflow/example_dags/example_python_operator.py
[2024-03-23T07:22:08.380+0000] {processor.py:839} INFO - DAG(s) dict_keys(['example_python_operator']) retrieved from /home/airflow/.local/lib/python3.8/site-packages/airflow/example_dags/example_python_operator.py
[2024-03-23T07:22:08.405+0000] {logging_mixin.py:154} INFO - [2024-03-23T07:22:08.405+0000] {dag.py:2941} INFO - Sync 1 DAGs
[2024-03-23T07:22:08.414+0000] {logging_mixin.py:154} INFO - [2024-03-23T07:22:08.414+0000] {dag.py:3722} INFO - Setting next_dagrun for example_python_operator to None, run_after=None
[2024-03-23T07:22:08.426+0000] {processor.py:179} INFO - Processing /home/airflow/.local/lib/python3.8/site-packages/airflow/example_dags/example_python_operator.py took 0.058 seconds
[2024-03-23T07:22:38.566+0000] {processor.py:157} INFO - Started process (PID=1758) to work on /home/airflow/.local/lib/python3.8/site-packages/airflow/example_dags/example_python_operator.py
[2024-03-23T07:22:38.568+0000] {processor.py:829} INFO - Processing file /home/airflow/.local/lib/python3.8/site-packages/airflow/example_dags/example_python_operator.py for tasks to queue
[2024-03-23T07:22:38.572+0000] {logging_mixin.py:154} INFO - [2024-03-23T07:22:38.571+0000] {dagbag.py:536} INFO - Filling up the DagBag from /home/airflow/.local/lib/python3.8/site-packages/airflow/example_dags/example_python_operator.py
[2024-03-23T07:22:38.579+0000] {processor.py:839} INFO - DAG(s) dict_keys(['example_python_operator']) retrieved from /home/airflow/.local/lib/python3.8/site-packages/airflow/example_dags/example_python_operator.py
[2024-03-23T07:22:38.594+0000] {logging_mixin.py:154} INFO - [2024-03-23T07:22:38.594+0000] {dag.py:2941} INFO - Sync 1 DAGs
[2024-03-23T07:22:38.600+0000] {logging_mixin.py:154} INFO - [2024-03-23T07:22:38.600+0000] {dag.py:3722} INFO - Setting next_dagrun for example_python_operator to None, run_after=None
[2024-03-23T07:22:38.610+0000] {processor.py:179} INFO - Processing /home/airflow/.local/lib/python3.8/site-packages/airflow/example_dags/example_python_operator.py took 0.047 seconds
[2024-03-23T07:23:09.944+0000] {processor.py:157} INFO - Started process (PID=2001) to work on /home/airflow/.local/lib/python3.8/site-packages/airflow/example_dags/example_python_operator.py
[2024-03-23T07:23:09.945+0000] {processor.py:829} INFO - Processing file /home/airflow/.local/lib/python3.8/site-packages/airflow/example_dags/example_python_operator.py for tasks to queue
[2024-03-23T07:23:09.946+0000] {logging_mixin.py:154} INFO - [2024-03-23T07:23:09.946+0000] {dagbag.py:536} INFO - Filling up the DagBag from /home/airflow/.local/lib/python3.8/site-packages/airflow/example_dags/example_python_operator.py
[2024-03-23T07:23:09.953+0000] {processor.py:839} INFO - DAG(s) dict_keys(['example_python_operator']) retrieved from /home/airflow/.local/lib/python3.8/site-packages/airflow/example_dags/example_python_operator.py
[2024-03-23T07:23:09.966+0000] {logging_mixin.py:154} INFO - [2024-03-23T07:23:09.966+0000] {dag.py:2941} INFO - Sync 1 DAGs
[2024-03-23T07:23:09.973+0000] {logging_mixin.py:154} INFO - [2024-03-23T07:23:09.973+0000] {dag.py:3722} INFO - Setting next_dagrun for example_python_operator to None, run_after=None
[2024-03-23T07:23:09.983+0000] {processor.py:179} INFO - Processing /home/airflow/.local/lib/python3.8/site-packages/airflow/example_dags/example_python_operator.py took 0.043 seconds
[2024-03-23T07:23:42.233+0000] {processor.py:157} INFO - Started process (PID=2245) to work on /home/airflow/.local/lib/python3.8/site-packages/airflow/example_dags/example_python_operator.py
[2024-03-23T07:23:42.237+0000] {processor.py:829} INFO - Processing file /home/airflow/.local/lib/python3.8/site-packages/airflow/example_dags/example_python_operator.py for tasks to queue
[2024-03-23T07:23:42.240+0000] {logging_mixin.py:154} INFO - [2024-03-23T07:23:42.240+0000] {dagbag.py:536} INFO - Filling up the DagBag from /home/airflow/.local/lib/python3.8/site-packages/airflow/example_dags/example_python_operator.py
[2024-03-23T07:23:42.249+0000] {processor.py:839} INFO - DAG(s) dict_keys(['example_python_operator']) retrieved from /home/airflow/.local/lib/python3.8/site-packages/airflow/example_dags/example_python_operator.py
[2024-03-23T07:23:42.272+0000] {logging_mixin.py:154} INFO - [2024-03-23T07:23:42.272+0000] {dag.py:2941} INFO - Sync 1 DAGs
[2024-03-23T07:23:42.290+0000] {logging_mixin.py:154} INFO - [2024-03-23T07:23:42.289+0000] {dag.py:3722} INFO - Setting next_dagrun for example_python_operator to None, run_after=None
[2024-03-23T07:23:42.316+0000] {processor.py:179} INFO - Processing /home/airflow/.local/lib/python3.8/site-packages/airflow/example_dags/example_python_operator.py took 0.095 seconds
[2024-03-23T07:24:13.991+0000] {processor.py:157} INFO - Started process (PID=2486) to work on /home/airflow/.local/lib/python3.8/site-packages/airflow/example_dags/example_python_operator.py
[2024-03-23T07:24:13.995+0000] {processor.py:829} INFO - Processing file /home/airflow/.local/lib/python3.8/site-packages/airflow/example_dags/example_python_operator.py for tasks to queue
[2024-03-23T07:24:13.996+0000] {logging_mixin.py:154} INFO - [2024-03-23T07:24:13.996+0000] {dagbag.py:536} INFO - Filling up the DagBag from /home/airflow/.local/lib/python3.8/site-packages/airflow/example_dags/example_python_operator.py
[2024-03-23T07:24:14.021+0000] {processor.py:839} INFO - DAG(s) dict_keys(['example_python_operator']) retrieved from /home/airflow/.local/lib/python3.8/site-packages/airflow/example_dags/example_python_operator.py
[2024-03-23T07:24:14.047+0000] {logging_mixin.py:154} INFO - [2024-03-23T07:24:14.046+0000] {dag.py:2941} INFO - Sync 1 DAGs
[2024-03-23T07:24:14.065+0000] {logging_mixin.py:154} INFO - [2024-03-23T07:24:14.065+0000] {dag.py:3722} INFO - Setting next_dagrun for example_python_operator to None, run_after=None
[2024-03-23T07:24:14.082+0000] {processor.py:179} INFO - Processing /home/airflow/.local/lib/python3.8/site-packages/airflow/example_dags/example_python_operator.py took 0.093 seconds
[2024-03-23T07:24:46.304+0000] {processor.py:157} INFO - Started process (PID=2729) to work on /home/airflow/.local/lib/python3.8/site-packages/airflow/example_dags/example_python_operator.py
[2024-03-23T07:24:46.305+0000] {processor.py:829} INFO - Processing file /home/airflow/.local/lib/python3.8/site-packages/airflow/example_dags/example_python_operator.py for tasks to queue
[2024-03-23T07:24:46.306+0000] {logging_mixin.py:154} INFO - [2024-03-23T07:24:46.306+0000] {dagbag.py:536} INFO - Filling up the DagBag from /home/airflow/.local/lib/python3.8/site-packages/airflow/example_dags/example_python_operator.py
[2024-03-23T07:24:46.312+0000] {processor.py:839} INFO - DAG(s) dict_keys(['example_python_operator']) retrieved from /home/airflow/.local/lib/python3.8/site-packages/airflow/example_dags/example_python_operator.py
[2024-03-23T07:24:46.328+0000] {logging_mixin.py:154} INFO - [2024-03-23T07:24:46.328+0000] {dag.py:2941} INFO - Sync 1 DAGs
[2024-03-23T07:24:46.338+0000] {logging_mixin.py:154} INFO - [2024-03-23T07:24:46.338+0000] {dag.py:3722} INFO - Setting next_dagrun for example_python_operator to None, run_after=None
[2024-03-23T07:24:46.350+0000] {processor.py:179} INFO - Processing /home/airflow/.local/lib/python3.8/site-packages/airflow/example_dags/example_python_operator.py took 0.048 seconds
[2024-03-23T07:25:21.776+0000] {processor.py:157} INFO - Started process (PID=2978) to work on /home/airflow/.local/lib/python3.8/site-packages/airflow/example_dags/example_python_operator.py
[2024-03-23T07:25:21.777+0000] {processor.py:829} INFO - Processing file /home/airflow/.local/lib/python3.8/site-packages/airflow/example_dags/example_python_operator.py for tasks to queue
[2024-03-23T07:25:21.778+0000] {logging_mixin.py:154} INFO - [2024-03-23T07:25:21.778+0000] {dagbag.py:536} INFO - Filling up the DagBag from /home/airflow/.local/lib/python3.8/site-packages/airflow/example_dags/example_python_operator.py
[2024-03-23T07:25:21.787+0000] {processor.py:839} INFO - DAG(s) dict_keys(['example_python_operator']) retrieved from /home/airflow/.local/lib/python3.8/site-packages/airflow/example_dags/example_python_operator.py
[2024-03-23T07:25:21.810+0000] {logging_mixin.py:154} INFO - [2024-03-23T07:25:21.809+0000] {dag.py:2941} INFO - Sync 1 DAGs
[2024-03-23T07:25:21.828+0000] {logging_mixin.py:154} INFO - [2024-03-23T07:25:21.828+0000] {dag.py:3722} INFO - Setting next_dagrun for example_python_operator to None, run_after=None
[2024-03-23T07:25:21.844+0000] {processor.py:179} INFO - Processing /home/airflow/.local/lib/python3.8/site-packages/airflow/example_dags/example_python_operator.py took 0.070 seconds
[2024-03-23T07:25:54.535+0000] {processor.py:157} INFO - Started process (PID=3229) to work on /home/airflow/.local/lib/python3.8/site-packages/airflow/example_dags/example_python_operator.py
[2024-03-23T07:25:54.536+0000] {processor.py:829} INFO - Processing file /home/airflow/.local/lib/python3.8/site-packages/airflow/example_dags/example_python_operator.py for tasks to queue
[2024-03-23T07:25:54.537+0000] {logging_mixin.py:154} INFO - [2024-03-23T07:25:54.537+0000] {dagbag.py:536} INFO - Filling up the DagBag from /home/airflow/.local/lib/python3.8/site-packages/airflow/example_dags/example_python_operator.py
[2024-03-23T07:25:54.545+0000] {processor.py:839} INFO - DAG(s) dict_keys(['example_python_operator']) retrieved from /home/airflow/.local/lib/python3.8/site-packages/airflow/example_dags/example_python_operator.py
[2024-03-23T07:25:54.566+0000] {logging_mixin.py:154} INFO - [2024-03-23T07:25:54.566+0000] {dag.py:2941} INFO - Sync 1 DAGs
[2024-03-23T07:25:54.586+0000] {logging_mixin.py:154} INFO - [2024-03-23T07:25:54.586+0000] {dag.py:3722} INFO - Setting next_dagrun for example_python_operator to None, run_after=None
[2024-03-23T07:25:54.615+0000] {processor.py:179} INFO - Processing /home/airflow/.local/lib/python3.8/site-packages/airflow/example_dags/example_python_operator.py took 0.082 seconds
[2024-03-23T07:26:28.885+0000] {processor.py:157} INFO - Started process (PID=3470) to work on /home/airflow/.local/lib/python3.8/site-packages/airflow/example_dags/example_python_operator.py
[2024-03-23T07:26:28.886+0000] {processor.py:829} INFO - Processing file /home/airflow/.local/lib/python3.8/site-packages/airflow/example_dags/example_python_operator.py for tasks to queue
[2024-03-23T07:26:28.887+0000] {logging_mixin.py:154} INFO - [2024-03-23T07:26:28.886+0000] {dagbag.py:536} INFO - Filling up the DagBag from /home/airflow/.local/lib/python3.8/site-packages/airflow/example_dags/example_python_operator.py
[2024-03-23T07:26:28.894+0000] {processor.py:839} INFO - DAG(s) dict_keys(['example_python_operator']) retrieved from /home/airflow/.local/lib/python3.8/site-packages/airflow/example_dags/example_python_operator.py
[2024-03-23T07:26:28.923+0000] {logging_mixin.py:154} INFO - [2024-03-23T07:26:28.922+0000] {dag.py:2941} INFO - Sync 1 DAGs
[2024-03-23T07:26:28.931+0000] {logging_mixin.py:154} INFO - [2024-03-23T07:26:28.931+0000] {dag.py:3722} INFO - Setting next_dagrun for example_python_operator to None, run_after=None
[2024-03-23T07:26:28.953+0000] {processor.py:179} INFO - Processing /home/airflow/.local/lib/python3.8/site-packages/airflow/example_dags/example_python_operator.py took 0.070 seconds
[2024-03-23T07:27:02.218+0000] {processor.py:157} INFO - Started process (PID=3722) to work on /home/airflow/.local/lib/python3.8/site-packages/airflow/example_dags/example_python_operator.py
[2024-03-23T07:27:02.219+0000] {processor.py:829} INFO - Processing file /home/airflow/.local/lib/python3.8/site-packages/airflow/example_dags/example_python_operator.py for tasks to queue
[2024-03-23T07:27:02.220+0000] {logging_mixin.py:154} INFO - [2024-03-23T07:27:02.219+0000] {dagbag.py:536} INFO - Filling up the DagBag from /home/airflow/.local/lib/python3.8/site-packages/airflow/example_dags/example_python_operator.py
[2024-03-23T07:27:02.225+0000] {processor.py:839} INFO - DAG(s) dict_keys(['example_python_operator']) retrieved from /home/airflow/.local/lib/python3.8/site-packages/airflow/example_dags/example_python_operator.py
[2024-03-23T07:27:02.239+0000] {logging_mixin.py:154} INFO - [2024-03-23T07:27:02.239+0000] {dag.py:2941} INFO - Sync 1 DAGs
[2024-03-23T07:27:02.245+0000] {logging_mixin.py:154} INFO - [2024-03-23T07:27:02.245+0000] {dag.py:3722} INFO - Setting next_dagrun for example_python_operator to None, run_after=None
[2024-03-23T07:27:02.253+0000] {processor.py:179} INFO - Processing /home/airflow/.local/lib/python3.8/site-packages/airflow/example_dags/example_python_operator.py took 0.037 seconds
[2024-03-23T07:27:35.835+0000] {processor.py:157} INFO - Started process (PID=3965) to work on /home/airflow/.local/lib/python3.8/site-packages/airflow/example_dags/example_python_operator.py
[2024-03-23T07:27:35.836+0000] {processor.py:829} INFO - Processing file /home/airflow/.local/lib/python3.8/site-packages/airflow/example_dags/example_python_operator.py for tasks to queue
[2024-03-23T07:27:35.836+0000] {logging_mixin.py:154} INFO - [2024-03-23T07:27:35.836+0000] {dagbag.py:536} INFO - Filling up the DagBag from /home/airflow/.local/lib/python3.8/site-packages/airflow/example_dags/example_python_operator.py
[2024-03-23T07:27:35.842+0000] {processor.py:839} INFO - DAG(s) dict_keys(['example_python_operator']) retrieved from /home/airflow/.local/lib/python3.8/site-packages/airflow/example_dags/example_python_operator.py
[2024-03-23T07:27:35.865+0000] {logging_mixin.py:154} INFO - [2024-03-23T07:27:35.864+0000] {dag.py:2941} INFO - Sync 1 DAGs
[2024-03-23T07:27:35.873+0000] {logging_mixin.py:154} INFO - [2024-03-23T07:27:35.873+0000] {dag.py:3722} INFO - Setting next_dagrun for example_python_operator to None, run_after=None
[2024-03-23T07:27:35.884+0000] {processor.py:179} INFO - Processing /home/airflow/.local/lib/python3.8/site-packages/airflow/example_dags/example_python_operator.py took 0.052 seconds
[2024-03-23T07:28:09.854+0000] {processor.py:157} INFO - Started process (PID=4208) to work on /home/airflow/.local/lib/python3.8/site-packages/airflow/example_dags/example_python_operator.py
[2024-03-23T07:28:09.855+0000] {processor.py:829} INFO - Processing file /home/airflow/.local/lib/python3.8/site-packages/airflow/example_dags/example_python_operator.py for tasks to queue
[2024-03-23T07:28:09.855+0000] {logging_mixin.py:154} INFO - [2024-03-23T07:28:09.855+0000] {dagbag.py:536} INFO - Filling up the DagBag from /home/airflow/.local/lib/python3.8/site-packages/airflow/example_dags/example_python_operator.py
[2024-03-23T07:28:09.862+0000] {processor.py:839} INFO - DAG(s) dict_keys(['example_python_operator']) retrieved from /home/airflow/.local/lib/python3.8/site-packages/airflow/example_dags/example_python_operator.py
[2024-03-23T07:28:09.879+0000] {logging_mixin.py:154} INFO - [2024-03-23T07:28:09.878+0000] {dag.py:2941} INFO - Sync 1 DAGs
[2024-03-23T07:28:09.891+0000] {logging_mixin.py:154} INFO - [2024-03-23T07:28:09.891+0000] {dag.py:3722} INFO - Setting next_dagrun for example_python_operator to None, run_after=None
[2024-03-23T07:28:09.903+0000] {processor.py:179} INFO - Processing /home/airflow/.local/lib/python3.8/site-packages/airflow/example_dags/example_python_operator.py took 0.052 seconds
[2024-03-23T07:28:40.493+0000] {processor.py:157} INFO - Started process (PID=4451) to work on /home/airflow/.local/lib/python3.8/site-packages/airflow/example_dags/example_python_operator.py
[2024-03-23T07:28:40.494+0000] {processor.py:829} INFO - Processing file /home/airflow/.local/lib/python3.8/site-packages/airflow/example_dags/example_python_operator.py for tasks to queue
[2024-03-23T07:28:40.495+0000] {logging_mixin.py:154} INFO - [2024-03-23T07:28:40.495+0000] {dagbag.py:536} INFO - Filling up the DagBag from /home/airflow/.local/lib/python3.8/site-packages/airflow/example_dags/example_python_operator.py
[2024-03-23T07:28:40.500+0000] {processor.py:839} INFO - DAG(s) dict_keys(['example_python_operator']) retrieved from /home/airflow/.local/lib/python3.8/site-packages/airflow/example_dags/example_python_operator.py
[2024-03-23T07:28:40.517+0000] {logging_mixin.py:154} INFO - [2024-03-23T07:28:40.517+0000] {dag.py:2941} INFO - Sync 1 DAGs
[2024-03-23T07:28:40.524+0000] {logging_mixin.py:154} INFO - [2024-03-23T07:28:40.524+0000] {dag.py:3722} INFO - Setting next_dagrun for example_python_operator to None, run_after=None
[2024-03-23T07:28:40.533+0000] {processor.py:179} INFO - Processing /home/airflow/.local/lib/python3.8/site-packages/airflow/example_dags/example_python_operator.py took 0.042 seconds
[2024-03-23T07:29:11.560+0000] {processor.py:157} INFO - Started process (PID=4694) to work on /home/airflow/.local/lib/python3.8/site-packages/airflow/example_dags/example_python_operator.py
[2024-03-23T07:29:11.561+0000] {processor.py:829} INFO - Processing file /home/airflow/.local/lib/python3.8/site-packages/airflow/example_dags/example_python_operator.py for tasks to queue
[2024-03-23T07:29:11.561+0000] {logging_mixin.py:154} INFO - [2024-03-23T07:29:11.561+0000] {dagbag.py:536} INFO - Filling up the DagBag from /home/airflow/.local/lib/python3.8/site-packages/airflow/example_dags/example_python_operator.py
[2024-03-23T07:29:11.566+0000] {processor.py:839} INFO - DAG(s) dict_keys(['example_python_operator']) retrieved from /home/airflow/.local/lib/python3.8/site-packages/airflow/example_dags/example_python_operator.py
[2024-03-23T07:29:11.577+0000] {logging_mixin.py:154} INFO - [2024-03-23T07:29:11.577+0000] {dag.py:2941} INFO - Sync 1 DAGs
[2024-03-23T07:29:11.584+0000] {logging_mixin.py:154} INFO - [2024-03-23T07:29:11.584+0000] {dag.py:3722} INFO - Setting next_dagrun for example_python_operator to None, run_after=None
[2024-03-23T07:29:11.591+0000] {processor.py:179} INFO - Processing /home/airflow/.local/lib/python3.8/site-packages/airflow/example_dags/example_python_operator.py took 0.033 seconds
[2024-03-23T07:29:37.188+0000] {processor.py:157} INFO - Started process (PID=291) to work on /home/airflow/.local/lib/python3.8/site-packages/airflow/example_dags/example_python_operator.py
[2024-03-23T07:29:37.189+0000] {processor.py:829} INFO - Processing file /home/airflow/.local/lib/python3.8/site-packages/airflow/example_dags/example_python_operator.py for tasks to queue
[2024-03-23T07:29:37.190+0000] {logging_mixin.py:154} INFO - [2024-03-23T07:29:37.190+0000] {dagbag.py:536} INFO - Filling up the DagBag from /home/airflow/.local/lib/python3.8/site-packages/airflow/example_dags/example_python_operator.py
[2024-03-23T07:29:37.197+0000] {processor.py:839} INFO - DAG(s) dict_keys(['example_python_operator']) retrieved from /home/airflow/.local/lib/python3.8/site-packages/airflow/example_dags/example_python_operator.py
[2024-03-23T07:29:37.282+0000] {logging_mixin.py:154} INFO - [2024-03-23T07:29:37.282+0000] {dag.py:2941} INFO - Sync 1 DAGs
[2024-03-23T07:29:37.288+0000] {logging_mixin.py:154} INFO - [2024-03-23T07:29:37.288+0000] {dag.py:3722} INFO - Setting next_dagrun for example_python_operator to None, run_after=None
[2024-03-23T07:29:37.300+0000] {processor.py:179} INFO - Processing /home/airflow/.local/lib/python3.8/site-packages/airflow/example_dags/example_python_operator.py took 0.114 seconds
