[2024-03-23T07:19:31.970+0000] {processor.py:157} INFO - Started process (PID=172) to work on /home/airflow/.local/lib/python3.8/site-packages/airflow/example_dags/example_branch_day_of_week_operator.py
[2024-03-23T07:19:31.980+0000] {processor.py:829} INFO - Processing file /home/airflow/.local/lib/python3.8/site-packages/airflow/example_dags/example_branch_day_of_week_operator.py for tasks to queue
[2024-03-23T07:19:31.982+0000] {logging_mixin.py:154} INFO - [2024-03-23T07:19:31.981+0000] {dagbag.py:536} INFO - Filling up the DagBag from /home/airflow/.local/lib/python3.8/site-packages/airflow/example_dags/example_branch_day_of_week_operator.py
[2024-03-23T07:19:32.053+0000] {processor.py:839} INFO - DAG(s) dict_keys(['example_weekday_branch_operator']) retrieved from /home/airflow/.local/lib/python3.8/site-packages/airflow/example_dags/example_branch_day_of_week_operator.py
[2024-03-23T07:19:32.338+0000] {logging_mixin.py:154} INFO - [2024-03-23T07:19:32.337+0000] {manager.py:499} INFO - Created Permission View: %s
[2024-03-23T07:19:32.343+0000] {logging_mixin.py:154} INFO - [2024-03-23T07:19:32.343+0000] {manager.py:499} INFO - Created Permission View: %s
[2024-03-23T07:19:32.348+0000] {logging_mixin.py:154} INFO - [2024-03-23T07:19:32.347+0000] {manager.py:499} INFO - Created Permission View: %s
[2024-03-23T07:19:32.349+0000] {logging_mixin.py:154} INFO - [2024-03-23T07:19:32.349+0000] {dag.py:2941} INFO - Sync 1 DAGs
[2024-03-23T07:19:32.367+0000] {logging_mixin.py:154} INFO - [2024-03-23T07:19:32.367+0000] {dag.py:2963} INFO - Creating ORM DAG for example_weekday_branch_operator
[2024-03-23T07:19:32.385+0000] {logging_mixin.py:154} INFO - [2024-03-23T07:19:32.385+0000] {dag.py:3722} INFO - Setting next_dagrun for example_weekday_branch_operator to 2024-03-22T00:00:00+00:00, run_after=2024-03-23T00:00:00+00:00
[2024-03-23T07:19:32.401+0000] {processor.py:179} INFO - Processing /home/airflow/.local/lib/python3.8/site-packages/airflow/example_dags/example_branch_day_of_week_operator.py took 0.466 seconds
[2024-03-23T07:20:02.721+0000] {processor.py:157} INFO - Started process (PID=414) to work on /home/airflow/.local/lib/python3.8/site-packages/airflow/example_dags/example_branch_day_of_week_operator.py
[2024-03-23T07:20:02.724+0000] {processor.py:829} INFO - Processing file /home/airflow/.local/lib/python3.8/site-packages/airflow/example_dags/example_branch_day_of_week_operator.py for tasks to queue
[2024-03-23T07:20:02.728+0000] {logging_mixin.py:154} INFO - [2024-03-23T07:20:02.726+0000] {dagbag.py:536} INFO - Filling up the DagBag from /home/airflow/.local/lib/python3.8/site-packages/airflow/example_dags/example_branch_day_of_week_operator.py
[2024-03-23T07:20:02.807+0000] {processor.py:839} INFO - DAG(s) dict_keys(['example_weekday_branch_operator']) retrieved from /home/airflow/.local/lib/python3.8/site-packages/airflow/example_dags/example_branch_day_of_week_operator.py
[2024-03-23T07:20:02.895+0000] {logging_mixin.py:154} INFO - [2024-03-23T07:20:02.895+0000] {dag.py:2941} INFO - Sync 1 DAGs
[2024-03-23T07:20:02.946+0000] {logging_mixin.py:154} INFO - [2024-03-23T07:20:02.945+0000] {dag.py:3722} INFO - Setting next_dagrun for example_weekday_branch_operator to 2024-03-22T00:00:00+00:00, run_after=2024-03-23T00:00:00+00:00
[2024-03-23T07:20:02.969+0000] {processor.py:179} INFO - Processing /home/airflow/.local/lib/python3.8/site-packages/airflow/example_dags/example_branch_day_of_week_operator.py took 0.262 seconds
[2024-03-23T07:20:33.943+0000] {processor.py:157} INFO - Started process (PID=655) to work on /home/airflow/.local/lib/python3.8/site-packages/airflow/example_dags/example_branch_day_of_week_operator.py
[2024-03-23T07:20:33.944+0000] {processor.py:829} INFO - Processing file /home/airflow/.local/lib/python3.8/site-packages/airflow/example_dags/example_branch_day_of_week_operator.py for tasks to queue
[2024-03-23T07:20:33.954+0000] {logging_mixin.py:154} INFO - [2024-03-23T07:20:33.947+0000] {dagbag.py:536} INFO - Filling up the DagBag from /home/airflow/.local/lib/python3.8/site-packages/airflow/example_dags/example_branch_day_of_week_operator.py
[2024-03-23T07:20:33.975+0000] {processor.py:839} INFO - DAG(s) dict_keys(['example_weekday_branch_operator']) retrieved from /home/airflow/.local/lib/python3.8/site-packages/airflow/example_dags/example_branch_day_of_week_operator.py
[2024-03-23T07:20:34.104+0000] {logging_mixin.py:154} INFO - [2024-03-23T07:20:34.103+0000] {dag.py:2941} INFO - Sync 1 DAGs
[2024-03-23T07:20:34.385+0000] {logging_mixin.py:154} INFO - [2024-03-23T07:20:34.384+0000] {dag.py:3722} INFO - Setting next_dagrun for example_weekday_branch_operator to 2024-03-22T00:00:00+00:00, run_after=2024-03-23T00:00:00+00:00
[2024-03-23T07:20:34.430+0000] {processor.py:179} INFO - Processing /home/airflow/.local/lib/python3.8/site-packages/airflow/example_dags/example_branch_day_of_week_operator.py took 0.493 seconds
[2024-03-23T07:21:04.892+0000] {processor.py:157} INFO - Started process (PID=898) to work on /home/airflow/.local/lib/python3.8/site-packages/airflow/example_dags/example_branch_day_of_week_operator.py
[2024-03-23T07:21:04.894+0000] {processor.py:829} INFO - Processing file /home/airflow/.local/lib/python3.8/site-packages/airflow/example_dags/example_branch_day_of_week_operator.py for tasks to queue
[2024-03-23T07:21:04.896+0000] {logging_mixin.py:154} INFO - [2024-03-23T07:21:04.896+0000] {dagbag.py:536} INFO - Filling up the DagBag from /home/airflow/.local/lib/python3.8/site-packages/airflow/example_dags/example_branch_day_of_week_operator.py
[2024-03-23T07:21:04.939+0000] {processor.py:839} INFO - DAG(s) dict_keys(['example_weekday_branch_operator']) retrieved from /home/airflow/.local/lib/python3.8/site-packages/airflow/example_dags/example_branch_day_of_week_operator.py
[2024-03-23T07:21:05.049+0000] {logging_mixin.py:154} INFO - [2024-03-23T07:21:05.049+0000] {dag.py:2941} INFO - Sync 1 DAGs
[2024-03-23T07:21:05.087+0000] {logging_mixin.py:154} INFO - [2024-03-23T07:21:05.087+0000] {dag.py:3722} INFO - Setting next_dagrun for example_weekday_branch_operator to 2024-03-22T00:00:00+00:00, run_after=2024-03-23T00:00:00+00:00
[2024-03-23T07:21:05.124+0000] {processor.py:179} INFO - Processing /home/airflow/.local/lib/python3.8/site-packages/airflow/example_dags/example_branch_day_of_week_operator.py took 0.271 seconds
[2024-03-23T07:21:36.040+0000] {processor.py:157} INFO - Started process (PID=1141) to work on /home/airflow/.local/lib/python3.8/site-packages/airflow/example_dags/example_branch_day_of_week_operator.py
[2024-03-23T07:21:36.043+0000] {processor.py:829} INFO - Processing file /home/airflow/.local/lib/python3.8/site-packages/airflow/example_dags/example_branch_day_of_week_operator.py for tasks to queue
[2024-03-23T07:21:36.050+0000] {logging_mixin.py:154} INFO - [2024-03-23T07:21:36.048+0000] {dagbag.py:536} INFO - Filling up the DagBag from /home/airflow/.local/lib/python3.8/site-packages/airflow/example_dags/example_branch_day_of_week_operator.py
[2024-03-23T07:21:36.075+0000] {processor.py:839} INFO - DAG(s) dict_keys(['example_weekday_branch_operator']) retrieved from /home/airflow/.local/lib/python3.8/site-packages/airflow/example_dags/example_branch_day_of_week_operator.py
[2024-03-23T07:21:36.123+0000] {logging_mixin.py:154} INFO - [2024-03-23T07:21:36.123+0000] {dag.py:2941} INFO - Sync 1 DAGs
[2024-03-23T07:21:36.146+0000] {logging_mixin.py:154} INFO - [2024-03-23T07:21:36.146+0000] {dag.py:3722} INFO - Setting next_dagrun for example_weekday_branch_operator to 2024-03-22T00:00:00+00:00, run_after=2024-03-23T00:00:00+00:00
[2024-03-23T07:21:36.156+0000] {processor.py:179} INFO - Processing /home/airflow/.local/lib/python3.8/site-packages/airflow/example_dags/example_branch_day_of_week_operator.py took 0.126 seconds
[2024-03-23T07:22:06.366+0000] {processor.py:157} INFO - Started process (PID=1384) to work on /home/airflow/.local/lib/python3.8/site-packages/airflow/example_dags/example_branch_day_of_week_operator.py
[2024-03-23T07:22:06.368+0000] {processor.py:829} INFO - Processing file /home/airflow/.local/lib/python3.8/site-packages/airflow/example_dags/example_branch_day_of_week_operator.py for tasks to queue
[2024-03-23T07:22:06.369+0000] {logging_mixin.py:154} INFO - [2024-03-23T07:22:06.369+0000] {dagbag.py:536} INFO - Filling up the DagBag from /home/airflow/.local/lib/python3.8/site-packages/airflow/example_dags/example_branch_day_of_week_operator.py
[2024-03-23T07:22:06.379+0000] {processor.py:839} INFO - DAG(s) dict_keys(['example_weekday_branch_operator']) retrieved from /home/airflow/.local/lib/python3.8/site-packages/airflow/example_dags/example_branch_day_of_week_operator.py
[2024-03-23T07:22:06.432+0000] {logging_mixin.py:154} INFO - [2024-03-23T07:22:06.432+0000] {dag.py:2941} INFO - Sync 1 DAGs
[2024-03-23T07:22:06.476+0000] {logging_mixin.py:154} INFO - [2024-03-23T07:22:06.476+0000] {dag.py:3722} INFO - Setting next_dagrun for example_weekday_branch_operator to 2024-03-22T00:00:00+00:00, run_after=2024-03-23T00:00:00+00:00
[2024-03-23T07:22:06.498+0000] {processor.py:179} INFO - Processing /home/airflow/.local/lib/python3.8/site-packages/airflow/example_dags/example_branch_day_of_week_operator.py took 0.158 seconds
[2024-03-23T07:22:36.877+0000] {processor.py:157} INFO - Started process (PID=1635) to work on /home/airflow/.local/lib/python3.8/site-packages/airflow/example_dags/example_branch_day_of_week_operator.py
[2024-03-23T07:22:36.879+0000] {processor.py:829} INFO - Processing file /home/airflow/.local/lib/python3.8/site-packages/airflow/example_dags/example_branch_day_of_week_operator.py for tasks to queue
[2024-03-23T07:22:36.881+0000] {logging_mixin.py:154} INFO - [2024-03-23T07:22:36.880+0000] {dagbag.py:536} INFO - Filling up the DagBag from /home/airflow/.local/lib/python3.8/site-packages/airflow/example_dags/example_branch_day_of_week_operator.py
[2024-03-23T07:22:36.912+0000] {processor.py:839} INFO - DAG(s) dict_keys(['example_weekday_branch_operator']) retrieved from /home/airflow/.local/lib/python3.8/site-packages/airflow/example_dags/example_branch_day_of_week_operator.py
[2024-03-23T07:22:36.973+0000] {logging_mixin.py:154} INFO - [2024-03-23T07:22:36.973+0000] {dag.py:2941} INFO - Sync 1 DAGs
[2024-03-23T07:22:37.070+0000] {logging_mixin.py:154} INFO - [2024-03-23T07:22:37.070+0000] {dag.py:3722} INFO - Setting next_dagrun for example_weekday_branch_operator to 2024-03-22T00:00:00+00:00, run_after=2024-03-23T00:00:00+00:00
[2024-03-23T07:22:37.085+0000] {processor.py:179} INFO - Processing /home/airflow/.local/lib/python3.8/site-packages/airflow/example_dags/example_branch_day_of_week_operator.py took 0.219 seconds
[2024-03-23T07:23:07.521+0000] {processor.py:157} INFO - Started process (PID=1878) to work on /home/airflow/.local/lib/python3.8/site-packages/airflow/example_dags/example_branch_day_of_week_operator.py
[2024-03-23T07:23:07.523+0000] {processor.py:829} INFO - Processing file /home/airflow/.local/lib/python3.8/site-packages/airflow/example_dags/example_branch_day_of_week_operator.py for tasks to queue
[2024-03-23T07:23:07.525+0000] {logging_mixin.py:154} INFO - [2024-03-23T07:23:07.524+0000] {dagbag.py:536} INFO - Filling up the DagBag from /home/airflow/.local/lib/python3.8/site-packages/airflow/example_dags/example_branch_day_of_week_operator.py
[2024-03-23T07:23:07.556+0000] {processor.py:839} INFO - DAG(s) dict_keys(['example_weekday_branch_operator']) retrieved from /home/airflow/.local/lib/python3.8/site-packages/airflow/example_dags/example_branch_day_of_week_operator.py
[2024-03-23T07:23:07.587+0000] {logging_mixin.py:154} INFO - [2024-03-23T07:23:07.586+0000] {dag.py:2941} INFO - Sync 1 DAGs
[2024-03-23T07:23:07.613+0000] {logging_mixin.py:154} INFO - [2024-03-23T07:23:07.613+0000] {dag.py:3722} INFO - Setting next_dagrun for example_weekday_branch_operator to 2024-03-22T00:00:00+00:00, run_after=2024-03-23T00:00:00+00:00
[2024-03-23T07:23:07.627+0000] {processor.py:179} INFO - Processing /home/airflow/.local/lib/python3.8/site-packages/airflow/example_dags/example_branch_day_of_week_operator.py took 0.110 seconds
[2024-03-23T07:23:37.706+0000] {processor.py:157} INFO - Started process (PID=2120) to work on /home/airflow/.local/lib/python3.8/site-packages/airflow/example_dags/example_branch_day_of_week_operator.py
[2024-03-23T07:23:37.708+0000] {processor.py:829} INFO - Processing file /home/airflow/.local/lib/python3.8/site-packages/airflow/example_dags/example_branch_day_of_week_operator.py for tasks to queue
[2024-03-23T07:23:37.709+0000] {logging_mixin.py:154} INFO - [2024-03-23T07:23:37.709+0000] {dagbag.py:536} INFO - Filling up the DagBag from /home/airflow/.local/lib/python3.8/site-packages/airflow/example_dags/example_branch_day_of_week_operator.py
[2024-03-23T07:23:37.719+0000] {processor.py:839} INFO - DAG(s) dict_keys(['example_weekday_branch_operator']) retrieved from /home/airflow/.local/lib/python3.8/site-packages/airflow/example_dags/example_branch_day_of_week_operator.py
[2024-03-23T07:23:37.767+0000] {logging_mixin.py:154} INFO - [2024-03-23T07:23:37.767+0000] {dag.py:2941} INFO - Sync 1 DAGs
[2024-03-23T07:23:37.793+0000] {logging_mixin.py:154} INFO - [2024-03-23T07:23:37.792+0000] {dag.py:3722} INFO - Setting next_dagrun for example_weekday_branch_operator to 2024-03-22T00:00:00+00:00, run_after=2024-03-23T00:00:00+00:00
[2024-03-23T07:23:37.814+0000] {processor.py:179} INFO - Processing /home/airflow/.local/lib/python3.8/site-packages/airflow/example_dags/example_branch_day_of_week_operator.py took 0.116 seconds
[2024-03-23T07:24:08.152+0000] {processor.py:157} INFO - Started process (PID=2363) to work on /home/airflow/.local/lib/python3.8/site-packages/airflow/example_dags/example_branch_day_of_week_operator.py
[2024-03-23T07:24:08.155+0000] {processor.py:829} INFO - Processing file /home/airflow/.local/lib/python3.8/site-packages/airflow/example_dags/example_branch_day_of_week_operator.py for tasks to queue
[2024-03-23T07:24:08.158+0000] {logging_mixin.py:154} INFO - [2024-03-23T07:24:08.156+0000] {dagbag.py:536} INFO - Filling up the DagBag from /home/airflow/.local/lib/python3.8/site-packages/airflow/example_dags/example_branch_day_of_week_operator.py
[2024-03-23T07:24:08.196+0000] {processor.py:839} INFO - DAG(s) dict_keys(['example_weekday_branch_operator']) retrieved from /home/airflow/.local/lib/python3.8/site-packages/airflow/example_dags/example_branch_day_of_week_operator.py
[2024-03-23T07:24:08.272+0000] {logging_mixin.py:154} INFO - [2024-03-23T07:24:08.272+0000] {dag.py:2941} INFO - Sync 1 DAGs
[2024-03-23T07:24:08.320+0000] {logging_mixin.py:154} INFO - [2024-03-23T07:24:08.319+0000] {dag.py:3722} INFO - Setting next_dagrun for example_weekday_branch_operator to 2024-03-22T00:00:00+00:00, run_after=2024-03-23T00:00:00+00:00
[2024-03-23T07:24:08.336+0000] {processor.py:179} INFO - Processing /home/airflow/.local/lib/python3.8/site-packages/airflow/example_dags/example_branch_day_of_week_operator.py took 0.199 seconds
[2024-03-23T07:24:38.483+0000] {processor.py:157} INFO - Started process (PID=2606) to work on /home/airflow/.local/lib/python3.8/site-packages/airflow/example_dags/example_branch_day_of_week_operator.py
[2024-03-23T07:24:38.485+0000] {processor.py:829} INFO - Processing file /home/airflow/.local/lib/python3.8/site-packages/airflow/example_dags/example_branch_day_of_week_operator.py for tasks to queue
[2024-03-23T07:24:38.486+0000] {logging_mixin.py:154} INFO - [2024-03-23T07:24:38.486+0000] {dagbag.py:536} INFO - Filling up the DagBag from /home/airflow/.local/lib/python3.8/site-packages/airflow/example_dags/example_branch_day_of_week_operator.py
[2024-03-23T07:24:38.495+0000] {processor.py:839} INFO - DAG(s) dict_keys(['example_weekday_branch_operator']) retrieved from /home/airflow/.local/lib/python3.8/site-packages/airflow/example_dags/example_branch_day_of_week_operator.py
[2024-03-23T07:24:38.526+0000] {logging_mixin.py:154} INFO - [2024-03-23T07:24:38.526+0000] {dag.py:2941} INFO - Sync 1 DAGs
[2024-03-23T07:24:38.550+0000] {logging_mixin.py:154} INFO - [2024-03-23T07:24:38.550+0000] {dag.py:3722} INFO - Setting next_dagrun for example_weekday_branch_operator to 2024-03-22T00:00:00+00:00, run_after=2024-03-23T00:00:00+00:00
[2024-03-23T07:24:38.566+0000] {processor.py:179} INFO - Processing /home/airflow/.local/lib/python3.8/site-packages/airflow/example_dags/example_branch_day_of_week_operator.py took 0.087 seconds
[2024-03-23T07:25:09.371+0000] {processor.py:157} INFO - Started process (PID=2860) to work on /home/airflow/.local/lib/python3.8/site-packages/airflow/example_dags/example_branch_day_of_week_operator.py
[2024-03-23T07:25:09.372+0000] {processor.py:829} INFO - Processing file /home/airflow/.local/lib/python3.8/site-packages/airflow/example_dags/example_branch_day_of_week_operator.py for tasks to queue
[2024-03-23T07:25:09.373+0000] {logging_mixin.py:154} INFO - [2024-03-23T07:25:09.372+0000] {dagbag.py:536} INFO - Filling up the DagBag from /home/airflow/.local/lib/python3.8/site-packages/airflow/example_dags/example_branch_day_of_week_operator.py
[2024-03-23T07:25:09.437+0000] {processor.py:839} INFO - DAG(s) dict_keys(['example_weekday_branch_operator']) retrieved from /home/airflow/.local/lib/python3.8/site-packages/airflow/example_dags/example_branch_day_of_week_operator.py
[2024-03-23T07:25:09.492+0000] {logging_mixin.py:154} INFO - [2024-03-23T07:25:09.491+0000] {dag.py:2941} INFO - Sync 1 DAGs
[2024-03-23T07:25:09.558+0000] {logging_mixin.py:154} INFO - [2024-03-23T07:25:09.557+0000] {dag.py:3722} INFO - Setting next_dagrun for example_weekday_branch_operator to 2024-03-22T00:00:00+00:00, run_after=2024-03-23T00:00:00+00:00
[2024-03-23T07:25:09.590+0000] {processor.py:179} INFO - Processing /home/airflow/.local/lib/python3.8/site-packages/airflow/example_dags/example_branch_day_of_week_operator.py took 0.225 seconds
[2024-03-23T07:25:39.751+0000] {processor.py:157} INFO - Started process (PID=3108) to work on /home/airflow/.local/lib/python3.8/site-packages/airflow/example_dags/example_branch_day_of_week_operator.py
[2024-03-23T07:25:39.753+0000] {processor.py:829} INFO - Processing file /home/airflow/.local/lib/python3.8/site-packages/airflow/example_dags/example_branch_day_of_week_operator.py for tasks to queue
[2024-03-23T07:25:39.755+0000] {logging_mixin.py:154} INFO - [2024-03-23T07:25:39.754+0000] {dagbag.py:536} INFO - Filling up the DagBag from /home/airflow/.local/lib/python3.8/site-packages/airflow/example_dags/example_branch_day_of_week_operator.py
[2024-03-23T07:25:39.779+0000] {processor.py:839} INFO - DAG(s) dict_keys(['example_weekday_branch_operator']) retrieved from /home/airflow/.local/lib/python3.8/site-packages/airflow/example_dags/example_branch_day_of_week_operator.py
[2024-03-23T07:25:39.846+0000] {logging_mixin.py:154} INFO - [2024-03-23T07:25:39.846+0000] {dag.py:2941} INFO - Sync 1 DAGs
[2024-03-23T07:25:39.892+0000] {logging_mixin.py:154} INFO - [2024-03-23T07:25:39.892+0000] {dag.py:3722} INFO - Setting next_dagrun for example_weekday_branch_operator to 2024-03-22T00:00:00+00:00, run_after=2024-03-23T00:00:00+00:00
[2024-03-23T07:25:39.931+0000] {processor.py:179} INFO - Processing /home/airflow/.local/lib/python3.8/site-packages/airflow/example_dags/example_branch_day_of_week_operator.py took 0.185 seconds
[2024-03-23T07:26:10.978+0000] {processor.py:157} INFO - Started process (PID=3347) to work on /home/airflow/.local/lib/python3.8/site-packages/airflow/example_dags/example_branch_day_of_week_operator.py
[2024-03-23T07:26:11.040+0000] {processor.py:829} INFO - Processing file /home/airflow/.local/lib/python3.8/site-packages/airflow/example_dags/example_branch_day_of_week_operator.py for tasks to queue
[2024-03-23T07:26:11.064+0000] {logging_mixin.py:154} INFO - [2024-03-23T07:26:11.062+0000] {dagbag.py:536} INFO - Filling up the DagBag from /home/airflow/.local/lib/python3.8/site-packages/airflow/example_dags/example_branch_day_of_week_operator.py
[2024-03-23T07:26:11.243+0000] {processor.py:839} INFO - DAG(s) dict_keys(['example_weekday_branch_operator']) retrieved from /home/airflow/.local/lib/python3.8/site-packages/airflow/example_dags/example_branch_day_of_week_operator.py
[2024-03-23T07:26:11.414+0000] {logging_mixin.py:154} INFO - [2024-03-23T07:26:11.410+0000] {dag.py:2941} INFO - Sync 1 DAGs
[2024-03-23T07:26:11.557+0000] {logging_mixin.py:154} INFO - [2024-03-23T07:26:11.556+0000] {dag.py:3722} INFO - Setting next_dagrun for example_weekday_branch_operator to 2024-03-22T00:00:00+00:00, run_after=2024-03-23T00:00:00+00:00
[2024-03-23T07:26:11.614+0000] {processor.py:179} INFO - Processing /home/airflow/.local/lib/python3.8/site-packages/airflow/example_dags/example_branch_day_of_week_operator.py took 0.710 seconds
[2024-03-23T07:26:42.679+0000] {processor.py:157} INFO - Started process (PID=3590) to work on /home/airflow/.local/lib/python3.8/site-packages/airflow/example_dags/example_branch_day_of_week_operator.py
[2024-03-23T07:26:42.696+0000] {processor.py:829} INFO - Processing file /home/airflow/.local/lib/python3.8/site-packages/airflow/example_dags/example_branch_day_of_week_operator.py for tasks to queue
[2024-03-23T07:26:42.710+0000] {logging_mixin.py:154} INFO - [2024-03-23T07:26:42.702+0000] {dagbag.py:536} INFO - Filling up the DagBag from /home/airflow/.local/lib/python3.8/site-packages/airflow/example_dags/example_branch_day_of_week_operator.py
[2024-03-23T07:26:42.808+0000] {processor.py:839} INFO - DAG(s) dict_keys(['example_weekday_branch_operator']) retrieved from /home/airflow/.local/lib/python3.8/site-packages/airflow/example_dags/example_branch_day_of_week_operator.py
[2024-03-23T07:26:42.965+0000] {logging_mixin.py:154} INFO - [2024-03-23T07:26:42.964+0000] {dag.py:2941} INFO - Sync 1 DAGs
[2024-03-23T07:26:43.033+0000] {logging_mixin.py:154} INFO - [2024-03-23T07:26:43.033+0000] {dag.py:3722} INFO - Setting next_dagrun for example_weekday_branch_operator to 2024-03-22T00:00:00+00:00, run_after=2024-03-23T00:00:00+00:00
[2024-03-23T07:26:43.057+0000] {processor.py:179} INFO - Processing /home/airflow/.local/lib/python3.8/site-packages/airflow/example_dags/example_branch_day_of_week_operator.py took 0.490 seconds
[2024-03-23T07:27:13.589+0000] {processor.py:157} INFO - Started process (PID=3833) to work on /home/airflow/.local/lib/python3.8/site-packages/airflow/example_dags/example_branch_day_of_week_operator.py
[2024-03-23T07:27:13.592+0000] {processor.py:829} INFO - Processing file /home/airflow/.local/lib/python3.8/site-packages/airflow/example_dags/example_branch_day_of_week_operator.py for tasks to queue
[2024-03-23T07:27:13.594+0000] {logging_mixin.py:154} INFO - [2024-03-23T07:27:13.593+0000] {dagbag.py:536} INFO - Filling up the DagBag from /home/airflow/.local/lib/python3.8/site-packages/airflow/example_dags/example_branch_day_of_week_operator.py
[2024-03-23T07:27:13.628+0000] {processor.py:839} INFO - DAG(s) dict_keys(['example_weekday_branch_operator']) retrieved from /home/airflow/.local/lib/python3.8/site-packages/airflow/example_dags/example_branch_day_of_week_operator.py
[2024-03-23T07:27:13.749+0000] {logging_mixin.py:154} INFO - [2024-03-23T07:27:13.749+0000] {dag.py:2941} INFO - Sync 1 DAGs
[2024-03-23T07:27:13.841+0000] {logging_mixin.py:154} INFO - [2024-03-23T07:27:13.840+0000] {dag.py:3722} INFO - Setting next_dagrun for example_weekday_branch_operator to 2024-03-22T00:00:00+00:00, run_after=2024-03-23T00:00:00+00:00
[2024-03-23T07:27:13.871+0000] {processor.py:179} INFO - Processing /home/airflow/.local/lib/python3.8/site-packages/airflow/example_dags/example_branch_day_of_week_operator.py took 0.309 seconds
[2024-03-23T07:27:44.193+0000] {processor.py:157} INFO - Started process (PID=4081) to work on /home/airflow/.local/lib/python3.8/site-packages/airflow/example_dags/example_branch_day_of_week_operator.py
[2024-03-23T07:27:44.198+0000] {processor.py:829} INFO - Processing file /home/airflow/.local/lib/python3.8/site-packages/airflow/example_dags/example_branch_day_of_week_operator.py for tasks to queue
[2024-03-23T07:27:44.199+0000] {logging_mixin.py:154} INFO - [2024-03-23T07:27:44.199+0000] {dagbag.py:536} INFO - Filling up the DagBag from /home/airflow/.local/lib/python3.8/site-packages/airflow/example_dags/example_branch_day_of_week_operator.py
[2024-03-23T07:27:44.207+0000] {processor.py:839} INFO - DAG(s) dict_keys(['example_weekday_branch_operator']) retrieved from /home/airflow/.local/lib/python3.8/site-packages/airflow/example_dags/example_branch_day_of_week_operator.py
[2024-03-23T07:27:44.247+0000] {logging_mixin.py:154} INFO - [2024-03-23T07:27:44.246+0000] {dag.py:2941} INFO - Sync 1 DAGs
[2024-03-23T07:27:44.274+0000] {logging_mixin.py:154} INFO - [2024-03-23T07:27:44.274+0000] {dag.py:3722} INFO - Setting next_dagrun for example_weekday_branch_operator to 2024-03-22T00:00:00+00:00, run_after=2024-03-23T00:00:00+00:00
[2024-03-23T07:27:44.299+0000] {processor.py:179} INFO - Processing /home/airflow/.local/lib/python3.8/site-packages/airflow/example_dags/example_branch_day_of_week_operator.py took 0.109 seconds
[2024-03-23T07:28:14.952+0000] {processor.py:157} INFO - Started process (PID=4319) to work on /home/airflow/.local/lib/python3.8/site-packages/airflow/example_dags/example_branch_day_of_week_operator.py
[2024-03-23T07:28:14.966+0000] {processor.py:829} INFO - Processing file /home/airflow/.local/lib/python3.8/site-packages/airflow/example_dags/example_branch_day_of_week_operator.py for tasks to queue
[2024-03-23T07:28:14.971+0000] {logging_mixin.py:154} INFO - [2024-03-23T07:28:14.970+0000] {dagbag.py:536} INFO - Filling up the DagBag from /home/airflow/.local/lib/python3.8/site-packages/airflow/example_dags/example_branch_day_of_week_operator.py
[2024-03-23T07:28:14.989+0000] {processor.py:839} INFO - DAG(s) dict_keys(['example_weekday_branch_operator']) retrieved from /home/airflow/.local/lib/python3.8/site-packages/airflow/example_dags/example_branch_day_of_week_operator.py
[2024-03-23T07:28:15.074+0000] {logging_mixin.py:154} INFO - [2024-03-23T07:28:15.074+0000] {dag.py:2941} INFO - Sync 1 DAGs
[2024-03-23T07:28:15.122+0000] {logging_mixin.py:154} INFO - [2024-03-23T07:28:15.122+0000] {dag.py:3722} INFO - Setting next_dagrun for example_weekday_branch_operator to 2024-03-22T00:00:00+00:00, run_after=2024-03-23T00:00:00+00:00
[2024-03-23T07:28:15.143+0000] {processor.py:179} INFO - Processing /home/airflow/.local/lib/python3.8/site-packages/airflow/example_dags/example_branch_day_of_week_operator.py took 0.214 seconds
[2024-03-23T07:28:45.386+0000] {processor.py:157} INFO - Started process (PID=4562) to work on /home/airflow/.local/lib/python3.8/site-packages/airflow/example_dags/example_branch_day_of_week_operator.py
[2024-03-23T07:28:45.389+0000] {processor.py:829} INFO - Processing file /home/airflow/.local/lib/python3.8/site-packages/airflow/example_dags/example_branch_day_of_week_operator.py for tasks to queue
[2024-03-23T07:28:45.391+0000] {logging_mixin.py:154} INFO - [2024-03-23T07:28:45.390+0000] {dagbag.py:536} INFO - Filling up the DagBag from /home/airflow/.local/lib/python3.8/site-packages/airflow/example_dags/example_branch_day_of_week_operator.py
[2024-03-23T07:28:45.407+0000] {processor.py:839} INFO - DAG(s) dict_keys(['example_weekday_branch_operator']) retrieved from /home/airflow/.local/lib/python3.8/site-packages/airflow/example_dags/example_branch_day_of_week_operator.py
[2024-03-23T07:28:45.475+0000] {logging_mixin.py:154} INFO - [2024-03-23T07:28:45.475+0000] {dag.py:2941} INFO - Sync 1 DAGs
[2024-03-23T07:28:45.515+0000] {logging_mixin.py:154} INFO - [2024-03-23T07:28:45.515+0000] {dag.py:3722} INFO - Setting next_dagrun for example_weekday_branch_operator to 2024-03-22T00:00:00+00:00, run_after=2024-03-23T00:00:00+00:00
[2024-03-23T07:28:45.535+0000] {processor.py:179} INFO - Processing /home/airflow/.local/lib/python3.8/site-packages/airflow/example_dags/example_branch_day_of_week_operator.py took 0.161 seconds
[2024-03-23T07:29:36.287+0000] {processor.py:157} INFO - Started process (PID=171) to work on /home/airflow/.local/lib/python3.8/site-packages/airflow/example_dags/example_branch_day_of_week_operator.py
[2024-03-23T07:29:36.289+0000] {processor.py:829} INFO - Processing file /home/airflow/.local/lib/python3.8/site-packages/airflow/example_dags/example_branch_day_of_week_operator.py for tasks to queue
[2024-03-23T07:29:36.290+0000] {logging_mixin.py:154} INFO - [2024-03-23T07:29:36.289+0000] {dagbag.py:536} INFO - Filling up the DagBag from /home/airflow/.local/lib/python3.8/site-packages/airflow/example_dags/example_branch_day_of_week_operator.py
[2024-03-23T07:29:36.302+0000] {processor.py:839} INFO - DAG(s) dict_keys(['example_weekday_branch_operator']) retrieved from /home/airflow/.local/lib/python3.8/site-packages/airflow/example_dags/example_branch_day_of_week_operator.py
[2024-03-23T07:29:36.337+0000] {logging_mixin.py:154} INFO - [2024-03-23T07:29:36.337+0000] {dag.py:2941} INFO - Sync 1 DAGs
[2024-03-23T07:29:36.357+0000] {logging_mixin.py:154} INFO - [2024-03-23T07:29:36.357+0000] {dag.py:3722} INFO - Setting next_dagrun for example_weekday_branch_operator to 2024-03-22T00:00:00+00:00, run_after=2024-03-23T00:00:00+00:00
[2024-03-23T07:29:36.368+0000] {processor.py:179} INFO - Processing /home/airflow/.local/lib/python3.8/site-packages/airflow/example_dags/example_branch_day_of_week_operator.py took 0.083 seconds
