[2024-03-23T07:19:34.562+0000] {processor.py:157} INFO - Started process (PID=317) to work on /home/airflow/.local/lib/python3.8/site-packages/airflow/example_dags/example_skip_dag.py
[2024-03-23T07:19:34.563+0000] {processor.py:829} INFO - Processing file /home/airflow/.local/lib/python3.8/site-packages/airflow/example_dags/example_skip_dag.py for tasks to queue
[2024-03-23T07:19:34.564+0000] {logging_mixin.py:154} INFO - [2024-03-23T07:19:34.563+0000] {dagbag.py:536} INFO - Filling up the DagBag from /home/airflow/.local/lib/python3.8/site-packages/airflow/example_dags/example_skip_dag.py
[2024-03-23T07:19:34.569+0000] {processor.py:839} INFO - DAG(s) dict_keys(['example_skip_dag']) retrieved from /home/airflow/.local/lib/python3.8/site-packages/airflow/example_dags/example_skip_dag.py
[2024-03-23T07:19:34.626+0000] {logging_mixin.py:154} INFO - [2024-03-23T07:19:34.626+0000] {manager.py:499} INFO - Created Permission View: %s
[2024-03-23T07:19:34.631+0000] {logging_mixin.py:154} INFO - [2024-03-23T07:19:34.631+0000] {manager.py:499} INFO - Created Permission View: %s
[2024-03-23T07:19:34.634+0000] {logging_mixin.py:154} INFO - [2024-03-23T07:19:34.634+0000] {manager.py:499} INFO - Created Permission View: %s
[2024-03-23T07:19:34.635+0000] {logging_mixin.py:154} INFO - [2024-03-23T07:19:34.635+0000] {dag.py:2941} INFO - Sync 1 DAGs
[2024-03-23T07:19:34.642+0000] {logging_mixin.py:154} INFO - [2024-03-23T07:19:34.642+0000] {dag.py:2963} INFO - Creating ORM DAG for example_skip_dag
[2024-03-23T07:19:34.648+0000] {logging_mixin.py:154} INFO - [2024-03-23T07:19:34.648+0000] {dag.py:3722} INFO - Setting next_dagrun for example_skip_dag to 2024-03-22T07:19:34.648064+00:00, run_after=2024-03-23T07:19:34.648064+00:00
[2024-03-23T07:19:34.658+0000] {processor.py:179} INFO - Processing /home/airflow/.local/lib/python3.8/site-packages/airflow/example_dags/example_skip_dag.py took 0.098 seconds
[2024-03-23T07:20:05.041+0000] {processor.py:157} INFO - Started process (PID=560) to work on /home/airflow/.local/lib/python3.8/site-packages/airflow/example_dags/example_skip_dag.py
[2024-03-23T07:20:05.042+0000] {processor.py:829} INFO - Processing file /home/airflow/.local/lib/python3.8/site-packages/airflow/example_dags/example_skip_dag.py for tasks to queue
[2024-03-23T07:20:05.042+0000] {logging_mixin.py:154} INFO - [2024-03-23T07:20:05.042+0000] {dagbag.py:536} INFO - Filling up the DagBag from /home/airflow/.local/lib/python3.8/site-packages/airflow/example_dags/example_skip_dag.py
[2024-03-23T07:20:05.048+0000] {processor.py:839} INFO - DAG(s) dict_keys(['example_skip_dag']) retrieved from /home/airflow/.local/lib/python3.8/site-packages/airflow/example_dags/example_skip_dag.py
[2024-03-23T07:20:05.062+0000] {logging_mixin.py:154} INFO - [2024-03-23T07:20:05.062+0000] {dag.py:2941} INFO - Sync 1 DAGs
[2024-03-23T07:20:05.074+0000] {logging_mixin.py:154} INFO - [2024-03-23T07:20:05.074+0000] {dag.py:3722} INFO - Setting next_dagrun for example_skip_dag to 2024-03-22T07:20:05.074087+00:00, run_after=2024-03-23T07:20:05.074087+00:00
[2024-03-23T07:20:05.084+0000] {processor.py:179} INFO - Processing /home/airflow/.local/lib/python3.8/site-packages/airflow/example_dags/example_skip_dag.py took 0.045 seconds
[2024-03-23T07:20:36.347+0000] {processor.py:157} INFO - Started process (PID=803) to work on /home/airflow/.local/lib/python3.8/site-packages/airflow/example_dags/example_skip_dag.py
[2024-03-23T07:20:36.349+0000] {processor.py:829} INFO - Processing file /home/airflow/.local/lib/python3.8/site-packages/airflow/example_dags/example_skip_dag.py for tasks to queue
[2024-03-23T07:20:36.350+0000] {logging_mixin.py:154} INFO - [2024-03-23T07:20:36.349+0000] {dagbag.py:536} INFO - Filling up the DagBag from /home/airflow/.local/lib/python3.8/site-packages/airflow/example_dags/example_skip_dag.py
[2024-03-23T07:20:36.357+0000] {processor.py:839} INFO - DAG(s) dict_keys(['example_skip_dag']) retrieved from /home/airflow/.local/lib/python3.8/site-packages/airflow/example_dags/example_skip_dag.py
[2024-03-23T07:20:36.377+0000] {logging_mixin.py:154} INFO - [2024-03-23T07:20:36.377+0000] {dag.py:2941} INFO - Sync 1 DAGs
[2024-03-23T07:20:36.394+0000] {logging_mixin.py:154} INFO - [2024-03-23T07:20:36.394+0000] {dag.py:3722} INFO - Setting next_dagrun for example_skip_dag to 2024-03-22T07:20:36.394633+00:00, run_after=2024-03-23T07:20:36.394633+00:00
[2024-03-23T07:20:36.405+0000] {processor.py:179} INFO - Processing /home/airflow/.local/lib/python3.8/site-packages/airflow/example_dags/example_skip_dag.py took 0.060 seconds
[2024-03-23T07:21:06.746+0000] {processor.py:157} INFO - Started process (PID=1048) to work on /home/airflow/.local/lib/python3.8/site-packages/airflow/example_dags/example_skip_dag.py
[2024-03-23T07:21:06.747+0000] {processor.py:829} INFO - Processing file /home/airflow/.local/lib/python3.8/site-packages/airflow/example_dags/example_skip_dag.py for tasks to queue
[2024-03-23T07:21:06.747+0000] {logging_mixin.py:154} INFO - [2024-03-23T07:21:06.747+0000] {dagbag.py:536} INFO - Filling up the DagBag from /home/airflow/.local/lib/python3.8/site-packages/airflow/example_dags/example_skip_dag.py
[2024-03-23T07:21:06.761+0000] {processor.py:839} INFO - DAG(s) dict_keys(['example_skip_dag']) retrieved from /home/airflow/.local/lib/python3.8/site-packages/airflow/example_dags/example_skip_dag.py
[2024-03-23T07:21:06.779+0000] {logging_mixin.py:154} INFO - [2024-03-23T07:21:06.779+0000] {dag.py:2941} INFO - Sync 1 DAGs
[2024-03-23T07:21:06.799+0000] {logging_mixin.py:154} INFO - [2024-03-23T07:21:06.798+0000] {dag.py:3722} INFO - Setting next_dagrun for example_skip_dag to 2024-03-22T07:21:06.798553+00:00, run_after=2024-03-23T07:21:06.798553+00:00
[2024-03-23T07:21:06.812+0000] {processor.py:179} INFO - Processing /home/airflow/.local/lib/python3.8/site-packages/airflow/example_dags/example_skip_dag.py took 0.069 seconds
[2024-03-23T07:21:37.743+0000] {processor.py:157} INFO - Started process (PID=1291) to work on /home/airflow/.local/lib/python3.8/site-packages/airflow/example_dags/example_skip_dag.py
[2024-03-23T07:21:37.744+0000] {processor.py:829} INFO - Processing file /home/airflow/.local/lib/python3.8/site-packages/airflow/example_dags/example_skip_dag.py for tasks to queue
[2024-03-23T07:21:37.745+0000] {logging_mixin.py:154} INFO - [2024-03-23T07:21:37.745+0000] {dagbag.py:536} INFO - Filling up the DagBag from /home/airflow/.local/lib/python3.8/site-packages/airflow/example_dags/example_skip_dag.py
[2024-03-23T07:21:37.749+0000] {processor.py:839} INFO - DAG(s) dict_keys(['example_skip_dag']) retrieved from /home/airflow/.local/lib/python3.8/site-packages/airflow/example_dags/example_skip_dag.py
[2024-03-23T07:21:37.760+0000] {logging_mixin.py:154} INFO - [2024-03-23T07:21:37.760+0000] {dag.py:2941} INFO - Sync 1 DAGs
[2024-03-23T07:21:37.770+0000] {logging_mixin.py:154} INFO - [2024-03-23T07:21:37.770+0000] {dag.py:3722} INFO - Setting next_dagrun for example_skip_dag to 2024-03-22T07:21:37.770405+00:00, run_after=2024-03-23T07:21:37.770405+00:00
[2024-03-23T07:21:37.778+0000] {processor.py:179} INFO - Processing /home/airflow/.local/lib/python3.8/site-packages/airflow/example_dags/example_skip_dag.py took 0.037 seconds
[2024-03-23T07:22:08.663+0000] {processor.py:157} INFO - Started process (PID=1535) to work on /home/airflow/.local/lib/python3.8/site-packages/airflow/example_dags/example_skip_dag.py
[2024-03-23T07:22:08.664+0000] {processor.py:829} INFO - Processing file /home/airflow/.local/lib/python3.8/site-packages/airflow/example_dags/example_skip_dag.py for tasks to queue
[2024-03-23T07:22:08.664+0000] {logging_mixin.py:154} INFO - [2024-03-23T07:22:08.664+0000] {dagbag.py:536} INFO - Filling up the DagBag from /home/airflow/.local/lib/python3.8/site-packages/airflow/example_dags/example_skip_dag.py
[2024-03-23T07:22:08.676+0000] {processor.py:839} INFO - DAG(s) dict_keys(['example_skip_dag']) retrieved from /home/airflow/.local/lib/python3.8/site-packages/airflow/example_dags/example_skip_dag.py
[2024-03-23T07:22:08.729+0000] {logging_mixin.py:154} INFO - [2024-03-23T07:22:08.729+0000] {dag.py:2941} INFO - Sync 1 DAGs
[2024-03-23T07:22:08.766+0000] {logging_mixin.py:154} INFO - [2024-03-23T07:22:08.766+0000] {dag.py:3722} INFO - Setting next_dagrun for example_skip_dag to 2024-03-22T07:22:08.765901+00:00, run_after=2024-03-23T07:22:08.765901+00:00
[2024-03-23T07:22:08.788+0000] {processor.py:179} INFO - Processing /home/airflow/.local/lib/python3.8/site-packages/airflow/example_dags/example_skip_dag.py took 0.127 seconds
[2024-03-23T07:22:39.717+0000] {processor.py:157} INFO - Started process (PID=1785) to work on /home/airflow/.local/lib/python3.8/site-packages/airflow/example_dags/example_skip_dag.py
[2024-03-23T07:22:39.718+0000] {processor.py:829} INFO - Processing file /home/airflow/.local/lib/python3.8/site-packages/airflow/example_dags/example_skip_dag.py for tasks to queue
[2024-03-23T07:22:39.719+0000] {logging_mixin.py:154} INFO - [2024-03-23T07:22:39.719+0000] {dagbag.py:536} INFO - Filling up the DagBag from /home/airflow/.local/lib/python3.8/site-packages/airflow/example_dags/example_skip_dag.py
[2024-03-23T07:22:39.728+0000] {processor.py:839} INFO - DAG(s) dict_keys(['example_skip_dag']) retrieved from /home/airflow/.local/lib/python3.8/site-packages/airflow/example_dags/example_skip_dag.py
[2024-03-23T07:22:39.747+0000] {logging_mixin.py:154} INFO - [2024-03-23T07:22:39.746+0000] {dag.py:2941} INFO - Sync 1 DAGs
[2024-03-23T07:22:39.761+0000] {logging_mixin.py:154} INFO - [2024-03-23T07:22:39.761+0000] {dag.py:3722} INFO - Setting next_dagrun for example_skip_dag to 2024-03-22T07:22:39.760883+00:00, run_after=2024-03-23T07:22:39.760883+00:00
[2024-03-23T07:22:39.770+0000] {processor.py:179} INFO - Processing /home/airflow/.local/lib/python3.8/site-packages/airflow/example_dags/example_skip_dag.py took 0.057 seconds
[2024-03-23T07:23:10.091+0000] {processor.py:157} INFO - Started process (PID=2026) to work on /home/airflow/.local/lib/python3.8/site-packages/airflow/example_dags/example_skip_dag.py
[2024-03-23T07:23:10.092+0000] {processor.py:829} INFO - Processing file /home/airflow/.local/lib/python3.8/site-packages/airflow/example_dags/example_skip_dag.py for tasks to queue
[2024-03-23T07:23:10.092+0000] {logging_mixin.py:154} INFO - [2024-03-23T07:23:10.092+0000] {dagbag.py:536} INFO - Filling up the DagBag from /home/airflow/.local/lib/python3.8/site-packages/airflow/example_dags/example_skip_dag.py
[2024-03-23T07:23:10.098+0000] {processor.py:839} INFO - DAG(s) dict_keys(['example_skip_dag']) retrieved from /home/airflow/.local/lib/python3.8/site-packages/airflow/example_dags/example_skip_dag.py
[2024-03-23T07:23:10.112+0000] {logging_mixin.py:154} INFO - [2024-03-23T07:23:10.112+0000] {dag.py:2941} INFO - Sync 1 DAGs
[2024-03-23T07:23:10.124+0000] {logging_mixin.py:154} INFO - [2024-03-23T07:23:10.124+0000] {dag.py:3722} INFO - Setting next_dagrun for example_skip_dag to 2024-03-22T07:23:10.124369+00:00, run_after=2024-03-23T07:23:10.124369+00:00
[2024-03-23T07:23:10.132+0000] {processor.py:179} INFO - Processing /home/airflow/.local/lib/python3.8/site-packages/airflow/example_dags/example_skip_dag.py took 0.043 seconds
[2024-03-23T07:23:42.982+0000] {processor.py:157} INFO - Started process (PID=2270) to work on /home/airflow/.local/lib/python3.8/site-packages/airflow/example_dags/example_skip_dag.py
[2024-03-23T07:23:42.986+0000] {processor.py:829} INFO - Processing file /home/airflow/.local/lib/python3.8/site-packages/airflow/example_dags/example_skip_dag.py for tasks to queue
[2024-03-23T07:23:42.988+0000] {logging_mixin.py:154} INFO - [2024-03-23T07:23:42.988+0000] {dagbag.py:536} INFO - Filling up the DagBag from /home/airflow/.local/lib/python3.8/site-packages/airflow/example_dags/example_skip_dag.py
[2024-03-23T07:23:43.003+0000] {processor.py:839} INFO - DAG(s) dict_keys(['example_skip_dag']) retrieved from /home/airflow/.local/lib/python3.8/site-packages/airflow/example_dags/example_skip_dag.py
[2024-03-23T07:23:43.041+0000] {logging_mixin.py:154} INFO - [2024-03-23T07:23:43.040+0000] {dag.py:2941} INFO - Sync 1 DAGs
[2024-03-23T07:23:43.069+0000] {logging_mixin.py:154} INFO - [2024-03-23T07:23:43.069+0000] {dag.py:3722} INFO - Setting next_dagrun for example_skip_dag to 2024-03-22T07:23:43.069432+00:00, run_after=2024-03-23T07:23:43.069432+00:00
[2024-03-23T07:23:43.096+0000] {processor.py:179} INFO - Processing /home/airflow/.local/lib/python3.8/site-packages/airflow/example_dags/example_skip_dag.py took 0.125 seconds
[2024-03-23T07:24:14.487+0000] {processor.py:157} INFO - Started process (PID=2513) to work on /home/airflow/.local/lib/python3.8/site-packages/airflow/example_dags/example_skip_dag.py
[2024-03-23T07:24:14.489+0000] {processor.py:829} INFO - Processing file /home/airflow/.local/lib/python3.8/site-packages/airflow/example_dags/example_skip_dag.py for tasks to queue
[2024-03-23T07:24:14.490+0000] {logging_mixin.py:154} INFO - [2024-03-23T07:24:14.490+0000] {dagbag.py:536} INFO - Filling up the DagBag from /home/airflow/.local/lib/python3.8/site-packages/airflow/example_dags/example_skip_dag.py
[2024-03-23T07:24:14.511+0000] {processor.py:839} INFO - DAG(s) dict_keys(['example_skip_dag']) retrieved from /home/airflow/.local/lib/python3.8/site-packages/airflow/example_dags/example_skip_dag.py
[2024-03-23T07:24:14.555+0000] {logging_mixin.py:154} INFO - [2024-03-23T07:24:14.555+0000] {dag.py:2941} INFO - Sync 1 DAGs
[2024-03-23T07:24:14.578+0000] {logging_mixin.py:154} INFO - [2024-03-23T07:24:14.578+0000] {dag.py:3722} INFO - Setting next_dagrun for example_skip_dag to 2024-03-22T07:24:14.578372+00:00, run_after=2024-03-23T07:24:14.578372+00:00
[2024-03-23T07:24:14.600+0000] {processor.py:179} INFO - Processing /home/airflow/.local/lib/python3.8/site-packages/airflow/example_dags/example_skip_dag.py took 0.116 seconds
[2024-03-23T07:24:46.571+0000] {processor.py:157} INFO - Started process (PID=2756) to work on /home/airflow/.local/lib/python3.8/site-packages/airflow/example_dags/example_skip_dag.py
[2024-03-23T07:24:46.573+0000] {processor.py:829} INFO - Processing file /home/airflow/.local/lib/python3.8/site-packages/airflow/example_dags/example_skip_dag.py for tasks to queue
[2024-03-23T07:24:46.574+0000] {logging_mixin.py:154} INFO - [2024-03-23T07:24:46.574+0000] {dagbag.py:536} INFO - Filling up the DagBag from /home/airflow/.local/lib/python3.8/site-packages/airflow/example_dags/example_skip_dag.py
[2024-03-23T07:24:46.582+0000] {processor.py:839} INFO - DAG(s) dict_keys(['example_skip_dag']) retrieved from /home/airflow/.local/lib/python3.8/site-packages/airflow/example_dags/example_skip_dag.py
[2024-03-23T07:24:46.599+0000] {logging_mixin.py:154} INFO - [2024-03-23T07:24:46.599+0000] {dag.py:2941} INFO - Sync 1 DAGs
[2024-03-23T07:24:46.630+0000] {logging_mixin.py:154} INFO - [2024-03-23T07:24:46.630+0000] {dag.py:3722} INFO - Setting next_dagrun for example_skip_dag to 2024-03-22T07:24:46.629981+00:00, run_after=2024-03-23T07:24:46.629981+00:00
[2024-03-23T07:24:46.647+0000] {processor.py:179} INFO - Processing /home/airflow/.local/lib/python3.8/site-packages/airflow/example_dags/example_skip_dag.py took 0.083 seconds
[2024-03-23T07:25:22.118+0000] {processor.py:157} INFO - Started process (PID=3003) to work on /home/airflow/.local/lib/python3.8/site-packages/airflow/example_dags/example_skip_dag.py
[2024-03-23T07:25:22.121+0000] {processor.py:829} INFO - Processing file /home/airflow/.local/lib/python3.8/site-packages/airflow/example_dags/example_skip_dag.py for tasks to queue
[2024-03-23T07:25:22.124+0000] {logging_mixin.py:154} INFO - [2024-03-23T07:25:22.123+0000] {dagbag.py:536} INFO - Filling up the DagBag from /home/airflow/.local/lib/python3.8/site-packages/airflow/example_dags/example_skip_dag.py
[2024-03-23T07:25:22.158+0000] {processor.py:839} INFO - DAG(s) dict_keys(['example_skip_dag']) retrieved from /home/airflow/.local/lib/python3.8/site-packages/airflow/example_dags/example_skip_dag.py
[2024-03-23T07:25:22.194+0000] {logging_mixin.py:154} INFO - [2024-03-23T07:25:22.194+0000] {dag.py:2941} INFO - Sync 1 DAGs
[2024-03-23T07:25:22.228+0000] {logging_mixin.py:154} INFO - [2024-03-23T07:25:22.228+0000] {dag.py:3722} INFO - Setting next_dagrun for example_skip_dag to 2024-03-22T07:25:22.226930+00:00, run_after=2024-03-23T07:25:22.226930+00:00
[2024-03-23T07:25:22.260+0000] {processor.py:179} INFO - Processing /home/airflow/.local/lib/python3.8/site-packages/airflow/example_dags/example_skip_dag.py took 0.149 seconds
[2024-03-23T07:25:55.020+0000] {processor.py:157} INFO - Started process (PID=3254) to work on /home/airflow/.local/lib/python3.8/site-packages/airflow/example_dags/example_skip_dag.py
[2024-03-23T07:25:55.026+0000] {processor.py:829} INFO - Processing file /home/airflow/.local/lib/python3.8/site-packages/airflow/example_dags/example_skip_dag.py for tasks to queue
[2024-03-23T07:25:55.029+0000] {logging_mixin.py:154} INFO - [2024-03-23T07:25:55.029+0000] {dagbag.py:536} INFO - Filling up the DagBag from /home/airflow/.local/lib/python3.8/site-packages/airflow/example_dags/example_skip_dag.py
[2024-03-23T07:25:55.041+0000] {processor.py:839} INFO - DAG(s) dict_keys(['example_skip_dag']) retrieved from /home/airflow/.local/lib/python3.8/site-packages/airflow/example_dags/example_skip_dag.py
[2024-03-23T07:25:55.064+0000] {logging_mixin.py:154} INFO - [2024-03-23T07:25:55.064+0000] {dag.py:2941} INFO - Sync 1 DAGs
[2024-03-23T07:25:55.078+0000] {logging_mixin.py:154} INFO - [2024-03-23T07:25:55.078+0000] {dag.py:3722} INFO - Setting next_dagrun for example_skip_dag to 2024-03-22T07:25:55.078308+00:00, run_after=2024-03-23T07:25:55.078308+00:00
[2024-03-23T07:25:55.106+0000] {processor.py:179} INFO - Processing /home/airflow/.local/lib/python3.8/site-packages/airflow/example_dags/example_skip_dag.py took 0.089 seconds
[2024-03-23T07:26:29.244+0000] {processor.py:157} INFO - Started process (PID=3502) to work on /home/airflow/.local/lib/python3.8/site-packages/airflow/example_dags/example_skip_dag.py
[2024-03-23T07:26:29.245+0000] {processor.py:829} INFO - Processing file /home/airflow/.local/lib/python3.8/site-packages/airflow/example_dags/example_skip_dag.py for tasks to queue
[2024-03-23T07:26:29.245+0000] {logging_mixin.py:154} INFO - [2024-03-23T07:26:29.245+0000] {dagbag.py:536} INFO - Filling up the DagBag from /home/airflow/.local/lib/python3.8/site-packages/airflow/example_dags/example_skip_dag.py
[2024-03-23T07:26:29.252+0000] {processor.py:839} INFO - DAG(s) dict_keys(['example_skip_dag']) retrieved from /home/airflow/.local/lib/python3.8/site-packages/airflow/example_dags/example_skip_dag.py
[2024-03-23T07:26:29.275+0000] {logging_mixin.py:154} INFO - [2024-03-23T07:26:29.274+0000] {dag.py:2941} INFO - Sync 1 DAGs
[2024-03-23T07:26:29.301+0000] {logging_mixin.py:154} INFO - [2024-03-23T07:26:29.301+0000] {dag.py:3722} INFO - Setting next_dagrun for example_skip_dag to 2024-03-22T07:26:29.300914+00:00, run_after=2024-03-23T07:26:29.300914+00:00
[2024-03-23T07:26:29.316+0000] {processor.py:179} INFO - Processing /home/airflow/.local/lib/python3.8/site-packages/airflow/example_dags/example_skip_dag.py took 0.075 seconds
[2024-03-23T07:27:02.458+0000] {processor.py:157} INFO - Started process (PID=3747) to work on /home/airflow/.local/lib/python3.8/site-packages/airflow/example_dags/example_skip_dag.py
[2024-03-23T07:27:02.459+0000] {processor.py:829} INFO - Processing file /home/airflow/.local/lib/python3.8/site-packages/airflow/example_dags/example_skip_dag.py for tasks to queue
[2024-03-23T07:27:02.460+0000] {logging_mixin.py:154} INFO - [2024-03-23T07:27:02.460+0000] {dagbag.py:536} INFO - Filling up the DagBag from /home/airflow/.local/lib/python3.8/site-packages/airflow/example_dags/example_skip_dag.py
[2024-03-23T07:27:02.465+0000] {processor.py:839} INFO - DAG(s) dict_keys(['example_skip_dag']) retrieved from /home/airflow/.local/lib/python3.8/site-packages/airflow/example_dags/example_skip_dag.py
[2024-03-23T07:27:02.483+0000] {logging_mixin.py:154} INFO - [2024-03-23T07:27:02.483+0000] {dag.py:2941} INFO - Sync 1 DAGs
[2024-03-23T07:27:02.502+0000] {logging_mixin.py:154} INFO - [2024-03-23T07:27:02.502+0000] {dag.py:3722} INFO - Setting next_dagrun for example_skip_dag to 2024-03-22T07:27:02.502116+00:00, run_after=2024-03-23T07:27:02.502116+00:00
[2024-03-23T07:27:02.515+0000] {processor.py:179} INFO - Processing /home/airflow/.local/lib/python3.8/site-packages/airflow/example_dags/example_skip_dag.py took 0.059 seconds
[2024-03-23T07:27:36.058+0000] {processor.py:157} INFO - Started process (PID=3988) to work on /home/airflow/.local/lib/python3.8/site-packages/airflow/example_dags/example_skip_dag.py
[2024-03-23T07:27:36.061+0000] {processor.py:829} INFO - Processing file /home/airflow/.local/lib/python3.8/site-packages/airflow/example_dags/example_skip_dag.py for tasks to queue
[2024-03-23T07:27:36.062+0000] {logging_mixin.py:154} INFO - [2024-03-23T07:27:36.062+0000] {dagbag.py:536} INFO - Filling up the DagBag from /home/airflow/.local/lib/python3.8/site-packages/airflow/example_dags/example_skip_dag.py
[2024-03-23T07:27:36.074+0000] {processor.py:839} INFO - DAG(s) dict_keys(['example_skip_dag']) retrieved from /home/airflow/.local/lib/python3.8/site-packages/airflow/example_dags/example_skip_dag.py
[2024-03-23T07:27:36.090+0000] {logging_mixin.py:154} INFO - [2024-03-23T07:27:36.090+0000] {dag.py:2941} INFO - Sync 1 DAGs
[2024-03-23T07:27:36.104+0000] {logging_mixin.py:154} INFO - [2024-03-23T07:27:36.103+0000] {dag.py:3722} INFO - Setting next_dagrun for example_skip_dag to 2024-03-22T07:27:36.103761+00:00, run_after=2024-03-23T07:27:36.103761+00:00
[2024-03-23T07:27:36.112+0000] {processor.py:179} INFO - Processing /home/airflow/.local/lib/python3.8/site-packages/airflow/example_dags/example_skip_dag.py took 0.057 seconds
[2024-03-23T07:28:10.103+0000] {processor.py:157} INFO - Started process (PID=4231) to work on /home/airflow/.local/lib/python3.8/site-packages/airflow/example_dags/example_skip_dag.py
[2024-03-23T07:28:10.106+0000] {processor.py:829} INFO - Processing file /home/airflow/.local/lib/python3.8/site-packages/airflow/example_dags/example_skip_dag.py for tasks to queue
[2024-03-23T07:28:10.106+0000] {logging_mixin.py:154} INFO - [2024-03-23T07:28:10.106+0000] {dagbag.py:536} INFO - Filling up the DagBag from /home/airflow/.local/lib/python3.8/site-packages/airflow/example_dags/example_skip_dag.py
[2024-03-23T07:28:10.113+0000] {processor.py:839} INFO - DAG(s) dict_keys(['example_skip_dag']) retrieved from /home/airflow/.local/lib/python3.8/site-packages/airflow/example_dags/example_skip_dag.py
[2024-03-23T07:28:10.129+0000] {logging_mixin.py:154} INFO - [2024-03-23T07:28:10.128+0000] {dag.py:2941} INFO - Sync 1 DAGs
[2024-03-23T07:28:10.144+0000] {logging_mixin.py:154} INFO - [2024-03-23T07:28:10.144+0000] {dag.py:3722} INFO - Setting next_dagrun for example_skip_dag to 2024-03-22T07:28:10.143888+00:00, run_after=2024-03-23T07:28:10.143888+00:00
[2024-03-23T07:28:10.154+0000] {processor.py:179} INFO - Processing /home/airflow/.local/lib/python3.8/site-packages/airflow/example_dags/example_skip_dag.py took 0.054 seconds
[2024-03-23T07:28:40.708+0000] {processor.py:157} INFO - Started process (PID=4474) to work on /home/airflow/.local/lib/python3.8/site-packages/airflow/example_dags/example_skip_dag.py
[2024-03-23T07:28:40.711+0000] {processor.py:829} INFO - Processing file /home/airflow/.local/lib/python3.8/site-packages/airflow/example_dags/example_skip_dag.py for tasks to queue
[2024-03-23T07:28:40.711+0000] {logging_mixin.py:154} INFO - [2024-03-23T07:28:40.711+0000] {dagbag.py:536} INFO - Filling up the DagBag from /home/airflow/.local/lib/python3.8/site-packages/airflow/example_dags/example_skip_dag.py
[2024-03-23T07:28:40.717+0000] {processor.py:839} INFO - DAG(s) dict_keys(['example_skip_dag']) retrieved from /home/airflow/.local/lib/python3.8/site-packages/airflow/example_dags/example_skip_dag.py
[2024-03-23T07:28:40.730+0000] {logging_mixin.py:154} INFO - [2024-03-23T07:28:40.730+0000] {dag.py:2941} INFO - Sync 1 DAGs
[2024-03-23T07:28:40.743+0000] {logging_mixin.py:154} INFO - [2024-03-23T07:28:40.743+0000] {dag.py:3722} INFO - Setting next_dagrun for example_skip_dag to 2024-03-22T07:28:40.743323+00:00, run_after=2024-03-23T07:28:40.743323+00:00
[2024-03-23T07:28:40.752+0000] {processor.py:179} INFO - Processing /home/airflow/.local/lib/python3.8/site-packages/airflow/example_dags/example_skip_dag.py took 0.046 seconds
[2024-03-23T07:29:11.714+0000] {processor.py:157} INFO - Started process (PID=4719) to work on /home/airflow/.local/lib/python3.8/site-packages/airflow/example_dags/example_skip_dag.py
[2024-03-23T07:29:11.716+0000] {processor.py:829} INFO - Processing file /home/airflow/.local/lib/python3.8/site-packages/airflow/example_dags/example_skip_dag.py for tasks to queue
[2024-03-23T07:29:11.717+0000] {logging_mixin.py:154} INFO - [2024-03-23T07:29:11.716+0000] {dagbag.py:536} INFO - Filling up the DagBag from /home/airflow/.local/lib/python3.8/site-packages/airflow/example_dags/example_skip_dag.py
[2024-03-23T07:29:11.722+0000] {processor.py:839} INFO - DAG(s) dict_keys(['example_skip_dag']) retrieved from /home/airflow/.local/lib/python3.8/site-packages/airflow/example_dags/example_skip_dag.py
[2024-03-23T07:29:11.734+0000] {logging_mixin.py:154} INFO - [2024-03-23T07:29:11.733+0000] {dag.py:2941} INFO - Sync 1 DAGs
[2024-03-23T07:29:11.745+0000] {logging_mixin.py:154} INFO - [2024-03-23T07:29:11.744+0000] {dag.py:3722} INFO - Setting next_dagrun for example_skip_dag to 2024-03-22T07:29:11.744833+00:00, run_after=2024-03-23T07:29:11.744833+00:00
[2024-03-23T07:29:11.753+0000] {processor.py:179} INFO - Processing /home/airflow/.local/lib/python3.8/site-packages/airflow/example_dags/example_skip_dag.py took 0.041 seconds
[2024-03-23T07:29:37.375+0000] {processor.py:157} INFO - Started process (PID=316) to work on /home/airflow/.local/lib/python3.8/site-packages/airflow/example_dags/example_skip_dag.py
[2024-03-23T07:29:37.376+0000] {processor.py:829} INFO - Processing file /home/airflow/.local/lib/python3.8/site-packages/airflow/example_dags/example_skip_dag.py for tasks to queue
[2024-03-23T07:29:37.377+0000] {logging_mixin.py:154} INFO - [2024-03-23T07:29:37.377+0000] {dagbag.py:536} INFO - Filling up the DagBag from /home/airflow/.local/lib/python3.8/site-packages/airflow/example_dags/example_skip_dag.py
[2024-03-23T07:29:37.381+0000] {processor.py:839} INFO - DAG(s) dict_keys(['example_skip_dag']) retrieved from /home/airflow/.local/lib/python3.8/site-packages/airflow/example_dags/example_skip_dag.py
[2024-03-23T07:29:37.394+0000] {logging_mixin.py:154} INFO - [2024-03-23T07:29:37.393+0000] {dag.py:2941} INFO - Sync 1 DAGs
[2024-03-23T07:29:37.410+0000] {logging_mixin.py:154} INFO - [2024-03-23T07:29:37.410+0000] {dag.py:3722} INFO - Setting next_dagrun for example_skip_dag to 2024-03-22T07:29:37.410509+00:00, run_after=2024-03-23T07:29:37.410509+00:00
[2024-03-23T07:29:37.423+0000] {processor.py:179} INFO - Processing /home/airflow/.local/lib/python3.8/site-packages/airflow/example_dags/example_skip_dag.py took 0.049 seconds
