[2024-03-23T07:19:33.323+0000] {processor.py:157} INFO - Started process (PID=232) to work on /home/airflow/.local/lib/python3.8/site-packages/airflow/example_dags/example_local_kubernetes_executor.py
[2024-03-23T07:19:33.323+0000] {processor.py:829} INFO - Processing file /home/airflow/.local/lib/python3.8/site-packages/airflow/example_dags/example_local_kubernetes_executor.py for tasks to queue
[2024-03-23T07:19:33.324+0000] {logging_mixin.py:154} INFO - [2024-03-23T07:19:33.324+0000] {dagbag.py:536} INFO - Filling up the DagBag from /home/airflow/.local/lib/python3.8/site-packages/airflow/example_dags/example_local_kubernetes_executor.py
[2024-03-23T07:19:33.331+0000] {processor.py:839} INFO - DAG(s) dict_keys(['example_local_kubernetes_executor']) retrieved from /home/airflow/.local/lib/python3.8/site-packages/airflow/example_dags/example_local_kubernetes_executor.py
[2024-03-23T07:19:33.389+0000] {logging_mixin.py:154} INFO - [2024-03-23T07:19:33.389+0000] {manager.py:499} INFO - Created Permission View: %s
[2024-03-23T07:19:33.394+0000] {logging_mixin.py:154} INFO - [2024-03-23T07:19:33.394+0000] {manager.py:499} INFO - Created Permission View: %s
[2024-03-23T07:19:33.396+0000] {logging_mixin.py:154} INFO - [2024-03-23T07:19:33.396+0000] {manager.py:499} INFO - Created Permission View: %s
[2024-03-23T07:19:33.397+0000] {logging_mixin.py:154} INFO - [2024-03-23T07:19:33.397+0000] {dag.py:2941} INFO - Sync 1 DAGs
[2024-03-23T07:19:33.403+0000] {logging_mixin.py:154} INFO - [2024-03-23T07:19:33.403+0000] {dag.py:2963} INFO - Creating ORM DAG for example_local_kubernetes_executor
[2024-03-23T07:19:33.404+0000] {logging_mixin.py:154} INFO - [2024-03-23T07:19:33.403+0000] {dag.py:3722} INFO - Setting next_dagrun for example_local_kubernetes_executor to None, run_after=None
[2024-03-23T07:19:33.414+0000] {processor.py:179} INFO - Processing /home/airflow/.local/lib/python3.8/site-packages/airflow/example_dags/example_local_kubernetes_executor.py took 0.093 seconds
[2024-03-23T07:20:04.290+0000] {processor.py:157} INFO - Started process (PID=475) to work on /home/airflow/.local/lib/python3.8/site-packages/airflow/example_dags/example_local_kubernetes_executor.py
[2024-03-23T07:20:04.292+0000] {processor.py:829} INFO - Processing file /home/airflow/.local/lib/python3.8/site-packages/airflow/example_dags/example_local_kubernetes_executor.py for tasks to queue
[2024-03-23T07:20:04.292+0000] {logging_mixin.py:154} INFO - [2024-03-23T07:20:04.292+0000] {dagbag.py:536} INFO - Filling up the DagBag from /home/airflow/.local/lib/python3.8/site-packages/airflow/example_dags/example_local_kubernetes_executor.py
[2024-03-23T07:20:04.297+0000] {processor.py:839} INFO - DAG(s) dict_keys(['example_local_kubernetes_executor']) retrieved from /home/airflow/.local/lib/python3.8/site-packages/airflow/example_dags/example_local_kubernetes_executor.py
[2024-03-23T07:20:04.312+0000] {logging_mixin.py:154} INFO - [2024-03-23T07:20:04.312+0000] {dag.py:2941} INFO - Sync 1 DAGs
[2024-03-23T07:20:04.318+0000] {logging_mixin.py:154} INFO - [2024-03-23T07:20:04.318+0000] {dag.py:3722} INFO - Setting next_dagrun for example_local_kubernetes_executor to None, run_after=None
[2024-03-23T07:20:04.327+0000] {processor.py:179} INFO - Processing /home/airflow/.local/lib/python3.8/site-packages/airflow/example_dags/example_local_kubernetes_executor.py took 0.039 seconds
[2024-03-23T07:20:35.507+0000] {processor.py:157} INFO - Started process (PID=718) to work on /home/airflow/.local/lib/python3.8/site-packages/airflow/example_dags/example_local_kubernetes_executor.py
[2024-03-23T07:20:35.508+0000] {processor.py:829} INFO - Processing file /home/airflow/.local/lib/python3.8/site-packages/airflow/example_dags/example_local_kubernetes_executor.py for tasks to queue
[2024-03-23T07:20:35.508+0000] {logging_mixin.py:154} INFO - [2024-03-23T07:20:35.508+0000] {dagbag.py:536} INFO - Filling up the DagBag from /home/airflow/.local/lib/python3.8/site-packages/airflow/example_dags/example_local_kubernetes_executor.py
[2024-03-23T07:20:35.514+0000] {processor.py:839} INFO - DAG(s) dict_keys(['example_local_kubernetes_executor']) retrieved from /home/airflow/.local/lib/python3.8/site-packages/airflow/example_dags/example_local_kubernetes_executor.py
[2024-03-23T07:20:35.542+0000] {logging_mixin.py:154} INFO - [2024-03-23T07:20:35.542+0000] {dag.py:2941} INFO - Sync 1 DAGs
[2024-03-23T07:20:35.550+0000] {logging_mixin.py:154} INFO - [2024-03-23T07:20:35.550+0000] {dag.py:3722} INFO - Setting next_dagrun for example_local_kubernetes_executor to None, run_after=None
[2024-03-23T07:20:35.559+0000] {processor.py:179} INFO - Processing /home/airflow/.local/lib/python3.8/site-packages/airflow/example_dags/example_local_kubernetes_executor.py took 0.054 seconds
[2024-03-23T07:21:05.699+0000] {processor.py:157} INFO - Started process (PID=961) to work on /home/airflow/.local/lib/python3.8/site-packages/airflow/example_dags/example_local_kubernetes_executor.py
[2024-03-23T07:21:05.700+0000] {processor.py:829} INFO - Processing file /home/airflow/.local/lib/python3.8/site-packages/airflow/example_dags/example_local_kubernetes_executor.py for tasks to queue
[2024-03-23T07:21:05.701+0000] {logging_mixin.py:154} INFO - [2024-03-23T07:21:05.701+0000] {dagbag.py:536} INFO - Filling up the DagBag from /home/airflow/.local/lib/python3.8/site-packages/airflow/example_dags/example_local_kubernetes_executor.py
[2024-03-23T07:21:05.705+0000] {processor.py:839} INFO - DAG(s) dict_keys(['example_local_kubernetes_executor']) retrieved from /home/airflow/.local/lib/python3.8/site-packages/airflow/example_dags/example_local_kubernetes_executor.py
[2024-03-23T07:21:05.744+0000] {logging_mixin.py:154} INFO - [2024-03-23T07:21:05.744+0000] {dag.py:2941} INFO - Sync 1 DAGs
[2024-03-23T07:21:05.770+0000] {logging_mixin.py:154} INFO - [2024-03-23T07:21:05.770+0000] {dag.py:3722} INFO - Setting next_dagrun for example_local_kubernetes_executor to None, run_after=None
[2024-03-23T07:21:05.783+0000] {processor.py:179} INFO - Processing /home/airflow/.local/lib/python3.8/site-packages/airflow/example_dags/example_local_kubernetes_executor.py took 0.085 seconds
[2024-03-23T07:21:36.550+0000] {processor.py:157} INFO - Started process (PID=1199) to work on /home/airflow/.local/lib/python3.8/site-packages/airflow/example_dags/example_local_kubernetes_executor.py
[2024-03-23T07:21:36.551+0000] {processor.py:829} INFO - Processing file /home/airflow/.local/lib/python3.8/site-packages/airflow/example_dags/example_local_kubernetes_executor.py for tasks to queue
[2024-03-23T07:21:36.552+0000] {logging_mixin.py:154} INFO - [2024-03-23T07:21:36.552+0000] {dagbag.py:536} INFO - Filling up the DagBag from /home/airflow/.local/lib/python3.8/site-packages/airflow/example_dags/example_local_kubernetes_executor.py
[2024-03-23T07:21:36.559+0000] {processor.py:839} INFO - DAG(s) dict_keys(['example_local_kubernetes_executor']) retrieved from /home/airflow/.local/lib/python3.8/site-packages/airflow/example_dags/example_local_kubernetes_executor.py
[2024-03-23T07:21:36.577+0000] {logging_mixin.py:154} INFO - [2024-03-23T07:21:36.576+0000] {dag.py:2941} INFO - Sync 1 DAGs
[2024-03-23T07:21:36.583+0000] {logging_mixin.py:154} INFO - [2024-03-23T07:21:36.583+0000] {dag.py:3722} INFO - Setting next_dagrun for example_local_kubernetes_executor to None, run_after=None
[2024-03-23T07:21:36.591+0000] {processor.py:179} INFO - Processing /home/airflow/.local/lib/python3.8/site-packages/airflow/example_dags/example_local_kubernetes_executor.py took 0.043 seconds
[2024-03-23T07:22:06.943+0000] {processor.py:157} INFO - Started process (PID=1444) to work on /home/airflow/.local/lib/python3.8/site-packages/airflow/example_dags/example_local_kubernetes_executor.py
[2024-03-23T07:22:06.944+0000] {processor.py:829} INFO - Processing file /home/airflow/.local/lib/python3.8/site-packages/airflow/example_dags/example_local_kubernetes_executor.py for tasks to queue
[2024-03-23T07:22:06.944+0000] {logging_mixin.py:154} INFO - [2024-03-23T07:22:06.944+0000] {dagbag.py:536} INFO - Filling up the DagBag from /home/airflow/.local/lib/python3.8/site-packages/airflow/example_dags/example_local_kubernetes_executor.py
[2024-03-23T07:22:06.948+0000] {processor.py:839} INFO - DAG(s) dict_keys(['example_local_kubernetes_executor']) retrieved from /home/airflow/.local/lib/python3.8/site-packages/airflow/example_dags/example_local_kubernetes_executor.py
[2024-03-23T07:22:06.964+0000] {logging_mixin.py:154} INFO - [2024-03-23T07:22:06.964+0000] {dag.py:2941} INFO - Sync 1 DAGs
[2024-03-23T07:22:06.972+0000] {logging_mixin.py:154} INFO - [2024-03-23T07:22:06.972+0000] {dag.py:3722} INFO - Setting next_dagrun for example_local_kubernetes_executor to None, run_after=None
[2024-03-23T07:22:06.981+0000] {processor.py:179} INFO - Processing /home/airflow/.local/lib/python3.8/site-packages/airflow/example_dags/example_local_kubernetes_executor.py took 0.040 seconds
[2024-03-23T07:22:37.458+0000] {processor.py:157} INFO - Started process (PID=1693) to work on /home/airflow/.local/lib/python3.8/site-packages/airflow/example_dags/example_local_kubernetes_executor.py
[2024-03-23T07:22:37.459+0000] {processor.py:829} INFO - Processing file /home/airflow/.local/lib/python3.8/site-packages/airflow/example_dags/example_local_kubernetes_executor.py for tasks to queue
[2024-03-23T07:22:37.459+0000] {logging_mixin.py:154} INFO - [2024-03-23T07:22:37.459+0000] {dagbag.py:536} INFO - Filling up the DagBag from /home/airflow/.local/lib/python3.8/site-packages/airflow/example_dags/example_local_kubernetes_executor.py
[2024-03-23T07:22:37.463+0000] {processor.py:839} INFO - DAG(s) dict_keys(['example_local_kubernetes_executor']) retrieved from /home/airflow/.local/lib/python3.8/site-packages/airflow/example_dags/example_local_kubernetes_executor.py
[2024-03-23T07:22:37.485+0000] {logging_mixin.py:154} INFO - [2024-03-23T07:22:37.484+0000] {dag.py:2941} INFO - Sync 1 DAGs
[2024-03-23T07:22:37.492+0000] {logging_mixin.py:154} INFO - [2024-03-23T07:22:37.491+0000] {dag.py:3722} INFO - Setting next_dagrun for example_local_kubernetes_executor to None, run_after=None
[2024-03-23T07:22:37.501+0000] {processor.py:179} INFO - Processing /home/airflow/.local/lib/python3.8/site-packages/airflow/example_dags/example_local_kubernetes_executor.py took 0.045 seconds
[2024-03-23T07:23:07.934+0000] {processor.py:157} INFO - Started process (PID=1936) to work on /home/airflow/.local/lib/python3.8/site-packages/airflow/example_dags/example_local_kubernetes_executor.py
[2024-03-23T07:23:07.935+0000] {processor.py:829} INFO - Processing file /home/airflow/.local/lib/python3.8/site-packages/airflow/example_dags/example_local_kubernetes_executor.py for tasks to queue
[2024-03-23T07:23:07.936+0000] {logging_mixin.py:154} INFO - [2024-03-23T07:23:07.936+0000] {dagbag.py:536} INFO - Filling up the DagBag from /home/airflow/.local/lib/python3.8/site-packages/airflow/example_dags/example_local_kubernetes_executor.py
[2024-03-23T07:23:07.941+0000] {processor.py:839} INFO - DAG(s) dict_keys(['example_local_kubernetes_executor']) retrieved from /home/airflow/.local/lib/python3.8/site-packages/airflow/example_dags/example_local_kubernetes_executor.py
[2024-03-23T07:23:07.967+0000] {logging_mixin.py:154} INFO - [2024-03-23T07:23:07.966+0000] {dag.py:2941} INFO - Sync 1 DAGs
[2024-03-23T07:23:07.975+0000] {logging_mixin.py:154} INFO - [2024-03-23T07:23:07.975+0000] {dag.py:3722} INFO - Setting next_dagrun for example_local_kubernetes_executor to None, run_after=None
[2024-03-23T07:23:07.986+0000] {processor.py:179} INFO - Processing /home/airflow/.local/lib/python3.8/site-packages/airflow/example_dags/example_local_kubernetes_executor.py took 0.054 seconds
[2024-03-23T07:23:38.131+0000] {processor.py:157} INFO - Started process (PID=2178) to work on /home/airflow/.local/lib/python3.8/site-packages/airflow/example_dags/example_local_kubernetes_executor.py
[2024-03-23T07:23:38.132+0000] {processor.py:829} INFO - Processing file /home/airflow/.local/lib/python3.8/site-packages/airflow/example_dags/example_local_kubernetes_executor.py for tasks to queue
[2024-03-23T07:23:38.133+0000] {logging_mixin.py:154} INFO - [2024-03-23T07:23:38.132+0000] {dagbag.py:536} INFO - Filling up the DagBag from /home/airflow/.local/lib/python3.8/site-packages/airflow/example_dags/example_local_kubernetes_executor.py
[2024-03-23T07:23:38.137+0000] {processor.py:839} INFO - DAG(s) dict_keys(['example_local_kubernetes_executor']) retrieved from /home/airflow/.local/lib/python3.8/site-packages/airflow/example_dags/example_local_kubernetes_executor.py
[2024-03-23T07:23:38.152+0000] {logging_mixin.py:154} INFO - [2024-03-23T07:23:38.152+0000] {dag.py:2941} INFO - Sync 1 DAGs
[2024-03-23T07:23:38.160+0000] {logging_mixin.py:154} INFO - [2024-03-23T07:23:38.160+0000] {dag.py:3722} INFO - Setting next_dagrun for example_local_kubernetes_executor to None, run_after=None
[2024-03-23T07:23:38.172+0000] {processor.py:179} INFO - Processing /home/airflow/.local/lib/python3.8/site-packages/airflow/example_dags/example_local_kubernetes_executor.py took 0.042 seconds
[2024-03-23T07:24:08.704+0000] {processor.py:157} INFO - Started process (PID=2421) to work on /home/airflow/.local/lib/python3.8/site-packages/airflow/example_dags/example_local_kubernetes_executor.py
[2024-03-23T07:24:08.706+0000] {processor.py:829} INFO - Processing file /home/airflow/.local/lib/python3.8/site-packages/airflow/example_dags/example_local_kubernetes_executor.py for tasks to queue
[2024-03-23T07:24:08.707+0000] {logging_mixin.py:154} INFO - [2024-03-23T07:24:08.706+0000] {dagbag.py:536} INFO - Filling up the DagBag from /home/airflow/.local/lib/python3.8/site-packages/airflow/example_dags/example_local_kubernetes_executor.py
[2024-03-23T07:24:08.716+0000] {processor.py:839} INFO - DAG(s) dict_keys(['example_local_kubernetes_executor']) retrieved from /home/airflow/.local/lib/python3.8/site-packages/airflow/example_dags/example_local_kubernetes_executor.py
[2024-03-23T07:24:08.735+0000] {logging_mixin.py:154} INFO - [2024-03-23T07:24:08.735+0000] {dag.py:2941} INFO - Sync 1 DAGs
[2024-03-23T07:24:08.745+0000] {logging_mixin.py:154} INFO - [2024-03-23T07:24:08.745+0000] {dag.py:3722} INFO - Setting next_dagrun for example_local_kubernetes_executor to None, run_after=None
[2024-03-23T07:24:08.754+0000] {processor.py:179} INFO - Processing /home/airflow/.local/lib/python3.8/site-packages/airflow/example_dags/example_local_kubernetes_executor.py took 0.054 seconds
[2024-03-23T07:24:38.892+0000] {processor.py:157} INFO - Started process (PID=2664) to work on /home/airflow/.local/lib/python3.8/site-packages/airflow/example_dags/example_local_kubernetes_executor.py
[2024-03-23T07:24:38.893+0000] {processor.py:829} INFO - Processing file /home/airflow/.local/lib/python3.8/site-packages/airflow/example_dags/example_local_kubernetes_executor.py for tasks to queue
[2024-03-23T07:24:38.894+0000] {logging_mixin.py:154} INFO - [2024-03-23T07:24:38.894+0000] {dagbag.py:536} INFO - Filling up the DagBag from /home/airflow/.local/lib/python3.8/site-packages/airflow/example_dags/example_local_kubernetes_executor.py
[2024-03-23T07:24:38.899+0000] {processor.py:839} INFO - DAG(s) dict_keys(['example_local_kubernetes_executor']) retrieved from /home/airflow/.local/lib/python3.8/site-packages/airflow/example_dags/example_local_kubernetes_executor.py
[2024-03-23T07:24:38.915+0000] {logging_mixin.py:154} INFO - [2024-03-23T07:24:38.915+0000] {dag.py:2941} INFO - Sync 1 DAGs
[2024-03-23T07:24:38.922+0000] {logging_mixin.py:154} INFO - [2024-03-23T07:24:38.922+0000] {dag.py:3722} INFO - Setting next_dagrun for example_local_kubernetes_executor to None, run_after=None
[2024-03-23T07:24:38.931+0000] {processor.py:179} INFO - Processing /home/airflow/.local/lib/python3.8/site-packages/airflow/example_dags/example_local_kubernetes_executor.py took 0.041 seconds
[2024-03-23T07:25:10.237+0000] {processor.py:157} INFO - Started process (PID=2913) to work on /home/airflow/.local/lib/python3.8/site-packages/airflow/example_dags/example_local_kubernetes_executor.py
[2024-03-23T07:25:10.240+0000] {processor.py:829} INFO - Processing file /home/airflow/.local/lib/python3.8/site-packages/airflow/example_dags/example_local_kubernetes_executor.py for tasks to queue
[2024-03-23T07:25:10.242+0000] {logging_mixin.py:154} INFO - [2024-03-23T07:25:10.242+0000] {dagbag.py:536} INFO - Filling up the DagBag from /home/airflow/.local/lib/python3.8/site-packages/airflow/example_dags/example_local_kubernetes_executor.py
[2024-03-23T07:25:10.257+0000] {processor.py:839} INFO - DAG(s) dict_keys(['example_local_kubernetes_executor']) retrieved from /home/airflow/.local/lib/python3.8/site-packages/airflow/example_dags/example_local_kubernetes_executor.py
[2024-03-23T07:25:10.302+0000] {logging_mixin.py:154} INFO - [2024-03-23T07:25:10.301+0000] {dag.py:2941} INFO - Sync 1 DAGs
[2024-03-23T07:25:10.326+0000] {logging_mixin.py:154} INFO - [2024-03-23T07:25:10.326+0000] {dag.py:3722} INFO - Setting next_dagrun for example_local_kubernetes_executor to None, run_after=None
[2024-03-23T07:25:10.358+0000] {processor.py:179} INFO - Processing /home/airflow/.local/lib/python3.8/site-packages/airflow/example_dags/example_local_kubernetes_executor.py took 0.124 seconds
[2024-03-23T07:25:40.783+0000] {processor.py:157} INFO - Started process (PID=3162) to work on /home/airflow/.local/lib/python3.8/site-packages/airflow/example_dags/example_local_kubernetes_executor.py
[2024-03-23T07:25:40.789+0000] {processor.py:829} INFO - Processing file /home/airflow/.local/lib/python3.8/site-packages/airflow/example_dags/example_local_kubernetes_executor.py for tasks to queue
[2024-03-23T07:25:40.792+0000] {logging_mixin.py:154} INFO - [2024-03-23T07:25:40.791+0000] {dagbag.py:536} INFO - Filling up the DagBag from /home/airflow/.local/lib/python3.8/site-packages/airflow/example_dags/example_local_kubernetes_executor.py
[2024-03-23T07:25:40.829+0000] {processor.py:839} INFO - DAG(s) dict_keys(['example_local_kubernetes_executor']) retrieved from /home/airflow/.local/lib/python3.8/site-packages/airflow/example_dags/example_local_kubernetes_executor.py
[2024-03-23T07:25:40.902+0000] {logging_mixin.py:154} INFO - [2024-03-23T07:25:40.901+0000] {dag.py:2941} INFO - Sync 1 DAGs
[2024-03-23T07:25:40.925+0000] {logging_mixin.py:154} INFO - [2024-03-23T07:25:40.925+0000] {dag.py:3722} INFO - Setting next_dagrun for example_local_kubernetes_executor to None, run_after=None
[2024-03-23T07:25:40.969+0000] {processor.py:179} INFO - Processing /home/airflow/.local/lib/python3.8/site-packages/airflow/example_dags/example_local_kubernetes_executor.py took 0.192 seconds
[2024-03-23T07:26:12.728+0000] {processor.py:157} INFO - Started process (PID=3405) to work on /home/airflow/.local/lib/python3.8/site-packages/airflow/example_dags/example_local_kubernetes_executor.py
[2024-03-23T07:26:12.730+0000] {processor.py:829} INFO - Processing file /home/airflow/.local/lib/python3.8/site-packages/airflow/example_dags/example_local_kubernetes_executor.py for tasks to queue
[2024-03-23T07:26:12.731+0000] {logging_mixin.py:154} INFO - [2024-03-23T07:26:12.731+0000] {dagbag.py:536} INFO - Filling up the DagBag from /home/airflow/.local/lib/python3.8/site-packages/airflow/example_dags/example_local_kubernetes_executor.py
[2024-03-23T07:26:12.756+0000] {processor.py:839} INFO - DAG(s) dict_keys(['example_local_kubernetes_executor']) retrieved from /home/airflow/.local/lib/python3.8/site-packages/airflow/example_dags/example_local_kubernetes_executor.py
[2024-03-23T07:26:12.829+0000] {logging_mixin.py:154} INFO - [2024-03-23T07:26:12.829+0000] {dag.py:2941} INFO - Sync 1 DAGs
[2024-03-23T07:26:12.854+0000] {logging_mixin.py:154} INFO - [2024-03-23T07:26:12.854+0000] {dag.py:3722} INFO - Setting next_dagrun for example_local_kubernetes_executor to None, run_after=None
[2024-03-23T07:26:12.869+0000] {processor.py:179} INFO - Processing /home/airflow/.local/lib/python3.8/site-packages/airflow/example_dags/example_local_kubernetes_executor.py took 0.144 seconds
[2024-03-23T07:26:43.672+0000] {processor.py:157} INFO - Started process (PID=3648) to work on /home/airflow/.local/lib/python3.8/site-packages/airflow/example_dags/example_local_kubernetes_executor.py
[2024-03-23T07:26:43.674+0000] {processor.py:829} INFO - Processing file /home/airflow/.local/lib/python3.8/site-packages/airflow/example_dags/example_local_kubernetes_executor.py for tasks to queue
[2024-03-23T07:26:43.675+0000] {logging_mixin.py:154} INFO - [2024-03-23T07:26:43.675+0000] {dagbag.py:536} INFO - Filling up the DagBag from /home/airflow/.local/lib/python3.8/site-packages/airflow/example_dags/example_local_kubernetes_executor.py
[2024-03-23T07:26:43.681+0000] {processor.py:839} INFO - DAG(s) dict_keys(['example_local_kubernetes_executor']) retrieved from /home/airflow/.local/lib/python3.8/site-packages/airflow/example_dags/example_local_kubernetes_executor.py
[2024-03-23T07:26:43.708+0000] {logging_mixin.py:154} INFO - [2024-03-23T07:26:43.708+0000] {dag.py:2941} INFO - Sync 1 DAGs
[2024-03-23T07:26:43.722+0000] {logging_mixin.py:154} INFO - [2024-03-23T07:26:43.722+0000] {dag.py:3722} INFO - Setting next_dagrun for example_local_kubernetes_executor to None, run_after=None
[2024-03-23T07:26:43.736+0000] {processor.py:179} INFO - Processing /home/airflow/.local/lib/python3.8/site-packages/airflow/example_dags/example_local_kubernetes_executor.py took 0.067 seconds
[2024-03-23T07:27:14.633+0000] {processor.py:157} INFO - Started process (PID=3891) to work on /home/airflow/.local/lib/python3.8/site-packages/airflow/example_dags/example_local_kubernetes_executor.py
[2024-03-23T07:27:14.635+0000] {processor.py:829} INFO - Processing file /home/airflow/.local/lib/python3.8/site-packages/airflow/example_dags/example_local_kubernetes_executor.py for tasks to queue
[2024-03-23T07:27:14.635+0000] {logging_mixin.py:154} INFO - [2024-03-23T07:27:14.635+0000] {dagbag.py:536} INFO - Filling up the DagBag from /home/airflow/.local/lib/python3.8/site-packages/airflow/example_dags/example_local_kubernetes_executor.py
[2024-03-23T07:27:14.641+0000] {processor.py:839} INFO - DAG(s) dict_keys(['example_local_kubernetes_executor']) retrieved from /home/airflow/.local/lib/python3.8/site-packages/airflow/example_dags/example_local_kubernetes_executor.py
[2024-03-23T07:27:14.668+0000] {logging_mixin.py:154} INFO - [2024-03-23T07:27:14.668+0000] {dag.py:2941} INFO - Sync 1 DAGs
[2024-03-23T07:27:14.682+0000] {logging_mixin.py:154} INFO - [2024-03-23T07:27:14.682+0000] {dag.py:3722} INFO - Setting next_dagrun for example_local_kubernetes_executor to None, run_after=None
[2024-03-23T07:27:14.700+0000] {processor.py:179} INFO - Processing /home/airflow/.local/lib/python3.8/site-packages/airflow/example_dags/example_local_kubernetes_executor.py took 0.070 seconds
[2024-03-23T07:27:44.950+0000] {processor.py:157} INFO - Started process (PID=4134) to work on /home/airflow/.local/lib/python3.8/site-packages/airflow/example_dags/example_local_kubernetes_executor.py
[2024-03-23T07:27:44.967+0000] {processor.py:829} INFO - Processing file /home/airflow/.local/lib/python3.8/site-packages/airflow/example_dags/example_local_kubernetes_executor.py for tasks to queue
[2024-03-23T07:27:44.968+0000] {logging_mixin.py:154} INFO - [2024-03-23T07:27:44.967+0000] {dagbag.py:536} INFO - Filling up the DagBag from /home/airflow/.local/lib/python3.8/site-packages/airflow/example_dags/example_local_kubernetes_executor.py
[2024-03-23T07:27:44.979+0000] {processor.py:839} INFO - DAG(s) dict_keys(['example_local_kubernetes_executor']) retrieved from /home/airflow/.local/lib/python3.8/site-packages/airflow/example_dags/example_local_kubernetes_executor.py
[2024-03-23T07:27:45.008+0000] {logging_mixin.py:154} INFO - [2024-03-23T07:27:45.007+0000] {dag.py:2941} INFO - Sync 1 DAGs
[2024-03-23T07:27:45.022+0000] {logging_mixin.py:154} INFO - [2024-03-23T07:27:45.022+0000] {dag.py:3722} INFO - Setting next_dagrun for example_local_kubernetes_executor to None, run_after=None
[2024-03-23T07:27:45.037+0000] {processor.py:179} INFO - Processing /home/airflow/.local/lib/python3.8/site-packages/airflow/example_dags/example_local_kubernetes_executor.py took 0.089 seconds
[2024-03-23T07:28:16.013+0000] {processor.py:157} INFO - Started process (PID=4379) to work on /home/airflow/.local/lib/python3.8/site-packages/airflow/example_dags/example_local_kubernetes_executor.py
[2024-03-23T07:28:16.015+0000] {processor.py:829} INFO - Processing file /home/airflow/.local/lib/python3.8/site-packages/airflow/example_dags/example_local_kubernetes_executor.py for tasks to queue
[2024-03-23T07:28:16.016+0000] {logging_mixin.py:154} INFO - [2024-03-23T07:28:16.016+0000] {dagbag.py:536} INFO - Filling up the DagBag from /home/airflow/.local/lib/python3.8/site-packages/airflow/example_dags/example_local_kubernetes_executor.py
[2024-03-23T07:28:16.028+0000] {processor.py:839} INFO - DAG(s) dict_keys(['example_local_kubernetes_executor']) retrieved from /home/airflow/.local/lib/python3.8/site-packages/airflow/example_dags/example_local_kubernetes_executor.py
[2024-03-23T07:28:16.057+0000] {logging_mixin.py:154} INFO - [2024-03-23T07:28:16.056+0000] {dag.py:2941} INFO - Sync 1 DAGs
[2024-03-23T07:28:16.065+0000] {logging_mixin.py:154} INFO - [2024-03-23T07:28:16.065+0000] {dag.py:3722} INFO - Setting next_dagrun for example_local_kubernetes_executor to None, run_after=None
[2024-03-23T07:28:16.083+0000] {processor.py:179} INFO - Processing /home/airflow/.local/lib/python3.8/site-packages/airflow/example_dags/example_local_kubernetes_executor.py took 0.072 seconds
[2024-03-23T07:28:46.130+0000] {processor.py:157} INFO - Started process (PID=4622) to work on /home/airflow/.local/lib/python3.8/site-packages/airflow/example_dags/example_local_kubernetes_executor.py
[2024-03-23T07:28:46.131+0000] {processor.py:829} INFO - Processing file /home/airflow/.local/lib/python3.8/site-packages/airflow/example_dags/example_local_kubernetes_executor.py for tasks to queue
[2024-03-23T07:28:46.131+0000] {logging_mixin.py:154} INFO - [2024-03-23T07:28:46.131+0000] {dagbag.py:536} INFO - Filling up the DagBag from /home/airflow/.local/lib/python3.8/site-packages/airflow/example_dags/example_local_kubernetes_executor.py
[2024-03-23T07:28:46.137+0000] {processor.py:839} INFO - DAG(s) dict_keys(['example_local_kubernetes_executor']) retrieved from /home/airflow/.local/lib/python3.8/site-packages/airflow/example_dags/example_local_kubernetes_executor.py
[2024-03-23T07:28:46.157+0000] {logging_mixin.py:154} INFO - [2024-03-23T07:28:46.157+0000] {dag.py:2941} INFO - Sync 1 DAGs
[2024-03-23T07:28:46.165+0000] {logging_mixin.py:154} INFO - [2024-03-23T07:28:46.165+0000] {dag.py:3722} INFO - Setting next_dagrun for example_local_kubernetes_executor to None, run_after=None
[2024-03-23T07:28:46.177+0000] {processor.py:179} INFO - Processing /home/airflow/.local/lib/python3.8/site-packages/airflow/example_dags/example_local_kubernetes_executor.py took 0.049 seconds
[2024-03-23T07:29:36.762+0000] {processor.py:157} INFO - Started process (PID=233) to work on /home/airflow/.local/lib/python3.8/site-packages/airflow/example_dags/example_local_kubernetes_executor.py
[2024-03-23T07:29:36.763+0000] {processor.py:829} INFO - Processing file /home/airflow/.local/lib/python3.8/site-packages/airflow/example_dags/example_local_kubernetes_executor.py for tasks to queue
[2024-03-23T07:29:36.763+0000] {logging_mixin.py:154} INFO - [2024-03-23T07:29:36.763+0000] {dagbag.py:536} INFO - Filling up the DagBag from /home/airflow/.local/lib/python3.8/site-packages/airflow/example_dags/example_local_kubernetes_executor.py
[2024-03-23T07:29:36.769+0000] {processor.py:839} INFO - DAG(s) dict_keys(['example_local_kubernetes_executor']) retrieved from /home/airflow/.local/lib/python3.8/site-packages/airflow/example_dags/example_local_kubernetes_executor.py
[2024-03-23T07:29:36.787+0000] {logging_mixin.py:154} INFO - [2024-03-23T07:29:36.787+0000] {dag.py:2941} INFO - Sync 1 DAGs
[2024-03-23T07:29:36.794+0000] {logging_mixin.py:154} INFO - [2024-03-23T07:29:36.794+0000] {dag.py:3722} INFO - Setting next_dagrun for example_local_kubernetes_executor to None, run_after=None
[2024-03-23T07:29:36.809+0000] {processor.py:179} INFO - Processing /home/airflow/.local/lib/python3.8/site-packages/airflow/example_dags/example_local_kubernetes_executor.py took 0.049 seconds
