[2024-03-23T07:19:33.577+0000] {processor.py:157} INFO - Started process (PID=252) to work on /home/airflow/.local/lib/python3.8/site-packages/airflow/example_dags/example_external_task_marker_dag.py
[2024-03-23T07:19:33.578+0000] {processor.py:829} INFO - Processing file /home/airflow/.local/lib/python3.8/site-packages/airflow/example_dags/example_external_task_marker_dag.py for tasks to queue
[2024-03-23T07:19:33.578+0000] {logging_mixin.py:154} INFO - [2024-03-23T07:19:33.578+0000] {dagbag.py:536} INFO - Filling up the DagBag from /home/airflow/.local/lib/python3.8/site-packages/airflow/example_dags/example_external_task_marker_dag.py
[2024-03-23T07:19:33.583+0000] {processor.py:839} INFO - DAG(s) dict_keys(['example_external_task_marker_child', 'example_external_task_marker_parent']) retrieved from /home/airflow/.local/lib/python3.8/site-packages/airflow/example_dags/example_external_task_marker_dag.py
[2024-03-23T07:19:33.640+0000] {logging_mixin.py:154} INFO - [2024-03-23T07:19:33.640+0000] {manager.py:499} INFO - Created Permission View: %s
[2024-03-23T07:19:33.645+0000] {logging_mixin.py:154} INFO - [2024-03-23T07:19:33.645+0000] {manager.py:499} INFO - Created Permission View: %s
[2024-03-23T07:19:33.649+0000] {logging_mixin.py:154} INFO - [2024-03-23T07:19:33.649+0000] {manager.py:499} INFO - Created Permission View: %s
[2024-03-23T07:19:33.655+0000] {logging_mixin.py:154} INFO - [2024-03-23T07:19:33.655+0000] {manager.py:499} INFO - Created Permission View: %s
[2024-03-23T07:19:33.658+0000] {logging_mixin.py:154} INFO - [2024-03-23T07:19:33.658+0000] {manager.py:499} INFO - Created Permission View: %s
[2024-03-23T07:19:33.662+0000] {logging_mixin.py:154} INFO - [2024-03-23T07:19:33.662+0000] {manager.py:499} INFO - Created Permission View: %s
[2024-03-23T07:19:33.662+0000] {logging_mixin.py:154} INFO - [2024-03-23T07:19:33.662+0000] {dag.py:2941} INFO - Sync 2 DAGs
[2024-03-23T07:19:33.670+0000] {logging_mixin.py:154} INFO - [2024-03-23T07:19:33.670+0000] {dag.py:2963} INFO - Creating ORM DAG for example_external_task_marker_child
[2024-03-23T07:19:33.670+0000] {logging_mixin.py:154} INFO - [2024-03-23T07:19:33.670+0000] {dag.py:2963} INFO - Creating ORM DAG for example_external_task_marker_parent
[2024-03-23T07:19:33.671+0000] {logging_mixin.py:154} INFO - [2024-03-23T07:19:33.671+0000] {dag.py:3722} INFO - Setting next_dagrun for example_external_task_marker_child to None, run_after=None
[2024-03-23T07:19:33.672+0000] {logging_mixin.py:154} INFO - [2024-03-23T07:19:33.671+0000] {dag.py:3722} INFO - Setting next_dagrun for example_external_task_marker_parent to None, run_after=None
[2024-03-23T07:19:33.687+0000] {processor.py:179} INFO - Processing /home/airflow/.local/lib/python3.8/site-packages/airflow/example_dags/example_external_task_marker_dag.py took 0.111 seconds
[2024-03-23T07:20:04.423+0000] {processor.py:157} INFO - Started process (PID=495) to work on /home/airflow/.local/lib/python3.8/site-packages/airflow/example_dags/example_external_task_marker_dag.py
[2024-03-23T07:20:04.425+0000] {processor.py:829} INFO - Processing file /home/airflow/.local/lib/python3.8/site-packages/airflow/example_dags/example_external_task_marker_dag.py for tasks to queue
[2024-03-23T07:20:04.427+0000] {logging_mixin.py:154} INFO - [2024-03-23T07:20:04.426+0000] {dagbag.py:536} INFO - Filling up the DagBag from /home/airflow/.local/lib/python3.8/site-packages/airflow/example_dags/example_external_task_marker_dag.py
[2024-03-23T07:20:04.438+0000] {processor.py:839} INFO - DAG(s) dict_keys(['example_external_task_marker_child', 'example_external_task_marker_parent']) retrieved from /home/airflow/.local/lib/python3.8/site-packages/airflow/example_dags/example_external_task_marker_dag.py
[2024-03-23T07:20:04.474+0000] {logging_mixin.py:154} INFO - [2024-03-23T07:20:04.474+0000] {dag.py:2941} INFO - Sync 2 DAGs
[2024-03-23T07:20:04.483+0000] {logging_mixin.py:154} INFO - [2024-03-23T07:20:04.483+0000] {dag.py:3722} INFO - Setting next_dagrun for example_external_task_marker_child to None, run_after=None
[2024-03-23T07:20:04.485+0000] {logging_mixin.py:154} INFO - [2024-03-23T07:20:04.485+0000] {dag.py:3722} INFO - Setting next_dagrun for example_external_task_marker_parent to None, run_after=None
[2024-03-23T07:20:04.499+0000] {processor.py:179} INFO - Processing /home/airflow/.local/lib/python3.8/site-packages/airflow/example_dags/example_external_task_marker_dag.py took 0.083 seconds
[2024-03-23T07:20:35.690+0000] {processor.py:157} INFO - Started process (PID=740) to work on /home/airflow/.local/lib/python3.8/site-packages/airflow/example_dags/example_external_task_marker_dag.py
[2024-03-23T07:20:35.691+0000] {processor.py:829} INFO - Processing file /home/airflow/.local/lib/python3.8/site-packages/airflow/example_dags/example_external_task_marker_dag.py for tasks to queue
[2024-03-23T07:20:35.692+0000] {logging_mixin.py:154} INFO - [2024-03-23T07:20:35.691+0000] {dagbag.py:536} INFO - Filling up the DagBag from /home/airflow/.local/lib/python3.8/site-packages/airflow/example_dags/example_external_task_marker_dag.py
[2024-03-23T07:20:35.697+0000] {processor.py:839} INFO - DAG(s) dict_keys(['example_external_task_marker_parent', 'example_external_task_marker_child']) retrieved from /home/airflow/.local/lib/python3.8/site-packages/airflow/example_dags/example_external_task_marker_dag.py
[2024-03-23T07:20:35.711+0000] {logging_mixin.py:154} INFO - [2024-03-23T07:20:35.711+0000] {dag.py:2941} INFO - Sync 2 DAGs
[2024-03-23T07:20:35.722+0000] {logging_mixin.py:154} INFO - [2024-03-23T07:20:35.721+0000] {dag.py:3722} INFO - Setting next_dagrun for example_external_task_marker_child to None, run_after=None
[2024-03-23T07:20:35.723+0000] {logging_mixin.py:154} INFO - [2024-03-23T07:20:35.723+0000] {dag.py:3722} INFO - Setting next_dagrun for example_external_task_marker_parent to None, run_after=None
[2024-03-23T07:20:35.733+0000] {processor.py:179} INFO - Processing /home/airflow/.local/lib/python3.8/site-packages/airflow/example_dags/example_external_task_marker_dag.py took 0.045 seconds
[2024-03-23T07:21:06.189+0000] {processor.py:157} INFO - Started process (PID=981) to work on /home/airflow/.local/lib/python3.8/site-packages/airflow/example_dags/example_external_task_marker_dag.py
[2024-03-23T07:21:06.195+0000] {processor.py:829} INFO - Processing file /home/airflow/.local/lib/python3.8/site-packages/airflow/example_dags/example_external_task_marker_dag.py for tasks to queue
[2024-03-23T07:21:06.196+0000] {logging_mixin.py:154} INFO - [2024-03-23T07:21:06.196+0000] {dagbag.py:536} INFO - Filling up the DagBag from /home/airflow/.local/lib/python3.8/site-packages/airflow/example_dags/example_external_task_marker_dag.py
[2024-03-23T07:21:06.201+0000] {processor.py:839} INFO - DAG(s) dict_keys(['example_external_task_marker_parent', 'example_external_task_marker_child']) retrieved from /home/airflow/.local/lib/python3.8/site-packages/airflow/example_dags/example_external_task_marker_dag.py
[2024-03-23T07:21:06.219+0000] {logging_mixin.py:154} INFO - [2024-03-23T07:21:06.219+0000] {dag.py:2941} INFO - Sync 2 DAGs
[2024-03-23T07:21:06.226+0000] {logging_mixin.py:154} INFO - [2024-03-23T07:21:06.226+0000] {dag.py:3722} INFO - Setting next_dagrun for example_external_task_marker_child to None, run_after=None
[2024-03-23T07:21:06.228+0000] {logging_mixin.py:154} INFO - [2024-03-23T07:21:06.228+0000] {dag.py:3722} INFO - Setting next_dagrun for example_external_task_marker_parent to None, run_after=None
[2024-03-23T07:21:06.235+0000] {processor.py:179} INFO - Processing /home/airflow/.local/lib/python3.8/site-packages/airflow/example_dags/example_external_task_marker_dag.py took 0.049 seconds
[2024-03-23T07:21:37.127+0000] {processor.py:157} INFO - Started process (PID=1226) to work on /home/airflow/.local/lib/python3.8/site-packages/airflow/example_dags/example_external_task_marker_dag.py
[2024-03-23T07:21:37.128+0000] {processor.py:829} INFO - Processing file /home/airflow/.local/lib/python3.8/site-packages/airflow/example_dags/example_external_task_marker_dag.py for tasks to queue
[2024-03-23T07:21:37.128+0000] {logging_mixin.py:154} INFO - [2024-03-23T07:21:37.128+0000] {dagbag.py:536} INFO - Filling up the DagBag from /home/airflow/.local/lib/python3.8/site-packages/airflow/example_dags/example_external_task_marker_dag.py
[2024-03-23T07:21:37.132+0000] {processor.py:839} INFO - DAG(s) dict_keys(['example_external_task_marker_parent', 'example_external_task_marker_child']) retrieved from /home/airflow/.local/lib/python3.8/site-packages/airflow/example_dags/example_external_task_marker_dag.py
[2024-03-23T07:21:37.149+0000] {logging_mixin.py:154} INFO - [2024-03-23T07:21:37.149+0000] {dag.py:2941} INFO - Sync 2 DAGs
[2024-03-23T07:21:37.156+0000] {logging_mixin.py:154} INFO - [2024-03-23T07:21:37.156+0000] {dag.py:3722} INFO - Setting next_dagrun for example_external_task_marker_child to None, run_after=None
[2024-03-23T07:21:37.158+0000] {logging_mixin.py:154} INFO - [2024-03-23T07:21:37.158+0000] {dag.py:3722} INFO - Setting next_dagrun for example_external_task_marker_parent to None, run_after=None
[2024-03-23T07:21:37.166+0000] {processor.py:179} INFO - Processing /home/airflow/.local/lib/python3.8/site-packages/airflow/example_dags/example_external_task_marker_dag.py took 0.041 seconds
[2024-03-23T07:22:07.585+0000] {processor.py:157} INFO - Started process (PID=1468) to work on /home/airflow/.local/lib/python3.8/site-packages/airflow/example_dags/example_external_task_marker_dag.py
[2024-03-23T07:22:07.590+0000] {processor.py:829} INFO - Processing file /home/airflow/.local/lib/python3.8/site-packages/airflow/example_dags/example_external_task_marker_dag.py for tasks to queue
[2024-03-23T07:22:07.590+0000] {logging_mixin.py:154} INFO - [2024-03-23T07:22:07.590+0000] {dagbag.py:536} INFO - Filling up the DagBag from /home/airflow/.local/lib/python3.8/site-packages/airflow/example_dags/example_external_task_marker_dag.py
[2024-03-23T07:22:07.595+0000] {processor.py:839} INFO - DAG(s) dict_keys(['example_external_task_marker_child', 'example_external_task_marker_parent']) retrieved from /home/airflow/.local/lib/python3.8/site-packages/airflow/example_dags/example_external_task_marker_dag.py
[2024-03-23T07:22:07.614+0000] {logging_mixin.py:154} INFO - [2024-03-23T07:22:07.614+0000] {dag.py:2941} INFO - Sync 2 DAGs
[2024-03-23T07:22:07.623+0000] {logging_mixin.py:154} INFO - [2024-03-23T07:22:07.623+0000] {dag.py:3722} INFO - Setting next_dagrun for example_external_task_marker_child to None, run_after=None
[2024-03-23T07:22:07.626+0000] {logging_mixin.py:154} INFO - [2024-03-23T07:22:07.626+0000] {dag.py:3722} INFO - Setting next_dagrun for example_external_task_marker_parent to None, run_after=None
[2024-03-23T07:22:07.658+0000] {processor.py:179} INFO - Processing /home/airflow/.local/lib/python3.8/site-packages/airflow/example_dags/example_external_task_marker_dag.py took 0.076 seconds
[2024-03-23T07:22:38.227+0000] {processor.py:157} INFO - Started process (PID=1720) to work on /home/airflow/.local/lib/python3.8/site-packages/airflow/example_dags/example_external_task_marker_dag.py
[2024-03-23T07:22:38.228+0000] {processor.py:829} INFO - Processing file /home/airflow/.local/lib/python3.8/site-packages/airflow/example_dags/example_external_task_marker_dag.py for tasks to queue
[2024-03-23T07:22:38.229+0000] {logging_mixin.py:154} INFO - [2024-03-23T07:22:38.229+0000] {dagbag.py:536} INFO - Filling up the DagBag from /home/airflow/.local/lib/python3.8/site-packages/airflow/example_dags/example_external_task_marker_dag.py
[2024-03-23T07:22:38.232+0000] {processor.py:839} INFO - DAG(s) dict_keys(['example_external_task_marker_parent', 'example_external_task_marker_child']) retrieved from /home/airflow/.local/lib/python3.8/site-packages/airflow/example_dags/example_external_task_marker_dag.py
[2024-03-23T07:22:38.267+0000] {logging_mixin.py:154} INFO - [2024-03-23T07:22:38.267+0000] {dag.py:2941} INFO - Sync 2 DAGs
[2024-03-23T07:22:38.286+0000] {logging_mixin.py:154} INFO - [2024-03-23T07:22:38.286+0000] {dag.py:3722} INFO - Setting next_dagrun for example_external_task_marker_child to None, run_after=None
[2024-03-23T07:22:38.291+0000] {logging_mixin.py:154} INFO - [2024-03-23T07:22:38.291+0000] {dag.py:3722} INFO - Setting next_dagrun for example_external_task_marker_parent to None, run_after=None
[2024-03-23T07:22:38.324+0000] {processor.py:179} INFO - Processing /home/airflow/.local/lib/python3.8/site-packages/airflow/example_dags/example_external_task_marker_dag.py took 0.099 seconds
[2024-03-23T07:23:09.507+0000] {processor.py:157} INFO - Started process (PID=1961) to work on /home/airflow/.local/lib/python3.8/site-packages/airflow/example_dags/example_external_task_marker_dag.py
[2024-03-23T07:23:09.509+0000] {processor.py:829} INFO - Processing file /home/airflow/.local/lib/python3.8/site-packages/airflow/example_dags/example_external_task_marker_dag.py for tasks to queue
[2024-03-23T07:23:09.510+0000] {logging_mixin.py:154} INFO - [2024-03-23T07:23:09.509+0000] {dagbag.py:536} INFO - Filling up the DagBag from /home/airflow/.local/lib/python3.8/site-packages/airflow/example_dags/example_external_task_marker_dag.py
[2024-03-23T07:23:09.516+0000] {processor.py:839} INFO - DAG(s) dict_keys(['example_external_task_marker_child', 'example_external_task_marker_parent']) retrieved from /home/airflow/.local/lib/python3.8/site-packages/airflow/example_dags/example_external_task_marker_dag.py
[2024-03-23T07:23:09.574+0000] {logging_mixin.py:154} INFO - [2024-03-23T07:23:09.574+0000] {dag.py:2941} INFO - Sync 2 DAGs
[2024-03-23T07:23:09.588+0000] {logging_mixin.py:154} INFO - [2024-03-23T07:23:09.588+0000] {dag.py:3722} INFO - Setting next_dagrun for example_external_task_marker_child to None, run_after=None
[2024-03-23T07:23:09.593+0000] {logging_mixin.py:154} INFO - [2024-03-23T07:23:09.593+0000] {dag.py:3722} INFO - Setting next_dagrun for example_external_task_marker_parent to None, run_after=None
[2024-03-23T07:23:09.602+0000] {processor.py:179} INFO - Processing /home/airflow/.local/lib/python3.8/site-packages/airflow/example_dags/example_external_task_marker_dag.py took 0.099 seconds
[2024-03-23T07:23:40.399+0000] {processor.py:157} INFO - Started process (PID=2203) to work on /home/airflow/.local/lib/python3.8/site-packages/airflow/example_dags/example_external_task_marker_dag.py
[2024-03-23T07:23:40.400+0000] {processor.py:829} INFO - Processing file /home/airflow/.local/lib/python3.8/site-packages/airflow/example_dags/example_external_task_marker_dag.py for tasks to queue
[2024-03-23T07:23:40.401+0000] {logging_mixin.py:154} INFO - [2024-03-23T07:23:40.401+0000] {dagbag.py:536} INFO - Filling up the DagBag from /home/airflow/.local/lib/python3.8/site-packages/airflow/example_dags/example_external_task_marker_dag.py
[2024-03-23T07:23:40.406+0000] {processor.py:839} INFO - DAG(s) dict_keys(['example_external_task_marker_child', 'example_external_task_marker_parent']) retrieved from /home/airflow/.local/lib/python3.8/site-packages/airflow/example_dags/example_external_task_marker_dag.py
[2024-03-23T07:23:40.463+0000] {logging_mixin.py:154} INFO - [2024-03-23T07:23:40.463+0000] {dag.py:2941} INFO - Sync 2 DAGs
[2024-03-23T07:23:40.477+0000] {logging_mixin.py:154} INFO - [2024-03-23T07:23:40.476+0000] {dag.py:3722} INFO - Setting next_dagrun for example_external_task_marker_child to None, run_after=None
[2024-03-23T07:23:40.480+0000] {logging_mixin.py:154} INFO - [2024-03-23T07:23:40.480+0000] {dag.py:3722} INFO - Setting next_dagrun for example_external_task_marker_parent to None, run_after=None
[2024-03-23T07:23:40.508+0000] {processor.py:179} INFO - Processing /home/airflow/.local/lib/python3.8/site-packages/airflow/example_dags/example_external_task_marker_dag.py took 0.111 seconds
[2024-03-23T07:24:10.789+0000] {processor.py:157} INFO - Started process (PID=2441) to work on /home/airflow/.local/lib/python3.8/site-packages/airflow/example_dags/example_external_task_marker_dag.py
[2024-03-23T07:24:10.790+0000] {processor.py:829} INFO - Processing file /home/airflow/.local/lib/python3.8/site-packages/airflow/example_dags/example_external_task_marker_dag.py for tasks to queue
[2024-03-23T07:24:10.791+0000] {logging_mixin.py:154} INFO - [2024-03-23T07:24:10.791+0000] {dagbag.py:536} INFO - Filling up the DagBag from /home/airflow/.local/lib/python3.8/site-packages/airflow/example_dags/example_external_task_marker_dag.py
[2024-03-23T07:24:10.795+0000] {processor.py:839} INFO - DAG(s) dict_keys(['example_external_task_marker_child', 'example_external_task_marker_parent']) retrieved from /home/airflow/.local/lib/python3.8/site-packages/airflow/example_dags/example_external_task_marker_dag.py
[2024-03-23T07:24:10.814+0000] {logging_mixin.py:154} INFO - [2024-03-23T07:24:10.814+0000] {dag.py:2941} INFO - Sync 2 DAGs
[2024-03-23T07:24:10.823+0000] {logging_mixin.py:154} INFO - [2024-03-23T07:24:10.823+0000] {dag.py:3722} INFO - Setting next_dagrun for example_external_task_marker_child to None, run_after=None
[2024-03-23T07:24:10.825+0000] {logging_mixin.py:154} INFO - [2024-03-23T07:24:10.825+0000] {dag.py:3722} INFO - Setting next_dagrun for example_external_task_marker_parent to None, run_after=None
[2024-03-23T07:24:10.837+0000] {processor.py:179} INFO - Processing /home/airflow/.local/lib/python3.8/site-packages/airflow/example_dags/example_external_task_marker_dag.py took 0.049 seconds
[2024-03-23T07:24:41.099+0000] {processor.py:157} INFO - Started process (PID=2683) to work on /home/airflow/.local/lib/python3.8/site-packages/airflow/example_dags/example_external_task_marker_dag.py
[2024-03-23T07:24:41.102+0000] {processor.py:829} INFO - Processing file /home/airflow/.local/lib/python3.8/site-packages/airflow/example_dags/example_external_task_marker_dag.py for tasks to queue
[2024-03-23T07:24:41.103+0000] {logging_mixin.py:154} INFO - [2024-03-23T07:24:41.103+0000] {dagbag.py:536} INFO - Filling up the DagBag from /home/airflow/.local/lib/python3.8/site-packages/airflow/example_dags/example_external_task_marker_dag.py
[2024-03-23T07:24:41.124+0000] {processor.py:839} INFO - DAG(s) dict_keys(['example_external_task_marker_child', 'example_external_task_marker_parent']) retrieved from /home/airflow/.local/lib/python3.8/site-packages/airflow/example_dags/example_external_task_marker_dag.py
[2024-03-23T07:24:41.191+0000] {logging_mixin.py:154} INFO - [2024-03-23T07:24:41.191+0000] {dag.py:2941} INFO - Sync 2 DAGs
[2024-03-23T07:24:41.208+0000] {logging_mixin.py:154} INFO - [2024-03-23T07:24:41.208+0000] {dag.py:3722} INFO - Setting next_dagrun for example_external_task_marker_child to None, run_after=None
[2024-03-23T07:24:41.211+0000] {logging_mixin.py:154} INFO - [2024-03-23T07:24:41.211+0000] {dag.py:3722} INFO - Setting next_dagrun for example_external_task_marker_parent to None, run_after=None
[2024-03-23T07:24:41.226+0000] {processor.py:179} INFO - Processing /home/airflow/.local/lib/python3.8/site-packages/airflow/example_dags/example_external_task_marker_dag.py took 0.131 seconds
[2024-03-23T07:25:11.627+0000] {processor.py:157} INFO - Started process (PID=2932) to work on /home/airflow/.local/lib/python3.8/site-packages/airflow/example_dags/example_external_task_marker_dag.py
[2024-03-23T07:25:11.633+0000] {processor.py:829} INFO - Processing file /home/airflow/.local/lib/python3.8/site-packages/airflow/example_dags/example_external_task_marker_dag.py for tasks to queue
[2024-03-23T07:25:11.635+0000] {logging_mixin.py:154} INFO - [2024-03-23T07:25:11.634+0000] {dagbag.py:536} INFO - Filling up the DagBag from /home/airflow/.local/lib/python3.8/site-packages/airflow/example_dags/example_external_task_marker_dag.py
[2024-03-23T07:25:11.683+0000] {processor.py:839} INFO - DAG(s) dict_keys(['example_external_task_marker_child', 'example_external_task_marker_parent']) retrieved from /home/airflow/.local/lib/python3.8/site-packages/airflow/example_dags/example_external_task_marker_dag.py
[2024-03-23T07:25:11.913+0000] {logging_mixin.py:154} INFO - [2024-03-23T07:25:11.912+0000] {dag.py:2941} INFO - Sync 2 DAGs
[2024-03-23T07:25:11.948+0000] {logging_mixin.py:154} INFO - [2024-03-23T07:25:11.947+0000] {dag.py:3722} INFO - Setting next_dagrun for example_external_task_marker_child to None, run_after=None
[2024-03-23T07:25:11.959+0000] {logging_mixin.py:154} INFO - [2024-03-23T07:25:11.958+0000] {dag.py:3722} INFO - Setting next_dagrun for example_external_task_marker_parent to None, run_after=None
[2024-03-23T07:25:12.058+0000] {processor.py:179} INFO - Processing /home/airflow/.local/lib/python3.8/site-packages/airflow/example_dags/example_external_task_marker_dag.py took 0.452 seconds
[2024-03-23T07:25:42.199+0000] {processor.py:157} INFO - Started process (PID=3182) to work on /home/airflow/.local/lib/python3.8/site-packages/airflow/example_dags/example_external_task_marker_dag.py
[2024-03-23T07:25:42.202+0000] {processor.py:829} INFO - Processing file /home/airflow/.local/lib/python3.8/site-packages/airflow/example_dags/example_external_task_marker_dag.py for tasks to queue
[2024-03-23T07:25:42.204+0000] {logging_mixin.py:154} INFO - [2024-03-23T07:25:42.203+0000] {dagbag.py:536} INFO - Filling up the DagBag from /home/airflow/.local/lib/python3.8/site-packages/airflow/example_dags/example_external_task_marker_dag.py
[2024-03-23T07:25:42.239+0000] {processor.py:839} INFO - DAG(s) dict_keys(['example_external_task_marker_parent', 'example_external_task_marker_child']) retrieved from /home/airflow/.local/lib/python3.8/site-packages/airflow/example_dags/example_external_task_marker_dag.py
[2024-03-23T07:25:42.350+0000] {logging_mixin.py:154} INFO - [2024-03-23T07:25:42.350+0000] {dag.py:2941} INFO - Sync 2 DAGs
[2024-03-23T07:25:42.417+0000] {logging_mixin.py:154} INFO - [2024-03-23T07:25:42.416+0000] {dag.py:3722} INFO - Setting next_dagrun for example_external_task_marker_child to None, run_after=None
[2024-03-23T07:25:42.446+0000] {logging_mixin.py:154} INFO - [2024-03-23T07:25:42.445+0000] {dag.py:3722} INFO - Setting next_dagrun for example_external_task_marker_parent to None, run_after=None
[2024-03-23T07:25:42.526+0000] {processor.py:179} INFO - Processing /home/airflow/.local/lib/python3.8/site-packages/airflow/example_dags/example_external_task_marker_dag.py took 0.337 seconds
[2024-03-23T07:26:13.011+0000] {processor.py:157} INFO - Started process (PID=3425) to work on /home/airflow/.local/lib/python3.8/site-packages/airflow/example_dags/example_external_task_marker_dag.py
[2024-03-23T07:26:13.015+0000] {processor.py:829} INFO - Processing file /home/airflow/.local/lib/python3.8/site-packages/airflow/example_dags/example_external_task_marker_dag.py for tasks to queue
[2024-03-23T07:26:13.015+0000] {logging_mixin.py:154} INFO - [2024-03-23T07:26:13.015+0000] {dagbag.py:536} INFO - Filling up the DagBag from /home/airflow/.local/lib/python3.8/site-packages/airflow/example_dags/example_external_task_marker_dag.py
[2024-03-23T07:26:13.020+0000] {processor.py:839} INFO - DAG(s) dict_keys(['example_external_task_marker_parent', 'example_external_task_marker_child']) retrieved from /home/airflow/.local/lib/python3.8/site-packages/airflow/example_dags/example_external_task_marker_dag.py
[2024-03-23T07:26:13.066+0000] {logging_mixin.py:154} INFO - [2024-03-23T07:26:13.066+0000] {dag.py:2941} INFO - Sync 2 DAGs
[2024-03-23T07:26:13.081+0000] {logging_mixin.py:154} INFO - [2024-03-23T07:26:13.081+0000] {dag.py:3722} INFO - Setting next_dagrun for example_external_task_marker_child to None, run_after=None
[2024-03-23T07:26:13.084+0000] {logging_mixin.py:154} INFO - [2024-03-23T07:26:13.084+0000] {dag.py:3722} INFO - Setting next_dagrun for example_external_task_marker_parent to None, run_after=None
[2024-03-23T07:26:13.095+0000] {processor.py:179} INFO - Processing /home/airflow/.local/lib/python3.8/site-packages/airflow/example_dags/example_external_task_marker_dag.py took 0.087 seconds
[2024-03-23T07:26:43.991+0000] {processor.py:157} INFO - Started process (PID=3668) to work on /home/airflow/.local/lib/python3.8/site-packages/airflow/example_dags/example_external_task_marker_dag.py
[2024-03-23T07:26:43.995+0000] {processor.py:829} INFO - Processing file /home/airflow/.local/lib/python3.8/site-packages/airflow/example_dags/example_external_task_marker_dag.py for tasks to queue
[2024-03-23T07:26:43.996+0000] {logging_mixin.py:154} INFO - [2024-03-23T07:26:43.995+0000] {dagbag.py:536} INFO - Filling up the DagBag from /home/airflow/.local/lib/python3.8/site-packages/airflow/example_dags/example_external_task_marker_dag.py
[2024-03-23T07:26:44.004+0000] {processor.py:839} INFO - DAG(s) dict_keys(['example_external_task_marker_parent', 'example_external_task_marker_child']) retrieved from /home/airflow/.local/lib/python3.8/site-packages/airflow/example_dags/example_external_task_marker_dag.py
[2024-03-23T07:26:44.029+0000] {logging_mixin.py:154} INFO - [2024-03-23T07:26:44.029+0000] {dag.py:2941} INFO - Sync 2 DAGs
[2024-03-23T07:26:44.040+0000] {logging_mixin.py:154} INFO - [2024-03-23T07:26:44.040+0000] {dag.py:3722} INFO - Setting next_dagrun for example_external_task_marker_child to None, run_after=None
[2024-03-23T07:26:44.042+0000] {logging_mixin.py:154} INFO - [2024-03-23T07:26:44.042+0000] {dag.py:3722} INFO - Setting next_dagrun for example_external_task_marker_parent to None, run_after=None
[2024-03-23T07:26:44.058+0000] {processor.py:179} INFO - Processing /home/airflow/.local/lib/python3.8/site-packages/airflow/example_dags/example_external_task_marker_dag.py took 0.069 seconds
[2024-03-23T07:27:14.866+0000] {processor.py:157} INFO - Started process (PID=3911) to work on /home/airflow/.local/lib/python3.8/site-packages/airflow/example_dags/example_external_task_marker_dag.py
[2024-03-23T07:27:14.868+0000] {processor.py:829} INFO - Processing file /home/airflow/.local/lib/python3.8/site-packages/airflow/example_dags/example_external_task_marker_dag.py for tasks to queue
[2024-03-23T07:27:14.871+0000] {logging_mixin.py:154} INFO - [2024-03-23T07:27:14.870+0000] {dagbag.py:536} INFO - Filling up the DagBag from /home/airflow/.local/lib/python3.8/site-packages/airflow/example_dags/example_external_task_marker_dag.py
[2024-03-23T07:27:14.894+0000] {processor.py:839} INFO - DAG(s) dict_keys(['example_external_task_marker_child', 'example_external_task_marker_parent']) retrieved from /home/airflow/.local/lib/python3.8/site-packages/airflow/example_dags/example_external_task_marker_dag.py
[2024-03-23T07:27:14.925+0000] {logging_mixin.py:154} INFO - [2024-03-23T07:27:14.925+0000] {dag.py:2941} INFO - Sync 2 DAGs
[2024-03-23T07:27:14.939+0000] {logging_mixin.py:154} INFO - [2024-03-23T07:27:14.938+0000] {dag.py:3722} INFO - Setting next_dagrun for example_external_task_marker_child to None, run_after=None
[2024-03-23T07:27:14.942+0000] {logging_mixin.py:154} INFO - [2024-03-23T07:27:14.942+0000] {dag.py:3722} INFO - Setting next_dagrun for example_external_task_marker_parent to None, run_after=None
[2024-03-23T07:27:14.959+0000] {processor.py:179} INFO - Processing /home/airflow/.local/lib/python3.8/site-packages/airflow/example_dags/example_external_task_marker_dag.py took 0.095 seconds
[2024-03-23T07:27:45.147+0000] {processor.py:157} INFO - Started process (PID=4154) to work on /home/airflow/.local/lib/python3.8/site-packages/airflow/example_dags/example_external_task_marker_dag.py
[2024-03-23T07:27:45.182+0000] {processor.py:829} INFO - Processing file /home/airflow/.local/lib/python3.8/site-packages/airflow/example_dags/example_external_task_marker_dag.py for tasks to queue
[2024-03-23T07:27:45.183+0000] {logging_mixin.py:154} INFO - [2024-03-23T07:27:45.183+0000] {dagbag.py:536} INFO - Filling up the DagBag from /home/airflow/.local/lib/python3.8/site-packages/airflow/example_dags/example_external_task_marker_dag.py
[2024-03-23T07:27:45.188+0000] {processor.py:839} INFO - DAG(s) dict_keys(['example_external_task_marker_parent', 'example_external_task_marker_child']) retrieved from /home/airflow/.local/lib/python3.8/site-packages/airflow/example_dags/example_external_task_marker_dag.py
[2024-03-23T07:27:45.204+0000] {logging_mixin.py:154} INFO - [2024-03-23T07:27:45.204+0000] {dag.py:2941} INFO - Sync 2 DAGs
[2024-03-23T07:27:45.212+0000] {logging_mixin.py:154} INFO - [2024-03-23T07:27:45.212+0000] {dag.py:3722} INFO - Setting next_dagrun for example_external_task_marker_child to None, run_after=None
[2024-03-23T07:27:45.214+0000] {logging_mixin.py:154} INFO - [2024-03-23T07:27:45.214+0000] {dag.py:3722} INFO - Setting next_dagrun for example_external_task_marker_parent to None, run_after=None
[2024-03-23T07:27:45.222+0000] {processor.py:179} INFO - Processing /home/airflow/.local/lib/python3.8/site-packages/airflow/example_dags/example_external_task_marker_dag.py took 0.079 seconds
[2024-03-23T07:28:16.179+0000] {processor.py:157} INFO - Started process (PID=4399) to work on /home/airflow/.local/lib/python3.8/site-packages/airflow/example_dags/example_external_task_marker_dag.py
[2024-03-23T07:28:16.183+0000] {processor.py:829} INFO - Processing file /home/airflow/.local/lib/python3.8/site-packages/airflow/example_dags/example_external_task_marker_dag.py for tasks to queue
[2024-03-23T07:28:16.183+0000] {logging_mixin.py:154} INFO - [2024-03-23T07:28:16.183+0000] {dagbag.py:536} INFO - Filling up the DagBag from /home/airflow/.local/lib/python3.8/site-packages/airflow/example_dags/example_external_task_marker_dag.py
[2024-03-23T07:28:16.188+0000] {processor.py:839} INFO - DAG(s) dict_keys(['example_external_task_marker_child', 'example_external_task_marker_parent']) retrieved from /home/airflow/.local/lib/python3.8/site-packages/airflow/example_dags/example_external_task_marker_dag.py
[2024-03-23T07:28:16.202+0000] {logging_mixin.py:154} INFO - [2024-03-23T07:28:16.202+0000] {dag.py:2941} INFO - Sync 2 DAGs
[2024-03-23T07:28:16.210+0000] {logging_mixin.py:154} INFO - [2024-03-23T07:28:16.210+0000] {dag.py:3722} INFO - Setting next_dagrun for example_external_task_marker_child to None, run_after=None
[2024-03-23T07:28:16.212+0000] {logging_mixin.py:154} INFO - [2024-03-23T07:28:16.212+0000] {dag.py:3722} INFO - Setting next_dagrun for example_external_task_marker_parent to None, run_after=None
[2024-03-23T07:28:16.219+0000] {processor.py:179} INFO - Processing /home/airflow/.local/lib/python3.8/site-packages/airflow/example_dags/example_external_task_marker_dag.py took 0.042 seconds
[2024-03-23T07:28:46.342+0000] {processor.py:157} INFO - Started process (PID=4642) to work on /home/airflow/.local/lib/python3.8/site-packages/airflow/example_dags/example_external_task_marker_dag.py
[2024-03-23T07:28:46.343+0000] {processor.py:829} INFO - Processing file /home/airflow/.local/lib/python3.8/site-packages/airflow/example_dags/example_external_task_marker_dag.py for tasks to queue
[2024-03-23T07:28:46.344+0000] {logging_mixin.py:154} INFO - [2024-03-23T07:28:46.344+0000] {dagbag.py:536} INFO - Filling up the DagBag from /home/airflow/.local/lib/python3.8/site-packages/airflow/example_dags/example_external_task_marker_dag.py
[2024-03-23T07:28:46.348+0000] {processor.py:839} INFO - DAG(s) dict_keys(['example_external_task_marker_parent', 'example_external_task_marker_child']) retrieved from /home/airflow/.local/lib/python3.8/site-packages/airflow/example_dags/example_external_task_marker_dag.py
[2024-03-23T07:28:46.366+0000] {logging_mixin.py:154} INFO - [2024-03-23T07:28:46.365+0000] {dag.py:2941} INFO - Sync 2 DAGs
[2024-03-23T07:28:46.376+0000] {logging_mixin.py:154} INFO - [2024-03-23T07:28:46.376+0000] {dag.py:3722} INFO - Setting next_dagrun for example_external_task_marker_child to None, run_after=None
[2024-03-23T07:28:46.379+0000] {logging_mixin.py:154} INFO - [2024-03-23T07:28:46.379+0000] {dag.py:3722} INFO - Setting next_dagrun for example_external_task_marker_parent to None, run_after=None
[2024-03-23T07:28:46.390+0000] {processor.py:179} INFO - Processing /home/airflow/.local/lib/python3.8/site-packages/airflow/example_dags/example_external_task_marker_dag.py took 0.050 seconds
[2024-03-23T07:29:36.887+0000] {processor.py:157} INFO - Started process (PID=253) to work on /home/airflow/.local/lib/python3.8/site-packages/airflow/example_dags/example_external_task_marker_dag.py
[2024-03-23T07:29:36.888+0000] {processor.py:829} INFO - Processing file /home/airflow/.local/lib/python3.8/site-packages/airflow/example_dags/example_external_task_marker_dag.py for tasks to queue
[2024-03-23T07:29:36.889+0000] {logging_mixin.py:154} INFO - [2024-03-23T07:29:36.889+0000] {dagbag.py:536} INFO - Filling up the DagBag from /home/airflow/.local/lib/python3.8/site-packages/airflow/example_dags/example_external_task_marker_dag.py
[2024-03-23T07:29:36.894+0000] {processor.py:839} INFO - DAG(s) dict_keys(['example_external_task_marker_child', 'example_external_task_marker_parent']) retrieved from /home/airflow/.local/lib/python3.8/site-packages/airflow/example_dags/example_external_task_marker_dag.py
[2024-03-23T07:29:36.906+0000] {logging_mixin.py:154} INFO - [2024-03-23T07:29:36.905+0000] {dag.py:2941} INFO - Sync 2 DAGs
[2024-03-23T07:29:36.911+0000] {logging_mixin.py:154} INFO - [2024-03-23T07:29:36.911+0000] {dag.py:3722} INFO - Setting next_dagrun for example_external_task_marker_child to None, run_after=None
[2024-03-23T07:29:36.913+0000] {logging_mixin.py:154} INFO - [2024-03-23T07:29:36.913+0000] {dag.py:3722} INFO - Setting next_dagrun for example_external_task_marker_parent to None, run_after=None
[2024-03-23T07:29:36.921+0000] {processor.py:179} INFO - Processing /home/airflow/.local/lib/python3.8/site-packages/airflow/example_dags/example_external_task_marker_dag.py took 0.036 seconds
