[2024-03-23T07:19:33.088+0000] {processor.py:157} INFO - Started process (PID=212) to work on /home/airflow/.local/lib/python3.8/site-packages/airflow/example_dags/example_setup_teardown.py
[2024-03-23T07:19:33.089+0000] {processor.py:829} INFO - Processing file /home/airflow/.local/lib/python3.8/site-packages/airflow/example_dags/example_setup_teardown.py for tasks to queue
[2024-03-23T07:19:33.089+0000] {logging_mixin.py:154} INFO - [2024-03-23T07:19:33.089+0000] {dagbag.py:536} INFO - Filling up the DagBag from /home/airflow/.local/lib/python3.8/site-packages/airflow/example_dags/example_setup_teardown.py
[2024-03-23T07:19:33.095+0000] {processor.py:839} INFO - DAG(s) dict_keys(['example_setup_teardown']) retrieved from /home/airflow/.local/lib/python3.8/site-packages/airflow/example_dags/example_setup_teardown.py
[2024-03-23T07:19:33.156+0000] {logging_mixin.py:154} INFO - [2024-03-23T07:19:33.156+0000] {manager.py:499} INFO - Created Permission View: %s
[2024-03-23T07:19:33.162+0000] {logging_mixin.py:154} INFO - [2024-03-23T07:19:33.162+0000] {manager.py:499} INFO - Created Permission View: %s
[2024-03-23T07:19:33.165+0000] {logging_mixin.py:154} INFO - [2024-03-23T07:19:33.165+0000] {manager.py:499} INFO - Created Permission View: %s
[2024-03-23T07:19:33.165+0000] {logging_mixin.py:154} INFO - [2024-03-23T07:19:33.165+0000] {dag.py:2941} INFO - Sync 1 DAGs
[2024-03-23T07:19:33.173+0000] {logging_mixin.py:154} INFO - [2024-03-23T07:19:33.173+0000] {dag.py:2963} INFO - Creating ORM DAG for example_setup_teardown
[2024-03-23T07:19:33.178+0000] {logging_mixin.py:154} INFO - [2024-03-23T07:19:33.178+0000] {dag.py:3722} INFO - Setting next_dagrun for example_setup_teardown to 2024-03-22T07:19:33.178612+00:00, run_after=2024-03-23T07:19:33.178612+00:00
[2024-03-23T07:19:33.187+0000] {processor.py:179} INFO - Processing /home/airflow/.local/lib/python3.8/site-packages/airflow/example_dags/example_setup_teardown.py took 0.101 seconds
[2024-03-23T07:20:04.171+0000] {processor.py:157} INFO - Started process (PID=455) to work on /home/airflow/.local/lib/python3.8/site-packages/airflow/example_dags/example_setup_teardown.py
[2024-03-23T07:20:04.173+0000] {processor.py:829} INFO - Processing file /home/airflow/.local/lib/python3.8/site-packages/airflow/example_dags/example_setup_teardown.py for tasks to queue
[2024-03-23T07:20:04.173+0000] {logging_mixin.py:154} INFO - [2024-03-23T07:20:04.173+0000] {dagbag.py:536} INFO - Filling up the DagBag from /home/airflow/.local/lib/python3.8/site-packages/airflow/example_dags/example_setup_teardown.py
[2024-03-23T07:20:04.181+0000] {processor.py:839} INFO - DAG(s) dict_keys(['example_setup_teardown']) retrieved from /home/airflow/.local/lib/python3.8/site-packages/airflow/example_dags/example_setup_teardown.py
[2024-03-23T07:20:04.196+0000] {logging_mixin.py:154} INFO - [2024-03-23T07:20:04.196+0000] {dag.py:2941} INFO - Sync 1 DAGs
[2024-03-23T07:20:04.210+0000] {logging_mixin.py:154} INFO - [2024-03-23T07:20:04.209+0000] {dag.py:3722} INFO - Setting next_dagrun for example_setup_teardown to 2024-03-22T07:20:04.209732+00:00, run_after=2024-03-23T07:20:04.209732+00:00
[2024-03-23T07:20:04.220+0000] {processor.py:179} INFO - Processing /home/airflow/.local/lib/python3.8/site-packages/airflow/example_dags/example_setup_teardown.py took 0.057 seconds
[2024-03-23T07:20:35.137+0000] {processor.py:157} INFO - Started process (PID=698) to work on /home/airflow/.local/lib/python3.8/site-packages/airflow/example_dags/example_setup_teardown.py
[2024-03-23T07:20:35.139+0000] {processor.py:829} INFO - Processing file /home/airflow/.local/lib/python3.8/site-packages/airflow/example_dags/example_setup_teardown.py for tasks to queue
[2024-03-23T07:20:35.140+0000] {logging_mixin.py:154} INFO - [2024-03-23T07:20:35.140+0000] {dagbag.py:536} INFO - Filling up the DagBag from /home/airflow/.local/lib/python3.8/site-packages/airflow/example_dags/example_setup_teardown.py
[2024-03-23T07:20:35.182+0000] {processor.py:839} INFO - DAG(s) dict_keys(['example_setup_teardown']) retrieved from /home/airflow/.local/lib/python3.8/site-packages/airflow/example_dags/example_setup_teardown.py
[2024-03-23T07:20:35.224+0000] {logging_mixin.py:154} INFO - [2024-03-23T07:20:35.224+0000] {dag.py:2941} INFO - Sync 1 DAGs
[2024-03-23T07:20:35.263+0000] {logging_mixin.py:154} INFO - [2024-03-23T07:20:35.263+0000] {dag.py:3722} INFO - Setting next_dagrun for example_setup_teardown to 2024-03-22T07:20:35.262463+00:00, run_after=2024-03-23T07:20:35.262463+00:00
[2024-03-23T07:20:35.286+0000] {processor.py:179} INFO - Processing /home/airflow/.local/lib/python3.8/site-packages/airflow/example_dags/example_setup_teardown.py took 0.161 seconds
[2024-03-23T07:21:05.414+0000] {processor.py:157} INFO - Started process (PID=936) to work on /home/airflow/.local/lib/python3.8/site-packages/airflow/example_dags/example_setup_teardown.py
[2024-03-23T07:21:05.415+0000] {processor.py:829} INFO - Processing file /home/airflow/.local/lib/python3.8/site-packages/airflow/example_dags/example_setup_teardown.py for tasks to queue
[2024-03-23T07:21:05.416+0000] {logging_mixin.py:154} INFO - [2024-03-23T07:21:05.416+0000] {dagbag.py:536} INFO - Filling up the DagBag from /home/airflow/.local/lib/python3.8/site-packages/airflow/example_dags/example_setup_teardown.py
[2024-03-23T07:21:05.420+0000] {processor.py:839} INFO - DAG(s) dict_keys(['example_setup_teardown']) retrieved from /home/airflow/.local/lib/python3.8/site-packages/airflow/example_dags/example_setup_teardown.py
[2024-03-23T07:21:05.434+0000] {logging_mixin.py:154} INFO - [2024-03-23T07:21:05.434+0000] {dag.py:2941} INFO - Sync 1 DAGs
[2024-03-23T07:21:05.451+0000] {logging_mixin.py:154} INFO - [2024-03-23T07:21:05.451+0000] {dag.py:3722} INFO - Setting next_dagrun for example_setup_teardown to 2024-03-22T07:21:05.451278+00:00, run_after=2024-03-23T07:21:05.451278+00:00
[2024-03-23T07:21:05.462+0000] {processor.py:179} INFO - Processing /home/airflow/.local/lib/python3.8/site-packages/airflow/example_dags/example_setup_teardown.py took 0.050 seconds
[2024-03-23T07:21:36.434+0000] {processor.py:157} INFO - Started process (PID=1181) to work on /home/airflow/.local/lib/python3.8/site-packages/airflow/example_dags/example_setup_teardown.py
[2024-03-23T07:21:36.435+0000] {processor.py:829} INFO - Processing file /home/airflow/.local/lib/python3.8/site-packages/airflow/example_dags/example_setup_teardown.py for tasks to queue
[2024-03-23T07:21:36.435+0000] {logging_mixin.py:154} INFO - [2024-03-23T07:21:36.435+0000] {dagbag.py:536} INFO - Filling up the DagBag from /home/airflow/.local/lib/python3.8/site-packages/airflow/example_dags/example_setup_teardown.py
[2024-03-23T07:21:36.441+0000] {processor.py:839} INFO - DAG(s) dict_keys(['example_setup_teardown']) retrieved from /home/airflow/.local/lib/python3.8/site-packages/airflow/example_dags/example_setup_teardown.py
[2024-03-23T07:21:36.459+0000] {logging_mixin.py:154} INFO - [2024-03-23T07:21:36.459+0000] {dag.py:2941} INFO - Sync 1 DAGs
[2024-03-23T07:21:36.473+0000] {logging_mixin.py:154} INFO - [2024-03-23T07:21:36.473+0000] {dag.py:3722} INFO - Setting next_dagrun for example_setup_teardown to 2024-03-22T07:21:36.472973+00:00, run_after=2024-03-23T07:21:36.472973+00:00
[2024-03-23T07:21:36.481+0000] {processor.py:179} INFO - Processing /home/airflow/.local/lib/python3.8/site-packages/airflow/example_dags/example_setup_teardown.py took 0.048 seconds
[2024-03-23T07:22:06.823+0000] {processor.py:157} INFO - Started process (PID=1424) to work on /home/airflow/.local/lib/python3.8/site-packages/airflow/example_dags/example_setup_teardown.py
[2024-03-23T07:22:06.824+0000] {processor.py:829} INFO - Processing file /home/airflow/.local/lib/python3.8/site-packages/airflow/example_dags/example_setup_teardown.py for tasks to queue
[2024-03-23T07:22:06.824+0000] {logging_mixin.py:154} INFO - [2024-03-23T07:22:06.824+0000] {dagbag.py:536} INFO - Filling up the DagBag from /home/airflow/.local/lib/python3.8/site-packages/airflow/example_dags/example_setup_teardown.py
[2024-03-23T07:22:06.829+0000] {processor.py:839} INFO - DAG(s) dict_keys(['example_setup_teardown']) retrieved from /home/airflow/.local/lib/python3.8/site-packages/airflow/example_dags/example_setup_teardown.py
[2024-03-23T07:22:06.841+0000] {logging_mixin.py:154} INFO - [2024-03-23T07:22:06.841+0000] {dag.py:2941} INFO - Sync 1 DAGs
[2024-03-23T07:22:06.852+0000] {logging_mixin.py:154} INFO - [2024-03-23T07:22:06.852+0000] {dag.py:3722} INFO - Setting next_dagrun for example_setup_teardown to 2024-03-22T07:22:06.852154+00:00, run_after=2024-03-23T07:22:06.852154+00:00
[2024-03-23T07:22:06.863+0000] {processor.py:179} INFO - Processing /home/airflow/.local/lib/python3.8/site-packages/airflow/example_dags/example_setup_teardown.py took 0.042 seconds
[2024-03-23T07:22:37.352+0000] {processor.py:157} INFO - Started process (PID=1673) to work on /home/airflow/.local/lib/python3.8/site-packages/airflow/example_dags/example_setup_teardown.py
[2024-03-23T07:22:37.352+0000] {processor.py:829} INFO - Processing file /home/airflow/.local/lib/python3.8/site-packages/airflow/example_dags/example_setup_teardown.py for tasks to queue
[2024-03-23T07:22:37.353+0000] {logging_mixin.py:154} INFO - [2024-03-23T07:22:37.353+0000] {dagbag.py:536} INFO - Filling up the DagBag from /home/airflow/.local/lib/python3.8/site-packages/airflow/example_dags/example_setup_teardown.py
[2024-03-23T07:22:37.357+0000] {processor.py:839} INFO - DAG(s) dict_keys(['example_setup_teardown']) retrieved from /home/airflow/.local/lib/python3.8/site-packages/airflow/example_dags/example_setup_teardown.py
[2024-03-23T07:22:37.367+0000] {logging_mixin.py:154} INFO - [2024-03-23T07:22:37.367+0000] {dag.py:2941} INFO - Sync 1 DAGs
[2024-03-23T07:22:37.380+0000] {logging_mixin.py:154} INFO - [2024-03-23T07:22:37.380+0000] {dag.py:3722} INFO - Setting next_dagrun for example_setup_teardown to 2024-03-22T07:22:37.379918+00:00, run_after=2024-03-23T07:22:37.379918+00:00
[2024-03-23T07:22:37.389+0000] {processor.py:179} INFO - Processing /home/airflow/.local/lib/python3.8/site-packages/airflow/example_dags/example_setup_teardown.py took 0.039 seconds
[2024-03-23T07:23:07.840+0000] {processor.py:157} INFO - Started process (PID=1916) to work on /home/airflow/.local/lib/python3.8/site-packages/airflow/example_dags/example_setup_teardown.py
[2024-03-23T07:23:07.840+0000] {processor.py:829} INFO - Processing file /home/airflow/.local/lib/python3.8/site-packages/airflow/example_dags/example_setup_teardown.py for tasks to queue
[2024-03-23T07:23:07.841+0000] {logging_mixin.py:154} INFO - [2024-03-23T07:23:07.841+0000] {dagbag.py:536} INFO - Filling up the DagBag from /home/airflow/.local/lib/python3.8/site-packages/airflow/example_dags/example_setup_teardown.py
[2024-03-23T07:23:07.845+0000] {processor.py:839} INFO - DAG(s) dict_keys(['example_setup_teardown']) retrieved from /home/airflow/.local/lib/python3.8/site-packages/airflow/example_dags/example_setup_teardown.py
[2024-03-23T07:23:07.856+0000] {logging_mixin.py:154} INFO - [2024-03-23T07:23:07.856+0000] {dag.py:2941} INFO - Sync 1 DAGs
[2024-03-23T07:23:07.868+0000] {logging_mixin.py:154} INFO - [2024-03-23T07:23:07.868+0000] {dag.py:3722} INFO - Setting next_dagrun for example_setup_teardown to 2024-03-22T07:23:07.868058+00:00, run_after=2024-03-23T07:23:07.868058+00:00
[2024-03-23T07:23:07.877+0000] {processor.py:179} INFO - Processing /home/airflow/.local/lib/python3.8/site-packages/airflow/example_dags/example_setup_teardown.py took 0.039 seconds
[2024-03-23T07:23:38.032+0000] {processor.py:157} INFO - Started process (PID=2158) to work on /home/airflow/.local/lib/python3.8/site-packages/airflow/example_dags/example_setup_teardown.py
[2024-03-23T07:23:38.033+0000] {processor.py:829} INFO - Processing file /home/airflow/.local/lib/python3.8/site-packages/airflow/example_dags/example_setup_teardown.py for tasks to queue
[2024-03-23T07:23:38.034+0000] {logging_mixin.py:154} INFO - [2024-03-23T07:23:38.034+0000] {dagbag.py:536} INFO - Filling up the DagBag from /home/airflow/.local/lib/python3.8/site-packages/airflow/example_dags/example_setup_teardown.py
[2024-03-23T07:23:38.039+0000] {processor.py:839} INFO - DAG(s) dict_keys(['example_setup_teardown']) retrieved from /home/airflow/.local/lib/python3.8/site-packages/airflow/example_dags/example_setup_teardown.py
[2024-03-23T07:23:38.050+0000] {logging_mixin.py:154} INFO - [2024-03-23T07:23:38.050+0000] {dag.py:2941} INFO - Sync 1 DAGs
[2024-03-23T07:23:38.061+0000] {logging_mixin.py:154} INFO - [2024-03-23T07:23:38.061+0000] {dag.py:3722} INFO - Setting next_dagrun for example_setup_teardown to 2024-03-22T07:23:38.061284+00:00, run_after=2024-03-23T07:23:38.061284+00:00
[2024-03-23T07:23:38.070+0000] {processor.py:179} INFO - Processing /home/airflow/.local/lib/python3.8/site-packages/airflow/example_dags/example_setup_teardown.py took 0.041 seconds
[2024-03-23T07:24:08.569+0000] {processor.py:157} INFO - Started process (PID=2401) to work on /home/airflow/.local/lib/python3.8/site-packages/airflow/example_dags/example_setup_teardown.py
[2024-03-23T07:24:08.569+0000] {processor.py:829} INFO - Processing file /home/airflow/.local/lib/python3.8/site-packages/airflow/example_dags/example_setup_teardown.py for tasks to queue
[2024-03-23T07:24:08.570+0000] {logging_mixin.py:154} INFO - [2024-03-23T07:24:08.570+0000] {dagbag.py:536} INFO - Filling up the DagBag from /home/airflow/.local/lib/python3.8/site-packages/airflow/example_dags/example_setup_teardown.py
[2024-03-23T07:24:08.573+0000] {processor.py:839} INFO - DAG(s) dict_keys(['example_setup_teardown']) retrieved from /home/airflow/.local/lib/python3.8/site-packages/airflow/example_dags/example_setup_teardown.py
[2024-03-23T07:24:08.584+0000] {logging_mixin.py:154} INFO - [2024-03-23T07:24:08.584+0000] {dag.py:2941} INFO - Sync 1 DAGs
[2024-03-23T07:24:08.600+0000] {logging_mixin.py:154} INFO - [2024-03-23T07:24:08.600+0000] {dag.py:3722} INFO - Setting next_dagrun for example_setup_teardown to 2024-03-22T07:24:08.599938+00:00, run_after=2024-03-23T07:24:08.599938+00:00
[2024-03-23T07:24:08.611+0000] {processor.py:179} INFO - Processing /home/airflow/.local/lib/python3.8/site-packages/airflow/example_dags/example_setup_teardown.py took 0.044 seconds
[2024-03-23T07:24:38.780+0000] {processor.py:157} INFO - Started process (PID=2644) to work on /home/airflow/.local/lib/python3.8/site-packages/airflow/example_dags/example_setup_teardown.py
[2024-03-23T07:24:38.781+0000] {processor.py:829} INFO - Processing file /home/airflow/.local/lib/python3.8/site-packages/airflow/example_dags/example_setup_teardown.py for tasks to queue
[2024-03-23T07:24:38.781+0000] {logging_mixin.py:154} INFO - [2024-03-23T07:24:38.781+0000] {dagbag.py:536} INFO - Filling up the DagBag from /home/airflow/.local/lib/python3.8/site-packages/airflow/example_dags/example_setup_teardown.py
[2024-03-23T07:24:38.786+0000] {processor.py:839} INFO - DAG(s) dict_keys(['example_setup_teardown']) retrieved from /home/airflow/.local/lib/python3.8/site-packages/airflow/example_dags/example_setup_teardown.py
[2024-03-23T07:24:38.797+0000] {logging_mixin.py:154} INFO - [2024-03-23T07:24:38.797+0000] {dag.py:2941} INFO - Sync 1 DAGs
[2024-03-23T07:24:38.812+0000] {logging_mixin.py:154} INFO - [2024-03-23T07:24:38.812+0000] {dag.py:3722} INFO - Setting next_dagrun for example_setup_teardown to 2024-03-22T07:24:38.812044+00:00, run_after=2024-03-23T07:24:38.812044+00:00
[2024-03-23T07:24:38.827+0000] {processor.py:179} INFO - Processing /home/airflow/.local/lib/python3.8/site-packages/airflow/example_dags/example_setup_teardown.py took 0.049 seconds
[2024-03-23T07:25:09.994+0000] {processor.py:157} INFO - Started process (PID=2893) to work on /home/airflow/.local/lib/python3.8/site-packages/airflow/example_dags/example_setup_teardown.py
[2024-03-23T07:25:09.996+0000] {processor.py:829} INFO - Processing file /home/airflow/.local/lib/python3.8/site-packages/airflow/example_dags/example_setup_teardown.py for tasks to queue
[2024-03-23T07:25:09.998+0000] {logging_mixin.py:154} INFO - [2024-03-23T07:25:09.997+0000] {dagbag.py:536} INFO - Filling up the DagBag from /home/airflow/.local/lib/python3.8/site-packages/airflow/example_dags/example_setup_teardown.py
[2024-03-23T07:25:10.025+0000] {processor.py:839} INFO - DAG(s) dict_keys(['example_setup_teardown']) retrieved from /home/airflow/.local/lib/python3.8/site-packages/airflow/example_dags/example_setup_teardown.py
[2024-03-23T07:25:10.050+0000] {logging_mixin.py:154} INFO - [2024-03-23T07:25:10.050+0000] {dag.py:2941} INFO - Sync 1 DAGs
[2024-03-23T07:25:10.084+0000] {logging_mixin.py:154} INFO - [2024-03-23T07:25:10.084+0000] {dag.py:3722} INFO - Setting next_dagrun for example_setup_teardown to 2024-03-22T07:25:10.084249+00:00, run_after=2024-03-23T07:25:10.084249+00:00
[2024-03-23T07:25:10.104+0000] {processor.py:179} INFO - Processing /home/airflow/.local/lib/python3.8/site-packages/airflow/example_dags/example_setup_teardown.py took 0.114 seconds
[2024-03-23T07:25:40.442+0000] {processor.py:157} INFO - Started process (PID=3142) to work on /home/airflow/.local/lib/python3.8/site-packages/airflow/example_dags/example_setup_teardown.py
[2024-03-23T07:25:40.445+0000] {processor.py:829} INFO - Processing file /home/airflow/.local/lib/python3.8/site-packages/airflow/example_dags/example_setup_teardown.py for tasks to queue
[2024-03-23T07:25:40.447+0000] {logging_mixin.py:154} INFO - [2024-03-23T07:25:40.446+0000] {dagbag.py:536} INFO - Filling up the DagBag from /home/airflow/.local/lib/python3.8/site-packages/airflow/example_dags/example_setup_teardown.py
[2024-03-23T07:25:40.461+0000] {processor.py:839} INFO - DAG(s) dict_keys(['example_setup_teardown']) retrieved from /home/airflow/.local/lib/python3.8/site-packages/airflow/example_dags/example_setup_teardown.py
[2024-03-23T07:25:40.487+0000] {logging_mixin.py:154} INFO - [2024-03-23T07:25:40.487+0000] {dag.py:2941} INFO - Sync 1 DAGs
[2024-03-23T07:25:40.515+0000] {logging_mixin.py:154} INFO - [2024-03-23T07:25:40.515+0000] {dag.py:3722} INFO - Setting next_dagrun for example_setup_teardown to 2024-03-22T07:25:40.514487+00:00, run_after=2024-03-23T07:25:40.514487+00:00
[2024-03-23T07:25:40.538+0000] {processor.py:179} INFO - Processing /home/airflow/.local/lib/python3.8/site-packages/airflow/example_dags/example_setup_teardown.py took 0.102 seconds
[2024-03-23T07:26:12.273+0000] {processor.py:157} INFO - Started process (PID=3385) to work on /home/airflow/.local/lib/python3.8/site-packages/airflow/example_dags/example_setup_teardown.py
[2024-03-23T07:26:12.274+0000] {processor.py:829} INFO - Processing file /home/airflow/.local/lib/python3.8/site-packages/airflow/example_dags/example_setup_teardown.py for tasks to queue
[2024-03-23T07:26:12.275+0000] {logging_mixin.py:154} INFO - [2024-03-23T07:26:12.275+0000] {dagbag.py:536} INFO - Filling up the DagBag from /home/airflow/.local/lib/python3.8/site-packages/airflow/example_dags/example_setup_teardown.py
[2024-03-23T07:26:12.281+0000] {processor.py:839} INFO - DAG(s) dict_keys(['example_setup_teardown']) retrieved from /home/airflow/.local/lib/python3.8/site-packages/airflow/example_dags/example_setup_teardown.py
[2024-03-23T07:26:12.313+0000] {logging_mixin.py:154} INFO - [2024-03-23T07:26:12.312+0000] {dag.py:2941} INFO - Sync 1 DAGs
[2024-03-23T07:26:12.343+0000] {logging_mixin.py:154} INFO - [2024-03-23T07:26:12.342+0000] {dag.py:3722} INFO - Setting next_dagrun for example_setup_teardown to 2024-03-22T07:26:12.342693+00:00, run_after=2024-03-23T07:26:12.342693+00:00
[2024-03-23T07:26:12.375+0000] {processor.py:179} INFO - Processing /home/airflow/.local/lib/python3.8/site-packages/airflow/example_dags/example_setup_teardown.py took 0.105 seconds
[2024-03-23T07:26:43.507+0000] {processor.py:157} INFO - Started process (PID=3630) to work on /home/airflow/.local/lib/python3.8/site-packages/airflow/example_dags/example_setup_teardown.py
[2024-03-23T07:26:43.510+0000] {processor.py:829} INFO - Processing file /home/airflow/.local/lib/python3.8/site-packages/airflow/example_dags/example_setup_teardown.py for tasks to queue
[2024-03-23T07:26:43.511+0000] {logging_mixin.py:154} INFO - [2024-03-23T07:26:43.511+0000] {dagbag.py:536} INFO - Filling up the DagBag from /home/airflow/.local/lib/python3.8/site-packages/airflow/example_dags/example_setup_teardown.py
[2024-03-23T07:26:43.519+0000] {processor.py:839} INFO - DAG(s) dict_keys(['example_setup_teardown']) retrieved from /home/airflow/.local/lib/python3.8/site-packages/airflow/example_dags/example_setup_teardown.py
[2024-03-23T07:26:43.535+0000] {logging_mixin.py:154} INFO - [2024-03-23T07:26:43.535+0000] {dag.py:2941} INFO - Sync 1 DAGs
[2024-03-23T07:26:43.548+0000] {logging_mixin.py:154} INFO - [2024-03-23T07:26:43.548+0000] {dag.py:3722} INFO - Setting next_dagrun for example_setup_teardown to 2024-03-22T07:26:43.548418+00:00, run_after=2024-03-23T07:26:43.548418+00:00
[2024-03-23T07:26:43.561+0000] {processor.py:179} INFO - Processing /home/airflow/.local/lib/python3.8/site-packages/airflow/example_dags/example_setup_teardown.py took 0.061 seconds
[2024-03-23T07:27:14.421+0000] {processor.py:157} INFO - Started process (PID=3871) to work on /home/airflow/.local/lib/python3.8/site-packages/airflow/example_dags/example_setup_teardown.py
[2024-03-23T07:27:14.425+0000] {processor.py:829} INFO - Processing file /home/airflow/.local/lib/python3.8/site-packages/airflow/example_dags/example_setup_teardown.py for tasks to queue
[2024-03-23T07:27:14.427+0000] {logging_mixin.py:154} INFO - [2024-03-23T07:27:14.427+0000] {dagbag.py:536} INFO - Filling up the DagBag from /home/airflow/.local/lib/python3.8/site-packages/airflow/example_dags/example_setup_teardown.py
[2024-03-23T07:27:14.444+0000] {processor.py:839} INFO - DAG(s) dict_keys(['example_setup_teardown']) retrieved from /home/airflow/.local/lib/python3.8/site-packages/airflow/example_dags/example_setup_teardown.py
[2024-03-23T07:27:14.463+0000] {logging_mixin.py:154} INFO - [2024-03-23T07:27:14.463+0000] {dag.py:2941} INFO - Sync 1 DAGs
[2024-03-23T07:27:14.476+0000] {logging_mixin.py:154} INFO - [2024-03-23T07:27:14.476+0000] {dag.py:3722} INFO - Setting next_dagrun for example_setup_teardown to 2024-03-22T07:27:14.476485+00:00, run_after=2024-03-23T07:27:14.476485+00:00
[2024-03-23T07:27:14.504+0000] {processor.py:179} INFO - Processing /home/airflow/.local/lib/python3.8/site-packages/airflow/example_dags/example_setup_teardown.py took 0.085 seconds
[2024-03-23T07:27:44.694+0000] {processor.py:157} INFO - Started process (PID=4114) to work on /home/airflow/.local/lib/python3.8/site-packages/airflow/example_dags/example_setup_teardown.py
[2024-03-23T07:27:44.695+0000] {processor.py:829} INFO - Processing file /home/airflow/.local/lib/python3.8/site-packages/airflow/example_dags/example_setup_teardown.py for tasks to queue
[2024-03-23T07:27:44.696+0000] {logging_mixin.py:154} INFO - [2024-03-23T07:27:44.695+0000] {dagbag.py:536} INFO - Filling up the DagBag from /home/airflow/.local/lib/python3.8/site-packages/airflow/example_dags/example_setup_teardown.py
[2024-03-23T07:27:44.703+0000] {processor.py:839} INFO - DAG(s) dict_keys(['example_setup_teardown']) retrieved from /home/airflow/.local/lib/python3.8/site-packages/airflow/example_dags/example_setup_teardown.py
[2024-03-23T07:27:44.720+0000] {logging_mixin.py:154} INFO - [2024-03-23T07:27:44.720+0000] {dag.py:2941} INFO - Sync 1 DAGs
[2024-03-23T07:27:44.753+0000] {logging_mixin.py:154} INFO - [2024-03-23T07:27:44.752+0000] {dag.py:3722} INFO - Setting next_dagrun for example_setup_teardown to 2024-03-22T07:27:44.752316+00:00, run_after=2024-03-23T07:27:44.752316+00:00
[2024-03-23T07:27:44.788+0000] {processor.py:179} INFO - Processing /home/airflow/.local/lib/python3.8/site-packages/airflow/example_dags/example_setup_teardown.py took 0.098 seconds
[2024-03-23T07:28:15.663+0000] {processor.py:157} INFO - Started process (PID=4359) to work on /home/airflow/.local/lib/python3.8/site-packages/airflow/example_dags/example_setup_teardown.py
[2024-03-23T07:28:15.666+0000] {processor.py:829} INFO - Processing file /home/airflow/.local/lib/python3.8/site-packages/airflow/example_dags/example_setup_teardown.py for tasks to queue
[2024-03-23T07:28:15.667+0000] {logging_mixin.py:154} INFO - [2024-03-23T07:28:15.667+0000] {dagbag.py:536} INFO - Filling up the DagBag from /home/airflow/.local/lib/python3.8/site-packages/airflow/example_dags/example_setup_teardown.py
[2024-03-23T07:28:15.685+0000] {processor.py:839} INFO - DAG(s) dict_keys(['example_setup_teardown']) retrieved from /home/airflow/.local/lib/python3.8/site-packages/airflow/example_dags/example_setup_teardown.py
[2024-03-23T07:28:15.730+0000] {logging_mixin.py:154} INFO - [2024-03-23T07:28:15.730+0000] {dag.py:2941} INFO - Sync 1 DAGs
[2024-03-23T07:28:15.752+0000] {logging_mixin.py:154} INFO - [2024-03-23T07:28:15.752+0000] {dag.py:3722} INFO - Setting next_dagrun for example_setup_teardown to 2024-03-22T07:28:15.752187+00:00, run_after=2024-03-23T07:28:15.752187+00:00
[2024-03-23T07:28:15.768+0000] {processor.py:179} INFO - Processing /home/airflow/.local/lib/python3.8/site-packages/airflow/example_dags/example_setup_teardown.py took 0.110 seconds
[2024-03-23T07:28:45.872+0000] {processor.py:157} INFO - Started process (PID=4600) to work on /home/airflow/.local/lib/python3.8/site-packages/airflow/example_dags/example_setup_teardown.py
[2024-03-23T07:28:45.873+0000] {processor.py:829} INFO - Processing file /home/airflow/.local/lib/python3.8/site-packages/airflow/example_dags/example_setup_teardown.py for tasks to queue
[2024-03-23T07:28:45.874+0000] {logging_mixin.py:154} INFO - [2024-03-23T07:28:45.874+0000] {dagbag.py:536} INFO - Filling up the DagBag from /home/airflow/.local/lib/python3.8/site-packages/airflow/example_dags/example_setup_teardown.py
[2024-03-23T07:28:45.879+0000] {processor.py:839} INFO - DAG(s) dict_keys(['example_setup_teardown']) retrieved from /home/airflow/.local/lib/python3.8/site-packages/airflow/example_dags/example_setup_teardown.py
[2024-03-23T07:28:45.891+0000] {logging_mixin.py:154} INFO - [2024-03-23T07:28:45.891+0000] {dag.py:2941} INFO - Sync 1 DAGs
[2024-03-23T07:28:45.907+0000] {logging_mixin.py:154} INFO - [2024-03-23T07:28:45.907+0000] {dag.py:3722} INFO - Setting next_dagrun for example_setup_teardown to 2024-03-22T07:28:45.907043+00:00, run_after=2024-03-23T07:28:45.907043+00:00
[2024-03-23T07:28:45.920+0000] {processor.py:179} INFO - Processing /home/airflow/.local/lib/python3.8/site-packages/airflow/example_dags/example_setup_teardown.py took 0.050 seconds
[2024-03-23T07:29:36.586+0000] {processor.py:157} INFO - Started process (PID=211) to work on /home/airflow/.local/lib/python3.8/site-packages/airflow/example_dags/example_setup_teardown.py
[2024-03-23T07:29:36.587+0000] {processor.py:829} INFO - Processing file /home/airflow/.local/lib/python3.8/site-packages/airflow/example_dags/example_setup_teardown.py for tasks to queue
[2024-03-23T07:29:36.588+0000] {logging_mixin.py:154} INFO - [2024-03-23T07:29:36.587+0000] {dagbag.py:536} INFO - Filling up the DagBag from /home/airflow/.local/lib/python3.8/site-packages/airflow/example_dags/example_setup_teardown.py
[2024-03-23T07:29:36.596+0000] {processor.py:839} INFO - DAG(s) dict_keys(['example_setup_teardown']) retrieved from /home/airflow/.local/lib/python3.8/site-packages/airflow/example_dags/example_setup_teardown.py
[2024-03-23T07:29:36.611+0000] {logging_mixin.py:154} INFO - [2024-03-23T07:29:36.610+0000] {dag.py:2941} INFO - Sync 1 DAGs
[2024-03-23T07:29:36.623+0000] {logging_mixin.py:154} INFO - [2024-03-23T07:29:36.623+0000] {dag.py:3722} INFO - Setting next_dagrun for example_setup_teardown to 2024-03-22T07:29:36.623116+00:00, run_after=2024-03-23T07:29:36.623116+00:00
[2024-03-23T07:29:36.635+0000] {processor.py:179} INFO - Processing /home/airflow/.local/lib/python3.8/site-packages/airflow/example_dags/example_setup_teardown.py took 0.053 seconds
