[2024-03-23T07:19:33.872+0000] {processor.py:157} INFO - Started process (PID=272) to work on /home/airflow/.local/lib/python3.8/site-packages/airflow/example_dags/example_params_ui_tutorial.py
[2024-03-23T07:19:33.873+0000] {processor.py:829} INFO - Processing file /home/airflow/.local/lib/python3.8/site-packages/airflow/example_dags/example_params_ui_tutorial.py for tasks to queue
[2024-03-23T07:19:33.874+0000] {logging_mixin.py:154} INFO - [2024-03-23T07:19:33.874+0000] {dagbag.py:536} INFO - Filling up the DagBag from /home/airflow/.local/lib/python3.8/site-packages/airflow/example_dags/example_params_ui_tutorial.py
[2024-03-23T07:19:33.897+0000] {processor.py:839} INFO - DAG(s) dict_keys(['example_params_ui_tutorial']) retrieved from /home/airflow/.local/lib/python3.8/site-packages/airflow/example_dags/example_params_ui_tutorial.py
[2024-03-23T07:19:34.010+0000] {logging_mixin.py:154} INFO - [2024-03-23T07:19:34.009+0000] {manager.py:499} INFO - Created Permission View: %s
[2024-03-23T07:19:34.029+0000] {logging_mixin.py:154} INFO - [2024-03-23T07:19:34.029+0000] {manager.py:499} INFO - Created Permission View: %s
[2024-03-23T07:19:34.038+0000] {logging_mixin.py:154} INFO - [2024-03-23T07:19:34.038+0000] {manager.py:499} INFO - Created Permission View: %s
[2024-03-23T07:19:34.038+0000] {logging_mixin.py:154} INFO - [2024-03-23T07:19:34.038+0000] {dag.py:2941} INFO - Sync 1 DAGs
[2024-03-23T07:19:34.045+0000] {logging_mixin.py:154} INFO - [2024-03-23T07:19:34.045+0000] {dag.py:2963} INFO - Creating ORM DAG for example_params_ui_tutorial
[2024-03-23T07:19:34.047+0000] {logging_mixin.py:154} INFO - [2024-03-23T07:19:34.046+0000] {dag.py:3722} INFO - Setting next_dagrun for example_params_ui_tutorial to None, run_after=None
[2024-03-23T07:19:34.058+0000] {processor.py:179} INFO - Processing /home/airflow/.local/lib/python3.8/site-packages/airflow/example_dags/example_params_ui_tutorial.py took 0.188 seconds
[2024-03-23T07:20:04.730+0000] {processor.py:157} INFO - Started process (PID=517) to work on /home/airflow/.local/lib/python3.8/site-packages/airflow/example_dags/example_params_ui_tutorial.py
[2024-03-23T07:20:04.731+0000] {processor.py:829} INFO - Processing file /home/airflow/.local/lib/python3.8/site-packages/airflow/example_dags/example_params_ui_tutorial.py for tasks to queue
[2024-03-23T07:20:04.732+0000] {logging_mixin.py:154} INFO - [2024-03-23T07:20:04.732+0000] {dagbag.py:536} INFO - Filling up the DagBag from /home/airflow/.local/lib/python3.8/site-packages/airflow/example_dags/example_params_ui_tutorial.py
[2024-03-23T07:20:04.758+0000] {processor.py:839} INFO - DAG(s) dict_keys(['example_params_ui_tutorial']) retrieved from /home/airflow/.local/lib/python3.8/site-packages/airflow/example_dags/example_params_ui_tutorial.py
[2024-03-23T07:20:04.784+0000] {logging_mixin.py:154} INFO - [2024-03-23T07:20:04.784+0000] {dag.py:2941} INFO - Sync 1 DAGs
[2024-03-23T07:20:04.791+0000] {logging_mixin.py:154} INFO - [2024-03-23T07:20:04.791+0000] {dag.py:3722} INFO - Setting next_dagrun for example_params_ui_tutorial to None, run_after=None
[2024-03-23T07:20:04.801+0000] {processor.py:179} INFO - Processing /home/airflow/.local/lib/python3.8/site-packages/airflow/example_dags/example_params_ui_tutorial.py took 0.073 seconds
[2024-03-23T07:20:35.915+0000] {processor.py:157} INFO - Started process (PID=758) to work on /home/airflow/.local/lib/python3.8/site-packages/airflow/example_dags/example_params_ui_tutorial.py
[2024-03-23T07:20:35.916+0000] {processor.py:829} INFO - Processing file /home/airflow/.local/lib/python3.8/site-packages/airflow/example_dags/example_params_ui_tutorial.py for tasks to queue
[2024-03-23T07:20:35.917+0000] {logging_mixin.py:154} INFO - [2024-03-23T07:20:35.917+0000] {dagbag.py:536} INFO - Filling up the DagBag from /home/airflow/.local/lib/python3.8/site-packages/airflow/example_dags/example_params_ui_tutorial.py
[2024-03-23T07:20:35.950+0000] {processor.py:839} INFO - DAG(s) dict_keys(['example_params_ui_tutorial']) retrieved from /home/airflow/.local/lib/python3.8/site-packages/airflow/example_dags/example_params_ui_tutorial.py
[2024-03-23T07:20:35.996+0000] {logging_mixin.py:154} INFO - [2024-03-23T07:20:35.996+0000] {dag.py:2941} INFO - Sync 1 DAGs
[2024-03-23T07:20:36.005+0000] {logging_mixin.py:154} INFO - [2024-03-23T07:20:36.005+0000] {dag.py:3722} INFO - Setting next_dagrun for example_params_ui_tutorial to None, run_after=None
[2024-03-23T07:20:36.015+0000] {processor.py:179} INFO - Processing /home/airflow/.local/lib/python3.8/site-packages/airflow/example_dags/example_params_ui_tutorial.py took 0.103 seconds
[2024-03-23T07:21:06.356+0000] {processor.py:157} INFO - Started process (PID=1003) to work on /home/airflow/.local/lib/python3.8/site-packages/airflow/example_dags/example_params_ui_tutorial.py
[2024-03-23T07:21:06.357+0000] {processor.py:829} INFO - Processing file /home/airflow/.local/lib/python3.8/site-packages/airflow/example_dags/example_params_ui_tutorial.py for tasks to queue
[2024-03-23T07:21:06.357+0000] {logging_mixin.py:154} INFO - [2024-03-23T07:21:06.357+0000] {dagbag.py:536} INFO - Filling up the DagBag from /home/airflow/.local/lib/python3.8/site-packages/airflow/example_dags/example_params_ui_tutorial.py
[2024-03-23T07:21:06.380+0000] {processor.py:839} INFO - DAG(s) dict_keys(['example_params_ui_tutorial']) retrieved from /home/airflow/.local/lib/python3.8/site-packages/airflow/example_dags/example_params_ui_tutorial.py
[2024-03-23T07:21:06.408+0000] {logging_mixin.py:154} INFO - [2024-03-23T07:21:06.407+0000] {dag.py:2941} INFO - Sync 1 DAGs
[2024-03-23T07:21:06.417+0000] {logging_mixin.py:154} INFO - [2024-03-23T07:21:06.417+0000] {dag.py:3722} INFO - Setting next_dagrun for example_params_ui_tutorial to None, run_after=None
[2024-03-23T07:21:06.434+0000] {processor.py:179} INFO - Processing /home/airflow/.local/lib/python3.8/site-packages/airflow/example_dags/example_params_ui_tutorial.py took 0.080 seconds
[2024-03-23T07:21:37.355+0000] {processor.py:157} INFO - Started process (PID=1244) to work on /home/airflow/.local/lib/python3.8/site-packages/airflow/example_dags/example_params_ui_tutorial.py
[2024-03-23T07:21:37.358+0000] {processor.py:829} INFO - Processing file /home/airflow/.local/lib/python3.8/site-packages/airflow/example_dags/example_params_ui_tutorial.py for tasks to queue
[2024-03-23T07:21:37.360+0000] {logging_mixin.py:154} INFO - [2024-03-23T07:21:37.359+0000] {dagbag.py:536} INFO - Filling up the DagBag from /home/airflow/.local/lib/python3.8/site-packages/airflow/example_dags/example_params_ui_tutorial.py
[2024-03-23T07:21:37.392+0000] {processor.py:839} INFO - DAG(s) dict_keys(['example_params_ui_tutorial']) retrieved from /home/airflow/.local/lib/python3.8/site-packages/airflow/example_dags/example_params_ui_tutorial.py
[2024-03-23T07:21:37.417+0000] {logging_mixin.py:154} INFO - [2024-03-23T07:21:37.417+0000] {dag.py:2941} INFO - Sync 1 DAGs
[2024-03-23T07:21:37.425+0000] {logging_mixin.py:154} INFO - [2024-03-23T07:21:37.424+0000] {dag.py:3722} INFO - Setting next_dagrun for example_params_ui_tutorial to None, run_after=None
[2024-03-23T07:21:37.434+0000] {processor.py:179} INFO - Processing /home/airflow/.local/lib/python3.8/site-packages/airflow/example_dags/example_params_ui_tutorial.py took 0.081 seconds
[2024-03-23T07:22:07.912+0000] {processor.py:157} INFO - Started process (PID=1489) to work on /home/airflow/.local/lib/python3.8/site-packages/airflow/example_dags/example_params_ui_tutorial.py
[2024-03-23T07:22:07.915+0000] {processor.py:829} INFO - Processing file /home/airflow/.local/lib/python3.8/site-packages/airflow/example_dags/example_params_ui_tutorial.py for tasks to queue
[2024-03-23T07:22:07.916+0000] {logging_mixin.py:154} INFO - [2024-03-23T07:22:07.915+0000] {dagbag.py:536} INFO - Filling up the DagBag from /home/airflow/.local/lib/python3.8/site-packages/airflow/example_dags/example_params_ui_tutorial.py
[2024-03-23T07:22:07.937+0000] {processor.py:839} INFO - DAG(s) dict_keys(['example_params_ui_tutorial']) retrieved from /home/airflow/.local/lib/python3.8/site-packages/airflow/example_dags/example_params_ui_tutorial.py
[2024-03-23T07:22:07.988+0000] {logging_mixin.py:154} INFO - [2024-03-23T07:22:07.988+0000] {dag.py:2941} INFO - Sync 1 DAGs
[2024-03-23T07:22:08.064+0000] {logging_mixin.py:154} INFO - [2024-03-23T07:22:08.064+0000] {dag.py:3722} INFO - Setting next_dagrun for example_params_ui_tutorial to None, run_after=None
[2024-03-23T07:22:08.149+0000] {processor.py:179} INFO - Processing /home/airflow/.local/lib/python3.8/site-packages/airflow/example_dags/example_params_ui_tutorial.py took 0.240 seconds
[2024-03-23T07:22:38.431+0000] {processor.py:157} INFO - Started process (PID=1738) to work on /home/airflow/.local/lib/python3.8/site-packages/airflow/example_dags/example_params_ui_tutorial.py
[2024-03-23T07:22:38.432+0000] {processor.py:829} INFO - Processing file /home/airflow/.local/lib/python3.8/site-packages/airflow/example_dags/example_params_ui_tutorial.py for tasks to queue
[2024-03-23T07:22:38.433+0000] {logging_mixin.py:154} INFO - [2024-03-23T07:22:38.432+0000] {dagbag.py:536} INFO - Filling up the DagBag from /home/airflow/.local/lib/python3.8/site-packages/airflow/example_dags/example_params_ui_tutorial.py
[2024-03-23T07:22:38.454+0000] {processor.py:839} INFO - DAG(s) dict_keys(['example_params_ui_tutorial']) retrieved from /home/airflow/.local/lib/python3.8/site-packages/airflow/example_dags/example_params_ui_tutorial.py
[2024-03-23T07:22:38.482+0000] {logging_mixin.py:154} INFO - [2024-03-23T07:22:38.482+0000] {dag.py:2941} INFO - Sync 1 DAGs
[2024-03-23T07:22:38.488+0000] {logging_mixin.py:154} INFO - [2024-03-23T07:22:38.488+0000] {dag.py:3722} INFO - Setting next_dagrun for example_params_ui_tutorial to None, run_after=None
[2024-03-23T07:22:38.497+0000] {processor.py:179} INFO - Processing /home/airflow/.local/lib/python3.8/site-packages/airflow/example_dags/example_params_ui_tutorial.py took 0.068 seconds
[2024-03-23T07:23:09.737+0000] {processor.py:157} INFO - Started process (PID=1981) to work on /home/airflow/.local/lib/python3.8/site-packages/airflow/example_dags/example_params_ui_tutorial.py
[2024-03-23T07:23:09.738+0000] {processor.py:829} INFO - Processing file /home/airflow/.local/lib/python3.8/site-packages/airflow/example_dags/example_params_ui_tutorial.py for tasks to queue
[2024-03-23T07:23:09.738+0000] {logging_mixin.py:154} INFO - [2024-03-23T07:23:09.738+0000] {dagbag.py:536} INFO - Filling up the DagBag from /home/airflow/.local/lib/python3.8/site-packages/airflow/example_dags/example_params_ui_tutorial.py
[2024-03-23T07:23:09.779+0000] {processor.py:839} INFO - DAG(s) dict_keys(['example_params_ui_tutorial']) retrieved from /home/airflow/.local/lib/python3.8/site-packages/airflow/example_dags/example_params_ui_tutorial.py
[2024-03-23T07:23:09.837+0000] {logging_mixin.py:154} INFO - [2024-03-23T07:23:09.837+0000] {dag.py:2941} INFO - Sync 1 DAGs
[2024-03-23T07:23:09.847+0000] {logging_mixin.py:154} INFO - [2024-03-23T07:23:09.847+0000] {dag.py:3722} INFO - Setting next_dagrun for example_params_ui_tutorial to None, run_after=None
[2024-03-23T07:23:09.859+0000] {processor.py:179} INFO - Processing /home/airflow/.local/lib/python3.8/site-packages/airflow/example_dags/example_params_ui_tutorial.py took 0.127 seconds
[2024-03-23T07:23:41.482+0000] {processor.py:157} INFO - Started process (PID=2223) to work on /home/airflow/.local/lib/python3.8/site-packages/airflow/example_dags/example_params_ui_tutorial.py
[2024-03-23T07:23:41.484+0000] {processor.py:829} INFO - Processing file /home/airflow/.local/lib/python3.8/site-packages/airflow/example_dags/example_params_ui_tutorial.py for tasks to queue
[2024-03-23T07:23:41.484+0000] {logging_mixin.py:154} INFO - [2024-03-23T07:23:41.484+0000] {dagbag.py:536} INFO - Filling up the DagBag from /home/airflow/.local/lib/python3.8/site-packages/airflow/example_dags/example_params_ui_tutorial.py
[2024-03-23T07:23:41.522+0000] {processor.py:839} INFO - DAG(s) dict_keys(['example_params_ui_tutorial']) retrieved from /home/airflow/.local/lib/python3.8/site-packages/airflow/example_dags/example_params_ui_tutorial.py
[2024-03-23T07:23:41.554+0000] {logging_mixin.py:154} INFO - [2024-03-23T07:23:41.554+0000] {dag.py:2941} INFO - Sync 1 DAGs
[2024-03-23T07:23:41.563+0000] {logging_mixin.py:154} INFO - [2024-03-23T07:23:41.562+0000] {dag.py:3722} INFO - Setting next_dagrun for example_params_ui_tutorial to None, run_after=None
[2024-03-23T07:23:41.872+0000] {processor.py:179} INFO - Processing /home/airflow/.local/lib/python3.8/site-packages/airflow/example_dags/example_params_ui_tutorial.py took 0.393 seconds
[2024-03-23T07:24:13.729+0000] {processor.py:157} INFO - Started process (PID=2473) to work on /home/airflow/.local/lib/python3.8/site-packages/airflow/example_dags/example_params_ui_tutorial.py
[2024-03-23T07:24:13.730+0000] {processor.py:829} INFO - Processing file /home/airflow/.local/lib/python3.8/site-packages/airflow/example_dags/example_params_ui_tutorial.py for tasks to queue
[2024-03-23T07:24:13.731+0000] {logging_mixin.py:154} INFO - [2024-03-23T07:24:13.731+0000] {dagbag.py:536} INFO - Filling up the DagBag from /home/airflow/.local/lib/python3.8/site-packages/airflow/example_dags/example_params_ui_tutorial.py
[2024-03-23T07:24:13.761+0000] {processor.py:839} INFO - DAG(s) dict_keys(['example_params_ui_tutorial']) retrieved from /home/airflow/.local/lib/python3.8/site-packages/airflow/example_dags/example_params_ui_tutorial.py
[2024-03-23T07:24:13.795+0000] {logging_mixin.py:154} INFO - [2024-03-23T07:24:13.795+0000] {dag.py:2941} INFO - Sync 1 DAGs
[2024-03-23T07:24:13.858+0000] {logging_mixin.py:154} INFO - [2024-03-23T07:24:13.858+0000] {dag.py:3722} INFO - Setting next_dagrun for example_params_ui_tutorial to None, run_after=None
[2024-03-23T07:24:13.915+0000] {processor.py:179} INFO - Processing /home/airflow/.local/lib/python3.8/site-packages/airflow/example_dags/example_params_ui_tutorial.py took 0.188 seconds
[2024-03-23T07:24:46.073+0000] {processor.py:157} INFO - Started process (PID=2709) to work on /home/airflow/.local/lib/python3.8/site-packages/airflow/example_dags/example_params_ui_tutorial.py
[2024-03-23T07:24:46.074+0000] {processor.py:829} INFO - Processing file /home/airflow/.local/lib/python3.8/site-packages/airflow/example_dags/example_params_ui_tutorial.py for tasks to queue
[2024-03-23T07:24:46.074+0000] {logging_mixin.py:154} INFO - [2024-03-23T07:24:46.074+0000] {dagbag.py:536} INFO - Filling up the DagBag from /home/airflow/.local/lib/python3.8/site-packages/airflow/example_dags/example_params_ui_tutorial.py
[2024-03-23T07:24:46.099+0000] {processor.py:839} INFO - DAG(s) dict_keys(['example_params_ui_tutorial']) retrieved from /home/airflow/.local/lib/python3.8/site-packages/airflow/example_dags/example_params_ui_tutorial.py
[2024-03-23T07:24:46.144+0000] {logging_mixin.py:154} INFO - [2024-03-23T07:24:46.144+0000] {dag.py:2941} INFO - Sync 1 DAGs
[2024-03-23T07:24:46.153+0000] {logging_mixin.py:154} INFO - [2024-03-23T07:24:46.153+0000] {dag.py:3722} INFO - Setting next_dagrun for example_params_ui_tutorial to None, run_after=None
[2024-03-23T07:24:46.169+0000] {processor.py:179} INFO - Processing /home/airflow/.local/lib/python3.8/site-packages/airflow/example_dags/example_params_ui_tutorial.py took 0.098 seconds
[2024-03-23T07:25:21.471+0000] {processor.py:157} INFO - Started process (PID=2960) to work on /home/airflow/.local/lib/python3.8/site-packages/airflow/example_dags/example_params_ui_tutorial.py
[2024-03-23T07:25:21.473+0000] {processor.py:829} INFO - Processing file /home/airflow/.local/lib/python3.8/site-packages/airflow/example_dags/example_params_ui_tutorial.py for tasks to queue
[2024-03-23T07:25:21.474+0000] {logging_mixin.py:154} INFO - [2024-03-23T07:25:21.474+0000] {dagbag.py:536} INFO - Filling up the DagBag from /home/airflow/.local/lib/python3.8/site-packages/airflow/example_dags/example_params_ui_tutorial.py
[2024-03-23T07:25:21.541+0000] {processor.py:839} INFO - DAG(s) dict_keys(['example_params_ui_tutorial']) retrieved from /home/airflow/.local/lib/python3.8/site-packages/airflow/example_dags/example_params_ui_tutorial.py
[2024-03-23T07:25:21.616+0000] {logging_mixin.py:154} INFO - [2024-03-23T07:25:21.616+0000] {dag.py:2941} INFO - Sync 1 DAGs
[2024-03-23T07:25:21.623+0000] {logging_mixin.py:154} INFO - [2024-03-23T07:25:21.623+0000] {dag.py:3722} INFO - Setting next_dagrun for example_params_ui_tutorial to None, run_after=None
[2024-03-23T07:25:21.639+0000] {processor.py:179} INFO - Processing /home/airflow/.local/lib/python3.8/site-packages/airflow/example_dags/example_params_ui_tutorial.py took 0.175 seconds
[2024-03-23T07:25:54.193+0000] {processor.py:157} INFO - Started process (PID=3209) to work on /home/airflow/.local/lib/python3.8/site-packages/airflow/example_dags/example_params_ui_tutorial.py
[2024-03-23T07:25:54.196+0000] {processor.py:829} INFO - Processing file /home/airflow/.local/lib/python3.8/site-packages/airflow/example_dags/example_params_ui_tutorial.py for tasks to queue
[2024-03-23T07:25:54.197+0000] {logging_mixin.py:154} INFO - [2024-03-23T07:25:54.197+0000] {dagbag.py:536} INFO - Filling up the DagBag from /home/airflow/.local/lib/python3.8/site-packages/airflow/example_dags/example_params_ui_tutorial.py
[2024-03-23T07:25:54.247+0000] {processor.py:839} INFO - DAG(s) dict_keys(['example_params_ui_tutorial']) retrieved from /home/airflow/.local/lib/python3.8/site-packages/airflow/example_dags/example_params_ui_tutorial.py
[2024-03-23T07:25:54.310+0000] {logging_mixin.py:154} INFO - [2024-03-23T07:25:54.310+0000] {dag.py:2941} INFO - Sync 1 DAGs
[2024-03-23T07:25:54.322+0000] {logging_mixin.py:154} INFO - [2024-03-23T07:25:54.322+0000] {dag.py:3722} INFO - Setting next_dagrun for example_params_ui_tutorial to None, run_after=None
[2024-03-23T07:25:54.353+0000] {processor.py:179} INFO - Processing /home/airflow/.local/lib/python3.8/site-packages/airflow/example_dags/example_params_ui_tutorial.py took 0.164 seconds
[2024-03-23T07:26:28.632+0000] {processor.py:157} INFO - Started process (PID=3452) to work on /home/airflow/.local/lib/python3.8/site-packages/airflow/example_dags/example_params_ui_tutorial.py
[2024-03-23T07:26:28.633+0000] {processor.py:829} INFO - Processing file /home/airflow/.local/lib/python3.8/site-packages/airflow/example_dags/example_params_ui_tutorial.py for tasks to queue
[2024-03-23T07:26:28.635+0000] {logging_mixin.py:154} INFO - [2024-03-23T07:26:28.635+0000] {dagbag.py:536} INFO - Filling up the DagBag from /home/airflow/.local/lib/python3.8/site-packages/airflow/example_dags/example_params_ui_tutorial.py
[2024-03-23T07:26:28.731+0000] {processor.py:839} INFO - DAG(s) dict_keys(['example_params_ui_tutorial']) retrieved from /home/airflow/.local/lib/python3.8/site-packages/airflow/example_dags/example_params_ui_tutorial.py
[2024-03-23T07:26:28.786+0000] {logging_mixin.py:154} INFO - [2024-03-23T07:26:28.786+0000] {dag.py:2941} INFO - Sync 1 DAGs
[2024-03-23T07:26:28.802+0000] {logging_mixin.py:154} INFO - [2024-03-23T07:26:28.801+0000] {dag.py:3722} INFO - Setting next_dagrun for example_params_ui_tutorial to None, run_after=None
[2024-03-23T07:26:28.829+0000] {processor.py:179} INFO - Processing /home/airflow/.local/lib/python3.8/site-packages/airflow/example_dags/example_params_ui_tutorial.py took 0.200 seconds
[2024-03-23T07:27:01.969+0000] {processor.py:157} INFO - Started process (PID=3700) to work on /home/airflow/.local/lib/python3.8/site-packages/airflow/example_dags/example_params_ui_tutorial.py
[2024-03-23T07:27:01.971+0000] {processor.py:829} INFO - Processing file /home/airflow/.local/lib/python3.8/site-packages/airflow/example_dags/example_params_ui_tutorial.py for tasks to queue
[2024-03-23T07:27:01.971+0000] {logging_mixin.py:154} INFO - [2024-03-23T07:27:01.971+0000] {dagbag.py:536} INFO - Filling up the DagBag from /home/airflow/.local/lib/python3.8/site-packages/airflow/example_dags/example_params_ui_tutorial.py
[2024-03-23T07:27:02.020+0000] {processor.py:839} INFO - DAG(s) dict_keys(['example_params_ui_tutorial']) retrieved from /home/airflow/.local/lib/python3.8/site-packages/airflow/example_dags/example_params_ui_tutorial.py
[2024-03-23T07:27:02.076+0000] {logging_mixin.py:154} INFO - [2024-03-23T07:27:02.075+0000] {dag.py:2941} INFO - Sync 1 DAGs
[2024-03-23T07:27:02.085+0000] {logging_mixin.py:154} INFO - [2024-03-23T07:27:02.085+0000] {dag.py:3722} INFO - Setting next_dagrun for example_params_ui_tutorial to None, run_after=None
[2024-03-23T07:27:02.105+0000] {processor.py:179} INFO - Processing /home/airflow/.local/lib/python3.8/site-packages/airflow/example_dags/example_params_ui_tutorial.py took 0.138 seconds
[2024-03-23T07:27:35.503+0000] {processor.py:157} INFO - Started process (PID=3943) to work on /home/airflow/.local/lib/python3.8/site-packages/airflow/example_dags/example_params_ui_tutorial.py
[2024-03-23T07:27:35.505+0000] {processor.py:829} INFO - Processing file /home/airflow/.local/lib/python3.8/site-packages/airflow/example_dags/example_params_ui_tutorial.py for tasks to queue
[2024-03-23T07:27:35.506+0000] {logging_mixin.py:154} INFO - [2024-03-23T07:27:35.506+0000] {dagbag.py:536} INFO - Filling up the DagBag from /home/airflow/.local/lib/python3.8/site-packages/airflow/example_dags/example_params_ui_tutorial.py
[2024-03-23T07:27:35.565+0000] {processor.py:839} INFO - DAG(s) dict_keys(['example_params_ui_tutorial']) retrieved from /home/airflow/.local/lib/python3.8/site-packages/airflow/example_dags/example_params_ui_tutorial.py
[2024-03-23T07:27:35.624+0000] {logging_mixin.py:154} INFO - [2024-03-23T07:27:35.624+0000] {dag.py:2941} INFO - Sync 1 DAGs
[2024-03-23T07:27:35.637+0000] {logging_mixin.py:154} INFO - [2024-03-23T07:27:35.636+0000] {dag.py:3722} INFO - Setting next_dagrun for example_params_ui_tutorial to None, run_after=None
[2024-03-23T07:27:35.662+0000] {processor.py:179} INFO - Processing /home/airflow/.local/lib/python3.8/site-packages/airflow/example_dags/example_params_ui_tutorial.py took 0.163 seconds
[2024-03-23T07:28:09.524+0000] {processor.py:157} INFO - Started process (PID=4186) to work on /home/airflow/.local/lib/python3.8/site-packages/airflow/example_dags/example_params_ui_tutorial.py
[2024-03-23T07:28:09.525+0000] {processor.py:829} INFO - Processing file /home/airflow/.local/lib/python3.8/site-packages/airflow/example_dags/example_params_ui_tutorial.py for tasks to queue
[2024-03-23T07:28:09.525+0000] {logging_mixin.py:154} INFO - [2024-03-23T07:28:09.525+0000] {dagbag.py:536} INFO - Filling up the DagBag from /home/airflow/.local/lib/python3.8/site-packages/airflow/example_dags/example_params_ui_tutorial.py
[2024-03-23T07:28:09.575+0000] {processor.py:839} INFO - DAG(s) dict_keys(['example_params_ui_tutorial']) retrieved from /home/airflow/.local/lib/python3.8/site-packages/airflow/example_dags/example_params_ui_tutorial.py
[2024-03-23T07:28:09.625+0000] {logging_mixin.py:154} INFO - [2024-03-23T07:28:09.625+0000] {dag.py:2941} INFO - Sync 1 DAGs
[2024-03-23T07:28:09.637+0000] {logging_mixin.py:154} INFO - [2024-03-23T07:28:09.637+0000] {dag.py:3722} INFO - Setting next_dagrun for example_params_ui_tutorial to None, run_after=None
[2024-03-23T07:28:09.648+0000] {processor.py:179} INFO - Processing /home/airflow/.local/lib/python3.8/site-packages/airflow/example_dags/example_params_ui_tutorial.py took 0.126 seconds
[2024-03-23T07:28:40.334+0000] {processor.py:157} INFO - Started process (PID=4429) to work on /home/airflow/.local/lib/python3.8/site-packages/airflow/example_dags/example_params_ui_tutorial.py
[2024-03-23T07:28:40.335+0000] {processor.py:829} INFO - Processing file /home/airflow/.local/lib/python3.8/site-packages/airflow/example_dags/example_params_ui_tutorial.py for tasks to queue
[2024-03-23T07:28:40.336+0000] {logging_mixin.py:154} INFO - [2024-03-23T07:28:40.336+0000] {dagbag.py:536} INFO - Filling up the DagBag from /home/airflow/.local/lib/python3.8/site-packages/airflow/example_dags/example_params_ui_tutorial.py
[2024-03-23T07:28:40.363+0000] {processor.py:839} INFO - DAG(s) dict_keys(['example_params_ui_tutorial']) retrieved from /home/airflow/.local/lib/python3.8/site-packages/airflow/example_dags/example_params_ui_tutorial.py
[2024-03-23T07:28:40.391+0000] {logging_mixin.py:154} INFO - [2024-03-23T07:28:40.390+0000] {dag.py:2941} INFO - Sync 1 DAGs
[2024-03-23T07:28:40.397+0000] {logging_mixin.py:154} INFO - [2024-03-23T07:28:40.397+0000] {dag.py:3722} INFO - Setting next_dagrun for example_params_ui_tutorial to None, run_after=None
[2024-03-23T07:28:40.409+0000] {processor.py:179} INFO - Processing /home/airflow/.local/lib/python3.8/site-packages/airflow/example_dags/example_params_ui_tutorial.py took 0.077 seconds
[2024-03-23T07:29:11.415+0000] {processor.py:157} INFO - Started process (PID=4672) to work on /home/airflow/.local/lib/python3.8/site-packages/airflow/example_dags/example_params_ui_tutorial.py
[2024-03-23T07:29:11.416+0000] {processor.py:829} INFO - Processing file /home/airflow/.local/lib/python3.8/site-packages/airflow/example_dags/example_params_ui_tutorial.py for tasks to queue
[2024-03-23T07:29:11.417+0000] {logging_mixin.py:154} INFO - [2024-03-23T07:29:11.416+0000] {dagbag.py:536} INFO - Filling up the DagBag from /home/airflow/.local/lib/python3.8/site-packages/airflow/example_dags/example_params_ui_tutorial.py
[2024-03-23T07:29:11.435+0000] {processor.py:839} INFO - DAG(s) dict_keys(['example_params_ui_tutorial']) retrieved from /home/airflow/.local/lib/python3.8/site-packages/airflow/example_dags/example_params_ui_tutorial.py
[2024-03-23T07:29:11.464+0000] {logging_mixin.py:154} INFO - [2024-03-23T07:29:11.464+0000] {dag.py:2941} INFO - Sync 1 DAGs
[2024-03-23T07:29:11.470+0000] {logging_mixin.py:154} INFO - [2024-03-23T07:29:11.470+0000] {dag.py:3722} INFO - Setting next_dagrun for example_params_ui_tutorial to None, run_after=None
[2024-03-23T07:29:11.485+0000] {processor.py:179} INFO - Processing /home/airflow/.local/lib/python3.8/site-packages/airflow/example_dags/example_params_ui_tutorial.py took 0.072 seconds
[2024-03-23T07:29:36.998+0000] {processor.py:157} INFO - Started process (PID=271) to work on /home/airflow/.local/lib/python3.8/site-packages/airflow/example_dags/example_params_ui_tutorial.py
[2024-03-23T07:29:36.999+0000] {processor.py:829} INFO - Processing file /home/airflow/.local/lib/python3.8/site-packages/airflow/example_dags/example_params_ui_tutorial.py for tasks to queue
[2024-03-23T07:29:36.999+0000] {logging_mixin.py:154} INFO - [2024-03-23T07:29:36.999+0000] {dagbag.py:536} INFO - Filling up the DagBag from /home/airflow/.local/lib/python3.8/site-packages/airflow/example_dags/example_params_ui_tutorial.py
[2024-03-23T07:29:37.020+0000] {processor.py:839} INFO - DAG(s) dict_keys(['example_params_ui_tutorial']) retrieved from /home/airflow/.local/lib/python3.8/site-packages/airflow/example_dags/example_params_ui_tutorial.py
[2024-03-23T07:29:37.083+0000] {logging_mixin.py:154} INFO - [2024-03-23T07:29:37.082+0000] {dag.py:2941} INFO - Sync 1 DAGs
[2024-03-23T07:29:37.092+0000] {logging_mixin.py:154} INFO - [2024-03-23T07:29:37.092+0000] {dag.py:3722} INFO - Setting next_dagrun for example_params_ui_tutorial to None, run_after=None
[2024-03-23T07:29:37.104+0000] {processor.py:179} INFO - Processing /home/airflow/.local/lib/python3.8/site-packages/airflow/example_dags/example_params_ui_tutorial.py took 0.108 seconds
