[2024-03-23T07:19:35.219+0000] {processor.py:157} INFO - Started process (PID=357) to work on /home/airflow/.local/lib/python3.8/site-packages/airflow/example_dags/example_xcomargs.py
[2024-03-23T07:19:35.220+0000] {processor.py:829} INFO - Processing file /home/airflow/.local/lib/python3.8/site-packages/airflow/example_dags/example_xcomargs.py for tasks to queue
[2024-03-23T07:19:35.220+0000] {logging_mixin.py:154} INFO - [2024-03-23T07:19:35.220+0000] {dagbag.py:536} INFO - Filling up the DagBag from /home/airflow/.local/lib/python3.8/site-packages/airflow/example_dags/example_xcomargs.py
[2024-03-23T07:19:35.225+0000] {processor.py:839} INFO - DAG(s) dict_keys(['example_xcom_args_with_operators', 'example_xcom_args']) retrieved from /home/airflow/.local/lib/python3.8/site-packages/airflow/example_dags/example_xcomargs.py
[2024-03-23T07:19:35.300+0000] {logging_mixin.py:154} INFO - [2024-03-23T07:19:35.300+0000] {manager.py:499} INFO - Created Permission View: %s
[2024-03-23T07:19:35.305+0000] {logging_mixin.py:154} INFO - [2024-03-23T07:19:35.305+0000] {manager.py:499} INFO - Created Permission View: %s
[2024-03-23T07:19:35.309+0000] {logging_mixin.py:154} INFO - [2024-03-23T07:19:35.309+0000] {manager.py:499} INFO - Created Permission View: %s
[2024-03-23T07:19:35.315+0000] {logging_mixin.py:154} INFO - [2024-03-23T07:19:35.314+0000] {manager.py:499} INFO - Created Permission View: %s
[2024-03-23T07:19:35.318+0000] {logging_mixin.py:154} INFO - [2024-03-23T07:19:35.318+0000] {manager.py:499} INFO - Created Permission View: %s
[2024-03-23T07:19:35.321+0000] {logging_mixin.py:154} INFO - [2024-03-23T07:19:35.321+0000] {manager.py:499} INFO - Created Permission View: %s
[2024-03-23T07:19:35.321+0000] {logging_mixin.py:154} INFO - [2024-03-23T07:19:35.321+0000] {dag.py:2941} INFO - Sync 2 DAGs
[2024-03-23T07:19:35.327+0000] {logging_mixin.py:154} INFO - [2024-03-23T07:19:35.327+0000] {dag.py:2963} INFO - Creating ORM DAG for example_xcom_args
[2024-03-23T07:19:35.327+0000] {logging_mixin.py:154} INFO - [2024-03-23T07:19:35.327+0000] {dag.py:2963} INFO - Creating ORM DAG for example_xcom_args_with_operators
[2024-03-23T07:19:35.327+0000] {logging_mixin.py:154} INFO - [2024-03-23T07:19:35.327+0000] {dag.py:3722} INFO - Setting next_dagrun for example_xcom_args to None, run_after=None
[2024-03-23T07:19:35.328+0000] {logging_mixin.py:154} INFO - [2024-03-23T07:19:35.328+0000] {dag.py:3722} INFO - Setting next_dagrun for example_xcom_args_with_operators to None, run_after=None
[2024-03-23T07:19:35.356+0000] {processor.py:179} INFO - Processing /home/airflow/.local/lib/python3.8/site-packages/airflow/example_dags/example_xcomargs.py took 0.139 seconds
[2024-03-23T07:20:06.287+0000] {processor.py:157} INFO - Started process (PID=600) to work on /home/airflow/.local/lib/python3.8/site-packages/airflow/example_dags/example_xcomargs.py
[2024-03-23T07:20:06.289+0000] {processor.py:829} INFO - Processing file /home/airflow/.local/lib/python3.8/site-packages/airflow/example_dags/example_xcomargs.py for tasks to queue
[2024-03-23T07:20:06.290+0000] {logging_mixin.py:154} INFO - [2024-03-23T07:20:06.290+0000] {dagbag.py:536} INFO - Filling up the DagBag from /home/airflow/.local/lib/python3.8/site-packages/airflow/example_dags/example_xcomargs.py
[2024-03-23T07:20:06.299+0000] {processor.py:839} INFO - DAG(s) dict_keys(['example_xcom_args', 'example_xcom_args_with_operators']) retrieved from /home/airflow/.local/lib/python3.8/site-packages/airflow/example_dags/example_xcomargs.py
[2024-03-23T07:20:06.318+0000] {logging_mixin.py:154} INFO - [2024-03-23T07:20:06.318+0000] {dag.py:2941} INFO - Sync 2 DAGs
[2024-03-23T07:20:06.327+0000] {logging_mixin.py:154} INFO - [2024-03-23T07:20:06.327+0000] {dag.py:3722} INFO - Setting next_dagrun for example_xcom_args to None, run_after=None
[2024-03-23T07:20:06.330+0000] {logging_mixin.py:154} INFO - [2024-03-23T07:20:06.330+0000] {dag.py:3722} INFO - Setting next_dagrun for example_xcom_args_with_operators to None, run_after=None
[2024-03-23T07:20:06.338+0000] {processor.py:179} INFO - Processing /home/airflow/.local/lib/python3.8/site-packages/airflow/example_dags/example_xcomargs.py took 0.056 seconds
[2024-03-23T07:20:36.722+0000] {processor.py:157} INFO - Started process (PID=843) to work on /home/airflow/.local/lib/python3.8/site-packages/airflow/example_dags/example_xcomargs.py
[2024-03-23T07:20:36.723+0000] {processor.py:829} INFO - Processing file /home/airflow/.local/lib/python3.8/site-packages/airflow/example_dags/example_xcomargs.py for tasks to queue
[2024-03-23T07:20:36.723+0000] {logging_mixin.py:154} INFO - [2024-03-23T07:20:36.723+0000] {dagbag.py:536} INFO - Filling up the DagBag from /home/airflow/.local/lib/python3.8/site-packages/airflow/example_dags/example_xcomargs.py
[2024-03-23T07:20:36.729+0000] {processor.py:839} INFO - DAG(s) dict_keys(['example_xcom_args_with_operators', 'example_xcom_args']) retrieved from /home/airflow/.local/lib/python3.8/site-packages/airflow/example_dags/example_xcomargs.py
[2024-03-23T07:20:36.747+0000] {logging_mixin.py:154} INFO - [2024-03-23T07:20:36.747+0000] {dag.py:2941} INFO - Sync 2 DAGs
[2024-03-23T07:20:36.761+0000] {logging_mixin.py:154} INFO - [2024-03-23T07:20:36.761+0000] {dag.py:3722} INFO - Setting next_dagrun for example_xcom_args to None, run_after=None
[2024-03-23T07:20:36.764+0000] {logging_mixin.py:154} INFO - [2024-03-23T07:20:36.764+0000] {dag.py:3722} INFO - Setting next_dagrun for example_xcom_args_with_operators to None, run_after=None
[2024-03-23T07:20:36.775+0000] {processor.py:179} INFO - Processing /home/airflow/.local/lib/python3.8/site-packages/airflow/example_dags/example_xcomargs.py took 0.055 seconds
[2024-03-23T07:21:07.054+0000] {processor.py:157} INFO - Started process (PID=1086) to work on /home/airflow/.local/lib/python3.8/site-packages/airflow/example_dags/example_xcomargs.py
[2024-03-23T07:21:07.055+0000] {processor.py:829} INFO - Processing file /home/airflow/.local/lib/python3.8/site-packages/airflow/example_dags/example_xcomargs.py for tasks to queue
[2024-03-23T07:21:07.056+0000] {logging_mixin.py:154} INFO - [2024-03-23T07:21:07.056+0000] {dagbag.py:536} INFO - Filling up the DagBag from /home/airflow/.local/lib/python3.8/site-packages/airflow/example_dags/example_xcomargs.py
[2024-03-23T07:21:07.062+0000] {processor.py:839} INFO - DAG(s) dict_keys(['example_xcom_args_with_operators', 'example_xcom_args']) retrieved from /home/airflow/.local/lib/python3.8/site-packages/airflow/example_dags/example_xcomargs.py
[2024-03-23T07:21:07.096+0000] {logging_mixin.py:154} INFO - [2024-03-23T07:21:07.095+0000] {dag.py:2941} INFO - Sync 2 DAGs
[2024-03-23T07:21:07.109+0000] {logging_mixin.py:154} INFO - [2024-03-23T07:21:07.109+0000] {dag.py:3722} INFO - Setting next_dagrun for example_xcom_args to None, run_after=None
[2024-03-23T07:21:07.120+0000] {logging_mixin.py:154} INFO - [2024-03-23T07:21:07.120+0000] {dag.py:3722} INFO - Setting next_dagrun for example_xcom_args_with_operators to None, run_after=None
[2024-03-23T07:21:07.136+0000] {processor.py:179} INFO - Processing /home/airflow/.local/lib/python3.8/site-packages/airflow/example_dags/example_xcomargs.py took 0.085 seconds
[2024-03-23T07:21:37.996+0000] {processor.py:157} INFO - Started process (PID=1329) to work on /home/airflow/.local/lib/python3.8/site-packages/airflow/example_dags/example_xcomargs.py
[2024-03-23T07:21:37.997+0000] {processor.py:829} INFO - Processing file /home/airflow/.local/lib/python3.8/site-packages/airflow/example_dags/example_xcomargs.py for tasks to queue
[2024-03-23T07:21:37.998+0000] {logging_mixin.py:154} INFO - [2024-03-23T07:21:37.998+0000] {dagbag.py:536} INFO - Filling up the DagBag from /home/airflow/.local/lib/python3.8/site-packages/airflow/example_dags/example_xcomargs.py
[2024-03-23T07:21:38.002+0000] {processor.py:839} INFO - DAG(s) dict_keys(['example_xcom_args', 'example_xcom_args_with_operators']) retrieved from /home/airflow/.local/lib/python3.8/site-packages/airflow/example_dags/example_xcomargs.py
[2024-03-23T07:21:38.013+0000] {logging_mixin.py:154} INFO - [2024-03-23T07:21:38.013+0000] {dag.py:2941} INFO - Sync 2 DAGs
[2024-03-23T07:21:38.019+0000] {logging_mixin.py:154} INFO - [2024-03-23T07:21:38.019+0000] {dag.py:3722} INFO - Setting next_dagrun for example_xcom_args to None, run_after=None
[2024-03-23T07:21:38.021+0000] {logging_mixin.py:154} INFO - [2024-03-23T07:21:38.020+0000] {dag.py:3722} INFO - Setting next_dagrun for example_xcom_args_with_operators to None, run_after=None
[2024-03-23T07:21:38.027+0000] {processor.py:179} INFO - Processing /home/airflow/.local/lib/python3.8/site-packages/airflow/example_dags/example_xcomargs.py took 0.033 seconds
[2024-03-23T07:22:09.036+0000] {processor.py:157} INFO - Started process (PID=1576) to work on /home/airflow/.local/lib/python3.8/site-packages/airflow/example_dags/example_xcomargs.py
[2024-03-23T07:22:09.037+0000] {processor.py:829} INFO - Processing file /home/airflow/.local/lib/python3.8/site-packages/airflow/example_dags/example_xcomargs.py for tasks to queue
[2024-03-23T07:22:09.037+0000] {logging_mixin.py:154} INFO - [2024-03-23T07:22:09.037+0000] {dagbag.py:536} INFO - Filling up the DagBag from /home/airflow/.local/lib/python3.8/site-packages/airflow/example_dags/example_xcomargs.py
[2024-03-23T07:22:09.042+0000] {processor.py:839} INFO - DAG(s) dict_keys(['example_xcom_args', 'example_xcom_args_with_operators']) retrieved from /home/airflow/.local/lib/python3.8/site-packages/airflow/example_dags/example_xcomargs.py
[2024-03-23T07:22:09.055+0000] {logging_mixin.py:154} INFO - [2024-03-23T07:22:09.055+0000] {dag.py:2941} INFO - Sync 2 DAGs
[2024-03-23T07:22:09.061+0000] {logging_mixin.py:154} INFO - [2024-03-23T07:22:09.061+0000] {dag.py:3722} INFO - Setting next_dagrun for example_xcom_args to None, run_after=None
[2024-03-23T07:22:09.063+0000] {logging_mixin.py:154} INFO - [2024-03-23T07:22:09.063+0000] {dag.py:3722} INFO - Setting next_dagrun for example_xcom_args_with_operators to None, run_after=None
[2024-03-23T07:22:09.071+0000] {processor.py:179} INFO - Processing /home/airflow/.local/lib/python3.8/site-packages/airflow/example_dags/example_xcomargs.py took 0.037 seconds
[2024-03-23T07:22:39.950+0000] {processor.py:157} INFO - Started process (PID=1823) to work on /home/airflow/.local/lib/python3.8/site-packages/airflow/example_dags/example_xcomargs.py
[2024-03-23T07:22:39.951+0000] {processor.py:829} INFO - Processing file /home/airflow/.local/lib/python3.8/site-packages/airflow/example_dags/example_xcomargs.py for tasks to queue
[2024-03-23T07:22:39.952+0000] {logging_mixin.py:154} INFO - [2024-03-23T07:22:39.952+0000] {dagbag.py:536} INFO - Filling up the DagBag from /home/airflow/.local/lib/python3.8/site-packages/airflow/example_dags/example_xcomargs.py
[2024-03-23T07:22:39.955+0000] {processor.py:839} INFO - DAG(s) dict_keys(['example_xcom_args', 'example_xcom_args_with_operators']) retrieved from /home/airflow/.local/lib/python3.8/site-packages/airflow/example_dags/example_xcomargs.py
[2024-03-23T07:22:39.967+0000] {logging_mixin.py:154} INFO - [2024-03-23T07:22:39.967+0000] {dag.py:2941} INFO - Sync 2 DAGs
[2024-03-23T07:22:39.975+0000] {logging_mixin.py:154} INFO - [2024-03-23T07:22:39.975+0000] {dag.py:3722} INFO - Setting next_dagrun for example_xcom_args to None, run_after=None
[2024-03-23T07:22:39.977+0000] {logging_mixin.py:154} INFO - [2024-03-23T07:22:39.977+0000] {dag.py:3722} INFO - Setting next_dagrun for example_xcom_args_with_operators to None, run_after=None
[2024-03-23T07:22:39.984+0000] {processor.py:179} INFO - Processing /home/airflow/.local/lib/python3.8/site-packages/airflow/example_dags/example_xcomargs.py took 0.035 seconds
[2024-03-23T07:23:10.339+0000] {processor.py:157} INFO - Started process (PID=2068) to work on /home/airflow/.local/lib/python3.8/site-packages/airflow/example_dags/example_xcomargs.py
[2024-03-23T07:23:10.340+0000] {processor.py:829} INFO - Processing file /home/airflow/.local/lib/python3.8/site-packages/airflow/example_dags/example_xcomargs.py for tasks to queue
[2024-03-23T07:23:10.342+0000] {logging_mixin.py:154} INFO - [2024-03-23T07:23:10.341+0000] {dagbag.py:536} INFO - Filling up the DagBag from /home/airflow/.local/lib/python3.8/site-packages/airflow/example_dags/example_xcomargs.py
[2024-03-23T07:23:10.346+0000] {processor.py:839} INFO - DAG(s) dict_keys(['example_xcom_args_with_operators', 'example_xcom_args']) retrieved from /home/airflow/.local/lib/python3.8/site-packages/airflow/example_dags/example_xcomargs.py
[2024-03-23T07:23:10.360+0000] {logging_mixin.py:154} INFO - [2024-03-23T07:23:10.359+0000] {dag.py:2941} INFO - Sync 2 DAGs
[2024-03-23T07:23:10.367+0000] {logging_mixin.py:154} INFO - [2024-03-23T07:23:10.367+0000] {dag.py:3722} INFO - Setting next_dagrun for example_xcom_args to None, run_after=None
[2024-03-23T07:23:10.369+0000] {logging_mixin.py:154} INFO - [2024-03-23T07:23:10.369+0000] {dag.py:3722} INFO - Setting next_dagrun for example_xcom_args_with_operators to None, run_after=None
[2024-03-23T07:23:10.376+0000] {processor.py:179} INFO - Processing /home/airflow/.local/lib/python3.8/site-packages/airflow/example_dags/example_xcomargs.py took 0.039 seconds
[2024-03-23T07:23:43.484+0000] {processor.py:157} INFO - Started process (PID=2308) to work on /home/airflow/.local/lib/python3.8/site-packages/airflow/example_dags/example_xcomargs.py
[2024-03-23T07:23:43.485+0000] {processor.py:829} INFO - Processing file /home/airflow/.local/lib/python3.8/site-packages/airflow/example_dags/example_xcomargs.py for tasks to queue
[2024-03-23T07:23:43.486+0000] {logging_mixin.py:154} INFO - [2024-03-23T07:23:43.486+0000] {dagbag.py:536} INFO - Filling up the DagBag from /home/airflow/.local/lib/python3.8/site-packages/airflow/example_dags/example_xcomargs.py
[2024-03-23T07:23:43.491+0000] {processor.py:839} INFO - DAG(s) dict_keys(['example_xcom_args_with_operators', 'example_xcom_args']) retrieved from /home/airflow/.local/lib/python3.8/site-packages/airflow/example_dags/example_xcomargs.py
[2024-03-23T07:23:43.504+0000] {logging_mixin.py:154} INFO - [2024-03-23T07:23:43.504+0000] {dag.py:2941} INFO - Sync 2 DAGs
[2024-03-23T07:23:43.512+0000] {logging_mixin.py:154} INFO - [2024-03-23T07:23:43.512+0000] {dag.py:3722} INFO - Setting next_dagrun for example_xcom_args to None, run_after=None
[2024-03-23T07:23:43.516+0000] {logging_mixin.py:154} INFO - [2024-03-23T07:23:43.515+0000] {dag.py:3722} INFO - Setting next_dagrun for example_xcom_args_with_operators to None, run_after=None
[2024-03-23T07:23:43.526+0000] {processor.py:179} INFO - Processing /home/airflow/.local/lib/python3.8/site-packages/airflow/example_dags/example_xcomargs.py took 0.044 seconds
[2024-03-23T07:24:14.902+0000] {processor.py:157} INFO - Started process (PID=2551) to work on /home/airflow/.local/lib/python3.8/site-packages/airflow/example_dags/example_xcomargs.py
[2024-03-23T07:24:14.902+0000] {processor.py:829} INFO - Processing file /home/airflow/.local/lib/python3.8/site-packages/airflow/example_dags/example_xcomargs.py for tasks to queue
[2024-03-23T07:24:14.903+0000] {logging_mixin.py:154} INFO - [2024-03-23T07:24:14.903+0000] {dagbag.py:536} INFO - Filling up the DagBag from /home/airflow/.local/lib/python3.8/site-packages/airflow/example_dags/example_xcomargs.py
[2024-03-23T07:24:14.908+0000] {processor.py:839} INFO - DAG(s) dict_keys(['example_xcom_args_with_operators', 'example_xcom_args']) retrieved from /home/airflow/.local/lib/python3.8/site-packages/airflow/example_dags/example_xcomargs.py
[2024-03-23T07:24:14.923+0000] {logging_mixin.py:154} INFO - [2024-03-23T07:24:14.923+0000] {dag.py:2941} INFO - Sync 2 DAGs
[2024-03-23T07:24:14.932+0000] {logging_mixin.py:154} INFO - [2024-03-23T07:24:14.931+0000] {dag.py:3722} INFO - Setting next_dagrun for example_xcom_args to None, run_after=None
[2024-03-23T07:24:14.934+0000] {logging_mixin.py:154} INFO - [2024-03-23T07:24:14.933+0000] {dag.py:3722} INFO - Setting next_dagrun for example_xcom_args_with_operators to None, run_after=None
[2024-03-23T07:24:14.941+0000] {processor.py:179} INFO - Processing /home/airflow/.local/lib/python3.8/site-packages/airflow/example_dags/example_xcomargs.py took 0.041 seconds
[2024-03-23T07:24:47.023+0000] {processor.py:157} INFO - Started process (PID=2794) to work on /home/airflow/.local/lib/python3.8/site-packages/airflow/example_dags/example_xcomargs.py
[2024-03-23T07:24:47.026+0000] {processor.py:829} INFO - Processing file /home/airflow/.local/lib/python3.8/site-packages/airflow/example_dags/example_xcomargs.py for tasks to queue
[2024-03-23T07:24:47.029+0000] {logging_mixin.py:154} INFO - [2024-03-23T07:24:47.028+0000] {dagbag.py:536} INFO - Filling up the DagBag from /home/airflow/.local/lib/python3.8/site-packages/airflow/example_dags/example_xcomargs.py
[2024-03-23T07:24:47.041+0000] {processor.py:839} INFO - DAG(s) dict_keys(['example_xcom_args', 'example_xcom_args_with_operators']) retrieved from /home/airflow/.local/lib/python3.8/site-packages/airflow/example_dags/example_xcomargs.py
[2024-03-23T07:24:47.065+0000] {logging_mixin.py:154} INFO - [2024-03-23T07:24:47.065+0000] {dag.py:2941} INFO - Sync 2 DAGs
[2024-03-23T07:24:47.075+0000] {logging_mixin.py:154} INFO - [2024-03-23T07:24:47.075+0000] {dag.py:3722} INFO - Setting next_dagrun for example_xcom_args to None, run_after=None
[2024-03-23T07:24:47.078+0000] {logging_mixin.py:154} INFO - [2024-03-23T07:24:47.078+0000] {dag.py:3722} INFO - Setting next_dagrun for example_xcom_args_with_operators to None, run_after=None
[2024-03-23T07:24:47.089+0000] {processor.py:179} INFO - Processing /home/airflow/.local/lib/python3.8/site-packages/airflow/example_dags/example_xcomargs.py took 0.068 seconds
[2024-03-23T07:25:22.690+0000] {processor.py:157} INFO - Started process (PID=3043) to work on /home/airflow/.local/lib/python3.8/site-packages/airflow/example_dags/example_xcomargs.py
[2024-03-23T07:25:22.691+0000] {processor.py:829} INFO - Processing file /home/airflow/.local/lib/python3.8/site-packages/airflow/example_dags/example_xcomargs.py for tasks to queue
[2024-03-23T07:25:22.693+0000] {logging_mixin.py:154} INFO - [2024-03-23T07:25:22.692+0000] {dagbag.py:536} INFO - Filling up the DagBag from /home/airflow/.local/lib/python3.8/site-packages/airflow/example_dags/example_xcomargs.py
[2024-03-23T07:25:22.707+0000] {processor.py:839} INFO - DAG(s) dict_keys(['example_xcom_args_with_operators', 'example_xcom_args']) retrieved from /home/airflow/.local/lib/python3.8/site-packages/airflow/example_dags/example_xcomargs.py
[2024-03-23T07:25:22.729+0000] {logging_mixin.py:154} INFO - [2024-03-23T07:25:22.729+0000] {dag.py:2941} INFO - Sync 2 DAGs
[2024-03-23T07:25:22.747+0000] {logging_mixin.py:154} INFO - [2024-03-23T07:25:22.747+0000] {dag.py:3722} INFO - Setting next_dagrun for example_xcom_args to None, run_after=None
[2024-03-23T07:25:22.751+0000] {logging_mixin.py:154} INFO - [2024-03-23T07:25:22.750+0000] {dag.py:3722} INFO - Setting next_dagrun for example_xcom_args_with_operators to None, run_after=None
[2024-03-23T07:25:22.760+0000] {processor.py:179} INFO - Processing /home/airflow/.local/lib/python3.8/site-packages/airflow/example_dags/example_xcomargs.py took 0.074 seconds
[2024-03-23T07:25:55.904+0000] {processor.py:157} INFO - Started process (PID=3292) to work on /home/airflow/.local/lib/python3.8/site-packages/airflow/example_dags/example_xcomargs.py
[2024-03-23T07:25:55.906+0000] {processor.py:829} INFO - Processing file /home/airflow/.local/lib/python3.8/site-packages/airflow/example_dags/example_xcomargs.py for tasks to queue
[2024-03-23T07:25:55.907+0000] {logging_mixin.py:154} INFO - [2024-03-23T07:25:55.907+0000] {dagbag.py:536} INFO - Filling up the DagBag from /home/airflow/.local/lib/python3.8/site-packages/airflow/example_dags/example_xcomargs.py
[2024-03-23T07:25:55.926+0000] {processor.py:839} INFO - DAG(s) dict_keys(['example_xcom_args_with_operators', 'example_xcom_args']) retrieved from /home/airflow/.local/lib/python3.8/site-packages/airflow/example_dags/example_xcomargs.py
[2024-03-23T07:25:55.968+0000] {logging_mixin.py:154} INFO - [2024-03-23T07:25:55.968+0000] {dag.py:2941} INFO - Sync 2 DAGs
[2024-03-23T07:25:55.988+0000] {logging_mixin.py:154} INFO - [2024-03-23T07:25:55.987+0000] {dag.py:3722} INFO - Setting next_dagrun for example_xcom_args to None, run_after=None
[2024-03-23T07:25:55.994+0000] {logging_mixin.py:154} INFO - [2024-03-23T07:25:55.994+0000] {dag.py:3722} INFO - Setting next_dagrun for example_xcom_args_with_operators to None, run_after=None
[2024-03-23T07:25:56.026+0000] {processor.py:179} INFO - Processing /home/airflow/.local/lib/python3.8/site-packages/airflow/example_dags/example_xcomargs.py took 0.125 seconds
[2024-03-23T07:26:29.706+0000] {processor.py:157} INFO - Started process (PID=3542) to work on /home/airflow/.local/lib/python3.8/site-packages/airflow/example_dags/example_xcomargs.py
[2024-03-23T07:26:29.741+0000] {processor.py:829} INFO - Processing file /home/airflow/.local/lib/python3.8/site-packages/airflow/example_dags/example_xcomargs.py for tasks to queue
[2024-03-23T07:26:29.742+0000] {logging_mixin.py:154} INFO - [2024-03-23T07:26:29.742+0000] {dagbag.py:536} INFO - Filling up the DagBag from /home/airflow/.local/lib/python3.8/site-packages/airflow/example_dags/example_xcomargs.py
[2024-03-23T07:26:29.751+0000] {processor.py:839} INFO - DAG(s) dict_keys(['example_xcom_args', 'example_xcom_args_with_operators']) retrieved from /home/airflow/.local/lib/python3.8/site-packages/airflow/example_dags/example_xcomargs.py
[2024-03-23T07:26:29.773+0000] {logging_mixin.py:154} INFO - [2024-03-23T07:26:29.773+0000] {dag.py:2941} INFO - Sync 2 DAGs
[2024-03-23T07:26:29.814+0000] {logging_mixin.py:154} INFO - [2024-03-23T07:26:29.814+0000] {dag.py:3722} INFO - Setting next_dagrun for example_xcom_args to None, run_after=None
[2024-03-23T07:26:29.817+0000] {logging_mixin.py:154} INFO - [2024-03-23T07:26:29.817+0000] {dag.py:3722} INFO - Setting next_dagrun for example_xcom_args_with_operators to None, run_after=None
[2024-03-23T07:26:29.832+0000] {processor.py:179} INFO - Processing /home/airflow/.local/lib/python3.8/site-packages/airflow/example_dags/example_xcomargs.py took 0.127 seconds
[2024-03-23T07:27:02.804+0000] {processor.py:157} INFO - Started process (PID=3785) to work on /home/airflow/.local/lib/python3.8/site-packages/airflow/example_dags/example_xcomargs.py
[2024-03-23T07:27:02.805+0000] {processor.py:829} INFO - Processing file /home/airflow/.local/lib/python3.8/site-packages/airflow/example_dags/example_xcomargs.py for tasks to queue
[2024-03-23T07:27:02.805+0000] {logging_mixin.py:154} INFO - [2024-03-23T07:27:02.805+0000] {dagbag.py:536} INFO - Filling up the DagBag from /home/airflow/.local/lib/python3.8/site-packages/airflow/example_dags/example_xcomargs.py
[2024-03-23T07:27:02.811+0000] {processor.py:839} INFO - DAG(s) dict_keys(['example_xcom_args_with_operators', 'example_xcom_args']) retrieved from /home/airflow/.local/lib/python3.8/site-packages/airflow/example_dags/example_xcomargs.py
[2024-03-23T07:27:02.825+0000] {logging_mixin.py:154} INFO - [2024-03-23T07:27:02.825+0000] {dag.py:2941} INFO - Sync 2 DAGs
[2024-03-23T07:27:02.841+0000] {logging_mixin.py:154} INFO - [2024-03-23T07:27:02.841+0000] {dag.py:3722} INFO - Setting next_dagrun for example_xcom_args to None, run_after=None
[2024-03-23T07:27:02.845+0000] {logging_mixin.py:154} INFO - [2024-03-23T07:27:02.844+0000] {dag.py:3722} INFO - Setting next_dagrun for example_xcom_args_with_operators to None, run_after=None
[2024-03-23T07:27:02.856+0000] {processor.py:179} INFO - Processing /home/airflow/.local/lib/python3.8/site-packages/airflow/example_dags/example_xcomargs.py took 0.054 seconds
[2024-03-23T07:27:36.367+0000] {processor.py:157} INFO - Started process (PID=4028) to work on /home/airflow/.local/lib/python3.8/site-packages/airflow/example_dags/example_xcomargs.py
[2024-03-23T07:27:36.368+0000] {processor.py:829} INFO - Processing file /home/airflow/.local/lib/python3.8/site-packages/airflow/example_dags/example_xcomargs.py for tasks to queue
[2024-03-23T07:27:36.369+0000] {logging_mixin.py:154} INFO - [2024-03-23T07:27:36.369+0000] {dagbag.py:536} INFO - Filling up the DagBag from /home/airflow/.local/lib/python3.8/site-packages/airflow/example_dags/example_xcomargs.py
[2024-03-23T07:27:36.374+0000] {processor.py:839} INFO - DAG(s) dict_keys(['example_xcom_args', 'example_xcom_args_with_operators']) retrieved from /home/airflow/.local/lib/python3.8/site-packages/airflow/example_dags/example_xcomargs.py
[2024-03-23T07:27:36.389+0000] {logging_mixin.py:154} INFO - [2024-03-23T07:27:36.389+0000] {dag.py:2941} INFO - Sync 2 DAGs
[2024-03-23T07:27:36.405+0000] {logging_mixin.py:154} INFO - [2024-03-23T07:27:36.405+0000] {dag.py:3722} INFO - Setting next_dagrun for example_xcom_args to None, run_after=None
[2024-03-23T07:27:36.407+0000] {logging_mixin.py:154} INFO - [2024-03-23T07:27:36.407+0000] {dag.py:3722} INFO - Setting next_dagrun for example_xcom_args_with_operators to None, run_after=None
[2024-03-23T07:27:36.422+0000] {processor.py:179} INFO - Processing /home/airflow/.local/lib/python3.8/site-packages/airflow/example_dags/example_xcomargs.py took 0.057 seconds
[2024-03-23T07:28:10.401+0000] {processor.py:157} INFO - Started process (PID=4271) to work on /home/airflow/.local/lib/python3.8/site-packages/airflow/example_dags/example_xcomargs.py
[2024-03-23T07:28:10.402+0000] {processor.py:829} INFO - Processing file /home/airflow/.local/lib/python3.8/site-packages/airflow/example_dags/example_xcomargs.py for tasks to queue
[2024-03-23T07:28:10.402+0000] {logging_mixin.py:154} INFO - [2024-03-23T07:28:10.402+0000] {dagbag.py:536} INFO - Filling up the DagBag from /home/airflow/.local/lib/python3.8/site-packages/airflow/example_dags/example_xcomargs.py
[2024-03-23T07:28:10.407+0000] {processor.py:839} INFO - DAG(s) dict_keys(['example_xcom_args', 'example_xcom_args_with_operators']) retrieved from /home/airflow/.local/lib/python3.8/site-packages/airflow/example_dags/example_xcomargs.py
[2024-03-23T07:28:10.427+0000] {logging_mixin.py:154} INFO - [2024-03-23T07:28:10.426+0000] {dag.py:2941} INFO - Sync 2 DAGs
[2024-03-23T07:28:10.438+0000] {logging_mixin.py:154} INFO - [2024-03-23T07:28:10.438+0000] {dag.py:3722} INFO - Setting next_dagrun for example_xcom_args to None, run_after=None
[2024-03-23T07:28:10.440+0000] {logging_mixin.py:154} INFO - [2024-03-23T07:28:10.440+0000] {dag.py:3722} INFO - Setting next_dagrun for example_xcom_args_with_operators to None, run_after=None
[2024-03-23T07:28:10.451+0000] {processor.py:179} INFO - Processing /home/airflow/.local/lib/python3.8/site-packages/airflow/example_dags/example_xcomargs.py took 0.052 seconds
[2024-03-23T07:28:41.029+0000] {processor.py:157} INFO - Started process (PID=4516) to work on /home/airflow/.local/lib/python3.8/site-packages/airflow/example_dags/example_xcomargs.py
[2024-03-23T07:28:41.030+0000] {processor.py:829} INFO - Processing file /home/airflow/.local/lib/python3.8/site-packages/airflow/example_dags/example_xcomargs.py for tasks to queue
[2024-03-23T07:28:41.031+0000] {logging_mixin.py:154} INFO - [2024-03-23T07:28:41.031+0000] {dagbag.py:536} INFO - Filling up the DagBag from /home/airflow/.local/lib/python3.8/site-packages/airflow/example_dags/example_xcomargs.py
[2024-03-23T07:28:41.035+0000] {processor.py:839} INFO - DAG(s) dict_keys(['example_xcom_args_with_operators', 'example_xcom_args']) retrieved from /home/airflow/.local/lib/python3.8/site-packages/airflow/example_dags/example_xcomargs.py
[2024-03-23T07:28:41.048+0000] {logging_mixin.py:154} INFO - [2024-03-23T07:28:41.048+0000] {dag.py:2941} INFO - Sync 2 DAGs
[2024-03-23T07:28:41.055+0000] {logging_mixin.py:154} INFO - [2024-03-23T07:28:41.055+0000] {dag.py:3722} INFO - Setting next_dagrun for example_xcom_args to None, run_after=None
[2024-03-23T07:28:41.057+0000] {logging_mixin.py:154} INFO - [2024-03-23T07:28:41.057+0000] {dag.py:3722} INFO - Setting next_dagrun for example_xcom_args_with_operators to None, run_after=None
[2024-03-23T07:28:41.064+0000] {processor.py:179} INFO - Processing /home/airflow/.local/lib/python3.8/site-packages/airflow/example_dags/example_xcomargs.py took 0.037 seconds
[2024-03-23T07:29:11.944+0000] {processor.py:157} INFO - Started process (PID=4757) to work on /home/airflow/.local/lib/python3.8/site-packages/airflow/example_dags/example_xcomargs.py
[2024-03-23T07:29:11.946+0000] {processor.py:829} INFO - Processing file /home/airflow/.local/lib/python3.8/site-packages/airflow/example_dags/example_xcomargs.py for tasks to queue
[2024-03-23T07:29:11.947+0000] {logging_mixin.py:154} INFO - [2024-03-23T07:29:11.947+0000] {dagbag.py:536} INFO - Filling up the DagBag from /home/airflow/.local/lib/python3.8/site-packages/airflow/example_dags/example_xcomargs.py
[2024-03-23T07:29:11.955+0000] {processor.py:839} INFO - DAG(s) dict_keys(['example_xcom_args', 'example_xcom_args_with_operators']) retrieved from /home/airflow/.local/lib/python3.8/site-packages/airflow/example_dags/example_xcomargs.py
[2024-03-23T07:29:11.970+0000] {logging_mixin.py:154} INFO - [2024-03-23T07:29:11.970+0000] {dag.py:2941} INFO - Sync 2 DAGs
[2024-03-23T07:29:11.978+0000] {logging_mixin.py:154} INFO - [2024-03-23T07:29:11.978+0000] {dag.py:3722} INFO - Setting next_dagrun for example_xcom_args to None, run_after=None
[2024-03-23T07:29:11.980+0000] {logging_mixin.py:154} INFO - [2024-03-23T07:29:11.979+0000] {dag.py:3722} INFO - Setting next_dagrun for example_xcom_args_with_operators to None, run_after=None
[2024-03-23T07:29:11.987+0000] {processor.py:179} INFO - Processing /home/airflow/.local/lib/python3.8/site-packages/airflow/example_dags/example_xcomargs.py took 0.045 seconds
[2024-03-23T07:29:37.653+0000] {processor.py:157} INFO - Started process (PID=358) to work on /home/airflow/.local/lib/python3.8/site-packages/airflow/example_dags/example_xcomargs.py
[2024-03-23T07:29:37.654+0000] {processor.py:829} INFO - Processing file /home/airflow/.local/lib/python3.8/site-packages/airflow/example_dags/example_xcomargs.py for tasks to queue
[2024-03-23T07:29:37.654+0000] {logging_mixin.py:154} INFO - [2024-03-23T07:29:37.654+0000] {dagbag.py:536} INFO - Filling up the DagBag from /home/airflow/.local/lib/python3.8/site-packages/airflow/example_dags/example_xcomargs.py
[2024-03-23T07:29:37.659+0000] {processor.py:839} INFO - DAG(s) dict_keys(['example_xcom_args_with_operators', 'example_xcom_args']) retrieved from /home/airflow/.local/lib/python3.8/site-packages/airflow/example_dags/example_xcomargs.py
[2024-03-23T07:29:37.671+0000] {logging_mixin.py:154} INFO - [2024-03-23T07:29:37.671+0000] {dag.py:2941} INFO - Sync 2 DAGs
[2024-03-23T07:29:37.678+0000] {logging_mixin.py:154} INFO - [2024-03-23T07:29:37.677+0000] {dag.py:3722} INFO - Setting next_dagrun for example_xcom_args to None, run_after=None
[2024-03-23T07:29:37.679+0000] {logging_mixin.py:154} INFO - [2024-03-23T07:29:37.679+0000] {dag.py:3722} INFO - Setting next_dagrun for example_xcom_args_with_operators to None, run_after=None
[2024-03-23T07:29:37.687+0000] {processor.py:179} INFO - Processing /home/airflow/.local/lib/python3.8/site-packages/airflow/example_dags/example_xcomargs.py took 0.036 seconds
