[2024-03-23T07:19:32.413+0000] {processor.py:157} INFO - Started process (PID=179) to work on /home/airflow/.local/lib/python3.8/site-packages/airflow/example_dags/example_time_delta_sensor_async.py
[2024-03-23T07:19:32.414+0000] {processor.py:829} INFO - Processing file /home/airflow/.local/lib/python3.8/site-packages/airflow/example_dags/example_time_delta_sensor_async.py for tasks to queue
[2024-03-23T07:19:32.415+0000] {logging_mixin.py:154} INFO - [2024-03-23T07:19:32.415+0000] {dagbag.py:536} INFO - Filling up the DagBag from /home/airflow/.local/lib/python3.8/site-packages/airflow/example_dags/example_time_delta_sensor_async.py
[2024-03-23T07:19:32.428+0000] {processor.py:839} INFO - DAG(s) dict_keys(['example_time_delta_sensor_async']) retrieved from /home/airflow/.local/lib/python3.8/site-packages/airflow/example_dags/example_time_delta_sensor_async.py
[2024-03-23T07:19:32.539+0000] {logging_mixin.py:154} INFO - [2024-03-23T07:19:32.539+0000] {manager.py:499} INFO - Created Permission View: %s
[2024-03-23T07:19:32.544+0000] {logging_mixin.py:154} INFO - [2024-03-23T07:19:32.544+0000] {manager.py:499} INFO - Created Permission View: %s
[2024-03-23T07:19:32.550+0000] {logging_mixin.py:154} INFO - [2024-03-23T07:19:32.550+0000] {manager.py:499} INFO - Created Permission View: %s
[2024-03-23T07:19:32.551+0000] {logging_mixin.py:154} INFO - [2024-03-23T07:19:32.551+0000] {dag.py:2941} INFO - Sync 1 DAGs
[2024-03-23T07:19:32.557+0000] {logging_mixin.py:154} INFO - [2024-03-23T07:19:32.557+0000] {dag.py:2963} INFO - Creating ORM DAG for example_time_delta_sensor_async
[2024-03-23T07:19:32.558+0000] {logging_mixin.py:154} INFO - [2024-03-23T07:19:32.557+0000] {dag.py:3722} INFO - Setting next_dagrun for example_time_delta_sensor_async to None, run_after=None
[2024-03-23T07:19:32.577+0000] {processor.py:179} INFO - Processing /home/airflow/.local/lib/python3.8/site-packages/airflow/example_dags/example_time_delta_sensor_async.py took 0.166 seconds
[2024-03-23T07:20:02.992+0000] {processor.py:157} INFO - Started process (PID=420) to work on /home/airflow/.local/lib/python3.8/site-packages/airflow/example_dags/example_time_delta_sensor_async.py
[2024-03-23T07:20:02.993+0000] {processor.py:829} INFO - Processing file /home/airflow/.local/lib/python3.8/site-packages/airflow/example_dags/example_time_delta_sensor_async.py for tasks to queue
[2024-03-23T07:20:02.993+0000] {logging_mixin.py:154} INFO - [2024-03-23T07:20:02.993+0000] {dagbag.py:536} INFO - Filling up the DagBag from /home/airflow/.local/lib/python3.8/site-packages/airflow/example_dags/example_time_delta_sensor_async.py
[2024-03-23T07:20:02.997+0000] {processor.py:839} INFO - DAG(s) dict_keys(['example_time_delta_sensor_async']) retrieved from /home/airflow/.local/lib/python3.8/site-packages/airflow/example_dags/example_time_delta_sensor_async.py
[2024-03-23T07:20:03.023+0000] {logging_mixin.py:154} INFO - [2024-03-23T07:20:03.023+0000] {dag.py:2941} INFO - Sync 1 DAGs
[2024-03-23T07:20:03.040+0000] {logging_mixin.py:154} INFO - [2024-03-23T07:20:03.039+0000] {dag.py:3722} INFO - Setting next_dagrun for example_time_delta_sensor_async to None, run_after=None
[2024-03-23T07:20:03.066+0000] {processor.py:179} INFO - Processing /home/airflow/.local/lib/python3.8/site-packages/airflow/example_dags/example_time_delta_sensor_async.py took 0.076 seconds
[2024-03-23T07:20:33.956+0000] {processor.py:157} INFO - Started process (PID=658) to work on /home/airflow/.local/lib/python3.8/site-packages/airflow/example_dags/example_time_delta_sensor_async.py
[2024-03-23T07:20:33.962+0000] {processor.py:829} INFO - Processing file /home/airflow/.local/lib/python3.8/site-packages/airflow/example_dags/example_time_delta_sensor_async.py for tasks to queue
[2024-03-23T07:20:33.963+0000] {logging_mixin.py:154} INFO - [2024-03-23T07:20:33.963+0000] {dagbag.py:536} INFO - Filling up the DagBag from /home/airflow/.local/lib/python3.8/site-packages/airflow/example_dags/example_time_delta_sensor_async.py
[2024-03-23T07:20:33.973+0000] {processor.py:839} INFO - DAG(s) dict_keys(['example_time_delta_sensor_async']) retrieved from /home/airflow/.local/lib/python3.8/site-packages/airflow/example_dags/example_time_delta_sensor_async.py
[2024-03-23T07:20:34.100+0000] {logging_mixin.py:154} INFO - [2024-03-23T07:20:34.100+0000] {dag.py:2941} INFO - Sync 1 DAGs
[2024-03-23T07:20:34.277+0000] {logging_mixin.py:154} INFO - [2024-03-23T07:20:34.277+0000] {dag.py:3722} INFO - Setting next_dagrun for example_time_delta_sensor_async to None, run_after=None
[2024-03-23T07:20:34.388+0000] {processor.py:179} INFO - Processing /home/airflow/.local/lib/python3.8/site-packages/airflow/example_dags/example_time_delta_sensor_async.py took 0.444 seconds
[2024-03-23T07:21:04.892+0000] {processor.py:157} INFO - Started process (PID=901) to work on /home/airflow/.local/lib/python3.8/site-packages/airflow/example_dags/example_time_delta_sensor_async.py
[2024-03-23T07:21:04.894+0000] {processor.py:829} INFO - Processing file /home/airflow/.local/lib/python3.8/site-packages/airflow/example_dags/example_time_delta_sensor_async.py for tasks to queue
[2024-03-23T07:21:04.896+0000] {logging_mixin.py:154} INFO - [2024-03-23T07:21:04.895+0000] {dagbag.py:536} INFO - Filling up the DagBag from /home/airflow/.local/lib/python3.8/site-packages/airflow/example_dags/example_time_delta_sensor_async.py
[2024-03-23T07:21:04.938+0000] {processor.py:839} INFO - DAG(s) dict_keys(['example_time_delta_sensor_async']) retrieved from /home/airflow/.local/lib/python3.8/site-packages/airflow/example_dags/example_time_delta_sensor_async.py
[2024-03-23T07:21:05.049+0000] {logging_mixin.py:154} INFO - [2024-03-23T07:21:05.049+0000] {dag.py:2941} INFO - Sync 1 DAGs
[2024-03-23T07:21:05.075+0000] {logging_mixin.py:154} INFO - [2024-03-23T07:21:05.075+0000] {dag.py:3722} INFO - Setting next_dagrun for example_time_delta_sensor_async to None, run_after=None
[2024-03-23T07:21:05.123+0000] {processor.py:179} INFO - Processing /home/airflow/.local/lib/python3.8/site-packages/airflow/example_dags/example_time_delta_sensor_async.py took 0.252 seconds
[2024-03-23T07:21:36.040+0000] {processor.py:157} INFO - Started process (PID=1143) to work on /home/airflow/.local/lib/python3.8/site-packages/airflow/example_dags/example_time_delta_sensor_async.py
[2024-03-23T07:21:36.043+0000] {processor.py:829} INFO - Processing file /home/airflow/.local/lib/python3.8/site-packages/airflow/example_dags/example_time_delta_sensor_async.py for tasks to queue
[2024-03-23T07:21:36.052+0000] {logging_mixin.py:154} INFO - [2024-03-23T07:21:36.049+0000] {dagbag.py:536} INFO - Filling up the DagBag from /home/airflow/.local/lib/python3.8/site-packages/airflow/example_dags/example_time_delta_sensor_async.py
[2024-03-23T07:21:36.074+0000] {processor.py:839} INFO - DAG(s) dict_keys(['example_time_delta_sensor_async']) retrieved from /home/airflow/.local/lib/python3.8/site-packages/airflow/example_dags/example_time_delta_sensor_async.py
[2024-03-23T07:21:36.123+0000] {logging_mixin.py:154} INFO - [2024-03-23T07:21:36.123+0000] {dag.py:2941} INFO - Sync 1 DAGs
[2024-03-23T07:21:36.137+0000] {logging_mixin.py:154} INFO - [2024-03-23T07:21:36.137+0000] {dag.py:3722} INFO - Setting next_dagrun for example_time_delta_sensor_async to None, run_after=None
[2024-03-23T07:21:36.151+0000] {processor.py:179} INFO - Processing /home/airflow/.local/lib/python3.8/site-packages/airflow/example_dags/example_time_delta_sensor_async.py took 0.118 seconds
[2024-03-23T07:22:06.368+0000] {processor.py:157} INFO - Started process (PID=1387) to work on /home/airflow/.local/lib/python3.8/site-packages/airflow/example_dags/example_time_delta_sensor_async.py
[2024-03-23T07:22:06.370+0000] {processor.py:829} INFO - Processing file /home/airflow/.local/lib/python3.8/site-packages/airflow/example_dags/example_time_delta_sensor_async.py for tasks to queue
[2024-03-23T07:22:06.370+0000] {logging_mixin.py:154} INFO - [2024-03-23T07:22:06.370+0000] {dagbag.py:536} INFO - Filling up the DagBag from /home/airflow/.local/lib/python3.8/site-packages/airflow/example_dags/example_time_delta_sensor_async.py
[2024-03-23T07:22:06.378+0000] {processor.py:839} INFO - DAG(s) dict_keys(['example_time_delta_sensor_async']) retrieved from /home/airflow/.local/lib/python3.8/site-packages/airflow/example_dags/example_time_delta_sensor_async.py
[2024-03-23T07:22:06.432+0000] {logging_mixin.py:154} INFO - [2024-03-23T07:22:06.432+0000] {dag.py:2941} INFO - Sync 1 DAGs
[2024-03-23T07:22:06.462+0000] {logging_mixin.py:154} INFO - [2024-03-23T07:22:06.461+0000] {dag.py:3722} INFO - Setting next_dagrun for example_time_delta_sensor_async to None, run_after=None
[2024-03-23T07:22:06.488+0000] {processor.py:179} INFO - Processing /home/airflow/.local/lib/python3.8/site-packages/airflow/example_dags/example_time_delta_sensor_async.py took 0.128 seconds
[2024-03-23T07:22:36.882+0000] {processor.py:157} INFO - Started process (PID=1637) to work on /home/airflow/.local/lib/python3.8/site-packages/airflow/example_dags/example_time_delta_sensor_async.py
[2024-03-23T07:22:36.885+0000] {processor.py:829} INFO - Processing file /home/airflow/.local/lib/python3.8/site-packages/airflow/example_dags/example_time_delta_sensor_async.py for tasks to queue
[2024-03-23T07:22:36.890+0000] {logging_mixin.py:154} INFO - [2024-03-23T07:22:36.888+0000] {dagbag.py:536} INFO - Filling up the DagBag from /home/airflow/.local/lib/python3.8/site-packages/airflow/example_dags/example_time_delta_sensor_async.py
[2024-03-23T07:22:36.911+0000] {processor.py:839} INFO - DAG(s) dict_keys(['example_time_delta_sensor_async']) retrieved from /home/airflow/.local/lib/python3.8/site-packages/airflow/example_dags/example_time_delta_sensor_async.py
[2024-03-23T07:22:36.973+0000] {logging_mixin.py:154} INFO - [2024-03-23T07:22:36.973+0000] {dag.py:2941} INFO - Sync 1 DAGs
[2024-03-23T07:22:37.058+0000] {logging_mixin.py:154} INFO - [2024-03-23T07:22:37.058+0000] {dag.py:3722} INFO - Setting next_dagrun for example_time_delta_sensor_async to None, run_after=None
[2024-03-23T07:22:37.077+0000] {processor.py:179} INFO - Processing /home/airflow/.local/lib/python3.8/site-packages/airflow/example_dags/example_time_delta_sensor_async.py took 0.204 seconds
[2024-03-23T07:23:07.521+0000] {processor.py:157} INFO - Started process (PID=1880) to work on /home/airflow/.local/lib/python3.8/site-packages/airflow/example_dags/example_time_delta_sensor_async.py
[2024-03-23T07:23:07.523+0000] {processor.py:829} INFO - Processing file /home/airflow/.local/lib/python3.8/site-packages/airflow/example_dags/example_time_delta_sensor_async.py for tasks to queue
[2024-03-23T07:23:07.525+0000] {logging_mixin.py:154} INFO - [2024-03-23T07:23:07.524+0000] {dagbag.py:536} INFO - Filling up the DagBag from /home/airflow/.local/lib/python3.8/site-packages/airflow/example_dags/example_time_delta_sensor_async.py
[2024-03-23T07:23:07.554+0000] {processor.py:839} INFO - DAG(s) dict_keys(['example_time_delta_sensor_async']) retrieved from /home/airflow/.local/lib/python3.8/site-packages/airflow/example_dags/example_time_delta_sensor_async.py
[2024-03-23T07:23:07.586+0000] {logging_mixin.py:154} INFO - [2024-03-23T07:23:07.586+0000] {dag.py:2941} INFO - Sync 1 DAGs
[2024-03-23T07:23:07.603+0000] {logging_mixin.py:154} INFO - [2024-03-23T07:23:07.603+0000] {dag.py:3722} INFO - Setting next_dagrun for example_time_delta_sensor_async to None, run_after=None
[2024-03-23T07:23:07.619+0000] {processor.py:179} INFO - Processing /home/airflow/.local/lib/python3.8/site-packages/airflow/example_dags/example_time_delta_sensor_async.py took 0.102 seconds
[2024-03-23T07:23:37.707+0000] {processor.py:157} INFO - Started process (PID=2121) to work on /home/airflow/.local/lib/python3.8/site-packages/airflow/example_dags/example_time_delta_sensor_async.py
[2024-03-23T07:23:37.708+0000] {processor.py:829} INFO - Processing file /home/airflow/.local/lib/python3.8/site-packages/airflow/example_dags/example_time_delta_sensor_async.py for tasks to queue
[2024-03-23T07:23:37.709+0000] {logging_mixin.py:154} INFO - [2024-03-23T07:23:37.709+0000] {dagbag.py:536} INFO - Filling up the DagBag from /home/airflow/.local/lib/python3.8/site-packages/airflow/example_dags/example_time_delta_sensor_async.py
[2024-03-23T07:23:37.718+0000] {processor.py:839} INFO - DAG(s) dict_keys(['example_time_delta_sensor_async']) retrieved from /home/airflow/.local/lib/python3.8/site-packages/airflow/example_dags/example_time_delta_sensor_async.py
[2024-03-23T07:23:37.767+0000] {logging_mixin.py:154} INFO - [2024-03-23T07:23:37.767+0000] {dag.py:2941} INFO - Sync 1 DAGs
[2024-03-23T07:23:37.782+0000] {logging_mixin.py:154} INFO - [2024-03-23T07:23:37.782+0000] {dag.py:3722} INFO - Setting next_dagrun for example_time_delta_sensor_async to None, run_after=None
[2024-03-23T07:23:37.806+0000] {processor.py:179} INFO - Processing /home/airflow/.local/lib/python3.8/site-packages/airflow/example_dags/example_time_delta_sensor_async.py took 0.103 seconds
[2024-03-23T07:24:08.152+0000] {processor.py:157} INFO - Started process (PID=2366) to work on /home/airflow/.local/lib/python3.8/site-packages/airflow/example_dags/example_time_delta_sensor_async.py
[2024-03-23T07:24:08.155+0000] {processor.py:829} INFO - Processing file /home/airflow/.local/lib/python3.8/site-packages/airflow/example_dags/example_time_delta_sensor_async.py for tasks to queue
[2024-03-23T07:24:08.158+0000] {logging_mixin.py:154} INFO - [2024-03-23T07:24:08.156+0000] {dagbag.py:536} INFO - Filling up the DagBag from /home/airflow/.local/lib/python3.8/site-packages/airflow/example_dags/example_time_delta_sensor_async.py
[2024-03-23T07:24:08.193+0000] {processor.py:839} INFO - DAG(s) dict_keys(['example_time_delta_sensor_async']) retrieved from /home/airflow/.local/lib/python3.8/site-packages/airflow/example_dags/example_time_delta_sensor_async.py
[2024-03-23T07:24:08.272+0000] {logging_mixin.py:154} INFO - [2024-03-23T07:24:08.272+0000] {dag.py:2941} INFO - Sync 1 DAGs
[2024-03-23T07:24:08.304+0000] {logging_mixin.py:154} INFO - [2024-03-23T07:24:08.304+0000] {dag.py:3722} INFO - Setting next_dagrun for example_time_delta_sensor_async to None, run_after=None
[2024-03-23T07:24:08.328+0000] {processor.py:179} INFO - Processing /home/airflow/.local/lib/python3.8/site-packages/airflow/example_dags/example_time_delta_sensor_async.py took 0.189 seconds
[2024-03-23T07:24:38.485+0000] {processor.py:157} INFO - Started process (PID=2609) to work on /home/airflow/.local/lib/python3.8/site-packages/airflow/example_dags/example_time_delta_sensor_async.py
[2024-03-23T07:24:38.486+0000] {processor.py:829} INFO - Processing file /home/airflow/.local/lib/python3.8/site-packages/airflow/example_dags/example_time_delta_sensor_async.py for tasks to queue
[2024-03-23T07:24:38.486+0000] {logging_mixin.py:154} INFO - [2024-03-23T07:24:38.486+0000] {dagbag.py:536} INFO - Filling up the DagBag from /home/airflow/.local/lib/python3.8/site-packages/airflow/example_dags/example_time_delta_sensor_async.py
[2024-03-23T07:24:38.494+0000] {processor.py:839} INFO - DAG(s) dict_keys(['example_time_delta_sensor_async']) retrieved from /home/airflow/.local/lib/python3.8/site-packages/airflow/example_dags/example_time_delta_sensor_async.py
[2024-03-23T07:24:38.526+0000] {logging_mixin.py:154} INFO - [2024-03-23T07:24:38.526+0000] {dag.py:2941} INFO - Sync 1 DAGs
[2024-03-23T07:24:38.540+0000] {logging_mixin.py:154} INFO - [2024-03-23T07:24:38.540+0000] {dag.py:3722} INFO - Setting next_dagrun for example_time_delta_sensor_async to None, run_after=None
[2024-03-23T07:24:38.557+0000] {processor.py:179} INFO - Processing /home/airflow/.local/lib/python3.8/site-packages/airflow/example_dags/example_time_delta_sensor_async.py took 0.075 seconds
[2024-03-23T07:25:08.755+0000] {processor.py:157} INFO - Started process (PID=2855) to work on /home/airflow/.local/lib/python3.8/site-packages/airflow/example_dags/example_time_delta_sensor_async.py
[2024-03-23T07:25:08.759+0000] {processor.py:829} INFO - Processing file /home/airflow/.local/lib/python3.8/site-packages/airflow/example_dags/example_time_delta_sensor_async.py for tasks to queue
[2024-03-23T07:25:08.764+0000] {logging_mixin.py:154} INFO - [2024-03-23T07:25:08.763+0000] {dagbag.py:536} INFO - Filling up the DagBag from /home/airflow/.local/lib/python3.8/site-packages/airflow/example_dags/example_time_delta_sensor_async.py
[2024-03-23T07:25:08.845+0000] {processor.py:839} INFO - DAG(s) dict_keys(['example_time_delta_sensor_async']) retrieved from /home/airflow/.local/lib/python3.8/site-packages/airflow/example_dags/example_time_delta_sensor_async.py
[2024-03-23T07:25:08.964+0000] {logging_mixin.py:154} INFO - [2024-03-23T07:25:08.964+0000] {dag.py:2941} INFO - Sync 1 DAGs
[2024-03-23T07:25:09.153+0000] {logging_mixin.py:154} INFO - [2024-03-23T07:25:09.153+0000] {dag.py:3722} INFO - Setting next_dagrun for example_time_delta_sensor_async to None, run_after=None
[2024-03-23T07:25:09.300+0000] {processor.py:179} INFO - Processing /home/airflow/.local/lib/python3.8/site-packages/airflow/example_dags/example_time_delta_sensor_async.py took 0.552 seconds
[2024-03-23T07:25:39.461+0000] {processor.py:157} INFO - Started process (PID=3102) to work on /home/airflow/.local/lib/python3.8/site-packages/airflow/example_dags/example_time_delta_sensor_async.py
[2024-03-23T07:25:39.464+0000] {processor.py:829} INFO - Processing file /home/airflow/.local/lib/python3.8/site-packages/airflow/example_dags/example_time_delta_sensor_async.py for tasks to queue
[2024-03-23T07:25:39.470+0000] {logging_mixin.py:154} INFO - [2024-03-23T07:25:39.468+0000] {dagbag.py:536} INFO - Filling up the DagBag from /home/airflow/.local/lib/python3.8/site-packages/airflow/example_dags/example_time_delta_sensor_async.py
[2024-03-23T07:25:39.491+0000] {processor.py:839} INFO - DAG(s) dict_keys(['example_time_delta_sensor_async']) retrieved from /home/airflow/.local/lib/python3.8/site-packages/airflow/example_dags/example_time_delta_sensor_async.py
[2024-03-23T07:25:39.573+0000] {logging_mixin.py:154} INFO - [2024-03-23T07:25:39.572+0000] {dag.py:2941} INFO - Sync 1 DAGs
[2024-03-23T07:25:39.632+0000] {logging_mixin.py:154} INFO - [2024-03-23T07:25:39.631+0000] {dag.py:3722} INFO - Setting next_dagrun for example_time_delta_sensor_async to None, run_after=None
[2024-03-23T07:25:39.666+0000] {processor.py:179} INFO - Processing /home/airflow/.local/lib/python3.8/site-packages/airflow/example_dags/example_time_delta_sensor_async.py took 0.212 seconds
[2024-03-23T07:26:10.978+0000] {processor.py:157} INFO - Started process (PID=3348) to work on /home/airflow/.local/lib/python3.8/site-packages/airflow/example_dags/example_time_delta_sensor_async.py
[2024-03-23T07:26:11.021+0000] {processor.py:829} INFO - Processing file /home/airflow/.local/lib/python3.8/site-packages/airflow/example_dags/example_time_delta_sensor_async.py for tasks to queue
[2024-03-23T07:26:11.047+0000] {logging_mixin.py:154} INFO - [2024-03-23T07:26:11.045+0000] {dagbag.py:536} INFO - Filling up the DagBag from /home/airflow/.local/lib/python3.8/site-packages/airflow/example_dags/example_time_delta_sensor_async.py
[2024-03-23T07:26:11.217+0000] {processor.py:839} INFO - DAG(s) dict_keys(['example_time_delta_sensor_async']) retrieved from /home/airflow/.local/lib/python3.8/site-packages/airflow/example_dags/example_time_delta_sensor_async.py
[2024-03-23T07:26:11.415+0000] {logging_mixin.py:154} INFO - [2024-03-23T07:26:11.410+0000] {dag.py:2941} INFO - Sync 1 DAGs
[2024-03-23T07:26:11.503+0000] {logging_mixin.py:154} INFO - [2024-03-23T07:26:11.503+0000] {dag.py:3722} INFO - Setting next_dagrun for example_time_delta_sensor_async to None, run_after=None
[2024-03-23T07:26:11.584+0000] {processor.py:179} INFO - Processing /home/airflow/.local/lib/python3.8/site-packages/airflow/example_dags/example_time_delta_sensor_async.py took 0.681 seconds
[2024-03-23T07:26:42.677+0000] {processor.py:157} INFO - Started process (PID=3593) to work on /home/airflow/.local/lib/python3.8/site-packages/airflow/example_dags/example_time_delta_sensor_async.py
[2024-03-23T07:26:42.696+0000] {processor.py:829} INFO - Processing file /home/airflow/.local/lib/python3.8/site-packages/airflow/example_dags/example_time_delta_sensor_async.py for tasks to queue
[2024-03-23T07:26:42.710+0000] {logging_mixin.py:154} INFO - [2024-03-23T07:26:42.701+0000] {dagbag.py:536} INFO - Filling up the DagBag from /home/airflow/.local/lib/python3.8/site-packages/airflow/example_dags/example_time_delta_sensor_async.py
[2024-03-23T07:26:42.796+0000] {processor.py:839} INFO - DAG(s) dict_keys(['example_time_delta_sensor_async']) retrieved from /home/airflow/.local/lib/python3.8/site-packages/airflow/example_dags/example_time_delta_sensor_async.py
[2024-03-23T07:26:42.965+0000] {logging_mixin.py:154} INFO - [2024-03-23T07:26:42.964+0000] {dag.py:2941} INFO - Sync 1 DAGs
[2024-03-23T07:26:42.993+0000] {logging_mixin.py:154} INFO - [2024-03-23T07:26:42.993+0000] {dag.py:3722} INFO - Setting next_dagrun for example_time_delta_sensor_async to None, run_after=None
[2024-03-23T07:26:43.048+0000] {processor.py:179} INFO - Processing /home/airflow/.local/lib/python3.8/site-packages/airflow/example_dags/example_time_delta_sensor_async.py took 0.444 seconds
[2024-03-23T07:27:13.590+0000] {processor.py:157} INFO - Started process (PID=3836) to work on /home/airflow/.local/lib/python3.8/site-packages/airflow/example_dags/example_time_delta_sensor_async.py
[2024-03-23T07:27:13.592+0000] {processor.py:829} INFO - Processing file /home/airflow/.local/lib/python3.8/site-packages/airflow/example_dags/example_time_delta_sensor_async.py for tasks to queue
[2024-03-23T07:27:13.594+0000] {logging_mixin.py:154} INFO - [2024-03-23T07:27:13.593+0000] {dagbag.py:536} INFO - Filling up the DagBag from /home/airflow/.local/lib/python3.8/site-packages/airflow/example_dags/example_time_delta_sensor_async.py
[2024-03-23T07:27:13.623+0000] {processor.py:839} INFO - DAG(s) dict_keys(['example_time_delta_sensor_async']) retrieved from /home/airflow/.local/lib/python3.8/site-packages/airflow/example_dags/example_time_delta_sensor_async.py
[2024-03-23T07:27:13.749+0000] {logging_mixin.py:154} INFO - [2024-03-23T07:27:13.749+0000] {dag.py:2941} INFO - Sync 1 DAGs
[2024-03-23T07:27:13.794+0000] {logging_mixin.py:154} INFO - [2024-03-23T07:27:13.793+0000] {dag.py:3722} INFO - Setting next_dagrun for example_time_delta_sensor_async to None, run_after=None
[2024-03-23T07:27:13.853+0000] {processor.py:179} INFO - Processing /home/airflow/.local/lib/python3.8/site-packages/airflow/example_dags/example_time_delta_sensor_async.py took 0.285 seconds
[2024-03-23T07:27:44.001+0000] {processor.py:157} INFO - Started process (PID=4076) to work on /home/airflow/.local/lib/python3.8/site-packages/airflow/example_dags/example_time_delta_sensor_async.py
[2024-03-23T07:27:44.007+0000] {processor.py:829} INFO - Processing file /home/airflow/.local/lib/python3.8/site-packages/airflow/example_dags/example_time_delta_sensor_async.py for tasks to queue
[2024-03-23T07:27:44.013+0000] {logging_mixin.py:154} INFO - [2024-03-23T07:27:44.012+0000] {dagbag.py:536} INFO - Filling up the DagBag from /home/airflow/.local/lib/python3.8/site-packages/airflow/example_dags/example_time_delta_sensor_async.py
[2024-03-23T07:27:44.034+0000] {processor.py:839} INFO - DAG(s) dict_keys(['example_time_delta_sensor_async']) retrieved from /home/airflow/.local/lib/python3.8/site-packages/airflow/example_dags/example_time_delta_sensor_async.py
[2024-03-23T07:27:44.099+0000] {logging_mixin.py:154} INFO - [2024-03-23T07:27:44.098+0000] {dag.py:2941} INFO - Sync 1 DAGs
[2024-03-23T07:27:44.144+0000] {logging_mixin.py:154} INFO - [2024-03-23T07:27:44.144+0000] {dag.py:3722} INFO - Setting next_dagrun for example_time_delta_sensor_async to None, run_after=None
[2024-03-23T07:27:44.167+0000] {processor.py:179} INFO - Processing /home/airflow/.local/lib/python3.8/site-packages/airflow/example_dags/example_time_delta_sensor_async.py took 0.189 seconds
[2024-03-23T07:28:14.952+0000] {processor.py:157} INFO - Started process (PID=4320) to work on /home/airflow/.local/lib/python3.8/site-packages/airflow/example_dags/example_time_delta_sensor_async.py
[2024-03-23T07:28:14.957+0000] {processor.py:829} INFO - Processing file /home/airflow/.local/lib/python3.8/site-packages/airflow/example_dags/example_time_delta_sensor_async.py for tasks to queue
[2024-03-23T07:28:14.968+0000] {logging_mixin.py:154} INFO - [2024-03-23T07:28:14.966+0000] {dagbag.py:536} INFO - Filling up the DagBag from /home/airflow/.local/lib/python3.8/site-packages/airflow/example_dags/example_time_delta_sensor_async.py
[2024-03-23T07:28:14.988+0000] {processor.py:839} INFO - DAG(s) dict_keys(['example_time_delta_sensor_async']) retrieved from /home/airflow/.local/lib/python3.8/site-packages/airflow/example_dags/example_time_delta_sensor_async.py
[2024-03-23T07:28:15.074+0000] {logging_mixin.py:154} INFO - [2024-03-23T07:28:15.074+0000] {dag.py:2941} INFO - Sync 1 DAGs
[2024-03-23T07:28:15.094+0000] {logging_mixin.py:154} INFO - [2024-03-23T07:28:15.094+0000] {dag.py:3722} INFO - Setting next_dagrun for example_time_delta_sensor_async to None, run_after=None
[2024-03-23T07:28:15.130+0000] {processor.py:179} INFO - Processing /home/airflow/.local/lib/python3.8/site-packages/airflow/example_dags/example_time_delta_sensor_async.py took 0.202 seconds
[2024-03-23T07:28:45.387+0000] {processor.py:157} INFO - Started process (PID=4565) to work on /home/airflow/.local/lib/python3.8/site-packages/airflow/example_dags/example_time_delta_sensor_async.py
[2024-03-23T07:28:45.390+0000] {processor.py:829} INFO - Processing file /home/airflow/.local/lib/python3.8/site-packages/airflow/example_dags/example_time_delta_sensor_async.py for tasks to queue
[2024-03-23T07:28:45.391+0000] {logging_mixin.py:154} INFO - [2024-03-23T07:28:45.390+0000] {dagbag.py:536} INFO - Filling up the DagBag from /home/airflow/.local/lib/python3.8/site-packages/airflow/example_dags/example_time_delta_sensor_async.py
[2024-03-23T07:28:45.403+0000] {processor.py:839} INFO - DAG(s) dict_keys(['example_time_delta_sensor_async']) retrieved from /home/airflow/.local/lib/python3.8/site-packages/airflow/example_dags/example_time_delta_sensor_async.py
[2024-03-23T07:28:45.474+0000] {logging_mixin.py:154} INFO - [2024-03-23T07:28:45.474+0000] {dag.py:2941} INFO - Sync 1 DAGs
[2024-03-23T07:28:45.489+0000] {logging_mixin.py:154} INFO - [2024-03-23T07:28:45.489+0000] {dag.py:3722} INFO - Setting next_dagrun for example_time_delta_sensor_async to None, run_after=None
[2024-03-23T07:28:45.524+0000] {processor.py:179} INFO - Processing /home/airflow/.local/lib/python3.8/site-packages/airflow/example_dags/example_time_delta_sensor_async.py took 0.142 seconds
[2024-03-23T07:29:36.384+0000] {processor.py:157} INFO - Started process (PID=176) to work on /home/airflow/.local/lib/python3.8/site-packages/airflow/example_dags/example_time_delta_sensor_async.py
[2024-03-23T07:29:36.385+0000] {processor.py:829} INFO - Processing file /home/airflow/.local/lib/python3.8/site-packages/airflow/example_dags/example_time_delta_sensor_async.py for tasks to queue
[2024-03-23T07:29:36.386+0000] {logging_mixin.py:154} INFO - [2024-03-23T07:29:36.386+0000] {dagbag.py:536} INFO - Filling up the DagBag from /home/airflow/.local/lib/python3.8/site-packages/airflow/example_dags/example_time_delta_sensor_async.py
[2024-03-23T07:29:36.392+0000] {processor.py:839} INFO - DAG(s) dict_keys(['example_time_delta_sensor_async']) retrieved from /home/airflow/.local/lib/python3.8/site-packages/airflow/example_dags/example_time_delta_sensor_async.py
[2024-03-23T07:29:36.407+0000] {logging_mixin.py:154} INFO - [2024-03-23T07:29:36.407+0000] {dag.py:2941} INFO - Sync 1 DAGs
[2024-03-23T07:29:36.414+0000] {logging_mixin.py:154} INFO - [2024-03-23T07:29:36.414+0000] {dag.py:3722} INFO - Setting next_dagrun for example_time_delta_sensor_async to None, run_after=None
[2024-03-23T07:29:36.425+0000] {processor.py:179} INFO - Processing /home/airflow/.local/lib/python3.8/site-packages/airflow/example_dags/example_time_delta_sensor_async.py took 0.043 seconds
