[2024-03-23T07:19:34.825+0000] {processor.py:157} INFO - Started process (PID=334) to work on /home/airflow/.local/lib/python3.8/site-packages/airflow/example_dags/example_dynamic_task_mapping_with_no_taskflow_operators.py
[2024-03-23T07:19:34.826+0000] {processor.py:829} INFO - Processing file /home/airflow/.local/lib/python3.8/site-packages/airflow/example_dags/example_dynamic_task_mapping_with_no_taskflow_operators.py for tasks to queue
[2024-03-23T07:19:34.827+0000] {logging_mixin.py:154} INFO - [2024-03-23T07:19:34.827+0000] {dagbag.py:536} INFO - Filling up the DagBag from /home/airflow/.local/lib/python3.8/site-packages/airflow/example_dags/example_dynamic_task_mapping_with_no_taskflow_operators.py
[2024-03-23T07:19:34.834+0000] {processor.py:839} INFO - DAG(s) dict_keys(['example_dynamic_task_mapping_with_no_taskflow_operators']) retrieved from /home/airflow/.local/lib/python3.8/site-packages/airflow/example_dags/example_dynamic_task_mapping_with_no_taskflow_operators.py
[2024-03-23T07:19:34.917+0000] {logging_mixin.py:154} INFO - [2024-03-23T07:19:34.917+0000] {manager.py:499} INFO - Created Permission View: %s
[2024-03-23T07:19:34.923+0000] {logging_mixin.py:154} INFO - [2024-03-23T07:19:34.923+0000] {manager.py:499} INFO - Created Permission View: %s
[2024-03-23T07:19:34.926+0000] {logging_mixin.py:154} INFO - [2024-03-23T07:19:34.926+0000] {manager.py:499} INFO - Created Permission View: %s
[2024-03-23T07:19:34.927+0000] {logging_mixin.py:154} INFO - [2024-03-23T07:19:34.927+0000] {dag.py:2941} INFO - Sync 1 DAGs
[2024-03-23T07:19:34.934+0000] {logging_mixin.py:154} INFO - [2024-03-23T07:19:34.934+0000] {dag.py:2963} INFO - Creating ORM DAG for example_dynamic_task_mapping_with_no_taskflow_operators
[2024-03-23T07:19:34.940+0000] {logging_mixin.py:154} INFO - [2024-03-23T07:19:34.940+0000] {dag.py:3722} INFO - Setting next_dagrun for example_dynamic_task_mapping_with_no_taskflow_operators to 2024-03-22T07:19:34.940262+00:00, run_after=2024-03-23T07:19:34.940262+00:00
[2024-03-23T07:19:34.949+0000] {processor.py:179} INFO - Processing /home/airflow/.local/lib/python3.8/site-packages/airflow/example_dags/example_dynamic_task_mapping_with_no_taskflow_operators.py took 0.127 seconds
[2024-03-23T07:20:05.127+0000] {processor.py:157} INFO - Started process (PID=575) to work on /home/airflow/.local/lib/python3.8/site-packages/airflow/example_dags/example_dynamic_task_mapping_with_no_taskflow_operators.py
[2024-03-23T07:20:05.128+0000] {processor.py:829} INFO - Processing file /home/airflow/.local/lib/python3.8/site-packages/airflow/example_dags/example_dynamic_task_mapping_with_no_taskflow_operators.py for tasks to queue
[2024-03-23T07:20:05.128+0000] {logging_mixin.py:154} INFO - [2024-03-23T07:20:05.128+0000] {dagbag.py:536} INFO - Filling up the DagBag from /home/airflow/.local/lib/python3.8/site-packages/airflow/example_dags/example_dynamic_task_mapping_with_no_taskflow_operators.py
[2024-03-23T07:20:05.133+0000] {processor.py:839} INFO - DAG(s) dict_keys(['example_dynamic_task_mapping_with_no_taskflow_operators']) retrieved from /home/airflow/.local/lib/python3.8/site-packages/airflow/example_dags/example_dynamic_task_mapping_with_no_taskflow_operators.py
[2024-03-23T07:20:05.143+0000] {logging_mixin.py:154} INFO - [2024-03-23T07:20:05.143+0000] {dag.py:2941} INFO - Sync 1 DAGs
[2024-03-23T07:20:05.155+0000] {logging_mixin.py:154} INFO - [2024-03-23T07:20:05.155+0000] {dag.py:3722} INFO - Setting next_dagrun for example_dynamic_task_mapping_with_no_taskflow_operators to 2024-03-22T07:20:05.155444+00:00, run_after=2024-03-23T07:20:05.155444+00:00
[2024-03-23T07:20:05.167+0000] {processor.py:179} INFO - Processing /home/airflow/.local/lib/python3.8/site-packages/airflow/example_dags/example_dynamic_task_mapping_with_no_taskflow_operators.py took 0.042 seconds
[2024-03-23T07:20:36.555+0000] {processor.py:157} INFO - Started process (PID=820) to work on /home/airflow/.local/lib/python3.8/site-packages/airflow/example_dags/example_dynamic_task_mapping_with_no_taskflow_operators.py
[2024-03-23T07:20:36.556+0000] {processor.py:829} INFO - Processing file /home/airflow/.local/lib/python3.8/site-packages/airflow/example_dags/example_dynamic_task_mapping_with_no_taskflow_operators.py for tasks to queue
[2024-03-23T07:20:36.556+0000] {logging_mixin.py:154} INFO - [2024-03-23T07:20:36.556+0000] {dagbag.py:536} INFO - Filling up the DagBag from /home/airflow/.local/lib/python3.8/site-packages/airflow/example_dags/example_dynamic_task_mapping_with_no_taskflow_operators.py
[2024-03-23T07:20:36.561+0000] {processor.py:839} INFO - DAG(s) dict_keys(['example_dynamic_task_mapping_with_no_taskflow_operators']) retrieved from /home/airflow/.local/lib/python3.8/site-packages/airflow/example_dags/example_dynamic_task_mapping_with_no_taskflow_operators.py
[2024-03-23T07:20:36.583+0000] {logging_mixin.py:154} INFO - [2024-03-23T07:20:36.583+0000] {dag.py:2941} INFO - Sync 1 DAGs
[2024-03-23T07:20:36.600+0000] {logging_mixin.py:154} INFO - [2024-03-23T07:20:36.599+0000] {dag.py:3722} INFO - Setting next_dagrun for example_dynamic_task_mapping_with_no_taskflow_operators to 2024-03-22T07:20:36.599145+00:00, run_after=2024-03-23T07:20:36.599145+00:00
[2024-03-23T07:20:36.621+0000] {processor.py:179} INFO - Processing /home/airflow/.local/lib/python3.8/site-packages/airflow/example_dags/example_dynamic_task_mapping_with_no_taskflow_operators.py took 0.069 seconds
[2024-03-23T07:21:06.856+0000] {processor.py:157} INFO - Started process (PID=1061) to work on /home/airflow/.local/lib/python3.8/site-packages/airflow/example_dags/example_dynamic_task_mapping_with_no_taskflow_operators.py
[2024-03-23T07:21:06.857+0000] {processor.py:829} INFO - Processing file /home/airflow/.local/lib/python3.8/site-packages/airflow/example_dags/example_dynamic_task_mapping_with_no_taskflow_operators.py for tasks to queue
[2024-03-23T07:21:06.861+0000] {logging_mixin.py:154} INFO - [2024-03-23T07:21:06.861+0000] {dagbag.py:536} INFO - Filling up the DagBag from /home/airflow/.local/lib/python3.8/site-packages/airflow/example_dags/example_dynamic_task_mapping_with_no_taskflow_operators.py
[2024-03-23T07:21:06.866+0000] {processor.py:839} INFO - DAG(s) dict_keys(['example_dynamic_task_mapping_with_no_taskflow_operators']) retrieved from /home/airflow/.local/lib/python3.8/site-packages/airflow/example_dags/example_dynamic_task_mapping_with_no_taskflow_operators.py
[2024-03-23T07:21:06.879+0000] {logging_mixin.py:154} INFO - [2024-03-23T07:21:06.879+0000] {dag.py:2941} INFO - Sync 1 DAGs
[2024-03-23T07:21:06.891+0000] {logging_mixin.py:154} INFO - [2024-03-23T07:21:06.890+0000] {dag.py:3722} INFO - Setting next_dagrun for example_dynamic_task_mapping_with_no_taskflow_operators to 2024-03-22T07:21:06.890760+00:00, run_after=2024-03-23T07:21:06.890760+00:00
[2024-03-23T07:21:06.902+0000] {processor.py:179} INFO - Processing /home/airflow/.local/lib/python3.8/site-packages/airflow/example_dags/example_dynamic_task_mapping_with_no_taskflow_operators.py took 0.049 seconds
[2024-03-23T07:21:37.796+0000] {processor.py:157} INFO - Started process (PID=1304) to work on /home/airflow/.local/lib/python3.8/site-packages/airflow/example_dags/example_dynamic_task_mapping_with_no_taskflow_operators.py
[2024-03-23T07:21:37.797+0000] {processor.py:829} INFO - Processing file /home/airflow/.local/lib/python3.8/site-packages/airflow/example_dags/example_dynamic_task_mapping_with_no_taskflow_operators.py for tasks to queue
[2024-03-23T07:21:37.798+0000] {logging_mixin.py:154} INFO - [2024-03-23T07:21:37.797+0000] {dagbag.py:536} INFO - Filling up the DagBag from /home/airflow/.local/lib/python3.8/site-packages/airflow/example_dags/example_dynamic_task_mapping_with_no_taskflow_operators.py
[2024-03-23T07:21:37.802+0000] {processor.py:839} INFO - DAG(s) dict_keys(['example_dynamic_task_mapping_with_no_taskflow_operators']) retrieved from /home/airflow/.local/lib/python3.8/site-packages/airflow/example_dags/example_dynamic_task_mapping_with_no_taskflow_operators.py
[2024-03-23T07:21:37.811+0000] {logging_mixin.py:154} INFO - [2024-03-23T07:21:37.811+0000] {dag.py:2941} INFO - Sync 1 DAGs
[2024-03-23T07:21:37.821+0000] {logging_mixin.py:154} INFO - [2024-03-23T07:21:37.821+0000] {dag.py:3722} INFO - Setting next_dagrun for example_dynamic_task_mapping_with_no_taskflow_operators to 2024-03-22T07:21:37.821502+00:00, run_after=2024-03-23T07:21:37.821502+00:00
[2024-03-23T07:21:37.829+0000] {processor.py:179} INFO - Processing /home/airflow/.local/lib/python3.8/site-packages/airflow/example_dags/example_dynamic_task_mapping_with_no_taskflow_operators.py took 0.035 seconds
[2024-03-23T07:22:08.837+0000] {processor.py:157} INFO - Started process (PID=1551) to work on /home/airflow/.local/lib/python3.8/site-packages/airflow/example_dags/example_dynamic_task_mapping_with_no_taskflow_operators.py
[2024-03-23T07:22:08.840+0000] {processor.py:829} INFO - Processing file /home/airflow/.local/lib/python3.8/site-packages/airflow/example_dags/example_dynamic_task_mapping_with_no_taskflow_operators.py for tasks to queue
[2024-03-23T07:22:08.841+0000] {logging_mixin.py:154} INFO - [2024-03-23T07:22:08.841+0000] {dagbag.py:536} INFO - Filling up the DagBag from /home/airflow/.local/lib/python3.8/site-packages/airflow/example_dags/example_dynamic_task_mapping_with_no_taskflow_operators.py
[2024-03-23T07:22:08.846+0000] {processor.py:839} INFO - DAG(s) dict_keys(['example_dynamic_task_mapping_with_no_taskflow_operators']) retrieved from /home/airflow/.local/lib/python3.8/site-packages/airflow/example_dags/example_dynamic_task_mapping_with_no_taskflow_operators.py
[2024-03-23T07:22:08.860+0000] {logging_mixin.py:154} INFO - [2024-03-23T07:22:08.860+0000] {dag.py:2941} INFO - Sync 1 DAGs
[2024-03-23T07:22:08.874+0000] {logging_mixin.py:154} INFO - [2024-03-23T07:22:08.874+0000] {dag.py:3722} INFO - Setting next_dagrun for example_dynamic_task_mapping_with_no_taskflow_operators to 2024-03-22T07:22:08.874443+00:00, run_after=2024-03-23T07:22:08.874443+00:00
[2024-03-23T07:22:08.896+0000] {processor.py:179} INFO - Processing /home/airflow/.local/lib/python3.8/site-packages/airflow/example_dags/example_dynamic_task_mapping_with_no_taskflow_operators.py took 0.062 seconds
[2024-03-23T07:22:39.789+0000] {processor.py:157} INFO - Started process (PID=1798) to work on /home/airflow/.local/lib/python3.8/site-packages/airflow/example_dags/example_dynamic_task_mapping_with_no_taskflow_operators.py
[2024-03-23T07:22:39.790+0000] {processor.py:829} INFO - Processing file /home/airflow/.local/lib/python3.8/site-packages/airflow/example_dags/example_dynamic_task_mapping_with_no_taskflow_operators.py for tasks to queue
[2024-03-23T07:22:39.790+0000] {logging_mixin.py:154} INFO - [2024-03-23T07:22:39.790+0000] {dagbag.py:536} INFO - Filling up the DagBag from /home/airflow/.local/lib/python3.8/site-packages/airflow/example_dags/example_dynamic_task_mapping_with_no_taskflow_operators.py
[2024-03-23T07:22:39.794+0000] {processor.py:839} INFO - DAG(s) dict_keys(['example_dynamic_task_mapping_with_no_taskflow_operators']) retrieved from /home/airflow/.local/lib/python3.8/site-packages/airflow/example_dags/example_dynamic_task_mapping_with_no_taskflow_operators.py
[2024-03-23T07:22:39.804+0000] {logging_mixin.py:154} INFO - [2024-03-23T07:22:39.804+0000] {dag.py:2941} INFO - Sync 1 DAGs
[2024-03-23T07:22:39.814+0000] {logging_mixin.py:154} INFO - [2024-03-23T07:22:39.814+0000] {dag.py:3722} INFO - Setting next_dagrun for example_dynamic_task_mapping_with_no_taskflow_operators to 2024-03-22T07:22:39.814662+00:00, run_after=2024-03-23T07:22:39.814662+00:00
[2024-03-23T07:22:39.823+0000] {processor.py:179} INFO - Processing /home/airflow/.local/lib/python3.8/site-packages/airflow/example_dags/example_dynamic_task_mapping_with_no_taskflow_operators.py took 0.036 seconds
[2024-03-23T07:23:10.173+0000] {processor.py:157} INFO - Started process (PID=2041) to work on /home/airflow/.local/lib/python3.8/site-packages/airflow/example_dags/example_dynamic_task_mapping_with_no_taskflow_operators.py
[2024-03-23T07:23:10.174+0000] {processor.py:829} INFO - Processing file /home/airflow/.local/lib/python3.8/site-packages/airflow/example_dags/example_dynamic_task_mapping_with_no_taskflow_operators.py for tasks to queue
[2024-03-23T07:23:10.175+0000] {logging_mixin.py:154} INFO - [2024-03-23T07:23:10.174+0000] {dagbag.py:536} INFO - Filling up the DagBag from /home/airflow/.local/lib/python3.8/site-packages/airflow/example_dags/example_dynamic_task_mapping_with_no_taskflow_operators.py
[2024-03-23T07:23:10.180+0000] {processor.py:839} INFO - DAG(s) dict_keys(['example_dynamic_task_mapping_with_no_taskflow_operators']) retrieved from /home/airflow/.local/lib/python3.8/site-packages/airflow/example_dags/example_dynamic_task_mapping_with_no_taskflow_operators.py
[2024-03-23T07:23:10.194+0000] {logging_mixin.py:154} INFO - [2024-03-23T07:23:10.194+0000] {dag.py:2941} INFO - Sync 1 DAGs
[2024-03-23T07:23:10.206+0000] {logging_mixin.py:154} INFO - [2024-03-23T07:23:10.206+0000] {dag.py:3722} INFO - Setting next_dagrun for example_dynamic_task_mapping_with_no_taskflow_operators to 2024-03-22T07:23:10.206372+00:00, run_after=2024-03-23T07:23:10.206372+00:00
[2024-03-23T07:23:10.218+0000] {processor.py:179} INFO - Processing /home/airflow/.local/lib/python3.8/site-packages/airflow/example_dags/example_dynamic_task_mapping_with_no_taskflow_operators.py took 0.047 seconds
[2024-03-23T07:23:43.136+0000] {processor.py:157} INFO - Started process (PID=2283) to work on /home/airflow/.local/lib/python3.8/site-packages/airflow/example_dags/example_dynamic_task_mapping_with_no_taskflow_operators.py
[2024-03-23T07:23:43.139+0000] {processor.py:829} INFO - Processing file /home/airflow/.local/lib/python3.8/site-packages/airflow/example_dags/example_dynamic_task_mapping_with_no_taskflow_operators.py for tasks to queue
[2024-03-23T07:23:43.139+0000] {logging_mixin.py:154} INFO - [2024-03-23T07:23:43.139+0000] {dagbag.py:536} INFO - Filling up the DagBag from /home/airflow/.local/lib/python3.8/site-packages/airflow/example_dags/example_dynamic_task_mapping_with_no_taskflow_operators.py
[2024-03-23T07:23:43.148+0000] {processor.py:839} INFO - DAG(s) dict_keys(['example_dynamic_task_mapping_with_no_taskflow_operators']) retrieved from /home/airflow/.local/lib/python3.8/site-packages/airflow/example_dags/example_dynamic_task_mapping_with_no_taskflow_operators.py
[2024-03-23T07:23:43.166+0000] {logging_mixin.py:154} INFO - [2024-03-23T07:23:43.165+0000] {dag.py:2941} INFO - Sync 1 DAGs
[2024-03-23T07:23:43.180+0000] {logging_mixin.py:154} INFO - [2024-03-23T07:23:43.180+0000] {dag.py:3722} INFO - Setting next_dagrun for example_dynamic_task_mapping_with_no_taskflow_operators to 2024-03-22T07:23:43.180301+00:00, run_after=2024-03-23T07:23:43.180301+00:00
[2024-03-23T07:23:43.203+0000] {processor.py:179} INFO - Processing /home/airflow/.local/lib/python3.8/site-packages/airflow/example_dags/example_dynamic_task_mapping_with_no_taskflow_operators.py took 0.070 seconds
[2024-03-23T07:24:14.679+0000] {processor.py:157} INFO - Started process (PID=2528) to work on /home/airflow/.local/lib/python3.8/site-packages/airflow/example_dags/example_dynamic_task_mapping_with_no_taskflow_operators.py
[2024-03-23T07:24:14.681+0000] {processor.py:829} INFO - Processing file /home/airflow/.local/lib/python3.8/site-packages/airflow/example_dags/example_dynamic_task_mapping_with_no_taskflow_operators.py for tasks to queue
[2024-03-23T07:24:14.684+0000] {logging_mixin.py:154} INFO - [2024-03-23T07:24:14.684+0000] {dagbag.py:536} INFO - Filling up the DagBag from /home/airflow/.local/lib/python3.8/site-packages/airflow/example_dags/example_dynamic_task_mapping_with_no_taskflow_operators.py
[2024-03-23T07:24:14.699+0000] {processor.py:839} INFO - DAG(s) dict_keys(['example_dynamic_task_mapping_with_no_taskflow_operators']) retrieved from /home/airflow/.local/lib/python3.8/site-packages/airflow/example_dags/example_dynamic_task_mapping_with_no_taskflow_operators.py
[2024-03-23T07:24:14.719+0000] {logging_mixin.py:154} INFO - [2024-03-23T07:24:14.719+0000] {dag.py:2941} INFO - Sync 1 DAGs
[2024-03-23T07:24:14.746+0000] {logging_mixin.py:154} INFO - [2024-03-23T07:24:14.746+0000] {dag.py:3722} INFO - Setting next_dagrun for example_dynamic_task_mapping_with_no_taskflow_operators to 2024-03-22T07:24:14.745907+00:00, run_after=2024-03-23T07:24:14.745907+00:00
[2024-03-23T07:24:14.759+0000] {processor.py:179} INFO - Processing /home/airflow/.local/lib/python3.8/site-packages/airflow/example_dags/example_dynamic_task_mapping_with_no_taskflow_operators.py took 0.085 seconds
[2024-03-23T07:24:46.736+0000] {processor.py:157} INFO - Started process (PID=2771) to work on /home/airflow/.local/lib/python3.8/site-packages/airflow/example_dags/example_dynamic_task_mapping_with_no_taskflow_operators.py
[2024-03-23T07:24:46.737+0000] {processor.py:829} INFO - Processing file /home/airflow/.local/lib/python3.8/site-packages/airflow/example_dags/example_dynamic_task_mapping_with_no_taskflow_operators.py for tasks to queue
[2024-03-23T07:24:46.738+0000] {logging_mixin.py:154} INFO - [2024-03-23T07:24:46.738+0000] {dagbag.py:536} INFO - Filling up the DagBag from /home/airflow/.local/lib/python3.8/site-packages/airflow/example_dags/example_dynamic_task_mapping_with_no_taskflow_operators.py
[2024-03-23T07:24:46.743+0000] {processor.py:839} INFO - DAG(s) dict_keys(['example_dynamic_task_mapping_with_no_taskflow_operators']) retrieved from /home/airflow/.local/lib/python3.8/site-packages/airflow/example_dags/example_dynamic_task_mapping_with_no_taskflow_operators.py
[2024-03-23T07:24:46.759+0000] {logging_mixin.py:154} INFO - [2024-03-23T07:24:46.759+0000] {dag.py:2941} INFO - Sync 1 DAGs
[2024-03-23T07:24:46.773+0000] {logging_mixin.py:154} INFO - [2024-03-23T07:24:46.773+0000] {dag.py:3722} INFO - Setting next_dagrun for example_dynamic_task_mapping_with_no_taskflow_operators to 2024-03-22T07:24:46.773465+00:00, run_after=2024-03-23T07:24:46.773465+00:00
[2024-03-23T07:24:46.785+0000] {processor.py:179} INFO - Processing /home/airflow/.local/lib/python3.8/site-packages/airflow/example_dags/example_dynamic_task_mapping_with_no_taskflow_operators.py took 0.052 seconds
[2024-03-23T07:25:22.386+0000] {processor.py:157} INFO - Started process (PID=3018) to work on /home/airflow/.local/lib/python3.8/site-packages/airflow/example_dags/example_dynamic_task_mapping_with_no_taskflow_operators.py
[2024-03-23T07:25:22.388+0000] {processor.py:829} INFO - Processing file /home/airflow/.local/lib/python3.8/site-packages/airflow/example_dags/example_dynamic_task_mapping_with_no_taskflow_operators.py for tasks to queue
[2024-03-23T07:25:22.388+0000] {logging_mixin.py:154} INFO - [2024-03-23T07:25:22.388+0000] {dagbag.py:536} INFO - Filling up the DagBag from /home/airflow/.local/lib/python3.8/site-packages/airflow/example_dags/example_dynamic_task_mapping_with_no_taskflow_operators.py
[2024-03-23T07:25:22.412+0000] {processor.py:839} INFO - DAG(s) dict_keys(['example_dynamic_task_mapping_with_no_taskflow_operators']) retrieved from /home/airflow/.local/lib/python3.8/site-packages/airflow/example_dags/example_dynamic_task_mapping_with_no_taskflow_operators.py
[2024-03-23T07:25:22.438+0000] {logging_mixin.py:154} INFO - [2024-03-23T07:25:22.438+0000] {dag.py:2941} INFO - Sync 1 DAGs
[2024-03-23T07:25:22.471+0000] {logging_mixin.py:154} INFO - [2024-03-23T07:25:22.471+0000] {dag.py:3722} INFO - Setting next_dagrun for example_dynamic_task_mapping_with_no_taskflow_operators to 2024-03-22T07:25:22.471090+00:00, run_after=2024-03-23T07:25:22.471090+00:00
[2024-03-23T07:25:22.487+0000] {processor.py:179} INFO - Processing /home/airflow/.local/lib/python3.8/site-packages/airflow/example_dags/example_dynamic_task_mapping_with_no_taskflow_operators.py took 0.104 seconds
[2024-03-23T07:25:55.166+0000] {processor.py:157} INFO - Started process (PID=3267) to work on /home/airflow/.local/lib/python3.8/site-packages/airflow/example_dags/example_dynamic_task_mapping_with_no_taskflow_operators.py
[2024-03-23T07:25:55.168+0000] {processor.py:829} INFO - Processing file /home/airflow/.local/lib/python3.8/site-packages/airflow/example_dags/example_dynamic_task_mapping_with_no_taskflow_operators.py for tasks to queue
[2024-03-23T07:25:55.171+0000] {logging_mixin.py:154} INFO - [2024-03-23T07:25:55.170+0000] {dagbag.py:536} INFO - Filling up the DagBag from /home/airflow/.local/lib/python3.8/site-packages/airflow/example_dags/example_dynamic_task_mapping_with_no_taskflow_operators.py
[2024-03-23T07:25:55.181+0000] {processor.py:839} INFO - DAG(s) dict_keys(['example_dynamic_task_mapping_with_no_taskflow_operators']) retrieved from /home/airflow/.local/lib/python3.8/site-packages/airflow/example_dags/example_dynamic_task_mapping_with_no_taskflow_operators.py
[2024-03-23T07:25:55.221+0000] {logging_mixin.py:154} INFO - [2024-03-23T07:25:55.221+0000] {dag.py:2941} INFO - Sync 1 DAGs
[2024-03-23T07:25:55.312+0000] {logging_mixin.py:154} INFO - [2024-03-23T07:25:55.311+0000] {dag.py:3722} INFO - Setting next_dagrun for example_dynamic_task_mapping_with_no_taskflow_operators to 2024-03-22T07:25:55.310981+00:00, run_after=2024-03-23T07:25:55.310981+00:00
[2024-03-23T07:25:55.349+0000] {processor.py:179} INFO - Processing /home/airflow/.local/lib/python3.8/site-packages/airflow/example_dags/example_dynamic_task_mapping_with_no_taskflow_operators.py took 0.188 seconds
[2024-03-23T07:26:29.370+0000] {processor.py:157} INFO - Started process (PID=3517) to work on /home/airflow/.local/lib/python3.8/site-packages/airflow/example_dags/example_dynamic_task_mapping_with_no_taskflow_operators.py
[2024-03-23T07:26:29.371+0000] {processor.py:829} INFO - Processing file /home/airflow/.local/lib/python3.8/site-packages/airflow/example_dags/example_dynamic_task_mapping_with_no_taskflow_operators.py for tasks to queue
[2024-03-23T07:26:29.372+0000] {logging_mixin.py:154} INFO - [2024-03-23T07:26:29.371+0000] {dagbag.py:536} INFO - Filling up the DagBag from /home/airflow/.local/lib/python3.8/site-packages/airflow/example_dags/example_dynamic_task_mapping_with_no_taskflow_operators.py
[2024-03-23T07:26:29.378+0000] {processor.py:839} INFO - DAG(s) dict_keys(['example_dynamic_task_mapping_with_no_taskflow_operators']) retrieved from /home/airflow/.local/lib/python3.8/site-packages/airflow/example_dags/example_dynamic_task_mapping_with_no_taskflow_operators.py
[2024-03-23T07:26:29.392+0000] {logging_mixin.py:154} INFO - [2024-03-23T07:26:29.392+0000] {dag.py:2941} INFO - Sync 1 DAGs
[2024-03-23T07:26:29.409+0000] {logging_mixin.py:154} INFO - [2024-03-23T07:26:29.409+0000] {dag.py:3722} INFO - Setting next_dagrun for example_dynamic_task_mapping_with_no_taskflow_operators to 2024-03-22T07:26:29.409001+00:00, run_after=2024-03-23T07:26:29.409001+00:00
[2024-03-23T07:26:29.421+0000] {processor.py:179} INFO - Processing /home/airflow/.local/lib/python3.8/site-packages/airflow/example_dags/example_dynamic_task_mapping_with_no_taskflow_operators.py took 0.053 seconds
[2024-03-23T07:27:02.555+0000] {processor.py:157} INFO - Started process (PID=3760) to work on /home/airflow/.local/lib/python3.8/site-packages/airflow/example_dags/example_dynamic_task_mapping_with_no_taskflow_operators.py
[2024-03-23T07:27:02.557+0000] {processor.py:829} INFO - Processing file /home/airflow/.local/lib/python3.8/site-packages/airflow/example_dags/example_dynamic_task_mapping_with_no_taskflow_operators.py for tasks to queue
[2024-03-23T07:27:02.557+0000] {logging_mixin.py:154} INFO - [2024-03-23T07:27:02.557+0000] {dagbag.py:536} INFO - Filling up the DagBag from /home/airflow/.local/lib/python3.8/site-packages/airflow/example_dags/example_dynamic_task_mapping_with_no_taskflow_operators.py
[2024-03-23T07:27:02.565+0000] {processor.py:839} INFO - DAG(s) dict_keys(['example_dynamic_task_mapping_with_no_taskflow_operators']) retrieved from /home/airflow/.local/lib/python3.8/site-packages/airflow/example_dags/example_dynamic_task_mapping_with_no_taskflow_operators.py
[2024-03-23T07:27:02.586+0000] {logging_mixin.py:154} INFO - [2024-03-23T07:27:02.586+0000] {dag.py:2941} INFO - Sync 1 DAGs
[2024-03-23T07:27:02.603+0000] {logging_mixin.py:154} INFO - [2024-03-23T07:27:02.602+0000] {dag.py:3722} INFO - Setting next_dagrun for example_dynamic_task_mapping_with_no_taskflow_operators to 2024-03-22T07:27:02.602675+00:00, run_after=2024-03-23T07:27:02.602675+00:00
[2024-03-23T07:27:02.617+0000] {processor.py:179} INFO - Processing /home/airflow/.local/lib/python3.8/site-packages/airflow/example_dags/example_dynamic_task_mapping_with_no_taskflow_operators.py took 0.066 seconds
[2024-03-23T07:27:36.157+0000] {processor.py:157} INFO - Started process (PID=4003) to work on /home/airflow/.local/lib/python3.8/site-packages/airflow/example_dags/example_dynamic_task_mapping_with_no_taskflow_operators.py
[2024-03-23T07:27:36.162+0000] {processor.py:829} INFO - Processing file /home/airflow/.local/lib/python3.8/site-packages/airflow/example_dags/example_dynamic_task_mapping_with_no_taskflow_operators.py for tasks to queue
[2024-03-23T07:27:36.163+0000] {logging_mixin.py:154} INFO - [2024-03-23T07:27:36.163+0000] {dagbag.py:536} INFO - Filling up the DagBag from /home/airflow/.local/lib/python3.8/site-packages/airflow/example_dags/example_dynamic_task_mapping_with_no_taskflow_operators.py
[2024-03-23T07:27:36.169+0000] {processor.py:839} INFO - DAG(s) dict_keys(['example_dynamic_task_mapping_with_no_taskflow_operators']) retrieved from /home/airflow/.local/lib/python3.8/site-packages/airflow/example_dags/example_dynamic_task_mapping_with_no_taskflow_operators.py
[2024-03-23T07:27:36.183+0000] {logging_mixin.py:154} INFO - [2024-03-23T07:27:36.183+0000] {dag.py:2941} INFO - Sync 1 DAGs
[2024-03-23T07:27:36.197+0000] {logging_mixin.py:154} INFO - [2024-03-23T07:27:36.197+0000] {dag.py:3722} INFO - Setting next_dagrun for example_dynamic_task_mapping_with_no_taskflow_operators to 2024-03-22T07:27:36.196917+00:00, run_after=2024-03-23T07:27:36.196917+00:00
[2024-03-23T07:27:36.206+0000] {processor.py:179} INFO - Processing /home/airflow/.local/lib/python3.8/site-packages/airflow/example_dags/example_dynamic_task_mapping_with_no_taskflow_operators.py took 0.052 seconds
[2024-03-23T07:28:10.187+0000] {processor.py:157} INFO - Started process (PID=4246) to work on /home/airflow/.local/lib/python3.8/site-packages/airflow/example_dags/example_dynamic_task_mapping_with_no_taskflow_operators.py
[2024-03-23T07:28:10.188+0000] {processor.py:829} INFO - Processing file /home/airflow/.local/lib/python3.8/site-packages/airflow/example_dags/example_dynamic_task_mapping_with_no_taskflow_operators.py for tasks to queue
[2024-03-23T07:28:10.189+0000] {logging_mixin.py:154} INFO - [2024-03-23T07:28:10.189+0000] {dagbag.py:536} INFO - Filling up the DagBag from /home/airflow/.local/lib/python3.8/site-packages/airflow/example_dags/example_dynamic_task_mapping_with_no_taskflow_operators.py
[2024-03-23T07:28:10.194+0000] {processor.py:839} INFO - DAG(s) dict_keys(['example_dynamic_task_mapping_with_no_taskflow_operators']) retrieved from /home/airflow/.local/lib/python3.8/site-packages/airflow/example_dags/example_dynamic_task_mapping_with_no_taskflow_operators.py
[2024-03-23T07:28:10.204+0000] {logging_mixin.py:154} INFO - [2024-03-23T07:28:10.204+0000] {dag.py:2941} INFO - Sync 1 DAGs
[2024-03-23T07:28:10.217+0000] {logging_mixin.py:154} INFO - [2024-03-23T07:28:10.217+0000] {dag.py:3722} INFO - Setting next_dagrun for example_dynamic_task_mapping_with_no_taskflow_operators to 2024-03-22T07:28:10.216930+00:00, run_after=2024-03-23T07:28:10.216930+00:00
[2024-03-23T07:28:10.228+0000] {processor.py:179} INFO - Processing /home/airflow/.local/lib/python3.8/site-packages/airflow/example_dags/example_dynamic_task_mapping_with_no_taskflow_operators.py took 0.042 seconds
[2024-03-23T07:28:40.791+0000] {processor.py:157} INFO - Started process (PID=4489) to work on /home/airflow/.local/lib/python3.8/site-packages/airflow/example_dags/example_dynamic_task_mapping_with_no_taskflow_operators.py
[2024-03-23T07:28:40.792+0000] {processor.py:829} INFO - Processing file /home/airflow/.local/lib/python3.8/site-packages/airflow/example_dags/example_dynamic_task_mapping_with_no_taskflow_operators.py for tasks to queue
[2024-03-23T07:28:40.793+0000] {logging_mixin.py:154} INFO - [2024-03-23T07:28:40.793+0000] {dagbag.py:536} INFO - Filling up the DagBag from /home/airflow/.local/lib/python3.8/site-packages/airflow/example_dags/example_dynamic_task_mapping_with_no_taskflow_operators.py
[2024-03-23T07:28:40.803+0000] {processor.py:839} INFO - DAG(s) dict_keys(['example_dynamic_task_mapping_with_no_taskflow_operators']) retrieved from /home/airflow/.local/lib/python3.8/site-packages/airflow/example_dags/example_dynamic_task_mapping_with_no_taskflow_operators.py
[2024-03-23T07:28:40.821+0000] {logging_mixin.py:154} INFO - [2024-03-23T07:28:40.820+0000] {dag.py:2941} INFO - Sync 1 DAGs
[2024-03-23T07:28:40.846+0000] {logging_mixin.py:154} INFO - [2024-03-23T07:28:40.845+0000] {dag.py:3722} INFO - Setting next_dagrun for example_dynamic_task_mapping_with_no_taskflow_operators to 2024-03-22T07:28:40.845565+00:00, run_after=2024-03-23T07:28:40.845565+00:00
[2024-03-23T07:28:40.860+0000] {processor.py:179} INFO - Processing /home/airflow/.local/lib/python3.8/site-packages/airflow/example_dags/example_dynamic_task_mapping_with_no_taskflow_operators.py took 0.072 seconds
[2024-03-23T07:29:11.777+0000] {processor.py:157} INFO - Started process (PID=4732) to work on /home/airflow/.local/lib/python3.8/site-packages/airflow/example_dags/example_dynamic_task_mapping_with_no_taskflow_operators.py
[2024-03-23T07:29:11.778+0000] {processor.py:829} INFO - Processing file /home/airflow/.local/lib/python3.8/site-packages/airflow/example_dags/example_dynamic_task_mapping_with_no_taskflow_operators.py for tasks to queue
[2024-03-23T07:29:11.779+0000] {logging_mixin.py:154} INFO - [2024-03-23T07:29:11.778+0000] {dagbag.py:536} INFO - Filling up the DagBag from /home/airflow/.local/lib/python3.8/site-packages/airflow/example_dags/example_dynamic_task_mapping_with_no_taskflow_operators.py
[2024-03-23T07:29:11.785+0000] {processor.py:839} INFO - DAG(s) dict_keys(['example_dynamic_task_mapping_with_no_taskflow_operators']) retrieved from /home/airflow/.local/lib/python3.8/site-packages/airflow/example_dags/example_dynamic_task_mapping_with_no_taskflow_operators.py
[2024-03-23T07:29:11.803+0000] {logging_mixin.py:154} INFO - [2024-03-23T07:29:11.803+0000] {dag.py:2941} INFO - Sync 1 DAGs
[2024-03-23T07:29:11.815+0000] {logging_mixin.py:154} INFO - [2024-03-23T07:29:11.815+0000] {dag.py:3722} INFO - Setting next_dagrun for example_dynamic_task_mapping_with_no_taskflow_operators to 2024-03-22T07:29:11.815692+00:00, run_after=2024-03-23T07:29:11.815692+00:00
[2024-03-23T07:29:11.826+0000] {processor.py:179} INFO - Processing /home/airflow/.local/lib/python3.8/site-packages/airflow/example_dags/example_dynamic_task_mapping_with_no_taskflow_operators.py took 0.051 seconds
[2024-03-23T07:29:37.478+0000] {processor.py:157} INFO - Started process (PID=331) to work on /home/airflow/.local/lib/python3.8/site-packages/airflow/example_dags/example_dynamic_task_mapping_with_no_taskflow_operators.py
[2024-03-23T07:29:37.479+0000] {processor.py:829} INFO - Processing file /home/airflow/.local/lib/python3.8/site-packages/airflow/example_dags/example_dynamic_task_mapping_with_no_taskflow_operators.py for tasks to queue
[2024-03-23T07:29:37.483+0000] {logging_mixin.py:154} INFO - [2024-03-23T07:29:37.483+0000] {dagbag.py:536} INFO - Filling up the DagBag from /home/airflow/.local/lib/python3.8/site-packages/airflow/example_dags/example_dynamic_task_mapping_with_no_taskflow_operators.py
[2024-03-23T07:29:37.488+0000] {processor.py:839} INFO - DAG(s) dict_keys(['example_dynamic_task_mapping_with_no_taskflow_operators']) retrieved from /home/airflow/.local/lib/python3.8/site-packages/airflow/example_dags/example_dynamic_task_mapping_with_no_taskflow_operators.py
[2024-03-23T07:29:37.500+0000] {logging_mixin.py:154} INFO - [2024-03-23T07:29:37.499+0000] {dag.py:2941} INFO - Sync 1 DAGs
[2024-03-23T07:29:37.518+0000] {logging_mixin.py:154} INFO - [2024-03-23T07:29:37.518+0000] {dag.py:3722} INFO - Setting next_dagrun for example_dynamic_task_mapping_with_no_taskflow_operators to 2024-03-22T07:29:37.518696+00:00, run_after=2024-03-23T07:29:37.518696+00:00
[2024-03-23T07:29:37.529+0000] {processor.py:179} INFO - Processing /home/airflow/.local/lib/python3.8/site-packages/airflow/example_dags/example_dynamic_task_mapping_with_no_taskflow_operators.py took 0.053 seconds
