[2024-03-23T07:19:34.152+0000] {processor.py:157} INFO - Started process (PID=287) to work on /home/airflow/.local/lib/python3.8/site-packages/airflow/example_dags/example_nested_branch_dag.py
[2024-03-23T07:19:34.153+0000] {processor.py:829} INFO - Processing file /home/airflow/.local/lib/python3.8/site-packages/airflow/example_dags/example_nested_branch_dag.py for tasks to queue
[2024-03-23T07:19:34.154+0000] {logging_mixin.py:154} INFO - [2024-03-23T07:19:34.154+0000] {dagbag.py:536} INFO - Filling up the DagBag from /home/airflow/.local/lib/python3.8/site-packages/airflow/example_dags/example_nested_branch_dag.py
[2024-03-23T07:19:34.161+0000] {processor.py:839} INFO - DAG(s) dict_keys(['example_nested_branch_dag']) retrieved from /home/airflow/.local/lib/python3.8/site-packages/airflow/example_dags/example_nested_branch_dag.py
[2024-03-23T07:19:34.230+0000] {logging_mixin.py:154} INFO - [2024-03-23T07:19:34.230+0000] {manager.py:499} INFO - Created Permission View: %s
[2024-03-23T07:19:34.237+0000] {logging_mixin.py:154} INFO - [2024-03-23T07:19:34.236+0000] {manager.py:499} INFO - Created Permission View: %s
[2024-03-23T07:19:34.240+0000] {logging_mixin.py:154} INFO - [2024-03-23T07:19:34.240+0000] {manager.py:499} INFO - Created Permission View: %s
[2024-03-23T07:19:34.241+0000] {logging_mixin.py:154} INFO - [2024-03-23T07:19:34.241+0000] {dag.py:2941} INFO - Sync 1 DAGs
[2024-03-23T07:19:34.249+0000] {logging_mixin.py:154} INFO - [2024-03-23T07:19:34.249+0000] {dag.py:2963} INFO - Creating ORM DAG for example_nested_branch_dag
[2024-03-23T07:19:34.255+0000] {logging_mixin.py:154} INFO - [2024-03-23T07:19:34.255+0000] {dag.py:3722} INFO - Setting next_dagrun for example_nested_branch_dag to 2024-03-22T00:00:00+00:00, run_after=2024-03-23T00:00:00+00:00
[2024-03-23T07:19:34.267+0000] {processor.py:179} INFO - Processing /home/airflow/.local/lib/python3.8/site-packages/airflow/example_dags/example_nested_branch_dag.py took 0.117 seconds
[2024-03-23T07:20:04.869+0000] {processor.py:157} INFO - Started process (PID=530) to work on /home/airflow/.local/lib/python3.8/site-packages/airflow/example_dags/example_nested_branch_dag.py
[2024-03-23T07:20:04.870+0000] {processor.py:829} INFO - Processing file /home/airflow/.local/lib/python3.8/site-packages/airflow/example_dags/example_nested_branch_dag.py for tasks to queue
[2024-03-23T07:20:04.871+0000] {logging_mixin.py:154} INFO - [2024-03-23T07:20:04.871+0000] {dagbag.py:536} INFO - Filling up the DagBag from /home/airflow/.local/lib/python3.8/site-packages/airflow/example_dags/example_nested_branch_dag.py
[2024-03-23T07:20:04.876+0000] {processor.py:839} INFO - DAG(s) dict_keys(['example_nested_branch_dag']) retrieved from /home/airflow/.local/lib/python3.8/site-packages/airflow/example_dags/example_nested_branch_dag.py
[2024-03-23T07:20:04.890+0000] {logging_mixin.py:154} INFO - [2024-03-23T07:20:04.890+0000] {dag.py:2941} INFO - Sync 1 DAGs
[2024-03-23T07:20:04.903+0000] {logging_mixin.py:154} INFO - [2024-03-23T07:20:04.903+0000] {dag.py:3722} INFO - Setting next_dagrun for example_nested_branch_dag to 2024-03-22T00:00:00+00:00, run_after=2024-03-23T00:00:00+00:00
[2024-03-23T07:20:04.912+0000] {processor.py:179} INFO - Processing /home/airflow/.local/lib/python3.8/site-packages/airflow/example_dags/example_nested_branch_dag.py took 0.045 seconds
[2024-03-23T07:20:36.065+0000] {processor.py:157} INFO - Started process (PID=773) to work on /home/airflow/.local/lib/python3.8/site-packages/airflow/example_dags/example_nested_branch_dag.py
[2024-03-23T07:20:36.066+0000] {processor.py:829} INFO - Processing file /home/airflow/.local/lib/python3.8/site-packages/airflow/example_dags/example_nested_branch_dag.py for tasks to queue
[2024-03-23T07:20:36.067+0000] {logging_mixin.py:154} INFO - [2024-03-23T07:20:36.066+0000] {dagbag.py:536} INFO - Filling up the DagBag from /home/airflow/.local/lib/python3.8/site-packages/airflow/example_dags/example_nested_branch_dag.py
[2024-03-23T07:20:36.073+0000] {processor.py:839} INFO - DAG(s) dict_keys(['example_nested_branch_dag']) retrieved from /home/airflow/.local/lib/python3.8/site-packages/airflow/example_dags/example_nested_branch_dag.py
[2024-03-23T07:20:36.084+0000] {logging_mixin.py:154} INFO - [2024-03-23T07:20:36.084+0000] {dag.py:2941} INFO - Sync 1 DAGs
[2024-03-23T07:20:36.098+0000] {logging_mixin.py:154} INFO - [2024-03-23T07:20:36.098+0000] {dag.py:3722} INFO - Setting next_dagrun for example_nested_branch_dag to 2024-03-22T00:00:00+00:00, run_after=2024-03-23T00:00:00+00:00
[2024-03-23T07:20:36.109+0000] {processor.py:179} INFO - Processing /home/airflow/.local/lib/python3.8/site-packages/airflow/example_dags/example_nested_branch_dag.py took 0.046 seconds
[2024-03-23T07:21:06.448+0000] {processor.py:157} INFO - Started process (PID=1016) to work on /home/airflow/.local/lib/python3.8/site-packages/airflow/example_dags/example_nested_branch_dag.py
[2024-03-23T07:21:06.449+0000] {processor.py:829} INFO - Processing file /home/airflow/.local/lib/python3.8/site-packages/airflow/example_dags/example_nested_branch_dag.py for tasks to queue
[2024-03-23T07:21:06.449+0000] {logging_mixin.py:154} INFO - [2024-03-23T07:21:06.449+0000] {dagbag.py:536} INFO - Filling up the DagBag from /home/airflow/.local/lib/python3.8/site-packages/airflow/example_dags/example_nested_branch_dag.py
[2024-03-23T07:21:06.455+0000] {processor.py:839} INFO - DAG(s) dict_keys(['example_nested_branch_dag']) retrieved from /home/airflow/.local/lib/python3.8/site-packages/airflow/example_dags/example_nested_branch_dag.py
[2024-03-23T07:21:06.466+0000] {logging_mixin.py:154} INFO - [2024-03-23T07:21:06.466+0000] {dag.py:2941} INFO - Sync 1 DAGs
[2024-03-23T07:21:06.478+0000] {logging_mixin.py:154} INFO - [2024-03-23T07:21:06.478+0000] {dag.py:3722} INFO - Setting next_dagrun for example_nested_branch_dag to 2024-03-22T00:00:00+00:00, run_after=2024-03-23T00:00:00+00:00
[2024-03-23T07:21:06.488+0000] {processor.py:179} INFO - Processing /home/airflow/.local/lib/python3.8/site-packages/airflow/example_dags/example_nested_branch_dag.py took 0.041 seconds
[2024-03-23T07:21:37.454+0000] {processor.py:157} INFO - Started process (PID=1259) to work on /home/airflow/.local/lib/python3.8/site-packages/airflow/example_dags/example_nested_branch_dag.py
[2024-03-23T07:21:37.456+0000] {processor.py:829} INFO - Processing file /home/airflow/.local/lib/python3.8/site-packages/airflow/example_dags/example_nested_branch_dag.py for tasks to queue
[2024-03-23T07:21:37.456+0000] {logging_mixin.py:154} INFO - [2024-03-23T07:21:37.456+0000] {dagbag.py:536} INFO - Filling up the DagBag from /home/airflow/.local/lib/python3.8/site-packages/airflow/example_dags/example_nested_branch_dag.py
[2024-03-23T07:21:37.462+0000] {processor.py:839} INFO - DAG(s) dict_keys(['example_nested_branch_dag']) retrieved from /home/airflow/.local/lib/python3.8/site-packages/airflow/example_dags/example_nested_branch_dag.py
[2024-03-23T07:21:37.473+0000] {logging_mixin.py:154} INFO - [2024-03-23T07:21:37.473+0000] {dag.py:2941} INFO - Sync 1 DAGs
[2024-03-23T07:21:37.489+0000] {logging_mixin.py:154} INFO - [2024-03-23T07:21:37.489+0000] {dag.py:3722} INFO - Setting next_dagrun for example_nested_branch_dag to 2024-03-22T00:00:00+00:00, run_after=2024-03-23T00:00:00+00:00
[2024-03-23T07:21:37.499+0000] {processor.py:179} INFO - Processing /home/airflow/.local/lib/python3.8/site-packages/airflow/example_dags/example_nested_branch_dag.py took 0.047 seconds
[2024-03-23T07:22:08.188+0000] {processor.py:157} INFO - Started process (PID=1504) to work on /home/airflow/.local/lib/python3.8/site-packages/airflow/example_dags/example_nested_branch_dag.py
[2024-03-23T07:22:08.189+0000] {processor.py:829} INFO - Processing file /home/airflow/.local/lib/python3.8/site-packages/airflow/example_dags/example_nested_branch_dag.py for tasks to queue
[2024-03-23T07:22:08.190+0000] {logging_mixin.py:154} INFO - [2024-03-23T07:22:08.190+0000] {dagbag.py:536} INFO - Filling up the DagBag from /home/airflow/.local/lib/python3.8/site-packages/airflow/example_dags/example_nested_branch_dag.py
[2024-03-23T07:22:08.213+0000] {processor.py:839} INFO - DAG(s) dict_keys(['example_nested_branch_dag']) retrieved from /home/airflow/.local/lib/python3.8/site-packages/airflow/example_dags/example_nested_branch_dag.py
[2024-03-23T07:22:08.276+0000] {logging_mixin.py:154} INFO - [2024-03-23T07:22:08.276+0000] {dag.py:2941} INFO - Sync 1 DAGs
[2024-03-23T07:22:08.325+0000] {logging_mixin.py:154} INFO - [2024-03-23T07:22:08.325+0000] {dag.py:3722} INFO - Setting next_dagrun for example_nested_branch_dag to 2024-03-22T00:00:00+00:00, run_after=2024-03-23T00:00:00+00:00
[2024-03-23T07:22:08.345+0000] {processor.py:179} INFO - Processing /home/airflow/.local/lib/python3.8/site-packages/airflow/example_dags/example_nested_branch_dag.py took 0.160 seconds
[2024-03-23T07:22:38.511+0000] {processor.py:157} INFO - Started process (PID=1753) to work on /home/airflow/.local/lib/python3.8/site-packages/airflow/example_dags/example_nested_branch_dag.py
[2024-03-23T07:22:38.512+0000] {processor.py:829} INFO - Processing file /home/airflow/.local/lib/python3.8/site-packages/airflow/example_dags/example_nested_branch_dag.py for tasks to queue
[2024-03-23T07:22:38.513+0000] {logging_mixin.py:154} INFO - [2024-03-23T07:22:38.513+0000] {dagbag.py:536} INFO - Filling up the DagBag from /home/airflow/.local/lib/python3.8/site-packages/airflow/example_dags/example_nested_branch_dag.py
[2024-03-23T07:22:38.520+0000] {processor.py:839} INFO - DAG(s) dict_keys(['example_nested_branch_dag']) retrieved from /home/airflow/.local/lib/python3.8/site-packages/airflow/example_dags/example_nested_branch_dag.py
[2024-03-23T07:22:38.531+0000] {logging_mixin.py:154} INFO - [2024-03-23T07:22:38.530+0000] {dag.py:2941} INFO - Sync 1 DAGs
[2024-03-23T07:22:38.541+0000] {logging_mixin.py:154} INFO - [2024-03-23T07:22:38.541+0000] {dag.py:3722} INFO - Setting next_dagrun for example_nested_branch_dag to 2024-03-22T00:00:00+00:00, run_after=2024-03-23T00:00:00+00:00
[2024-03-23T07:22:38.550+0000] {processor.py:179} INFO - Processing /home/airflow/.local/lib/python3.8/site-packages/airflow/example_dags/example_nested_branch_dag.py took 0.040 seconds
[2024-03-23T07:23:09.917+0000] {processor.py:157} INFO - Started process (PID=1996) to work on /home/airflow/.local/lib/python3.8/site-packages/airflow/example_dags/example_nested_branch_dag.py
[2024-03-23T07:23:09.917+0000] {processor.py:829} INFO - Processing file /home/airflow/.local/lib/python3.8/site-packages/airflow/example_dags/example_nested_branch_dag.py for tasks to queue
[2024-03-23T07:23:09.918+0000] {logging_mixin.py:154} INFO - [2024-03-23T07:23:09.918+0000] {dagbag.py:536} INFO - Filling up the DagBag from /home/airflow/.local/lib/python3.8/site-packages/airflow/example_dags/example_nested_branch_dag.py
[2024-03-23T07:23:09.923+0000] {processor.py:839} INFO - DAG(s) dict_keys(['example_nested_branch_dag']) retrieved from /home/airflow/.local/lib/python3.8/site-packages/airflow/example_dags/example_nested_branch_dag.py
[2024-03-23T07:23:09.934+0000] {logging_mixin.py:154} INFO - [2024-03-23T07:23:09.934+0000] {dag.py:2941} INFO - Sync 1 DAGs
[2024-03-23T07:23:09.954+0000] {logging_mixin.py:154} INFO - [2024-03-23T07:23:09.954+0000] {dag.py:3722} INFO - Setting next_dagrun for example_nested_branch_dag to 2024-03-22T00:00:00+00:00, run_after=2024-03-23T00:00:00+00:00
[2024-03-23T07:23:09.963+0000] {processor.py:179} INFO - Processing /home/airflow/.local/lib/python3.8/site-packages/airflow/example_dags/example_nested_branch_dag.py took 0.048 seconds
[2024-03-23T07:23:41.942+0000] {processor.py:157} INFO - Started process (PID=2238) to work on /home/airflow/.local/lib/python3.8/site-packages/airflow/example_dags/example_nested_branch_dag.py
[2024-03-23T07:23:41.959+0000] {processor.py:829} INFO - Processing file /home/airflow/.local/lib/python3.8/site-packages/airflow/example_dags/example_nested_branch_dag.py for tasks to queue
[2024-03-23T07:23:41.962+0000] {logging_mixin.py:154} INFO - [2024-03-23T07:23:41.962+0000] {dagbag.py:536} INFO - Filling up the DagBag from /home/airflow/.local/lib/python3.8/site-packages/airflow/example_dags/example_nested_branch_dag.py
[2024-03-23T07:23:42.000+0000] {processor.py:839} INFO - DAG(s) dict_keys(['example_nested_branch_dag']) retrieved from /home/airflow/.local/lib/python3.8/site-packages/airflow/example_dags/example_nested_branch_dag.py
[2024-03-23T07:23:42.073+0000] {logging_mixin.py:154} INFO - [2024-03-23T07:23:42.072+0000] {dag.py:2941} INFO - Sync 1 DAGs
[2024-03-23T07:23:42.154+0000] {logging_mixin.py:154} INFO - [2024-03-23T07:23:42.154+0000] {dag.py:3722} INFO - Setting next_dagrun for example_nested_branch_dag to 2024-03-22T00:00:00+00:00, run_after=2024-03-23T00:00:00+00:00
[2024-03-23T07:23:42.178+0000] {processor.py:179} INFO - Processing /home/airflow/.local/lib/python3.8/site-packages/airflow/example_dags/example_nested_branch_dag.py took 0.242 seconds
[2024-03-23T07:24:13.977+0000] {processor.py:157} INFO - Started process (PID=2482) to work on /home/airflow/.local/lib/python3.8/site-packages/airflow/example_dags/example_nested_branch_dag.py
[2024-03-23T07:24:13.979+0000] {processor.py:829} INFO - Processing file /home/airflow/.local/lib/python3.8/site-packages/airflow/example_dags/example_nested_branch_dag.py for tasks to queue
[2024-03-23T07:24:13.980+0000] {logging_mixin.py:154} INFO - [2024-03-23T07:24:13.980+0000] {dagbag.py:536} INFO - Filling up the DagBag from /home/airflow/.local/lib/python3.8/site-packages/airflow/example_dags/example_nested_branch_dag.py
[2024-03-23T07:24:13.991+0000] {processor.py:839} INFO - DAG(s) dict_keys(['example_nested_branch_dag']) retrieved from /home/airflow/.local/lib/python3.8/site-packages/airflow/example_dags/example_nested_branch_dag.py
[2024-03-23T07:24:14.029+0000] {logging_mixin.py:154} INFO - [2024-03-23T07:24:14.029+0000] {dag.py:2941} INFO - Sync 1 DAGs
[2024-03-23T07:24:14.058+0000] {logging_mixin.py:154} INFO - [2024-03-23T07:24:14.056+0000] {dag.py:3722} INFO - Setting next_dagrun for example_nested_branch_dag to 2024-03-22T00:00:00+00:00, run_after=2024-03-23T00:00:00+00:00
[2024-03-23T07:24:14.075+0000] {processor.py:179} INFO - Processing /home/airflow/.local/lib/python3.8/site-packages/airflow/example_dags/example_nested_branch_dag.py took 0.102 seconds
[2024-03-23T07:24:46.187+0000] {processor.py:157} INFO - Started process (PID=2724) to work on /home/airflow/.local/lib/python3.8/site-packages/airflow/example_dags/example_nested_branch_dag.py
[2024-03-23T07:24:46.188+0000] {processor.py:829} INFO - Processing file /home/airflow/.local/lib/python3.8/site-packages/airflow/example_dags/example_nested_branch_dag.py for tasks to queue
[2024-03-23T07:24:46.189+0000] {logging_mixin.py:154} INFO - [2024-03-23T07:24:46.189+0000] {dagbag.py:536} INFO - Filling up the DagBag from /home/airflow/.local/lib/python3.8/site-packages/airflow/example_dags/example_nested_branch_dag.py
[2024-03-23T07:24:46.196+0000] {processor.py:839} INFO - DAG(s) dict_keys(['example_nested_branch_dag']) retrieved from /home/airflow/.local/lib/python3.8/site-packages/airflow/example_dags/example_nested_branch_dag.py
[2024-03-23T07:24:46.225+0000] {logging_mixin.py:154} INFO - [2024-03-23T07:24:46.225+0000] {dag.py:2941} INFO - Sync 1 DAGs
[2024-03-23T07:24:46.268+0000] {logging_mixin.py:154} INFO - [2024-03-23T07:24:46.267+0000] {dag.py:3722} INFO - Setting next_dagrun for example_nested_branch_dag to 2024-03-22T00:00:00+00:00, run_after=2024-03-23T00:00:00+00:00
[2024-03-23T07:24:46.298+0000] {processor.py:179} INFO - Processing /home/airflow/.local/lib/python3.8/site-packages/airflow/example_dags/example_nested_branch_dag.py took 0.113 seconds
[2024-03-23T07:25:21.674+0000] {processor.py:157} INFO - Started process (PID=2973) to work on /home/airflow/.local/lib/python3.8/site-packages/airflow/example_dags/example_nested_branch_dag.py
[2024-03-23T07:25:21.675+0000] {processor.py:829} INFO - Processing file /home/airflow/.local/lib/python3.8/site-packages/airflow/example_dags/example_nested_branch_dag.py for tasks to queue
[2024-03-23T07:25:21.676+0000] {logging_mixin.py:154} INFO - [2024-03-23T07:25:21.676+0000] {dagbag.py:536} INFO - Filling up the DagBag from /home/airflow/.local/lib/python3.8/site-packages/airflow/example_dags/example_nested_branch_dag.py
[2024-03-23T07:25:21.688+0000] {processor.py:839} INFO - DAG(s) dict_keys(['example_nested_branch_dag']) retrieved from /home/airflow/.local/lib/python3.8/site-packages/airflow/example_dags/example_nested_branch_dag.py
[2024-03-23T07:25:21.748+0000] {logging_mixin.py:154} INFO - [2024-03-23T07:25:21.748+0000] {dag.py:2941} INFO - Sync 1 DAGs
[2024-03-23T07:25:21.778+0000] {logging_mixin.py:154} INFO - [2024-03-23T07:25:21.778+0000] {dag.py:3722} INFO - Setting next_dagrun for example_nested_branch_dag to 2024-03-22T00:00:00+00:00, run_after=2024-03-23T00:00:00+00:00
[2024-03-23T07:25:21.792+0000] {processor.py:179} INFO - Processing /home/airflow/.local/lib/python3.8/site-packages/airflow/example_dags/example_nested_branch_dag.py took 0.122 seconds
[2024-03-23T07:25:54.405+0000] {processor.py:157} INFO - Started process (PID=3222) to work on /home/airflow/.local/lib/python3.8/site-packages/airflow/example_dags/example_nested_branch_dag.py
[2024-03-23T07:25:54.407+0000] {processor.py:829} INFO - Processing file /home/airflow/.local/lib/python3.8/site-packages/airflow/example_dags/example_nested_branch_dag.py for tasks to queue
[2024-03-23T07:25:54.409+0000] {logging_mixin.py:154} INFO - [2024-03-23T07:25:54.409+0000] {dagbag.py:536} INFO - Filling up the DagBag from /home/airflow/.local/lib/python3.8/site-packages/airflow/example_dags/example_nested_branch_dag.py
[2024-03-23T07:25:54.419+0000] {processor.py:839} INFO - DAG(s) dict_keys(['example_nested_branch_dag']) retrieved from /home/airflow/.local/lib/python3.8/site-packages/airflow/example_dags/example_nested_branch_dag.py
[2024-03-23T07:25:54.451+0000] {logging_mixin.py:154} INFO - [2024-03-23T07:25:54.451+0000] {dag.py:2941} INFO - Sync 1 DAGs
[2024-03-23T07:25:54.477+0000] {logging_mixin.py:154} INFO - [2024-03-23T07:25:54.477+0000] {dag.py:3722} INFO - Setting next_dagrun for example_nested_branch_dag to 2024-03-22T00:00:00+00:00, run_after=2024-03-23T00:00:00+00:00
[2024-03-23T07:25:54.497+0000] {processor.py:179} INFO - Processing /home/airflow/.local/lib/python3.8/site-packages/airflow/example_dags/example_nested_branch_dag.py took 0.097 seconds
[2024-03-23T07:26:28.855+0000] {processor.py:157} INFO - Started process (PID=3465) to work on /home/airflow/.local/lib/python3.8/site-packages/airflow/example_dags/example_nested_branch_dag.py
[2024-03-23T07:26:28.856+0000] {processor.py:829} INFO - Processing file /home/airflow/.local/lib/python3.8/site-packages/airflow/example_dags/example_nested_branch_dag.py for tasks to queue
[2024-03-23T07:26:28.856+0000] {logging_mixin.py:154} INFO - [2024-03-23T07:26:28.856+0000] {dagbag.py:536} INFO - Filling up the DagBag from /home/airflow/.local/lib/python3.8/site-packages/airflow/example_dags/example_nested_branch_dag.py
[2024-03-23T07:26:28.864+0000] {processor.py:839} INFO - DAG(s) dict_keys(['example_nested_branch_dag']) retrieved from /home/airflow/.local/lib/python3.8/site-packages/airflow/example_dags/example_nested_branch_dag.py
[2024-03-23T07:26:28.879+0000] {logging_mixin.py:154} INFO - [2024-03-23T07:26:28.879+0000] {dag.py:2941} INFO - Sync 1 DAGs
[2024-03-23T07:26:28.893+0000] {logging_mixin.py:154} INFO - [2024-03-23T07:26:28.893+0000] {dag.py:3722} INFO - Setting next_dagrun for example_nested_branch_dag to 2024-03-22T00:00:00+00:00, run_after=2024-03-23T00:00:00+00:00
[2024-03-23T07:26:28.914+0000] {processor.py:179} INFO - Processing /home/airflow/.local/lib/python3.8/site-packages/airflow/example_dags/example_nested_branch_dag.py took 0.062 seconds
[2024-03-23T07:27:02.150+0000] {processor.py:157} INFO - Started process (PID=3715) to work on /home/airflow/.local/lib/python3.8/site-packages/airflow/example_dags/example_nested_branch_dag.py
[2024-03-23T07:27:02.150+0000] {processor.py:829} INFO - Processing file /home/airflow/.local/lib/python3.8/site-packages/airflow/example_dags/example_nested_branch_dag.py for tasks to queue
[2024-03-23T07:27:02.151+0000] {logging_mixin.py:154} INFO - [2024-03-23T07:27:02.151+0000] {dagbag.py:536} INFO - Filling up the DagBag from /home/airflow/.local/lib/python3.8/site-packages/airflow/example_dags/example_nested_branch_dag.py
[2024-03-23T07:27:02.156+0000] {processor.py:839} INFO - DAG(s) dict_keys(['example_nested_branch_dag']) retrieved from /home/airflow/.local/lib/python3.8/site-packages/airflow/example_dags/example_nested_branch_dag.py
[2024-03-23T07:27:02.170+0000] {logging_mixin.py:154} INFO - [2024-03-23T07:27:02.170+0000] {dag.py:2941} INFO - Sync 1 DAGs
[2024-03-23T07:27:02.192+0000] {logging_mixin.py:154} INFO - [2024-03-23T07:27:02.192+0000] {dag.py:3722} INFO - Setting next_dagrun for example_nested_branch_dag to 2024-03-22T00:00:00+00:00, run_after=2024-03-23T00:00:00+00:00
[2024-03-23T07:27:02.205+0000] {processor.py:179} INFO - Processing /home/airflow/.local/lib/python3.8/site-packages/airflow/example_dags/example_nested_branch_dag.py took 0.058 seconds
[2024-03-23T07:27:35.744+0000] {processor.py:157} INFO - Started process (PID=3958) to work on /home/airflow/.local/lib/python3.8/site-packages/airflow/example_dags/example_nested_branch_dag.py
[2024-03-23T07:27:35.747+0000] {processor.py:829} INFO - Processing file /home/airflow/.local/lib/python3.8/site-packages/airflow/example_dags/example_nested_branch_dag.py for tasks to queue
[2024-03-23T07:27:35.748+0000] {logging_mixin.py:154} INFO - [2024-03-23T07:27:35.748+0000] {dagbag.py:536} INFO - Filling up the DagBag from /home/airflow/.local/lib/python3.8/site-packages/airflow/example_dags/example_nested_branch_dag.py
[2024-03-23T07:27:35.758+0000] {processor.py:839} INFO - DAG(s) dict_keys(['example_nested_branch_dag']) retrieved from /home/airflow/.local/lib/python3.8/site-packages/airflow/example_dags/example_nested_branch_dag.py
[2024-03-23T07:27:35.786+0000] {logging_mixin.py:154} INFO - [2024-03-23T07:27:35.786+0000] {dag.py:2941} INFO - Sync 1 DAGs
[2024-03-23T07:27:35.804+0000] {logging_mixin.py:154} INFO - [2024-03-23T07:27:35.804+0000] {dag.py:3722} INFO - Setting next_dagrun for example_nested_branch_dag to 2024-03-22T00:00:00+00:00, run_after=2024-03-23T00:00:00+00:00
[2024-03-23T07:27:35.817+0000] {processor.py:179} INFO - Processing /home/airflow/.local/lib/python3.8/site-packages/airflow/example_dags/example_nested_branch_dag.py took 0.077 seconds
[2024-03-23T07:28:09.734+0000] {processor.py:157} INFO - Started process (PID=4201) to work on /home/airflow/.local/lib/python3.8/site-packages/airflow/example_dags/example_nested_branch_dag.py
[2024-03-23T07:28:09.739+0000] {processor.py:829} INFO - Processing file /home/airflow/.local/lib/python3.8/site-packages/airflow/example_dags/example_nested_branch_dag.py for tasks to queue
[2024-03-23T07:28:09.739+0000] {logging_mixin.py:154} INFO - [2024-03-23T07:28:09.739+0000] {dagbag.py:536} INFO - Filling up the DagBag from /home/airflow/.local/lib/python3.8/site-packages/airflow/example_dags/example_nested_branch_dag.py
[2024-03-23T07:28:09.747+0000] {processor.py:839} INFO - DAG(s) dict_keys(['example_nested_branch_dag']) retrieved from /home/airflow/.local/lib/python3.8/site-packages/airflow/example_dags/example_nested_branch_dag.py
[2024-03-23T07:28:09.778+0000] {logging_mixin.py:154} INFO - [2024-03-23T07:28:09.778+0000] {dag.py:2941} INFO - Sync 1 DAGs
[2024-03-23T07:28:09.798+0000] {logging_mixin.py:154} INFO - [2024-03-23T07:28:09.798+0000] {dag.py:3722} INFO - Setting next_dagrun for example_nested_branch_dag to 2024-03-22T00:00:00+00:00, run_after=2024-03-23T00:00:00+00:00
[2024-03-23T07:28:09.835+0000] {processor.py:179} INFO - Processing /home/airflow/.local/lib/python3.8/site-packages/airflow/example_dags/example_nested_branch_dag.py took 0.103 seconds
[2024-03-23T07:28:40.433+0000] {processor.py:157} INFO - Started process (PID=4444) to work on /home/airflow/.local/lib/python3.8/site-packages/airflow/example_dags/example_nested_branch_dag.py
[2024-03-23T07:28:40.433+0000] {processor.py:829} INFO - Processing file /home/airflow/.local/lib/python3.8/site-packages/airflow/example_dags/example_nested_branch_dag.py for tasks to queue
[2024-03-23T07:28:40.434+0000] {logging_mixin.py:154} INFO - [2024-03-23T07:28:40.434+0000] {dagbag.py:536} INFO - Filling up the DagBag from /home/airflow/.local/lib/python3.8/site-packages/airflow/example_dags/example_nested_branch_dag.py
[2024-03-23T07:28:40.441+0000] {processor.py:839} INFO - DAG(s) dict_keys(['example_nested_branch_dag']) retrieved from /home/airflow/.local/lib/python3.8/site-packages/airflow/example_dags/example_nested_branch_dag.py
[2024-03-23T07:28:40.454+0000] {logging_mixin.py:154} INFO - [2024-03-23T07:28:40.454+0000] {dag.py:2941} INFO - Sync 1 DAGs
[2024-03-23T07:28:40.467+0000] {logging_mixin.py:154} INFO - [2024-03-23T07:28:40.467+0000] {dag.py:3722} INFO - Setting next_dagrun for example_nested_branch_dag to 2024-03-22T00:00:00+00:00, run_after=2024-03-23T00:00:00+00:00
[2024-03-23T07:28:40.477+0000] {processor.py:179} INFO - Processing /home/airflow/.local/lib/python3.8/site-packages/airflow/example_dags/example_nested_branch_dag.py took 0.046 seconds
[2024-03-23T07:29:11.506+0000] {processor.py:157} INFO - Started process (PID=4687) to work on /home/airflow/.local/lib/python3.8/site-packages/airflow/example_dags/example_nested_branch_dag.py
[2024-03-23T07:29:11.507+0000] {processor.py:829} INFO - Processing file /home/airflow/.local/lib/python3.8/site-packages/airflow/example_dags/example_nested_branch_dag.py for tasks to queue
[2024-03-23T07:29:11.508+0000] {logging_mixin.py:154} INFO - [2024-03-23T07:29:11.508+0000] {dagbag.py:536} INFO - Filling up the DagBag from /home/airflow/.local/lib/python3.8/site-packages/airflow/example_dags/example_nested_branch_dag.py
[2024-03-23T07:29:11.513+0000] {processor.py:839} INFO - DAG(s) dict_keys(['example_nested_branch_dag']) retrieved from /home/airflow/.local/lib/python3.8/site-packages/airflow/example_dags/example_nested_branch_dag.py
[2024-03-23T07:29:11.525+0000] {logging_mixin.py:154} INFO - [2024-03-23T07:29:11.525+0000] {dag.py:2941} INFO - Sync 1 DAGs
[2024-03-23T07:29:11.537+0000] {logging_mixin.py:154} INFO - [2024-03-23T07:29:11.537+0000] {dag.py:3722} INFO - Setting next_dagrun for example_nested_branch_dag to 2024-03-22T00:00:00+00:00, run_after=2024-03-23T00:00:00+00:00
[2024-03-23T07:29:11.546+0000] {processor.py:179} INFO - Processing /home/airflow/.local/lib/python3.8/site-packages/airflow/example_dags/example_nested_branch_dag.py took 0.042 seconds
[2024-03-23T07:29:37.147+0000] {processor.py:157} INFO - Started process (PID=286) to work on /home/airflow/.local/lib/python3.8/site-packages/airflow/example_dags/example_nested_branch_dag.py
[2024-03-23T07:29:37.148+0000] {processor.py:829} INFO - Processing file /home/airflow/.local/lib/python3.8/site-packages/airflow/example_dags/example_nested_branch_dag.py for tasks to queue
[2024-03-23T07:29:37.149+0000] {logging_mixin.py:154} INFO - [2024-03-23T07:29:37.149+0000] {dagbag.py:536} INFO - Filling up the DagBag from /home/airflow/.local/lib/python3.8/site-packages/airflow/example_dags/example_nested_branch_dag.py
[2024-03-23T07:29:37.155+0000] {processor.py:839} INFO - DAG(s) dict_keys(['example_nested_branch_dag']) retrieved from /home/airflow/.local/lib/python3.8/site-packages/airflow/example_dags/example_nested_branch_dag.py
[2024-03-23T07:29:37.168+0000] {logging_mixin.py:154} INFO - [2024-03-23T07:29:37.168+0000] {dag.py:2941} INFO - Sync 1 DAGs
[2024-03-23T07:29:37.182+0000] {logging_mixin.py:154} INFO - [2024-03-23T07:29:37.182+0000] {dag.py:3722} INFO - Setting next_dagrun for example_nested_branch_dag to 2024-03-22T00:00:00+00:00, run_after=2024-03-23T00:00:00+00:00
[2024-03-23T07:29:37.192+0000] {processor.py:179} INFO - Processing /home/airflow/.local/lib/python3.8/site-packages/airflow/example_dags/example_nested_branch_dag.py took 0.048 seconds
