[2024-03-23T07:19:35.073+0000] {processor.py:157} INFO - Started process (PID=352) to work on /home/airflow/.local/lib/python3.8/site-packages/airflow/example_dags/example_xcom.py
[2024-03-23T07:19:35.074+0000] {processor.py:829} INFO - Processing file /home/airflow/.local/lib/python3.8/site-packages/airflow/example_dags/example_xcom.py for tasks to queue
[2024-03-23T07:19:35.074+0000] {logging_mixin.py:154} INFO - [2024-03-23T07:19:35.074+0000] {dagbag.py:536} INFO - Filling up the DagBag from /home/airflow/.local/lib/python3.8/site-packages/airflow/example_dags/example_xcom.py
[2024-03-23T07:19:35.079+0000] {processor.py:839} INFO - DAG(s) dict_keys(['example_xcom']) retrieved from /home/airflow/.local/lib/python3.8/site-packages/airflow/example_dags/example_xcom.py
[2024-03-23T07:19:35.129+0000] {logging_mixin.py:154} INFO - [2024-03-23T07:19:35.129+0000] {manager.py:499} INFO - Created Permission View: %s
[2024-03-23T07:19:35.134+0000] {logging_mixin.py:154} INFO - [2024-03-23T07:19:35.134+0000] {manager.py:499} INFO - Created Permission View: %s
[2024-03-23T07:19:35.137+0000] {logging_mixin.py:154} INFO - [2024-03-23T07:19:35.137+0000] {manager.py:499} INFO - Created Permission View: %s
[2024-03-23T07:19:35.137+0000] {logging_mixin.py:154} INFO - [2024-03-23T07:19:35.137+0000] {dag.py:2941} INFO - Sync 1 DAGs
[2024-03-23T07:19:35.158+0000] {logging_mixin.py:154} INFO - [2024-03-23T07:19:35.158+0000] {dag.py:2963} INFO - Creating ORM DAG for example_xcom
[2024-03-23T07:19:35.169+0000] {logging_mixin.py:154} INFO - [2024-03-23T07:19:35.169+0000] {dag.py:3722} INFO - Setting next_dagrun for example_xcom to 2021-01-01T00:00:00+00:00, run_after=2021-01-01T00:00:00+00:00
[2024-03-23T07:19:35.196+0000] {processor.py:179} INFO - Processing /home/airflow/.local/lib/python3.8/site-packages/airflow/example_dags/example_xcom.py took 0.125 seconds
[2024-03-23T07:20:05.214+0000] {processor.py:157} INFO - Started process (PID=590) to work on /home/airflow/.local/lib/python3.8/site-packages/airflow/example_dags/example_xcom.py
[2024-03-23T07:20:05.215+0000] {processor.py:829} INFO - Processing file /home/airflow/.local/lib/python3.8/site-packages/airflow/example_dags/example_xcom.py for tasks to queue
[2024-03-23T07:20:05.215+0000] {logging_mixin.py:154} INFO - [2024-03-23T07:20:05.215+0000] {dagbag.py:536} INFO - Filling up the DagBag from /home/airflow/.local/lib/python3.8/site-packages/airflow/example_dags/example_xcom.py
[2024-03-23T07:20:05.219+0000] {processor.py:839} INFO - DAG(s) dict_keys(['example_xcom']) retrieved from /home/airflow/.local/lib/python3.8/site-packages/airflow/example_dags/example_xcom.py
[2024-03-23T07:20:05.231+0000] {logging_mixin.py:154} INFO - [2024-03-23T07:20:05.231+0000] {dag.py:2941} INFO - Sync 1 DAGs
[2024-03-23T07:20:05.241+0000] {logging_mixin.py:154} INFO - [2024-03-23T07:20:05.241+0000] {dag.py:3722} INFO - Setting next_dagrun for example_xcom to 2021-01-01T00:00:00+00:00, run_after=2021-01-01T00:00:00+00:00
[2024-03-23T07:20:05.248+0000] {processor.py:179} INFO - Processing /home/airflow/.local/lib/python3.8/site-packages/airflow/example_dags/example_xcom.py took 0.037 seconds
[2024-03-23T07:20:36.647+0000] {processor.py:157} INFO - Started process (PID=833) to work on /home/airflow/.local/lib/python3.8/site-packages/airflow/example_dags/example_xcom.py
[2024-03-23T07:20:36.648+0000] {processor.py:829} INFO - Processing file /home/airflow/.local/lib/python3.8/site-packages/airflow/example_dags/example_xcom.py for tasks to queue
[2024-03-23T07:20:36.649+0000] {logging_mixin.py:154} INFO - [2024-03-23T07:20:36.649+0000] {dagbag.py:536} INFO - Filling up the DagBag from /home/airflow/.local/lib/python3.8/site-packages/airflow/example_dags/example_xcom.py
[2024-03-23T07:20:36.662+0000] {processor.py:839} INFO - DAG(s) dict_keys(['example_xcom']) retrieved from /home/airflow/.local/lib/python3.8/site-packages/airflow/example_dags/example_xcom.py
[2024-03-23T07:20:36.678+0000] {logging_mixin.py:154} INFO - [2024-03-23T07:20:36.678+0000] {dag.py:2941} INFO - Sync 1 DAGs
[2024-03-23T07:20:36.692+0000] {logging_mixin.py:154} INFO - [2024-03-23T07:20:36.692+0000] {dag.py:3722} INFO - Setting next_dagrun for example_xcom to 2021-01-01T00:00:00+00:00, run_after=2021-01-01T00:00:00+00:00
[2024-03-23T07:20:36.703+0000] {processor.py:179} INFO - Processing /home/airflow/.local/lib/python3.8/site-packages/airflow/example_dags/example_xcom.py took 0.057 seconds
[2024-03-23T07:21:06.980+0000] {processor.py:157} INFO - Started process (PID=1081) to work on /home/airflow/.local/lib/python3.8/site-packages/airflow/example_dags/example_xcom.py
[2024-03-23T07:21:06.981+0000] {processor.py:829} INFO - Processing file /home/airflow/.local/lib/python3.8/site-packages/airflow/example_dags/example_xcom.py for tasks to queue
[2024-03-23T07:21:06.981+0000] {logging_mixin.py:154} INFO - [2024-03-23T07:21:06.981+0000] {dagbag.py:536} INFO - Filling up the DagBag from /home/airflow/.local/lib/python3.8/site-packages/airflow/example_dags/example_xcom.py
[2024-03-23T07:21:06.986+0000] {processor.py:839} INFO - DAG(s) dict_keys(['example_xcom']) retrieved from /home/airflow/.local/lib/python3.8/site-packages/airflow/example_dags/example_xcom.py
[2024-03-23T07:21:07.002+0000] {logging_mixin.py:154} INFO - [2024-03-23T07:21:07.002+0000] {dag.py:2941} INFO - Sync 1 DAGs
[2024-03-23T07:21:07.022+0000] {logging_mixin.py:154} INFO - [2024-03-23T07:21:07.022+0000] {dag.py:3722} INFO - Setting next_dagrun for example_xcom to 2021-01-01T00:00:00+00:00, run_after=2021-01-01T00:00:00+00:00
[2024-03-23T07:21:07.034+0000] {processor.py:179} INFO - Processing /home/airflow/.local/lib/python3.8/site-packages/airflow/example_dags/example_xcom.py took 0.057 seconds
[2024-03-23T07:21:37.994+0000] {processor.py:157} INFO - Started process (PID=1326) to work on /home/airflow/.local/lib/python3.8/site-packages/airflow/example_dags/example_xcom.py
[2024-03-23T07:21:37.995+0000] {processor.py:829} INFO - Processing file /home/airflow/.local/lib/python3.8/site-packages/airflow/example_dags/example_xcom.py for tasks to queue
[2024-03-23T07:21:37.995+0000] {logging_mixin.py:154} INFO - [2024-03-23T07:21:37.995+0000] {dagbag.py:536} INFO - Filling up the DagBag from /home/airflow/.local/lib/python3.8/site-packages/airflow/example_dags/example_xcom.py
[2024-03-23T07:21:37.999+0000] {processor.py:839} INFO - DAG(s) dict_keys(['example_xcom']) retrieved from /home/airflow/.local/lib/python3.8/site-packages/airflow/example_dags/example_xcom.py
[2024-03-23T07:21:38.010+0000] {logging_mixin.py:154} INFO - [2024-03-23T07:21:38.010+0000] {dag.py:2941} INFO - Sync 1 DAGs
[2024-03-23T07:21:38.020+0000] {logging_mixin.py:154} INFO - [2024-03-23T07:21:38.020+0000] {dag.py:3722} INFO - Setting next_dagrun for example_xcom to 2021-01-01T00:00:00+00:00, run_after=2021-01-01T00:00:00+00:00
[2024-03-23T07:21:38.028+0000] {processor.py:179} INFO - Processing /home/airflow/.local/lib/python3.8/site-packages/airflow/example_dags/example_xcom.py took 0.036 seconds
[2024-03-23T07:22:08.976+0000] {processor.py:157} INFO - Started process (PID=1571) to work on /home/airflow/.local/lib/python3.8/site-packages/airflow/example_dags/example_xcom.py
[2024-03-23T07:22:08.981+0000] {processor.py:829} INFO - Processing file /home/airflow/.local/lib/python3.8/site-packages/airflow/example_dags/example_xcom.py for tasks to queue
[2024-03-23T07:22:08.982+0000] {logging_mixin.py:154} INFO - [2024-03-23T07:22:08.981+0000] {dagbag.py:536} INFO - Filling up the DagBag from /home/airflow/.local/lib/python3.8/site-packages/airflow/example_dags/example_xcom.py
[2024-03-23T07:22:08.987+0000] {processor.py:839} INFO - DAG(s) dict_keys(['example_xcom']) retrieved from /home/airflow/.local/lib/python3.8/site-packages/airflow/example_dags/example_xcom.py
[2024-03-23T07:22:09.000+0000] {logging_mixin.py:154} INFO - [2024-03-23T07:22:09.000+0000] {dag.py:2941} INFO - Sync 1 DAGs
[2024-03-23T07:22:09.011+0000] {logging_mixin.py:154} INFO - [2024-03-23T07:22:09.011+0000] {dag.py:3722} INFO - Setting next_dagrun for example_xcom to 2021-01-01T00:00:00+00:00, run_after=2021-01-01T00:00:00+00:00
[2024-03-23T07:22:09.023+0000] {processor.py:179} INFO - Processing /home/airflow/.local/lib/python3.8/site-packages/airflow/example_dags/example_xcom.py took 0.052 seconds
[2024-03-23T07:22:39.949+0000] {processor.py:157} INFO - Started process (PID=1820) to work on /home/airflow/.local/lib/python3.8/site-packages/airflow/example_dags/example_xcom.py
[2024-03-23T07:22:39.950+0000] {processor.py:829} INFO - Processing file /home/airflow/.local/lib/python3.8/site-packages/airflow/example_dags/example_xcom.py for tasks to queue
[2024-03-23T07:22:39.950+0000] {logging_mixin.py:154} INFO - [2024-03-23T07:22:39.950+0000] {dagbag.py:536} INFO - Filling up the DagBag from /home/airflow/.local/lib/python3.8/site-packages/airflow/example_dags/example_xcom.py
[2024-03-23T07:22:39.954+0000] {processor.py:839} INFO - DAG(s) dict_keys(['example_xcom']) retrieved from /home/airflow/.local/lib/python3.8/site-packages/airflow/example_dags/example_xcom.py
[2024-03-23T07:22:39.965+0000] {logging_mixin.py:154} INFO - [2024-03-23T07:22:39.965+0000] {dag.py:2941} INFO - Sync 1 DAGs
[2024-03-23T07:22:39.975+0000] {logging_mixin.py:154} INFO - [2024-03-23T07:22:39.975+0000] {dag.py:3722} INFO - Setting next_dagrun for example_xcom to 2021-01-01T00:00:00+00:00, run_after=2021-01-01T00:00:00+00:00
[2024-03-23T07:22:39.983+0000] {processor.py:179} INFO - Processing /home/airflow/.local/lib/python3.8/site-packages/airflow/example_dags/example_xcom.py took 0.036 seconds
[2024-03-23T07:23:10.288+0000] {processor.py:157} INFO - Started process (PID=2061) to work on /home/airflow/.local/lib/python3.8/site-packages/airflow/example_dags/example_xcom.py
[2024-03-23T07:23:10.290+0000] {processor.py:829} INFO - Processing file /home/airflow/.local/lib/python3.8/site-packages/airflow/example_dags/example_xcom.py for tasks to queue
[2024-03-23T07:23:10.291+0000] {logging_mixin.py:154} INFO - [2024-03-23T07:23:10.291+0000] {dagbag.py:536} INFO - Filling up the DagBag from /home/airflow/.local/lib/python3.8/site-packages/airflow/example_dags/example_xcom.py
[2024-03-23T07:23:10.295+0000] {processor.py:839} INFO - DAG(s) dict_keys(['example_xcom']) retrieved from /home/airflow/.local/lib/python3.8/site-packages/airflow/example_dags/example_xcom.py
[2024-03-23T07:23:10.308+0000] {logging_mixin.py:154} INFO - [2024-03-23T07:23:10.308+0000] {dag.py:2941} INFO - Sync 1 DAGs
[2024-03-23T07:23:10.321+0000] {logging_mixin.py:154} INFO - [2024-03-23T07:23:10.320+0000] {dag.py:3722} INFO - Setting next_dagrun for example_xcom to 2021-01-01T00:00:00+00:00, run_after=2021-01-01T00:00:00+00:00
[2024-03-23T07:23:10.331+0000] {processor.py:179} INFO - Processing /home/airflow/.local/lib/python3.8/site-packages/airflow/example_dags/example_xcom.py took 0.044 seconds
[2024-03-23T07:23:43.454+0000] {processor.py:157} INFO - Started process (PID=2303) to work on /home/airflow/.local/lib/python3.8/site-packages/airflow/example_dags/example_xcom.py
[2024-03-23T07:23:43.455+0000] {processor.py:829} INFO - Processing file /home/airflow/.local/lib/python3.8/site-packages/airflow/example_dags/example_xcom.py for tasks to queue
[2024-03-23T07:23:43.455+0000] {logging_mixin.py:154} INFO - [2024-03-23T07:23:43.455+0000] {dagbag.py:536} INFO - Filling up the DagBag from /home/airflow/.local/lib/python3.8/site-packages/airflow/example_dags/example_xcom.py
[2024-03-23T07:23:43.461+0000] {processor.py:839} INFO - DAG(s) dict_keys(['example_xcom']) retrieved from /home/airflow/.local/lib/python3.8/site-packages/airflow/example_dags/example_xcom.py
[2024-03-23T07:23:43.474+0000] {logging_mixin.py:154} INFO - [2024-03-23T07:23:43.474+0000] {dag.py:2941} INFO - Sync 1 DAGs
[2024-03-23T07:23:43.487+0000] {logging_mixin.py:154} INFO - [2024-03-23T07:23:43.487+0000] {dag.py:3722} INFO - Setting next_dagrun for example_xcom to 2021-01-01T00:00:00+00:00, run_after=2021-01-01T00:00:00+00:00
[2024-03-23T07:23:43.497+0000] {processor.py:179} INFO - Processing /home/airflow/.local/lib/python3.8/site-packages/airflow/example_dags/example_xcom.py took 0.044 seconds
[2024-03-23T07:24:14.840+0000] {processor.py:157} INFO - Started process (PID=2546) to work on /home/airflow/.local/lib/python3.8/site-packages/airflow/example_dags/example_xcom.py
[2024-03-23T07:24:14.842+0000] {processor.py:829} INFO - Processing file /home/airflow/.local/lib/python3.8/site-packages/airflow/example_dags/example_xcom.py for tasks to queue
[2024-03-23T07:24:14.842+0000] {logging_mixin.py:154} INFO - [2024-03-23T07:24:14.842+0000] {dagbag.py:536} INFO - Filling up the DagBag from /home/airflow/.local/lib/python3.8/site-packages/airflow/example_dags/example_xcom.py
[2024-03-23T07:24:14.847+0000] {processor.py:839} INFO - DAG(s) dict_keys(['example_xcom']) retrieved from /home/airflow/.local/lib/python3.8/site-packages/airflow/example_dags/example_xcom.py
[2024-03-23T07:24:14.860+0000] {logging_mixin.py:154} INFO - [2024-03-23T07:24:14.860+0000] {dag.py:2941} INFO - Sync 1 DAGs
[2024-03-23T07:24:14.873+0000] {logging_mixin.py:154} INFO - [2024-03-23T07:24:14.873+0000] {dag.py:3722} INFO - Setting next_dagrun for example_xcom to 2021-01-01T00:00:00+00:00, run_after=2021-01-01T00:00:00+00:00
[2024-03-23T07:24:14.887+0000] {processor.py:179} INFO - Processing /home/airflow/.local/lib/python3.8/site-packages/airflow/example_dags/example_xcom.py took 0.048 seconds
[2024-03-23T07:24:46.968+0000] {processor.py:157} INFO - Started process (PID=2789) to work on /home/airflow/.local/lib/python3.8/site-packages/airflow/example_dags/example_xcom.py
[2024-03-23T07:24:46.970+0000] {processor.py:829} INFO - Processing file /home/airflow/.local/lib/python3.8/site-packages/airflow/example_dags/example_xcom.py for tasks to queue
[2024-03-23T07:24:46.971+0000] {logging_mixin.py:154} INFO - [2024-03-23T07:24:46.971+0000] {dagbag.py:536} INFO - Filling up the DagBag from /home/airflow/.local/lib/python3.8/site-packages/airflow/example_dags/example_xcom.py
[2024-03-23T07:24:46.977+0000] {processor.py:839} INFO - DAG(s) dict_keys(['example_xcom']) retrieved from /home/airflow/.local/lib/python3.8/site-packages/airflow/example_dags/example_xcom.py
[2024-03-23T07:24:46.993+0000] {logging_mixin.py:154} INFO - [2024-03-23T07:24:46.992+0000] {dag.py:2941} INFO - Sync 1 DAGs
[2024-03-23T07:24:47.008+0000] {logging_mixin.py:154} INFO - [2024-03-23T07:24:47.008+0000] {dag.py:3722} INFO - Setting next_dagrun for example_xcom to 2021-01-01T00:00:00+00:00, run_after=2021-01-01T00:00:00+00:00
[2024-03-23T07:24:47.022+0000] {processor.py:179} INFO - Processing /home/airflow/.local/lib/python3.8/site-packages/airflow/example_dags/example_xcom.py took 0.057 seconds
[2024-03-23T07:25:22.609+0000] {processor.py:157} INFO - Started process (PID=3038) to work on /home/airflow/.local/lib/python3.8/site-packages/airflow/example_dags/example_xcom.py
[2024-03-23T07:25:22.611+0000] {processor.py:829} INFO - Processing file /home/airflow/.local/lib/python3.8/site-packages/airflow/example_dags/example_xcom.py for tasks to queue
[2024-03-23T07:25:22.612+0000] {logging_mixin.py:154} INFO - [2024-03-23T07:25:22.611+0000] {dagbag.py:536} INFO - Filling up the DagBag from /home/airflow/.local/lib/python3.8/site-packages/airflow/example_dags/example_xcom.py
[2024-03-23T07:25:22.622+0000] {processor.py:839} INFO - DAG(s) dict_keys(['example_xcom']) retrieved from /home/airflow/.local/lib/python3.8/site-packages/airflow/example_dags/example_xcom.py
[2024-03-23T07:25:22.643+0000] {logging_mixin.py:154} INFO - [2024-03-23T07:25:22.642+0000] {dag.py:2941} INFO - Sync 1 DAGs
[2024-03-23T07:25:22.678+0000] {logging_mixin.py:154} INFO - [2024-03-23T07:25:22.678+0000] {dag.py:3722} INFO - Setting next_dagrun for example_xcom to 2021-01-01T00:00:00+00:00, run_after=2021-01-01T00:00:00+00:00
[2024-03-23T07:25:22.705+0000] {processor.py:179} INFO - Processing /home/airflow/.local/lib/python3.8/site-packages/airflow/example_dags/example_xcom.py took 0.099 seconds
[2024-03-23T07:25:55.851+0000] {processor.py:157} INFO - Started process (PID=3287) to work on /home/airflow/.local/lib/python3.8/site-packages/airflow/example_dags/example_xcom.py
[2024-03-23T07:25:55.860+0000] {processor.py:829} INFO - Processing file /home/airflow/.local/lib/python3.8/site-packages/airflow/example_dags/example_xcom.py for tasks to queue
[2024-03-23T07:25:55.868+0000] {logging_mixin.py:154} INFO - [2024-03-23T07:25:55.868+0000] {dagbag.py:536} INFO - Filling up the DagBag from /home/airflow/.local/lib/python3.8/site-packages/airflow/example_dags/example_xcom.py
[2024-03-23T07:25:55.880+0000] {processor.py:839} INFO - DAG(s) dict_keys(['example_xcom']) retrieved from /home/airflow/.local/lib/python3.8/site-packages/airflow/example_dags/example_xcom.py
[2024-03-23T07:25:55.915+0000] {logging_mixin.py:154} INFO - [2024-03-23T07:25:55.914+0000] {dag.py:2941} INFO - Sync 1 DAGs
[2024-03-23T07:25:55.960+0000] {logging_mixin.py:154} INFO - [2024-03-23T07:25:55.959+0000] {dag.py:3722} INFO - Setting next_dagrun for example_xcom to 2021-01-01T00:00:00+00:00, run_after=2021-01-01T00:00:00+00:00
[2024-03-23T07:25:55.984+0000] {processor.py:179} INFO - Processing /home/airflow/.local/lib/python3.8/site-packages/airflow/example_dags/example_xcom.py took 0.160 seconds
[2024-03-23T07:26:29.596+0000] {processor.py:157} INFO - Started process (PID=3537) to work on /home/airflow/.local/lib/python3.8/site-packages/airflow/example_dags/example_xcom.py
[2024-03-23T07:26:29.598+0000] {processor.py:829} INFO - Processing file /home/airflow/.local/lib/python3.8/site-packages/airflow/example_dags/example_xcom.py for tasks to queue
[2024-03-23T07:26:29.599+0000] {logging_mixin.py:154} INFO - [2024-03-23T07:26:29.599+0000] {dagbag.py:536} INFO - Filling up the DagBag from /home/airflow/.local/lib/python3.8/site-packages/airflow/example_dags/example_xcom.py
[2024-03-23T07:26:29.611+0000] {processor.py:839} INFO - DAG(s) dict_keys(['example_xcom']) retrieved from /home/airflow/.local/lib/python3.8/site-packages/airflow/example_dags/example_xcom.py
[2024-03-23T07:26:29.629+0000] {logging_mixin.py:154} INFO - [2024-03-23T07:26:29.629+0000] {dag.py:2941} INFO - Sync 1 DAGs
[2024-03-23T07:26:29.661+0000] {logging_mixin.py:154} INFO - [2024-03-23T07:26:29.661+0000] {dag.py:3722} INFO - Setting next_dagrun for example_xcom to 2021-01-01T00:00:00+00:00, run_after=2021-01-01T00:00:00+00:00
[2024-03-23T07:26:29.688+0000] {processor.py:179} INFO - Processing /home/airflow/.local/lib/python3.8/site-packages/airflow/example_dags/example_xcom.py took 0.096 seconds
[2024-03-23T07:27:02.733+0000] {processor.py:157} INFO - Started process (PID=3780) to work on /home/airflow/.local/lib/python3.8/site-packages/airflow/example_dags/example_xcom.py
[2024-03-23T07:27:02.733+0000] {processor.py:829} INFO - Processing file /home/airflow/.local/lib/python3.8/site-packages/airflow/example_dags/example_xcom.py for tasks to queue
[2024-03-23T07:27:02.734+0000] {logging_mixin.py:154} INFO - [2024-03-23T07:27:02.734+0000] {dagbag.py:536} INFO - Filling up the DagBag from /home/airflow/.local/lib/python3.8/site-packages/airflow/example_dags/example_xcom.py
[2024-03-23T07:27:02.740+0000] {processor.py:839} INFO - DAG(s) dict_keys(['example_xcom']) retrieved from /home/airflow/.local/lib/python3.8/site-packages/airflow/example_dags/example_xcom.py
[2024-03-23T07:27:02.753+0000] {logging_mixin.py:154} INFO - [2024-03-23T07:27:02.753+0000] {dag.py:2941} INFO - Sync 1 DAGs
[2024-03-23T07:27:02.773+0000] {logging_mixin.py:154} INFO - [2024-03-23T07:27:02.772+0000] {dag.py:3722} INFO - Setting next_dagrun for example_xcom to 2021-01-01T00:00:00+00:00, run_after=2021-01-01T00:00:00+00:00
[2024-03-23T07:27:02.786+0000] {processor.py:179} INFO - Processing /home/airflow/.local/lib/python3.8/site-packages/airflow/example_dags/example_xcom.py took 0.055 seconds
[2024-03-23T07:27:36.301+0000] {processor.py:157} INFO - Started process (PID=4023) to work on /home/airflow/.local/lib/python3.8/site-packages/airflow/example_dags/example_xcom.py
[2024-03-23T07:27:36.302+0000] {processor.py:829} INFO - Processing file /home/airflow/.local/lib/python3.8/site-packages/airflow/example_dags/example_xcom.py for tasks to queue
[2024-03-23T07:27:36.303+0000] {logging_mixin.py:154} INFO - [2024-03-23T07:27:36.303+0000] {dagbag.py:536} INFO - Filling up the DagBag from /home/airflow/.local/lib/python3.8/site-packages/airflow/example_dags/example_xcom.py
[2024-03-23T07:27:36.309+0000] {processor.py:839} INFO - DAG(s) dict_keys(['example_xcom']) retrieved from /home/airflow/.local/lib/python3.8/site-packages/airflow/example_dags/example_xcom.py
[2024-03-23T07:27:36.326+0000] {logging_mixin.py:154} INFO - [2024-03-23T07:27:36.326+0000] {dag.py:2941} INFO - Sync 1 DAGs
[2024-03-23T07:27:36.342+0000] {logging_mixin.py:154} INFO - [2024-03-23T07:27:36.342+0000] {dag.py:3722} INFO - Setting next_dagrun for example_xcom to 2021-01-01T00:00:00+00:00, run_after=2021-01-01T00:00:00+00:00
[2024-03-23T07:27:36.352+0000] {processor.py:179} INFO - Processing /home/airflow/.local/lib/python3.8/site-packages/airflow/example_dags/example_xcom.py took 0.054 seconds
[2024-03-23T07:28:10.344+0000] {processor.py:157} INFO - Started process (PID=4266) to work on /home/airflow/.local/lib/python3.8/site-packages/airflow/example_dags/example_xcom.py
[2024-03-23T07:28:10.345+0000] {processor.py:829} INFO - Processing file /home/airflow/.local/lib/python3.8/site-packages/airflow/example_dags/example_xcom.py for tasks to queue
[2024-03-23T07:28:10.346+0000] {logging_mixin.py:154} INFO - [2024-03-23T07:28:10.346+0000] {dagbag.py:536} INFO - Filling up the DagBag from /home/airflow/.local/lib/python3.8/site-packages/airflow/example_dags/example_xcom.py
[2024-03-23T07:28:10.351+0000] {processor.py:839} INFO - DAG(s) dict_keys(['example_xcom']) retrieved from /home/airflow/.local/lib/python3.8/site-packages/airflow/example_dags/example_xcom.py
[2024-03-23T07:28:10.365+0000] {logging_mixin.py:154} INFO - [2024-03-23T07:28:10.365+0000] {dag.py:2941} INFO - Sync 1 DAGs
[2024-03-23T07:28:10.376+0000] {logging_mixin.py:154} INFO - [2024-03-23T07:28:10.376+0000] {dag.py:3722} INFO - Setting next_dagrun for example_xcom to 2021-01-01T00:00:00+00:00, run_after=2021-01-01T00:00:00+00:00
[2024-03-23T07:28:10.386+0000] {processor.py:179} INFO - Processing /home/airflow/.local/lib/python3.8/site-packages/airflow/example_dags/example_xcom.py took 0.044 seconds
[2024-03-23T07:28:40.971+0000] {processor.py:157} INFO - Started process (PID=4509) to work on /home/airflow/.local/lib/python3.8/site-packages/airflow/example_dags/example_xcom.py
[2024-03-23T07:28:40.972+0000] {processor.py:829} INFO - Processing file /home/airflow/.local/lib/python3.8/site-packages/airflow/example_dags/example_xcom.py for tasks to queue
[2024-03-23T07:28:40.973+0000] {logging_mixin.py:154} INFO - [2024-03-23T07:28:40.973+0000] {dagbag.py:536} INFO - Filling up the DagBag from /home/airflow/.local/lib/python3.8/site-packages/airflow/example_dags/example_xcom.py
[2024-03-23T07:28:40.978+0000] {processor.py:839} INFO - DAG(s) dict_keys(['example_xcom']) retrieved from /home/airflow/.local/lib/python3.8/site-packages/airflow/example_dags/example_xcom.py
[2024-03-23T07:28:40.991+0000] {logging_mixin.py:154} INFO - [2024-03-23T07:28:40.991+0000] {dag.py:2941} INFO - Sync 1 DAGs
[2024-03-23T07:28:41.004+0000] {logging_mixin.py:154} INFO - [2024-03-23T07:28:41.004+0000] {dag.py:3722} INFO - Setting next_dagrun for example_xcom to 2021-01-01T00:00:00+00:00, run_after=2021-01-01T00:00:00+00:00
[2024-03-23T07:28:41.014+0000] {processor.py:179} INFO - Processing /home/airflow/.local/lib/python3.8/site-packages/airflow/example_dags/example_xcom.py took 0.045 seconds
[2024-03-23T07:29:11.888+0000] {processor.py:157} INFO - Started process (PID=4752) to work on /home/airflow/.local/lib/python3.8/site-packages/airflow/example_dags/example_xcom.py
[2024-03-23T07:29:11.889+0000] {processor.py:829} INFO - Processing file /home/airflow/.local/lib/python3.8/site-packages/airflow/example_dags/example_xcom.py for tasks to queue
[2024-03-23T07:29:11.889+0000] {logging_mixin.py:154} INFO - [2024-03-23T07:29:11.889+0000] {dagbag.py:536} INFO - Filling up the DagBag from /home/airflow/.local/lib/python3.8/site-packages/airflow/example_dags/example_xcom.py
[2024-03-23T07:29:11.893+0000] {processor.py:839} INFO - DAG(s) dict_keys(['example_xcom']) retrieved from /home/airflow/.local/lib/python3.8/site-packages/airflow/example_dags/example_xcom.py
[2024-03-23T07:29:11.905+0000] {logging_mixin.py:154} INFO - [2024-03-23T07:29:11.905+0000] {dag.py:2941} INFO - Sync 1 DAGs
[2024-03-23T07:29:11.915+0000] {logging_mixin.py:154} INFO - [2024-03-23T07:29:11.915+0000] {dag.py:3722} INFO - Setting next_dagrun for example_xcom to 2021-01-01T00:00:00+00:00, run_after=2021-01-01T00:00:00+00:00
[2024-03-23T07:29:11.926+0000] {processor.py:179} INFO - Processing /home/airflow/.local/lib/python3.8/site-packages/airflow/example_dags/example_xcom.py took 0.040 seconds
[2024-03-23T07:29:37.601+0000] {processor.py:157} INFO - Started process (PID=351) to work on /home/airflow/.local/lib/python3.8/site-packages/airflow/example_dags/example_xcom.py
[2024-03-23T07:29:37.602+0000] {processor.py:829} INFO - Processing file /home/airflow/.local/lib/python3.8/site-packages/airflow/example_dags/example_xcom.py for tasks to queue
[2024-03-23T07:29:37.603+0000] {logging_mixin.py:154} INFO - [2024-03-23T07:29:37.603+0000] {dagbag.py:536} INFO - Filling up the DagBag from /home/airflow/.local/lib/python3.8/site-packages/airflow/example_dags/example_xcom.py
[2024-03-23T07:29:37.607+0000] {processor.py:839} INFO - DAG(s) dict_keys(['example_xcom']) retrieved from /home/airflow/.local/lib/python3.8/site-packages/airflow/example_dags/example_xcom.py
[2024-03-23T07:29:37.620+0000] {logging_mixin.py:154} INFO - [2024-03-23T07:29:37.620+0000] {dag.py:2941} INFO - Sync 1 DAGs
[2024-03-23T07:29:37.632+0000] {logging_mixin.py:154} INFO - [2024-03-23T07:29:37.632+0000] {dag.py:3722} INFO - Setting next_dagrun for example_xcom to 2021-01-01T00:00:00+00:00, run_after=2021-01-01T00:00:00+00:00
[2024-03-23T07:29:37.641+0000] {processor.py:179} INFO - Processing /home/airflow/.local/lib/python3.8/site-packages/airflow/example_dags/example_xcom.py took 0.041 seconds
