[2024-03-23T07:19:33.117+0000] {processor.py:157} INFO - Started process (PID=217) to work on /home/airflow/.local/lib/python3.8/site-packages/airflow/example_dags/example_branch_labels.py
[2024-03-23T07:19:33.118+0000] {processor.py:829} INFO - Processing file /home/airflow/.local/lib/python3.8/site-packages/airflow/example_dags/example_branch_labels.py for tasks to queue
[2024-03-23T07:19:33.118+0000] {logging_mixin.py:154} INFO - [2024-03-23T07:19:33.118+0000] {dagbag.py:536} INFO - Filling up the DagBag from /home/airflow/.local/lib/python3.8/site-packages/airflow/example_dags/example_branch_labels.py
[2024-03-23T07:19:33.124+0000] {processor.py:839} INFO - DAG(s) dict_keys(['example_branch_labels']) retrieved from /home/airflow/.local/lib/python3.8/site-packages/airflow/example_dags/example_branch_labels.py
[2024-03-23T07:19:33.186+0000] {logging_mixin.py:154} INFO - [2024-03-23T07:19:33.186+0000] {manager.py:499} INFO - Created Permission View: %s
[2024-03-23T07:19:33.191+0000] {logging_mixin.py:154} INFO - [2024-03-23T07:19:33.191+0000] {manager.py:499} INFO - Created Permission View: %s
[2024-03-23T07:19:33.195+0000] {logging_mixin.py:154} INFO - [2024-03-23T07:19:33.195+0000] {manager.py:499} INFO - Created Permission View: %s
[2024-03-23T07:19:33.195+0000] {logging_mixin.py:154} INFO - [2024-03-23T07:19:33.195+0000] {dag.py:2941} INFO - Sync 1 DAGs
[2024-03-23T07:19:33.204+0000] {logging_mixin.py:154} INFO - [2024-03-23T07:19:33.204+0000] {dag.py:2963} INFO - Creating ORM DAG for example_branch_labels
[2024-03-23T07:19:33.215+0000] {logging_mixin.py:154} INFO - [2024-03-23T07:19:33.215+0000] {dag.py:3722} INFO - Setting next_dagrun for example_branch_labels to 2024-03-22T00:00:00+00:00, run_after=2024-03-23T00:00:00+00:00
[2024-03-23T07:19:33.224+0000] {processor.py:179} INFO - Processing /home/airflow/.local/lib/python3.8/site-packages/airflow/example_dags/example_branch_labels.py took 0.109 seconds
[2024-03-23T07:20:04.223+0000] {processor.py:157} INFO - Started process (PID=460) to work on /home/airflow/.local/lib/python3.8/site-packages/airflow/example_dags/example_branch_labels.py
[2024-03-23T07:20:04.225+0000] {processor.py:829} INFO - Processing file /home/airflow/.local/lib/python3.8/site-packages/airflow/example_dags/example_branch_labels.py for tasks to queue
[2024-03-23T07:20:04.226+0000] {logging_mixin.py:154} INFO - [2024-03-23T07:20:04.225+0000] {dagbag.py:536} INFO - Filling up the DagBag from /home/airflow/.local/lib/python3.8/site-packages/airflow/example_dags/example_branch_labels.py
[2024-03-23T07:20:04.230+0000] {processor.py:839} INFO - DAG(s) dict_keys(['example_branch_labels']) retrieved from /home/airflow/.local/lib/python3.8/site-packages/airflow/example_dags/example_branch_labels.py
[2024-03-23T07:20:04.243+0000] {logging_mixin.py:154} INFO - [2024-03-23T07:20:04.243+0000] {dag.py:2941} INFO - Sync 1 DAGs
[2024-03-23T07:20:04.254+0000] {logging_mixin.py:154} INFO - [2024-03-23T07:20:04.254+0000] {dag.py:3722} INFO - Setting next_dagrun for example_branch_labels to 2024-03-22T00:00:00+00:00, run_after=2024-03-23T00:00:00+00:00
[2024-03-23T07:20:04.264+0000] {processor.py:179} INFO - Processing /home/airflow/.local/lib/python3.8/site-packages/airflow/example_dags/example_branch_labels.py took 0.043 seconds
[2024-03-23T07:20:35.322+0000] {processor.py:157} INFO - Started process (PID=703) to work on /home/airflow/.local/lib/python3.8/site-packages/airflow/example_dags/example_branch_labels.py
[2024-03-23T07:20:35.323+0000] {processor.py:829} INFO - Processing file /home/airflow/.local/lib/python3.8/site-packages/airflow/example_dags/example_branch_labels.py for tasks to queue
[2024-03-23T07:20:35.324+0000] {logging_mixin.py:154} INFO - [2024-03-23T07:20:35.324+0000] {dagbag.py:536} INFO - Filling up the DagBag from /home/airflow/.local/lib/python3.8/site-packages/airflow/example_dags/example_branch_labels.py
[2024-03-23T07:20:35.333+0000] {processor.py:839} INFO - DAG(s) dict_keys(['example_branch_labels']) retrieved from /home/airflow/.local/lib/python3.8/site-packages/airflow/example_dags/example_branch_labels.py
[2024-03-23T07:20:35.384+0000] {logging_mixin.py:154} INFO - [2024-03-23T07:20:35.384+0000] {dag.py:2941} INFO - Sync 1 DAGs
[2024-03-23T07:20:35.400+0000] {logging_mixin.py:154} INFO - [2024-03-23T07:20:35.400+0000] {dag.py:3722} INFO - Setting next_dagrun for example_branch_labels to 2024-03-22T00:00:00+00:00, run_after=2024-03-23T00:00:00+00:00
[2024-03-23T07:20:35.413+0000] {processor.py:179} INFO - Processing /home/airflow/.local/lib/python3.8/site-packages/airflow/example_dags/example_branch_labels.py took 0.094 seconds
[2024-03-23T07:21:05.477+0000] {processor.py:157} INFO - Started process (PID=946) to work on /home/airflow/.local/lib/python3.8/site-packages/airflow/example_dags/example_branch_labels.py
[2024-03-23T07:21:05.478+0000] {processor.py:829} INFO - Processing file /home/airflow/.local/lib/python3.8/site-packages/airflow/example_dags/example_branch_labels.py for tasks to queue
[2024-03-23T07:21:05.478+0000] {logging_mixin.py:154} INFO - [2024-03-23T07:21:05.478+0000] {dagbag.py:536} INFO - Filling up the DagBag from /home/airflow/.local/lib/python3.8/site-packages/airflow/example_dags/example_branch_labels.py
[2024-03-23T07:21:05.483+0000] {processor.py:839} INFO - DAG(s) dict_keys(['example_branch_labels']) retrieved from /home/airflow/.local/lib/python3.8/site-packages/airflow/example_dags/example_branch_labels.py
[2024-03-23T07:21:05.501+0000] {logging_mixin.py:154} INFO - [2024-03-23T07:21:05.501+0000] {dag.py:2941} INFO - Sync 1 DAGs
[2024-03-23T07:21:05.513+0000] {logging_mixin.py:154} INFO - [2024-03-23T07:21:05.513+0000] {dag.py:3722} INFO - Setting next_dagrun for example_branch_labels to 2024-03-22T00:00:00+00:00, run_after=2024-03-23T00:00:00+00:00
[2024-03-23T07:21:05.523+0000] {processor.py:179} INFO - Processing /home/airflow/.local/lib/python3.8/site-packages/airflow/example_dags/example_branch_labels.py took 0.048 seconds
[2024-03-23T07:21:36.493+0000] {processor.py:157} INFO - Started process (PID=1186) to work on /home/airflow/.local/lib/python3.8/site-packages/airflow/example_dags/example_branch_labels.py
[2024-03-23T07:21:36.494+0000] {processor.py:829} INFO - Processing file /home/airflow/.local/lib/python3.8/site-packages/airflow/example_dags/example_branch_labels.py for tasks to queue
[2024-03-23T07:21:36.494+0000] {logging_mixin.py:154} INFO - [2024-03-23T07:21:36.494+0000] {dagbag.py:536} INFO - Filling up the DagBag from /home/airflow/.local/lib/python3.8/site-packages/airflow/example_dags/example_branch_labels.py
[2024-03-23T07:21:36.499+0000] {processor.py:839} INFO - DAG(s) dict_keys(['example_branch_labels']) retrieved from /home/airflow/.local/lib/python3.8/site-packages/airflow/example_dags/example_branch_labels.py
[2024-03-23T07:21:36.510+0000] {logging_mixin.py:154} INFO - [2024-03-23T07:21:36.510+0000] {dag.py:2941} INFO - Sync 1 DAGs
[2024-03-23T07:21:36.525+0000] {logging_mixin.py:154} INFO - [2024-03-23T07:21:36.525+0000] {dag.py:3722} INFO - Setting next_dagrun for example_branch_labels to 2024-03-22T00:00:00+00:00, run_after=2024-03-23T00:00:00+00:00
[2024-03-23T07:21:36.533+0000] {processor.py:179} INFO - Processing /home/airflow/.local/lib/python3.8/site-packages/airflow/example_dags/example_branch_labels.py took 0.042 seconds
[2024-03-23T07:22:06.826+0000] {processor.py:157} INFO - Started process (PID=1427) to work on /home/airflow/.local/lib/python3.8/site-packages/airflow/example_dags/example_branch_labels.py
[2024-03-23T07:22:06.827+0000] {processor.py:829} INFO - Processing file /home/airflow/.local/lib/python3.8/site-packages/airflow/example_dags/example_branch_labels.py for tasks to queue
[2024-03-23T07:22:06.827+0000] {logging_mixin.py:154} INFO - [2024-03-23T07:22:06.827+0000] {dagbag.py:536} INFO - Filling up the DagBag from /home/airflow/.local/lib/python3.8/site-packages/airflow/example_dags/example_branch_labels.py
[2024-03-23T07:22:06.832+0000] {processor.py:839} INFO - DAG(s) dict_keys(['example_branch_labels']) retrieved from /home/airflow/.local/lib/python3.8/site-packages/airflow/example_dags/example_branch_labels.py
[2024-03-23T07:22:06.845+0000] {logging_mixin.py:154} INFO - [2024-03-23T07:22:06.845+0000] {dag.py:2941} INFO - Sync 1 DAGs
[2024-03-23T07:22:06.856+0000] {logging_mixin.py:154} INFO - [2024-03-23T07:22:06.856+0000] {dag.py:3722} INFO - Setting next_dagrun for example_branch_labels to 2024-03-22T00:00:00+00:00, run_after=2024-03-23T00:00:00+00:00
[2024-03-23T07:22:06.875+0000] {processor.py:179} INFO - Processing /home/airflow/.local/lib/python3.8/site-packages/airflow/example_dags/example_branch_labels.py took 0.051 seconds
[2024-03-23T07:22:37.384+0000] {processor.py:157} INFO - Started process (PID=1678) to work on /home/airflow/.local/lib/python3.8/site-packages/airflow/example_dags/example_branch_labels.py
[2024-03-23T07:22:37.385+0000] {processor.py:829} INFO - Processing file /home/airflow/.local/lib/python3.8/site-packages/airflow/example_dags/example_branch_labels.py for tasks to queue
[2024-03-23T07:22:37.386+0000] {logging_mixin.py:154} INFO - [2024-03-23T07:22:37.385+0000] {dagbag.py:536} INFO - Filling up the DagBag from /home/airflow/.local/lib/python3.8/site-packages/airflow/example_dags/example_branch_labels.py
[2024-03-23T07:22:37.390+0000] {processor.py:839} INFO - DAG(s) dict_keys(['example_branch_labels']) retrieved from /home/airflow/.local/lib/python3.8/site-packages/airflow/example_dags/example_branch_labels.py
[2024-03-23T07:22:37.403+0000] {logging_mixin.py:154} INFO - [2024-03-23T07:22:37.403+0000] {dag.py:2941} INFO - Sync 1 DAGs
[2024-03-23T07:22:37.418+0000] {logging_mixin.py:154} INFO - [2024-03-23T07:22:37.418+0000] {dag.py:3722} INFO - Setting next_dagrun for example_branch_labels to 2024-03-22T00:00:00+00:00, run_after=2024-03-23T00:00:00+00:00
[2024-03-23T07:22:37.427+0000] {processor.py:179} INFO - Processing /home/airflow/.local/lib/python3.8/site-packages/airflow/example_dags/example_branch_labels.py took 0.045 seconds
[2024-03-23T07:23:07.861+0000] {processor.py:157} INFO - Started process (PID=1921) to work on /home/airflow/.local/lib/python3.8/site-packages/airflow/example_dags/example_branch_labels.py
[2024-03-23T07:23:07.862+0000] {processor.py:829} INFO - Processing file /home/airflow/.local/lib/python3.8/site-packages/airflow/example_dags/example_branch_labels.py for tasks to queue
[2024-03-23T07:23:07.862+0000] {logging_mixin.py:154} INFO - [2024-03-23T07:23:07.862+0000] {dagbag.py:536} INFO - Filling up the DagBag from /home/airflow/.local/lib/python3.8/site-packages/airflow/example_dags/example_branch_labels.py
[2024-03-23T07:23:07.866+0000] {processor.py:839} INFO - DAG(s) dict_keys(['example_branch_labels']) retrieved from /home/airflow/.local/lib/python3.8/site-packages/airflow/example_dags/example_branch_labels.py
[2024-03-23T07:23:07.878+0000] {logging_mixin.py:154} INFO - [2024-03-23T07:23:07.878+0000] {dag.py:2941} INFO - Sync 1 DAGs
[2024-03-23T07:23:07.893+0000] {logging_mixin.py:154} INFO - [2024-03-23T07:23:07.893+0000] {dag.py:3722} INFO - Setting next_dagrun for example_branch_labels to 2024-03-22T00:00:00+00:00, run_after=2024-03-23T00:00:00+00:00
[2024-03-23T07:23:07.903+0000] {processor.py:179} INFO - Processing /home/airflow/.local/lib/python3.8/site-packages/airflow/example_dags/example_branch_labels.py took 0.043 seconds
[2024-03-23T07:23:38.079+0000] {processor.py:157} INFO - Started process (PID=2165) to work on /home/airflow/.local/lib/python3.8/site-packages/airflow/example_dags/example_branch_labels.py
[2024-03-23T07:23:38.079+0000] {processor.py:829} INFO - Processing file /home/airflow/.local/lib/python3.8/site-packages/airflow/example_dags/example_branch_labels.py for tasks to queue
[2024-03-23T07:23:38.080+0000] {logging_mixin.py:154} INFO - [2024-03-23T07:23:38.080+0000] {dagbag.py:536} INFO - Filling up the DagBag from /home/airflow/.local/lib/python3.8/site-packages/airflow/example_dags/example_branch_labels.py
[2024-03-23T07:23:38.084+0000] {processor.py:839} INFO - DAG(s) dict_keys(['example_branch_labels']) retrieved from /home/airflow/.local/lib/python3.8/site-packages/airflow/example_dags/example_branch_labels.py
[2024-03-23T07:23:38.096+0000] {logging_mixin.py:154} INFO - [2024-03-23T07:23:38.096+0000] {dag.py:2941} INFO - Sync 1 DAGs
[2024-03-23T07:23:38.107+0000] {logging_mixin.py:154} INFO - [2024-03-23T07:23:38.107+0000] {dag.py:3722} INFO - Setting next_dagrun for example_branch_labels to 2024-03-22T00:00:00+00:00, run_after=2024-03-23T00:00:00+00:00
[2024-03-23T07:23:38.115+0000] {processor.py:179} INFO - Processing /home/airflow/.local/lib/python3.8/site-packages/airflow/example_dags/example_branch_labels.py took 0.038 seconds
[2024-03-23T07:24:08.613+0000] {processor.py:157} INFO - Started process (PID=2406) to work on /home/airflow/.local/lib/python3.8/site-packages/airflow/example_dags/example_branch_labels.py
[2024-03-23T07:24:08.615+0000] {processor.py:829} INFO - Processing file /home/airflow/.local/lib/python3.8/site-packages/airflow/example_dags/example_branch_labels.py for tasks to queue
[2024-03-23T07:24:08.616+0000] {logging_mixin.py:154} INFO - [2024-03-23T07:24:08.615+0000] {dagbag.py:536} INFO - Filling up the DagBag from /home/airflow/.local/lib/python3.8/site-packages/airflow/example_dags/example_branch_labels.py
[2024-03-23T07:24:08.621+0000] {processor.py:839} INFO - DAG(s) dict_keys(['example_branch_labels']) retrieved from /home/airflow/.local/lib/python3.8/site-packages/airflow/example_dags/example_branch_labels.py
[2024-03-23T07:24:08.640+0000] {logging_mixin.py:154} INFO - [2024-03-23T07:24:08.640+0000] {dag.py:2941} INFO - Sync 1 DAGs
[2024-03-23T07:24:08.657+0000] {logging_mixin.py:154} INFO - [2024-03-23T07:24:08.656+0000] {dag.py:3722} INFO - Setting next_dagrun for example_branch_labels to 2024-03-22T00:00:00+00:00, run_after=2024-03-23T00:00:00+00:00
[2024-03-23T07:24:08.667+0000] {processor.py:179} INFO - Processing /home/airflow/.local/lib/python3.8/site-packages/airflow/example_dags/example_branch_labels.py took 0.056 seconds
[2024-03-23T07:24:38.794+0000] {processor.py:157} INFO - Started process (PID=2649) to work on /home/airflow/.local/lib/python3.8/site-packages/airflow/example_dags/example_branch_labels.py
[2024-03-23T07:24:38.796+0000] {processor.py:829} INFO - Processing file /home/airflow/.local/lib/python3.8/site-packages/airflow/example_dags/example_branch_labels.py for tasks to queue
[2024-03-23T07:24:38.796+0000] {logging_mixin.py:154} INFO - [2024-03-23T07:24:38.796+0000] {dagbag.py:536} INFO - Filling up the DagBag from /home/airflow/.local/lib/python3.8/site-packages/airflow/example_dags/example_branch_labels.py
[2024-03-23T07:24:38.801+0000] {processor.py:839} INFO - DAG(s) dict_keys(['example_branch_labels']) retrieved from /home/airflow/.local/lib/python3.8/site-packages/airflow/example_dags/example_branch_labels.py
[2024-03-23T07:24:38.817+0000] {logging_mixin.py:154} INFO - [2024-03-23T07:24:38.817+0000] {dag.py:2941} INFO - Sync 1 DAGs
[2024-03-23T07:24:38.839+0000] {logging_mixin.py:154} INFO - [2024-03-23T07:24:38.839+0000] {dag.py:3722} INFO - Setting next_dagrun for example_branch_labels to 2024-03-22T00:00:00+00:00, run_after=2024-03-23T00:00:00+00:00
[2024-03-23T07:24:38.849+0000] {processor.py:179} INFO - Processing /home/airflow/.local/lib/python3.8/site-packages/airflow/example_dags/example_branch_labels.py took 0.056 seconds
[2024-03-23T07:25:10.047+0000] {processor.py:157} INFO - Started process (PID=2898) to work on /home/airflow/.local/lib/python3.8/site-packages/airflow/example_dags/example_branch_labels.py
[2024-03-23T07:25:10.049+0000] {processor.py:829} INFO - Processing file /home/airflow/.local/lib/python3.8/site-packages/airflow/example_dags/example_branch_labels.py for tasks to queue
[2024-03-23T07:25:10.051+0000] {logging_mixin.py:154} INFO - [2024-03-23T07:25:10.050+0000] {dagbag.py:536} INFO - Filling up the DagBag from /home/airflow/.local/lib/python3.8/site-packages/airflow/example_dags/example_branch_labels.py
[2024-03-23T07:25:10.075+0000] {processor.py:839} INFO - DAG(s) dict_keys(['example_branch_labels']) retrieved from /home/airflow/.local/lib/python3.8/site-packages/airflow/example_dags/example_branch_labels.py
[2024-03-23T07:25:10.099+0000] {logging_mixin.py:154} INFO - [2024-03-23T07:25:10.098+0000] {dag.py:2941} INFO - Sync 1 DAGs
[2024-03-23T07:25:10.124+0000] {logging_mixin.py:154} INFO - [2024-03-23T07:25:10.123+0000] {dag.py:3722} INFO - Setting next_dagrun for example_branch_labels to 2024-03-22T00:00:00+00:00, run_after=2024-03-23T00:00:00+00:00
[2024-03-23T07:25:10.140+0000] {processor.py:179} INFO - Processing /home/airflow/.local/lib/python3.8/site-packages/airflow/example_dags/example_branch_labels.py took 0.098 seconds
[2024-03-23T07:25:40.470+0000] {processor.py:157} INFO - Started process (PID=3147) to work on /home/airflow/.local/lib/python3.8/site-packages/airflow/example_dags/example_branch_labels.py
[2024-03-23T07:25:40.473+0000] {processor.py:829} INFO - Processing file /home/airflow/.local/lib/python3.8/site-packages/airflow/example_dags/example_branch_labels.py for tasks to queue
[2024-03-23T07:25:40.475+0000] {logging_mixin.py:154} INFO - [2024-03-23T07:25:40.474+0000] {dagbag.py:536} INFO - Filling up the DagBag from /home/airflow/.local/lib/python3.8/site-packages/airflow/example_dags/example_branch_labels.py
[2024-03-23T07:25:40.483+0000] {processor.py:839} INFO - DAG(s) dict_keys(['example_branch_labels']) retrieved from /home/airflow/.local/lib/python3.8/site-packages/airflow/example_dags/example_branch_labels.py
[2024-03-23T07:25:40.503+0000] {logging_mixin.py:154} INFO - [2024-03-23T07:25:40.503+0000] {dag.py:2941} INFO - Sync 1 DAGs
[2024-03-23T07:25:40.536+0000] {logging_mixin.py:154} INFO - [2024-03-23T07:25:40.535+0000] {dag.py:3722} INFO - Setting next_dagrun for example_branch_labels to 2024-03-22T00:00:00+00:00, run_after=2024-03-23T00:00:00+00:00
[2024-03-23T07:25:40.581+0000] {processor.py:179} INFO - Processing /home/airflow/.local/lib/python3.8/site-packages/airflow/example_dags/example_branch_labels.py took 0.115 seconds
[2024-03-23T07:26:12.371+0000] {processor.py:157} INFO - Started process (PID=3390) to work on /home/airflow/.local/lib/python3.8/site-packages/airflow/example_dags/example_branch_labels.py
[2024-03-23T07:26:12.374+0000] {processor.py:829} INFO - Processing file /home/airflow/.local/lib/python3.8/site-packages/airflow/example_dags/example_branch_labels.py for tasks to queue
[2024-03-23T07:26:12.375+0000] {logging_mixin.py:154} INFO - [2024-03-23T07:26:12.375+0000] {dagbag.py:536} INFO - Filling up the DagBag from /home/airflow/.local/lib/python3.8/site-packages/airflow/example_dags/example_branch_labels.py
[2024-03-23T07:26:12.413+0000] {processor.py:839} INFO - DAG(s) dict_keys(['example_branch_labels']) retrieved from /home/airflow/.local/lib/python3.8/site-packages/airflow/example_dags/example_branch_labels.py
[2024-03-23T07:26:12.512+0000] {logging_mixin.py:154} INFO - [2024-03-23T07:26:12.511+0000] {dag.py:2941} INFO - Sync 1 DAGs
[2024-03-23T07:26:12.557+0000] {logging_mixin.py:154} INFO - [2024-03-23T07:26:12.557+0000] {dag.py:3722} INFO - Setting next_dagrun for example_branch_labels to 2024-03-22T00:00:00+00:00, run_after=2024-03-23T00:00:00+00:00
[2024-03-23T07:26:12.581+0000] {processor.py:179} INFO - Processing /home/airflow/.local/lib/python3.8/site-packages/airflow/example_dags/example_branch_labels.py took 0.213 seconds
[2024-03-23T07:26:43.588+0000] {processor.py:157} INFO - Started process (PID=3635) to work on /home/airflow/.local/lib/python3.8/site-packages/airflow/example_dags/example_branch_labels.py
[2024-03-23T07:26:43.590+0000] {processor.py:829} INFO - Processing file /home/airflow/.local/lib/python3.8/site-packages/airflow/example_dags/example_branch_labels.py for tasks to queue
[2024-03-23T07:26:43.590+0000] {logging_mixin.py:154} INFO - [2024-03-23T07:26:43.590+0000] {dagbag.py:536} INFO - Filling up the DagBag from /home/airflow/.local/lib/python3.8/site-packages/airflow/example_dags/example_branch_labels.py
[2024-03-23T07:26:43.597+0000] {processor.py:839} INFO - DAG(s) dict_keys(['example_branch_labels']) retrieved from /home/airflow/.local/lib/python3.8/site-packages/airflow/example_dags/example_branch_labels.py
[2024-03-23T07:26:43.614+0000] {logging_mixin.py:154} INFO - [2024-03-23T07:26:43.613+0000] {dag.py:2941} INFO - Sync 1 DAGs
[2024-03-23T07:26:43.634+0000] {logging_mixin.py:154} INFO - [2024-03-23T07:26:43.633+0000] {dag.py:3722} INFO - Setting next_dagrun for example_branch_labels to 2024-03-22T00:00:00+00:00, run_after=2024-03-23T00:00:00+00:00
[2024-03-23T07:26:43.651+0000] {processor.py:179} INFO - Processing /home/airflow/.local/lib/python3.8/site-packages/airflow/example_dags/example_branch_labels.py took 0.065 seconds
[2024-03-23T07:27:14.508+0000] {processor.py:157} INFO - Started process (PID=3876) to work on /home/airflow/.local/lib/python3.8/site-packages/airflow/example_dags/example_branch_labels.py
[2024-03-23T07:27:14.510+0000] {processor.py:829} INFO - Processing file /home/airflow/.local/lib/python3.8/site-packages/airflow/example_dags/example_branch_labels.py for tasks to queue
[2024-03-23T07:27:14.510+0000] {logging_mixin.py:154} INFO - [2024-03-23T07:27:14.510+0000] {dagbag.py:536} INFO - Filling up the DagBag from /home/airflow/.local/lib/python3.8/site-packages/airflow/example_dags/example_branch_labels.py
[2024-03-23T07:27:14.517+0000] {processor.py:839} INFO - DAG(s) dict_keys(['example_branch_labels']) retrieved from /home/airflow/.local/lib/python3.8/site-packages/airflow/example_dags/example_branch_labels.py
[2024-03-23T07:27:14.544+0000] {logging_mixin.py:154} INFO - [2024-03-23T07:27:14.543+0000] {dag.py:2941} INFO - Sync 1 DAGs
[2024-03-23T07:27:14.569+0000] {logging_mixin.py:154} INFO - [2024-03-23T07:27:14.568+0000] {dag.py:3722} INFO - Setting next_dagrun for example_branch_labels to 2024-03-22T00:00:00+00:00, run_after=2024-03-23T00:00:00+00:00
[2024-03-23T07:27:14.581+0000] {processor.py:179} INFO - Processing /home/airflow/.local/lib/python3.8/site-packages/airflow/example_dags/example_branch_labels.py took 0.076 seconds
[2024-03-23T07:27:44.719+0000] {processor.py:157} INFO - Started process (PID=4119) to work on /home/airflow/.local/lib/python3.8/site-packages/airflow/example_dags/example_branch_labels.py
[2024-03-23T07:27:44.720+0000] {processor.py:829} INFO - Processing file /home/airflow/.local/lib/python3.8/site-packages/airflow/example_dags/example_branch_labels.py for tasks to queue
[2024-03-23T07:27:44.721+0000] {logging_mixin.py:154} INFO - [2024-03-23T07:27:44.721+0000] {dagbag.py:536} INFO - Filling up the DagBag from /home/airflow/.local/lib/python3.8/site-packages/airflow/example_dags/example_branch_labels.py
[2024-03-23T07:27:44.730+0000] {processor.py:839} INFO - DAG(s) dict_keys(['example_branch_labels']) retrieved from /home/airflow/.local/lib/python3.8/site-packages/airflow/example_dags/example_branch_labels.py
[2024-03-23T07:27:44.782+0000] {logging_mixin.py:154} INFO - [2024-03-23T07:27:44.782+0000] {dag.py:2941} INFO - Sync 1 DAGs
[2024-03-23T07:27:44.849+0000] {logging_mixin.py:154} INFO - [2024-03-23T07:27:44.849+0000] {dag.py:3722} INFO - Setting next_dagrun for example_branch_labels to 2024-03-22T00:00:00+00:00, run_after=2024-03-23T00:00:00+00:00
[2024-03-23T07:27:44.881+0000] {processor.py:179} INFO - Processing /home/airflow/.local/lib/python3.8/site-packages/airflow/example_dags/example_branch_labels.py took 0.164 seconds
[2024-03-23T07:28:15.812+0000] {processor.py:157} INFO - Started process (PID=4364) to work on /home/airflow/.local/lib/python3.8/site-packages/airflow/example_dags/example_branch_labels.py
[2024-03-23T07:28:15.813+0000] {processor.py:829} INFO - Processing file /home/airflow/.local/lib/python3.8/site-packages/airflow/example_dags/example_branch_labels.py for tasks to queue
[2024-03-23T07:28:15.814+0000] {logging_mixin.py:154} INFO - [2024-03-23T07:28:15.814+0000] {dagbag.py:536} INFO - Filling up the DagBag from /home/airflow/.local/lib/python3.8/site-packages/airflow/example_dags/example_branch_labels.py
[2024-03-23T07:28:15.822+0000] {processor.py:839} INFO - DAG(s) dict_keys(['example_branch_labels']) retrieved from /home/airflow/.local/lib/python3.8/site-packages/airflow/example_dags/example_branch_labels.py
[2024-03-23T07:28:15.842+0000] {logging_mixin.py:154} INFO - [2024-03-23T07:28:15.842+0000] {dag.py:2941} INFO - Sync 1 DAGs
[2024-03-23T07:28:15.871+0000] {logging_mixin.py:154} INFO - [2024-03-23T07:28:15.871+0000] {dag.py:3722} INFO - Setting next_dagrun for example_branch_labels to 2024-03-22T00:00:00+00:00, run_after=2024-03-23T00:00:00+00:00
[2024-03-23T07:28:15.886+0000] {processor.py:179} INFO - Processing /home/airflow/.local/lib/python3.8/site-packages/airflow/example_dags/example_branch_labels.py took 0.076 seconds
[2024-03-23T07:28:45.936+0000] {processor.py:157} INFO - Started process (PID=4607) to work on /home/airflow/.local/lib/python3.8/site-packages/airflow/example_dags/example_branch_labels.py
[2024-03-23T07:28:45.937+0000] {processor.py:829} INFO - Processing file /home/airflow/.local/lib/python3.8/site-packages/airflow/example_dags/example_branch_labels.py for tasks to queue
[2024-03-23T07:28:45.938+0000] {logging_mixin.py:154} INFO - [2024-03-23T07:28:45.938+0000] {dagbag.py:536} INFO - Filling up the DagBag from /home/airflow/.local/lib/python3.8/site-packages/airflow/example_dags/example_branch_labels.py
[2024-03-23T07:28:45.943+0000] {processor.py:839} INFO - DAG(s) dict_keys(['example_branch_labels']) retrieved from /home/airflow/.local/lib/python3.8/site-packages/airflow/example_dags/example_branch_labels.py
[2024-03-23T07:28:45.956+0000] {logging_mixin.py:154} INFO - [2024-03-23T07:28:45.956+0000] {dag.py:2941} INFO - Sync 1 DAGs
[2024-03-23T07:28:45.971+0000] {logging_mixin.py:154} INFO - [2024-03-23T07:28:45.971+0000] {dag.py:3722} INFO - Setting next_dagrun for example_branch_labels to 2024-03-22T00:00:00+00:00, run_after=2024-03-23T00:00:00+00:00
[2024-03-23T07:28:45.981+0000] {processor.py:179} INFO - Processing /home/airflow/.local/lib/python3.8/site-packages/airflow/example_dags/example_branch_labels.py took 0.046 seconds
[2024-03-23T07:29:36.641+0000] {processor.py:157} INFO - Started process (PID=217) to work on /home/airflow/.local/lib/python3.8/site-packages/airflow/example_dags/example_branch_labels.py
[2024-03-23T07:29:36.642+0000] {processor.py:829} INFO - Processing file /home/airflow/.local/lib/python3.8/site-packages/airflow/example_dags/example_branch_labels.py for tasks to queue
[2024-03-23T07:29:36.642+0000] {logging_mixin.py:154} INFO - [2024-03-23T07:29:36.642+0000] {dagbag.py:536} INFO - Filling up the DagBag from /home/airflow/.local/lib/python3.8/site-packages/airflow/example_dags/example_branch_labels.py
[2024-03-23T07:29:36.648+0000] {processor.py:839} INFO - DAG(s) dict_keys(['example_branch_labels']) retrieved from /home/airflow/.local/lib/python3.8/site-packages/airflow/example_dags/example_branch_labels.py
[2024-03-23T07:29:36.660+0000] {logging_mixin.py:154} INFO - [2024-03-23T07:29:36.660+0000] {dag.py:2941} INFO - Sync 1 DAGs
[2024-03-23T07:29:36.673+0000] {logging_mixin.py:154} INFO - [2024-03-23T07:29:36.672+0000] {dag.py:3722} INFO - Setting next_dagrun for example_branch_labels to 2024-03-22T00:00:00+00:00, run_after=2024-03-23T00:00:00+00:00
[2024-03-23T07:29:36.686+0000] {processor.py:179} INFO - Processing /home/airflow/.local/lib/python3.8/site-packages/airflow/example_dags/example_branch_labels.py took 0.046 seconds
