[2024-03-23T07:19:34.084+0000] {processor.py:157} INFO - Started process (PID=282) to work on /home/airflow/.local/lib/python3.8/site-packages/airflow/example_dags/example_subdag_operator.py
[2024-03-23T07:19:34.084+0000] {processor.py:829} INFO - Processing file /home/airflow/.local/lib/python3.8/site-packages/airflow/example_dags/example_subdag_operator.py for tasks to queue
[2024-03-23T07:19:34.085+0000] {logging_mixin.py:154} INFO - [2024-03-23T07:19:34.085+0000] {dagbag.py:536} INFO - Filling up the DagBag from /home/airflow/.local/lib/python3.8/site-packages/airflow/example_dags/example_subdag_operator.py
[2024-03-23T07:19:34.102+0000] {processor.py:839} INFO - DAG(s) dict_keys(['example_subdag_operator.section-1', 'example_subdag_operator.section-2', 'example_subdag_operator']) retrieved from /home/airflow/.local/lib/python3.8/site-packages/airflow/example_dags/example_subdag_operator.py
[2024-03-23T07:19:34.163+0000] {logging_mixin.py:154} INFO - [2024-03-23T07:19:34.163+0000] {manager.py:499} INFO - Created Permission View: %s
[2024-03-23T07:19:34.172+0000] {logging_mixin.py:154} INFO - [2024-03-23T07:19:34.171+0000] {manager.py:499} INFO - Created Permission View: %s
[2024-03-23T07:19:34.176+0000] {logging_mixin.py:154} INFO - [2024-03-23T07:19:34.176+0000] {manager.py:499} INFO - Created Permission View: %s
[2024-03-23T07:19:34.176+0000] {logging_mixin.py:154} INFO - [2024-03-23T07:19:34.176+0000] {dag.py:2941} INFO - Sync 3 DAGs
[2024-03-23T07:19:34.185+0000] {logging_mixin.py:154} INFO - [2024-03-23T07:19:34.185+0000] {dag.py:2963} INFO - Creating ORM DAG for example_subdag_operator
[2024-03-23T07:19:34.186+0000] {logging_mixin.py:154} INFO - [2024-03-23T07:19:34.186+0000] {dag.py:2963} INFO - Creating ORM DAG for example_subdag_operator.section-1
[2024-03-23T07:19:34.186+0000] {logging_mixin.py:154} INFO - [2024-03-23T07:19:34.186+0000] {dag.py:2963} INFO - Creating ORM DAG for example_subdag_operator.section-2
[2024-03-23T07:19:34.193+0000] {logging_mixin.py:154} INFO - [2024-03-23T07:19:34.193+0000] {dag.py:3722} INFO - Setting next_dagrun for example_subdag_operator to 2022-01-01T00:00:00+00:00, run_after=2022-01-01T00:00:00+00:00
[2024-03-23T07:19:34.195+0000] {logging_mixin.py:154} INFO - [2024-03-23T07:19:34.195+0000] {dag.py:3722} INFO - Setting next_dagrun for example_subdag_operator.section-1 to None, run_after=None
[2024-03-23T07:19:34.195+0000] {logging_mixin.py:154} INFO - [2024-03-23T07:19:34.195+0000] {dag.py:3722} INFO - Setting next_dagrun for example_subdag_operator.section-2 to None, run_after=None
[2024-03-23T07:19:34.202+0000] {logging_mixin.py:154} INFO - [2024-03-23T07:19:34.202+0000] {dag.py:2941} INFO - Sync 2 DAGs
[2024-03-23T07:19:34.206+0000] {logging_mixin.py:154} INFO - [2024-03-23T07:19:34.206+0000] {dag.py:3722} INFO - Setting next_dagrun for example_subdag_operator.section-1 to None, run_after=None
[2024-03-23T07:19:34.208+0000] {logging_mixin.py:154} INFO - [2024-03-23T07:19:34.207+0000] {dag.py:3722} INFO - Setting next_dagrun for example_subdag_operator.section-2 to None, run_after=None
[2024-03-23T07:19:34.218+0000] {processor.py:179} INFO - Processing /home/airflow/.local/lib/python3.8/site-packages/airflow/example_dags/example_subdag_operator.py took 0.136 seconds
[2024-03-23T07:20:04.820+0000] {processor.py:157} INFO - Started process (PID=525) to work on /home/airflow/.local/lib/python3.8/site-packages/airflow/example_dags/example_subdag_operator.py
[2024-03-23T07:20:04.821+0000] {processor.py:829} INFO - Processing file /home/airflow/.local/lib/python3.8/site-packages/airflow/example_dags/example_subdag_operator.py for tasks to queue
[2024-03-23T07:20:04.822+0000] {logging_mixin.py:154} INFO - [2024-03-23T07:20:04.822+0000] {dagbag.py:536} INFO - Filling up the DagBag from /home/airflow/.local/lib/python3.8/site-packages/airflow/example_dags/example_subdag_operator.py
[2024-03-23T07:20:04.837+0000] {processor.py:839} INFO - DAG(s) dict_keys(['example_subdag_operator.section-1', 'example_subdag_operator.section-2', 'example_subdag_operator']) retrieved from /home/airflow/.local/lib/python3.8/site-packages/airflow/example_dags/example_subdag_operator.py
[2024-03-23T07:20:04.850+0000] {logging_mixin.py:154} INFO - [2024-03-23T07:20:04.849+0000] {dag.py:2941} INFO - Sync 3 DAGs
[2024-03-23T07:20:04.863+0000] {logging_mixin.py:154} INFO - [2024-03-23T07:20:04.863+0000] {dag.py:3722} INFO - Setting next_dagrun for example_subdag_operator to 2022-01-01T00:00:00+00:00, run_after=2022-01-01T00:00:00+00:00
[2024-03-23T07:20:04.865+0000] {logging_mixin.py:154} INFO - [2024-03-23T07:20:04.865+0000] {dag.py:3722} INFO - Setting next_dagrun for example_subdag_operator.section-1 to None, run_after=None
[2024-03-23T07:20:04.866+0000] {logging_mixin.py:154} INFO - [2024-03-23T07:20:04.866+0000] {dag.py:3722} INFO - Setting next_dagrun for example_subdag_operator.section-2 to None, run_after=None
[2024-03-23T07:20:04.870+0000] {logging_mixin.py:154} INFO - [2024-03-23T07:20:04.870+0000] {dag.py:2941} INFO - Sync 2 DAGs
[2024-03-23T07:20:04.873+0000] {logging_mixin.py:154} INFO - [2024-03-23T07:20:04.873+0000] {dag.py:3722} INFO - Setting next_dagrun for example_subdag_operator.section-1 to None, run_after=None
[2024-03-23T07:20:04.874+0000] {logging_mixin.py:154} INFO - [2024-03-23T07:20:04.873+0000] {dag.py:3722} INFO - Setting next_dagrun for example_subdag_operator.section-2 to None, run_after=None
[2024-03-23T07:20:04.881+0000] {processor.py:179} INFO - Processing /home/airflow/.local/lib/python3.8/site-packages/airflow/example_dags/example_subdag_operator.py took 0.063 seconds
[2024-03-23T07:20:36.033+0000] {processor.py:157} INFO - Started process (PID=768) to work on /home/airflow/.local/lib/python3.8/site-packages/airflow/example_dags/example_subdag_operator.py
[2024-03-23T07:20:36.033+0000] {processor.py:829} INFO - Processing file /home/airflow/.local/lib/python3.8/site-packages/airflow/example_dags/example_subdag_operator.py for tasks to queue
[2024-03-23T07:20:36.034+0000] {logging_mixin.py:154} INFO - [2024-03-23T07:20:36.034+0000] {dagbag.py:536} INFO - Filling up the DagBag from /home/airflow/.local/lib/python3.8/site-packages/airflow/example_dags/example_subdag_operator.py
[2024-03-23T07:20:36.047+0000] {processor.py:839} INFO - DAG(s) dict_keys(['example_subdag_operator.section-1', 'example_subdag_operator.section-2', 'example_subdag_operator']) retrieved from /home/airflow/.local/lib/python3.8/site-packages/airflow/example_dags/example_subdag_operator.py
[2024-03-23T07:20:36.056+0000] {logging_mixin.py:154} INFO - [2024-03-23T07:20:36.056+0000] {dag.py:2941} INFO - Sync 3 DAGs
[2024-03-23T07:20:36.070+0000] {logging_mixin.py:154} INFO - [2024-03-23T07:20:36.070+0000] {dag.py:3722} INFO - Setting next_dagrun for example_subdag_operator to 2022-01-01T00:00:00+00:00, run_after=2022-01-01T00:00:00+00:00
[2024-03-23T07:20:36.072+0000] {logging_mixin.py:154} INFO - [2024-03-23T07:20:36.072+0000] {dag.py:3722} INFO - Setting next_dagrun for example_subdag_operator.section-1 to None, run_after=None
[2024-03-23T07:20:36.073+0000] {logging_mixin.py:154} INFO - [2024-03-23T07:20:36.073+0000] {dag.py:3722} INFO - Setting next_dagrun for example_subdag_operator.section-2 to None, run_after=None
[2024-03-23T07:20:36.077+0000] {logging_mixin.py:154} INFO - [2024-03-23T07:20:36.076+0000] {dag.py:2941} INFO - Sync 2 DAGs
[2024-03-23T07:20:36.079+0000] {logging_mixin.py:154} INFO - [2024-03-23T07:20:36.079+0000] {dag.py:3722} INFO - Setting next_dagrun for example_subdag_operator.section-1 to None, run_after=None
[2024-03-23T07:20:36.080+0000] {logging_mixin.py:154} INFO - [2024-03-23T07:20:36.079+0000] {dag.py:3722} INFO - Setting next_dagrun for example_subdag_operator.section-2 to None, run_after=None
[2024-03-23T07:20:36.085+0000] {processor.py:179} INFO - Processing /home/airflow/.local/lib/python3.8/site-packages/airflow/example_dags/example_subdag_operator.py took 0.054 seconds
[2024-03-23T07:21:06.412+0000] {processor.py:157} INFO - Started process (PID=1011) to work on /home/airflow/.local/lib/python3.8/site-packages/airflow/example_dags/example_subdag_operator.py
[2024-03-23T07:21:06.412+0000] {processor.py:829} INFO - Processing file /home/airflow/.local/lib/python3.8/site-packages/airflow/example_dags/example_subdag_operator.py for tasks to queue
[2024-03-23T07:21:06.414+0000] {logging_mixin.py:154} INFO - [2024-03-23T07:21:06.413+0000] {dagbag.py:536} INFO - Filling up the DagBag from /home/airflow/.local/lib/python3.8/site-packages/airflow/example_dags/example_subdag_operator.py
[2024-03-23T07:21:06.440+0000] {processor.py:839} INFO - DAG(s) dict_keys(['example_subdag_operator.section-1', 'example_subdag_operator.section-2', 'example_subdag_operator']) retrieved from /home/airflow/.local/lib/python3.8/site-packages/airflow/example_dags/example_subdag_operator.py
[2024-03-23T07:21:06.449+0000] {logging_mixin.py:154} INFO - [2024-03-23T07:21:06.449+0000] {dag.py:2941} INFO - Sync 3 DAGs
[2024-03-23T07:21:06.461+0000] {logging_mixin.py:154} INFO - [2024-03-23T07:21:06.461+0000] {dag.py:3722} INFO - Setting next_dagrun for example_subdag_operator to 2022-01-01T00:00:00+00:00, run_after=2022-01-01T00:00:00+00:00
[2024-03-23T07:21:06.465+0000] {logging_mixin.py:154} INFO - [2024-03-23T07:21:06.465+0000] {dag.py:3722} INFO - Setting next_dagrun for example_subdag_operator.section-1 to None, run_after=None
[2024-03-23T07:21:06.466+0000] {logging_mixin.py:154} INFO - [2024-03-23T07:21:06.466+0000] {dag.py:3722} INFO - Setting next_dagrun for example_subdag_operator.section-2 to None, run_after=None
[2024-03-23T07:21:06.469+0000] {logging_mixin.py:154} INFO - [2024-03-23T07:21:06.469+0000] {dag.py:2941} INFO - Sync 2 DAGs
[2024-03-23T07:21:06.472+0000] {logging_mixin.py:154} INFO - [2024-03-23T07:21:06.472+0000] {dag.py:3722} INFO - Setting next_dagrun for example_subdag_operator.section-1 to None, run_after=None
[2024-03-23T07:21:06.472+0000] {logging_mixin.py:154} INFO - [2024-03-23T07:21:06.472+0000] {dag.py:3722} INFO - Setting next_dagrun for example_subdag_operator.section-2 to None, run_after=None
[2024-03-23T07:21:06.477+0000] {processor.py:179} INFO - Processing /home/airflow/.local/lib/python3.8/site-packages/airflow/example_dags/example_subdag_operator.py took 0.067 seconds
[2024-03-23T07:21:37.442+0000] {processor.py:157} INFO - Started process (PID=1256) to work on /home/airflow/.local/lib/python3.8/site-packages/airflow/example_dags/example_subdag_operator.py
[2024-03-23T07:21:37.444+0000] {processor.py:829} INFO - Processing file /home/airflow/.local/lib/python3.8/site-packages/airflow/example_dags/example_subdag_operator.py for tasks to queue
[2024-03-23T07:21:37.444+0000] {logging_mixin.py:154} INFO - [2024-03-23T07:21:37.444+0000] {dagbag.py:536} INFO - Filling up the DagBag from /home/airflow/.local/lib/python3.8/site-packages/airflow/example_dags/example_subdag_operator.py
[2024-03-23T07:21:37.463+0000] {processor.py:839} INFO - DAG(s) dict_keys(['example_subdag_operator.section-1', 'example_subdag_operator.section-2', 'example_subdag_operator']) retrieved from /home/airflow/.local/lib/python3.8/site-packages/airflow/example_dags/example_subdag_operator.py
[2024-03-23T07:21:37.471+0000] {logging_mixin.py:154} INFO - [2024-03-23T07:21:37.471+0000] {dag.py:2941} INFO - Sync 3 DAGs
[2024-03-23T07:21:37.486+0000] {logging_mixin.py:154} INFO - [2024-03-23T07:21:37.485+0000] {dag.py:3722} INFO - Setting next_dagrun for example_subdag_operator to 2022-01-01T00:00:00+00:00, run_after=2022-01-01T00:00:00+00:00
[2024-03-23T07:21:37.488+0000] {logging_mixin.py:154} INFO - [2024-03-23T07:21:37.488+0000] {dag.py:3722} INFO - Setting next_dagrun for example_subdag_operator.section-1 to None, run_after=None
[2024-03-23T07:21:37.489+0000] {logging_mixin.py:154} INFO - [2024-03-23T07:21:37.489+0000] {dag.py:3722} INFO - Setting next_dagrun for example_subdag_operator.section-2 to None, run_after=None
[2024-03-23T07:21:37.493+0000] {logging_mixin.py:154} INFO - [2024-03-23T07:21:37.493+0000] {dag.py:2941} INFO - Sync 2 DAGs
[2024-03-23T07:21:37.496+0000] {logging_mixin.py:154} INFO - [2024-03-23T07:21:37.496+0000] {dag.py:3722} INFO - Setting next_dagrun for example_subdag_operator.section-1 to None, run_after=None
[2024-03-23T07:21:37.497+0000] {logging_mixin.py:154} INFO - [2024-03-23T07:21:37.497+0000] {dag.py:3722} INFO - Setting next_dagrun for example_subdag_operator.section-2 to None, run_after=None
[2024-03-23T07:21:37.511+0000] {processor.py:179} INFO - Processing /home/airflow/.local/lib/python3.8/site-packages/airflow/example_dags/example_subdag_operator.py took 0.071 seconds
[2024-03-23T07:22:08.183+0000] {processor.py:157} INFO - Started process (PID=1501) to work on /home/airflow/.local/lib/python3.8/site-packages/airflow/example_dags/example_subdag_operator.py
[2024-03-23T07:22:08.185+0000] {processor.py:829} INFO - Processing file /home/airflow/.local/lib/python3.8/site-packages/airflow/example_dags/example_subdag_operator.py for tasks to queue
[2024-03-23T07:22:08.185+0000] {logging_mixin.py:154} INFO - [2024-03-23T07:22:08.185+0000] {dagbag.py:536} INFO - Filling up the DagBag from /home/airflow/.local/lib/python3.8/site-packages/airflow/example_dags/example_subdag_operator.py
[2024-03-23T07:22:08.224+0000] {processor.py:839} INFO - DAG(s) dict_keys(['example_subdag_operator.section-1', 'example_subdag_operator.section-2', 'example_subdag_operator']) retrieved from /home/airflow/.local/lib/python3.8/site-packages/airflow/example_dags/example_subdag_operator.py
[2024-03-23T07:22:08.274+0000] {logging_mixin.py:154} INFO - [2024-03-23T07:22:08.274+0000] {dag.py:2941} INFO - Sync 3 DAGs
[2024-03-23T07:22:08.316+0000] {logging_mixin.py:154} INFO - [2024-03-23T07:22:08.316+0000] {dag.py:3722} INFO - Setting next_dagrun for example_subdag_operator to 2022-01-01T00:00:00+00:00, run_after=2022-01-01T00:00:00+00:00
[2024-03-23T07:22:08.318+0000] {logging_mixin.py:154} INFO - [2024-03-23T07:22:08.318+0000] {dag.py:3722} INFO - Setting next_dagrun for example_subdag_operator.section-1 to None, run_after=None
[2024-03-23T07:22:08.319+0000] {logging_mixin.py:154} INFO - [2024-03-23T07:22:08.319+0000] {dag.py:3722} INFO - Setting next_dagrun for example_subdag_operator.section-2 to None, run_after=None
[2024-03-23T07:22:08.326+0000] {logging_mixin.py:154} INFO - [2024-03-23T07:22:08.326+0000] {dag.py:2941} INFO - Sync 2 DAGs
[2024-03-23T07:22:08.329+0000] {logging_mixin.py:154} INFO - [2024-03-23T07:22:08.329+0000] {dag.py:3722} INFO - Setting next_dagrun for example_subdag_operator.section-1 to None, run_after=None
[2024-03-23T07:22:08.330+0000] {logging_mixin.py:154} INFO - [2024-03-23T07:22:08.329+0000] {dag.py:3722} INFO - Setting next_dagrun for example_subdag_operator.section-2 to None, run_after=None
[2024-03-23T07:22:08.344+0000] {processor.py:179} INFO - Processing /home/airflow/.local/lib/python3.8/site-packages/airflow/example_dags/example_subdag_operator.py took 0.188 seconds
[2024-03-23T07:22:38.502+0000] {processor.py:157} INFO - Started process (PID=1748) to work on /home/airflow/.local/lib/python3.8/site-packages/airflow/example_dags/example_subdag_operator.py
[2024-03-23T07:22:38.504+0000] {processor.py:829} INFO - Processing file /home/airflow/.local/lib/python3.8/site-packages/airflow/example_dags/example_subdag_operator.py for tasks to queue
[2024-03-23T07:22:38.507+0000] {logging_mixin.py:154} INFO - [2024-03-23T07:22:38.507+0000] {dagbag.py:536} INFO - Filling up the DagBag from /home/airflow/.local/lib/python3.8/site-packages/airflow/example_dags/example_subdag_operator.py
[2024-03-23T07:22:38.522+0000] {processor.py:839} INFO - DAG(s) dict_keys(['example_subdag_operator.section-1', 'example_subdag_operator.section-2', 'example_subdag_operator']) retrieved from /home/airflow/.local/lib/python3.8/site-packages/airflow/example_dags/example_subdag_operator.py
[2024-03-23T07:22:38.530+0000] {logging_mixin.py:154} INFO - [2024-03-23T07:22:38.530+0000] {dag.py:2941} INFO - Sync 3 DAGs
[2024-03-23T07:22:38.541+0000] {logging_mixin.py:154} INFO - [2024-03-23T07:22:38.541+0000] {dag.py:3722} INFO - Setting next_dagrun for example_subdag_operator to 2022-01-01T00:00:00+00:00, run_after=2022-01-01T00:00:00+00:00
[2024-03-23T07:22:38.543+0000] {logging_mixin.py:154} INFO - [2024-03-23T07:22:38.543+0000] {dag.py:3722} INFO - Setting next_dagrun for example_subdag_operator.section-1 to None, run_after=None
[2024-03-23T07:22:38.544+0000] {logging_mixin.py:154} INFO - [2024-03-23T07:22:38.544+0000] {dag.py:3722} INFO - Setting next_dagrun for example_subdag_operator.section-2 to None, run_after=None
[2024-03-23T07:22:38.547+0000] {logging_mixin.py:154} INFO - [2024-03-23T07:22:38.547+0000] {dag.py:2941} INFO - Sync 2 DAGs
[2024-03-23T07:22:38.550+0000] {logging_mixin.py:154} INFO - [2024-03-23T07:22:38.550+0000] {dag.py:3722} INFO - Setting next_dagrun for example_subdag_operator.section-1 to None, run_after=None
[2024-03-23T07:22:38.550+0000] {logging_mixin.py:154} INFO - [2024-03-23T07:22:38.550+0000] {dag.py:3722} INFO - Setting next_dagrun for example_subdag_operator.section-2 to None, run_after=None
[2024-03-23T07:22:38.555+0000] {processor.py:179} INFO - Processing /home/airflow/.local/lib/python3.8/site-packages/airflow/example_dags/example_subdag_operator.py took 0.055 seconds
[2024-03-23T07:23:09.874+0000] {processor.py:157} INFO - Started process (PID=1991) to work on /home/airflow/.local/lib/python3.8/site-packages/airflow/example_dags/example_subdag_operator.py
[2024-03-23T07:23:09.879+0000] {processor.py:829} INFO - Processing file /home/airflow/.local/lib/python3.8/site-packages/airflow/example_dags/example_subdag_operator.py for tasks to queue
[2024-03-23T07:23:09.880+0000] {logging_mixin.py:154} INFO - [2024-03-23T07:23:09.880+0000] {dagbag.py:536} INFO - Filling up the DagBag from /home/airflow/.local/lib/python3.8/site-packages/airflow/example_dags/example_subdag_operator.py
[2024-03-23T07:23:09.894+0000] {processor.py:839} INFO - DAG(s) dict_keys(['example_subdag_operator.section-1', 'example_subdag_operator.section-2', 'example_subdag_operator']) retrieved from /home/airflow/.local/lib/python3.8/site-packages/airflow/example_dags/example_subdag_operator.py
[2024-03-23T07:23:09.902+0000] {logging_mixin.py:154} INFO - [2024-03-23T07:23:09.902+0000] {dag.py:2941} INFO - Sync 3 DAGs
[2024-03-23T07:23:09.914+0000] {logging_mixin.py:154} INFO - [2024-03-23T07:23:09.914+0000] {dag.py:3722} INFO - Setting next_dagrun for example_subdag_operator to 2022-01-01T00:00:00+00:00, run_after=2022-01-01T00:00:00+00:00
[2024-03-23T07:23:09.916+0000] {logging_mixin.py:154} INFO - [2024-03-23T07:23:09.916+0000] {dag.py:3722} INFO - Setting next_dagrun for example_subdag_operator.section-1 to None, run_after=None
[2024-03-23T07:23:09.916+0000] {logging_mixin.py:154} INFO - [2024-03-23T07:23:09.916+0000] {dag.py:3722} INFO - Setting next_dagrun for example_subdag_operator.section-2 to None, run_after=None
[2024-03-23T07:23:09.920+0000] {logging_mixin.py:154} INFO - [2024-03-23T07:23:09.920+0000] {dag.py:2941} INFO - Sync 2 DAGs
[2024-03-23T07:23:09.923+0000] {logging_mixin.py:154} INFO - [2024-03-23T07:23:09.923+0000] {dag.py:3722} INFO - Setting next_dagrun for example_subdag_operator.section-1 to None, run_after=None
[2024-03-23T07:23:09.923+0000] {logging_mixin.py:154} INFO - [2024-03-23T07:23:09.923+0000] {dag.py:3722} INFO - Setting next_dagrun for example_subdag_operator.section-2 to None, run_after=None
[2024-03-23T07:23:09.928+0000] {processor.py:179} INFO - Processing /home/airflow/.local/lib/python3.8/site-packages/airflow/example_dags/example_subdag_operator.py took 0.057 seconds
[2024-03-23T07:23:41.889+0000] {processor.py:157} INFO - Started process (PID=2233) to work on /home/airflow/.local/lib/python3.8/site-packages/airflow/example_dags/example_subdag_operator.py
[2024-03-23T07:23:41.896+0000] {processor.py:829} INFO - Processing file /home/airflow/.local/lib/python3.8/site-packages/airflow/example_dags/example_subdag_operator.py for tasks to queue
[2024-03-23T07:23:41.899+0000] {logging_mixin.py:154} INFO - [2024-03-23T07:23:41.898+0000] {dagbag.py:536} INFO - Filling up the DagBag from /home/airflow/.local/lib/python3.8/site-packages/airflow/example_dags/example_subdag_operator.py
[2024-03-23T07:23:41.993+0000] {processor.py:839} INFO - DAG(s) dict_keys(['example_subdag_operator.section-1', 'example_subdag_operator.section-2', 'example_subdag_operator']) retrieved from /home/airflow/.local/lib/python3.8/site-packages/airflow/example_dags/example_subdag_operator.py
[2024-03-23T07:23:42.059+0000] {logging_mixin.py:154} INFO - [2024-03-23T07:23:42.058+0000] {dag.py:2941} INFO - Sync 3 DAGs
[2024-03-23T07:23:42.133+0000] {logging_mixin.py:154} INFO - [2024-03-23T07:23:42.132+0000] {dag.py:3722} INFO - Setting next_dagrun for example_subdag_operator to 2022-01-01T00:00:00+00:00, run_after=2022-01-01T00:00:00+00:00
[2024-03-23T07:23:42.151+0000] {logging_mixin.py:154} INFO - [2024-03-23T07:23:42.150+0000] {dag.py:3722} INFO - Setting next_dagrun for example_subdag_operator.section-1 to None, run_after=None
[2024-03-23T07:23:42.153+0000] {logging_mixin.py:154} INFO - [2024-03-23T07:23:42.152+0000] {dag.py:3722} INFO - Setting next_dagrun for example_subdag_operator.section-2 to None, run_after=None
[2024-03-23T07:23:42.161+0000] {logging_mixin.py:154} INFO - [2024-03-23T07:23:42.161+0000] {dag.py:2941} INFO - Sync 2 DAGs
[2024-03-23T07:23:42.165+0000] {logging_mixin.py:154} INFO - [2024-03-23T07:23:42.164+0000] {dag.py:3722} INFO - Setting next_dagrun for example_subdag_operator.section-1 to None, run_after=None
[2024-03-23T07:23:42.165+0000] {logging_mixin.py:154} INFO - [2024-03-23T07:23:42.165+0000] {dag.py:3722} INFO - Setting next_dagrun for example_subdag_operator.section-2 to None, run_after=None
[2024-03-23T07:23:42.176+0000] {processor.py:179} INFO - Processing /home/airflow/.local/lib/python3.8/site-packages/airflow/example_dags/example_subdag_operator.py took 0.303 seconds
[2024-03-23T07:24:13.741+0000] {processor.py:157} INFO - Started process (PID=2476) to work on /home/airflow/.local/lib/python3.8/site-packages/airflow/example_dags/example_subdag_operator.py
[2024-03-23T07:24:13.742+0000] {processor.py:829} INFO - Processing file /home/airflow/.local/lib/python3.8/site-packages/airflow/example_dags/example_subdag_operator.py for tasks to queue
[2024-03-23T07:24:13.743+0000] {logging_mixin.py:154} INFO - [2024-03-23T07:24:13.743+0000] {dagbag.py:536} INFO - Filling up the DagBag from /home/airflow/.local/lib/python3.8/site-packages/airflow/example_dags/example_subdag_operator.py
[2024-03-23T07:24:13.768+0000] {processor.py:839} INFO - DAG(s) dict_keys(['example_subdag_operator.section-1', 'example_subdag_operator.section-2', 'example_subdag_operator']) retrieved from /home/airflow/.local/lib/python3.8/site-packages/airflow/example_dags/example_subdag_operator.py
[2024-03-23T07:24:13.802+0000] {logging_mixin.py:154} INFO - [2024-03-23T07:24:13.802+0000] {dag.py:2941} INFO - Sync 3 DAGs
[2024-03-23T07:24:13.866+0000] {logging_mixin.py:154} INFO - [2024-03-23T07:24:13.866+0000] {dag.py:3722} INFO - Setting next_dagrun for example_subdag_operator to 2022-01-01T00:00:00+00:00, run_after=2022-01-01T00:00:00+00:00
[2024-03-23T07:24:13.872+0000] {logging_mixin.py:154} INFO - [2024-03-23T07:24:13.872+0000] {dag.py:3722} INFO - Setting next_dagrun for example_subdag_operator.section-1 to None, run_after=None
[2024-03-23T07:24:13.877+0000] {logging_mixin.py:154} INFO - [2024-03-23T07:24:13.877+0000] {dag.py:3722} INFO - Setting next_dagrun for example_subdag_operator.section-2 to None, run_after=None
[2024-03-23T07:24:13.913+0000] {logging_mixin.py:154} INFO - [2024-03-23T07:24:13.913+0000] {dag.py:2941} INFO - Sync 2 DAGs
[2024-03-23T07:24:13.928+0000] {logging_mixin.py:154} INFO - [2024-03-23T07:24:13.928+0000] {dag.py:3722} INFO - Setting next_dagrun for example_subdag_operator.section-1 to None, run_after=None
[2024-03-23T07:24:13.933+0000] {logging_mixin.py:154} INFO - [2024-03-23T07:24:13.931+0000] {dag.py:3722} INFO - Setting next_dagrun for example_subdag_operator.section-2 to None, run_after=None
[2024-03-23T07:24:13.956+0000] {processor.py:179} INFO - Processing /home/airflow/.local/lib/python3.8/site-packages/airflow/example_dags/example_subdag_operator.py took 0.217 seconds
[2024-03-23T07:24:46.161+0000] {processor.py:157} INFO - Started process (PID=2719) to work on /home/airflow/.local/lib/python3.8/site-packages/airflow/example_dags/example_subdag_operator.py
[2024-03-23T07:24:46.163+0000] {processor.py:829} INFO - Processing file /home/airflow/.local/lib/python3.8/site-packages/airflow/example_dags/example_subdag_operator.py for tasks to queue
[2024-03-23T07:24:46.165+0000] {logging_mixin.py:154} INFO - [2024-03-23T07:24:46.165+0000] {dagbag.py:536} INFO - Filling up the DagBag from /home/airflow/.local/lib/python3.8/site-packages/airflow/example_dags/example_subdag_operator.py
[2024-03-23T07:24:46.182+0000] {processor.py:839} INFO - DAG(s) dict_keys(['example_subdag_operator.section-1', 'example_subdag_operator.section-2', 'example_subdag_operator']) retrieved from /home/airflow/.local/lib/python3.8/site-packages/airflow/example_dags/example_subdag_operator.py
[2024-03-23T07:24:46.193+0000] {logging_mixin.py:154} INFO - [2024-03-23T07:24:46.193+0000] {dag.py:2941} INFO - Sync 3 DAGs
[2024-03-23T07:24:46.212+0000] {logging_mixin.py:154} INFO - [2024-03-23T07:24:46.212+0000] {dag.py:3722} INFO - Setting next_dagrun for example_subdag_operator to 2022-01-01T00:00:00+00:00, run_after=2022-01-01T00:00:00+00:00
[2024-03-23T07:24:46.220+0000] {logging_mixin.py:154} INFO - [2024-03-23T07:24:46.220+0000] {dag.py:3722} INFO - Setting next_dagrun for example_subdag_operator.section-1 to None, run_after=None
[2024-03-23T07:24:46.230+0000] {logging_mixin.py:154} INFO - [2024-03-23T07:24:46.229+0000] {dag.py:3722} INFO - Setting next_dagrun for example_subdag_operator.section-2 to None, run_after=None
[2024-03-23T07:24:46.242+0000] {logging_mixin.py:154} INFO - [2024-03-23T07:24:46.242+0000] {dag.py:2941} INFO - Sync 2 DAGs
[2024-03-23T07:24:46.253+0000] {logging_mixin.py:154} INFO - [2024-03-23T07:24:46.252+0000] {dag.py:3722} INFO - Setting next_dagrun for example_subdag_operator.section-1 to None, run_after=None
[2024-03-23T07:24:46.256+0000] {logging_mixin.py:154} INFO - [2024-03-23T07:24:46.256+0000] {dag.py:3722} INFO - Setting next_dagrun for example_subdag_operator.section-2 to None, run_after=None
[2024-03-23T07:24:46.270+0000] {processor.py:179} INFO - Processing /home/airflow/.local/lib/python3.8/site-packages/airflow/example_dags/example_subdag_operator.py took 0.111 seconds
[2024-03-23T07:25:21.617+0000] {processor.py:157} INFO - Started process (PID=2968) to work on /home/airflow/.local/lib/python3.8/site-packages/airflow/example_dags/example_subdag_operator.py
[2024-03-23T07:25:21.618+0000] {processor.py:829} INFO - Processing file /home/airflow/.local/lib/python3.8/site-packages/airflow/example_dags/example_subdag_operator.py for tasks to queue
[2024-03-23T07:25:21.618+0000] {logging_mixin.py:154} INFO - [2024-03-23T07:25:21.618+0000] {dagbag.py:536} INFO - Filling up the DagBag from /home/airflow/.local/lib/python3.8/site-packages/airflow/example_dags/example_subdag_operator.py
[2024-03-23T07:25:21.642+0000] {processor.py:839} INFO - DAG(s) dict_keys(['example_subdag_operator.section-1', 'example_subdag_operator.section-2', 'example_subdag_operator']) retrieved from /home/airflow/.local/lib/python3.8/site-packages/airflow/example_dags/example_subdag_operator.py
[2024-03-23T07:25:21.659+0000] {logging_mixin.py:154} INFO - [2024-03-23T07:25:21.659+0000] {dag.py:2941} INFO - Sync 3 DAGs
[2024-03-23T07:25:21.686+0000] {logging_mixin.py:154} INFO - [2024-03-23T07:25:21.686+0000] {dag.py:3722} INFO - Setting next_dagrun for example_subdag_operator to 2022-01-01T00:00:00+00:00, run_after=2022-01-01T00:00:00+00:00
[2024-03-23T07:25:21.692+0000] {logging_mixin.py:154} INFO - [2024-03-23T07:25:21.691+0000] {dag.py:3722} INFO - Setting next_dagrun for example_subdag_operator.section-1 to None, run_after=None
[2024-03-23T07:25:21.694+0000] {logging_mixin.py:154} INFO - [2024-03-23T07:25:21.694+0000] {dag.py:3722} INFO - Setting next_dagrun for example_subdag_operator.section-2 to None, run_after=None
[2024-03-23T07:25:21.706+0000] {logging_mixin.py:154} INFO - [2024-03-23T07:25:21.706+0000] {dag.py:2941} INFO - Sync 2 DAGs
[2024-03-23T07:25:21.725+0000] {logging_mixin.py:154} INFO - [2024-03-23T07:25:21.725+0000] {dag.py:3722} INFO - Setting next_dagrun for example_subdag_operator.section-1 to None, run_after=None
[2024-03-23T07:25:21.727+0000] {logging_mixin.py:154} INFO - [2024-03-23T07:25:21.727+0000] {dag.py:3722} INFO - Setting next_dagrun for example_subdag_operator.section-2 to None, run_after=None
[2024-03-23T07:25:21.741+0000] {processor.py:179} INFO - Processing /home/airflow/.local/lib/python3.8/site-packages/airflow/example_dags/example_subdag_operator.py took 0.126 seconds
[2024-03-23T07:25:54.342+0000] {processor.py:157} INFO - Started process (PID=3217) to work on /home/airflow/.local/lib/python3.8/site-packages/airflow/example_dags/example_subdag_operator.py
[2024-03-23T07:25:54.344+0000] {processor.py:829} INFO - Processing file /home/airflow/.local/lib/python3.8/site-packages/airflow/example_dags/example_subdag_operator.py for tasks to queue
[2024-03-23T07:25:54.346+0000] {logging_mixin.py:154} INFO - [2024-03-23T07:25:54.345+0000] {dagbag.py:536} INFO - Filling up the DagBag from /home/airflow/.local/lib/python3.8/site-packages/airflow/example_dags/example_subdag_operator.py
[2024-03-23T07:25:54.405+0000] {processor.py:839} INFO - DAG(s) dict_keys(['example_subdag_operator.section-1', 'example_subdag_operator.section-2', 'example_subdag_operator']) retrieved from /home/airflow/.local/lib/python3.8/site-packages/airflow/example_dags/example_subdag_operator.py
[2024-03-23T07:25:54.421+0000] {logging_mixin.py:154} INFO - [2024-03-23T07:25:54.421+0000] {dag.py:2941} INFO - Sync 3 DAGs
[2024-03-23T07:25:54.461+0000] {logging_mixin.py:154} INFO - [2024-03-23T07:25:54.461+0000] {dag.py:3722} INFO - Setting next_dagrun for example_subdag_operator to 2022-01-01T00:00:00+00:00, run_after=2022-01-01T00:00:00+00:00
[2024-03-23T07:25:54.466+0000] {logging_mixin.py:154} INFO - [2024-03-23T07:25:54.466+0000] {dag.py:3722} INFO - Setting next_dagrun for example_subdag_operator.section-1 to None, run_after=None
[2024-03-23T07:25:54.469+0000] {logging_mixin.py:154} INFO - [2024-03-23T07:25:54.469+0000] {dag.py:3722} INFO - Setting next_dagrun for example_subdag_operator.section-2 to None, run_after=None
[2024-03-23T07:25:54.479+0000] {logging_mixin.py:154} INFO - [2024-03-23T07:25:54.479+0000] {dag.py:2941} INFO - Sync 2 DAGs
[2024-03-23T07:25:54.486+0000] {logging_mixin.py:154} INFO - [2024-03-23T07:25:54.485+0000] {dag.py:3722} INFO - Setting next_dagrun for example_subdag_operator.section-1 to None, run_after=None
[2024-03-23T07:25:54.486+0000] {logging_mixin.py:154} INFO - [2024-03-23T07:25:54.486+0000] {dag.py:3722} INFO - Setting next_dagrun for example_subdag_operator.section-2 to None, run_after=None
[2024-03-23T07:25:54.499+0000] {processor.py:179} INFO - Processing /home/airflow/.local/lib/python3.8/site-packages/airflow/example_dags/example_subdag_operator.py took 0.159 seconds
[2024-03-23T07:26:28.753+0000] {processor.py:157} INFO - Started process (PID=3460) to work on /home/airflow/.local/lib/python3.8/site-packages/airflow/example_dags/example_subdag_operator.py
[2024-03-23T07:26:28.755+0000] {processor.py:829} INFO - Processing file /home/airflow/.local/lib/python3.8/site-packages/airflow/example_dags/example_subdag_operator.py for tasks to queue
[2024-03-23T07:26:28.755+0000] {logging_mixin.py:154} INFO - [2024-03-23T07:26:28.755+0000] {dagbag.py:536} INFO - Filling up the DagBag from /home/airflow/.local/lib/python3.8/site-packages/airflow/example_dags/example_subdag_operator.py
[2024-03-23T07:26:28.791+0000] {processor.py:839} INFO - DAG(s) dict_keys(['example_subdag_operator.section-1', 'example_subdag_operator.section-2', 'example_subdag_operator']) retrieved from /home/airflow/.local/lib/python3.8/site-packages/airflow/example_dags/example_subdag_operator.py
[2024-03-23T07:26:28.818+0000] {logging_mixin.py:154} INFO - [2024-03-23T07:26:28.817+0000] {dag.py:2941} INFO - Sync 3 DAGs
[2024-03-23T07:26:28.846+0000] {logging_mixin.py:154} INFO - [2024-03-23T07:26:28.846+0000] {dag.py:3722} INFO - Setting next_dagrun for example_subdag_operator to 2022-01-01T00:00:00+00:00, run_after=2022-01-01T00:00:00+00:00
[2024-03-23T07:26:28.850+0000] {logging_mixin.py:154} INFO - [2024-03-23T07:26:28.850+0000] {dag.py:3722} INFO - Setting next_dagrun for example_subdag_operator.section-1 to None, run_after=None
[2024-03-23T07:26:28.851+0000] {logging_mixin.py:154} INFO - [2024-03-23T07:26:28.851+0000] {dag.py:3722} INFO - Setting next_dagrun for example_subdag_operator.section-2 to None, run_after=None
[2024-03-23T07:26:28.857+0000] {logging_mixin.py:154} INFO - [2024-03-23T07:26:28.857+0000] {dag.py:2941} INFO - Sync 2 DAGs
[2024-03-23T07:26:28.861+0000] {logging_mixin.py:154} INFO - [2024-03-23T07:26:28.861+0000] {dag.py:3722} INFO - Setting next_dagrun for example_subdag_operator.section-1 to None, run_after=None
[2024-03-23T07:26:28.861+0000] {logging_mixin.py:154} INFO - [2024-03-23T07:26:28.861+0000] {dag.py:3722} INFO - Setting next_dagrun for example_subdag_operator.section-2 to None, run_after=None
[2024-03-23T07:26:28.869+0000] {processor.py:179} INFO - Processing /home/airflow/.local/lib/python3.8/site-packages/airflow/example_dags/example_subdag_operator.py took 0.118 seconds
[2024-03-23T07:27:02.126+0000] {processor.py:157} INFO - Started process (PID=3710) to work on /home/airflow/.local/lib/python3.8/site-packages/airflow/example_dags/example_subdag_operator.py
[2024-03-23T07:27:02.130+0000] {processor.py:829} INFO - Processing file /home/airflow/.local/lib/python3.8/site-packages/airflow/example_dags/example_subdag_operator.py for tasks to queue
[2024-03-23T07:27:02.130+0000] {logging_mixin.py:154} INFO - [2024-03-23T07:27:02.130+0000] {dagbag.py:536} INFO - Filling up the DagBag from /home/airflow/.local/lib/python3.8/site-packages/airflow/example_dags/example_subdag_operator.py
[2024-03-23T07:27:02.150+0000] {processor.py:839} INFO - DAG(s) dict_keys(['example_subdag_operator.section-1', 'example_subdag_operator.section-2', 'example_subdag_operator']) retrieved from /home/airflow/.local/lib/python3.8/site-packages/airflow/example_dags/example_subdag_operator.py
[2024-03-23T07:27:02.159+0000] {logging_mixin.py:154} INFO - [2024-03-23T07:27:02.159+0000] {dag.py:2941} INFO - Sync 3 DAGs
[2024-03-23T07:27:02.172+0000] {logging_mixin.py:154} INFO - [2024-03-23T07:27:02.171+0000] {dag.py:3722} INFO - Setting next_dagrun for example_subdag_operator to 2022-01-01T00:00:00+00:00, run_after=2022-01-01T00:00:00+00:00
[2024-03-23T07:27:02.174+0000] {logging_mixin.py:154} INFO - [2024-03-23T07:27:02.173+0000] {dag.py:3722} INFO - Setting next_dagrun for example_subdag_operator.section-1 to None, run_after=None
[2024-03-23T07:27:02.175+0000] {logging_mixin.py:154} INFO - [2024-03-23T07:27:02.174+0000] {dag.py:3722} INFO - Setting next_dagrun for example_subdag_operator.section-2 to None, run_after=None
[2024-03-23T07:27:02.185+0000] {logging_mixin.py:154} INFO - [2024-03-23T07:27:02.184+0000] {dag.py:2941} INFO - Sync 2 DAGs
[2024-03-23T07:27:02.189+0000] {logging_mixin.py:154} INFO - [2024-03-23T07:27:02.188+0000] {dag.py:3722} INFO - Setting next_dagrun for example_subdag_operator.section-1 to None, run_after=None
[2024-03-23T07:27:02.189+0000] {logging_mixin.py:154} INFO - [2024-03-23T07:27:02.189+0000] {dag.py:3722} INFO - Setting next_dagrun for example_subdag_operator.section-2 to None, run_after=None
[2024-03-23T07:27:02.196+0000] {processor.py:179} INFO - Processing /home/airflow/.local/lib/python3.8/site-packages/airflow/example_dags/example_subdag_operator.py took 0.074 seconds
[2024-03-23T07:27:35.691+0000] {processor.py:157} INFO - Started process (PID=3953) to work on /home/airflow/.local/lib/python3.8/site-packages/airflow/example_dags/example_subdag_operator.py
[2024-03-23T07:27:35.738+0000] {processor.py:829} INFO - Processing file /home/airflow/.local/lib/python3.8/site-packages/airflow/example_dags/example_subdag_operator.py for tasks to queue
[2024-03-23T07:27:35.739+0000] {logging_mixin.py:154} INFO - [2024-03-23T07:27:35.739+0000] {dagbag.py:536} INFO - Filling up the DagBag from /home/airflow/.local/lib/python3.8/site-packages/airflow/example_dags/example_subdag_operator.py
[2024-03-23T07:27:35.773+0000] {processor.py:839} INFO - DAG(s) dict_keys(['example_subdag_operator.section-1', 'example_subdag_operator.section-2', 'example_subdag_operator']) retrieved from /home/airflow/.local/lib/python3.8/site-packages/airflow/example_dags/example_subdag_operator.py
[2024-03-23T07:27:35.790+0000] {logging_mixin.py:154} INFO - [2024-03-23T07:27:35.790+0000] {dag.py:2941} INFO - Sync 3 DAGs
[2024-03-23T07:27:35.803+0000] {logging_mixin.py:154} INFO - [2024-03-23T07:27:35.803+0000] {dag.py:3722} INFO - Setting next_dagrun for example_subdag_operator to 2022-01-01T00:00:00+00:00, run_after=2022-01-01T00:00:00+00:00
[2024-03-23T07:27:35.805+0000] {logging_mixin.py:154} INFO - [2024-03-23T07:27:35.805+0000] {dag.py:3722} INFO - Setting next_dagrun for example_subdag_operator.section-1 to None, run_after=None
[2024-03-23T07:27:35.806+0000] {logging_mixin.py:154} INFO - [2024-03-23T07:27:35.806+0000] {dag.py:3722} INFO - Setting next_dagrun for example_subdag_operator.section-2 to None, run_after=None
[2024-03-23T07:27:35.810+0000] {logging_mixin.py:154} INFO - [2024-03-23T07:27:35.810+0000] {dag.py:2941} INFO - Sync 2 DAGs
[2024-03-23T07:27:35.813+0000] {logging_mixin.py:154} INFO - [2024-03-23T07:27:35.813+0000] {dag.py:3722} INFO - Setting next_dagrun for example_subdag_operator.section-1 to None, run_after=None
[2024-03-23T07:27:35.813+0000] {logging_mixin.py:154} INFO - [2024-03-23T07:27:35.813+0000] {dag.py:3722} INFO - Setting next_dagrun for example_subdag_operator.section-2 to None, run_after=None
[2024-03-23T07:27:35.820+0000] {processor.py:179} INFO - Processing /home/airflow/.local/lib/python3.8/site-packages/airflow/example_dags/example_subdag_operator.py took 0.132 seconds
[2024-03-23T07:28:09.686+0000] {processor.py:157} INFO - Started process (PID=4196) to work on /home/airflow/.local/lib/python3.8/site-packages/airflow/example_dags/example_subdag_operator.py
[2024-03-23T07:28:09.692+0000] {processor.py:829} INFO - Processing file /home/airflow/.local/lib/python3.8/site-packages/airflow/example_dags/example_subdag_operator.py for tasks to queue
[2024-03-23T07:28:09.712+0000] {logging_mixin.py:154} INFO - [2024-03-23T07:28:09.712+0000] {dagbag.py:536} INFO - Filling up the DagBag from /home/airflow/.local/lib/python3.8/site-packages/airflow/example_dags/example_subdag_operator.py
[2024-03-23T07:28:09.729+0000] {processor.py:839} INFO - DAG(s) dict_keys(['example_subdag_operator.section-1', 'example_subdag_operator.section-2', 'example_subdag_operator']) retrieved from /home/airflow/.local/lib/python3.8/site-packages/airflow/example_dags/example_subdag_operator.py
[2024-03-23T07:28:09.739+0000] {logging_mixin.py:154} INFO - [2024-03-23T07:28:09.739+0000] {dag.py:2941} INFO - Sync 3 DAGs
[2024-03-23T07:28:09.768+0000] {logging_mixin.py:154} INFO - [2024-03-23T07:28:09.768+0000] {dag.py:3722} INFO - Setting next_dagrun for example_subdag_operator to 2022-01-01T00:00:00+00:00, run_after=2022-01-01T00:00:00+00:00
[2024-03-23T07:28:09.771+0000] {logging_mixin.py:154} INFO - [2024-03-23T07:28:09.771+0000] {dag.py:3722} INFO - Setting next_dagrun for example_subdag_operator.section-1 to None, run_after=None
[2024-03-23T07:28:09.773+0000] {logging_mixin.py:154} INFO - [2024-03-23T07:28:09.772+0000] {dag.py:3722} INFO - Setting next_dagrun for example_subdag_operator.section-2 to None, run_after=None
[2024-03-23T07:28:09.780+0000] {logging_mixin.py:154} INFO - [2024-03-23T07:28:09.780+0000] {dag.py:2941} INFO - Sync 2 DAGs
[2024-03-23T07:28:09.785+0000] {logging_mixin.py:154} INFO - [2024-03-23T07:28:09.785+0000] {dag.py:3722} INFO - Setting next_dagrun for example_subdag_operator.section-1 to None, run_after=None
[2024-03-23T07:28:09.786+0000] {logging_mixin.py:154} INFO - [2024-03-23T07:28:09.786+0000] {dag.py:3722} INFO - Setting next_dagrun for example_subdag_operator.section-2 to None, run_after=None
[2024-03-23T07:28:09.830+0000] {processor.py:179} INFO - Processing /home/airflow/.local/lib/python3.8/site-packages/airflow/example_dags/example_subdag_operator.py took 0.147 seconds
[2024-03-23T07:28:40.414+0000] {processor.py:157} INFO - Started process (PID=4439) to work on /home/airflow/.local/lib/python3.8/site-packages/airflow/example_dags/example_subdag_operator.py
[2024-03-23T07:28:40.422+0000] {processor.py:829} INFO - Processing file /home/airflow/.local/lib/python3.8/site-packages/airflow/example_dags/example_subdag_operator.py for tasks to queue
[2024-03-23T07:28:40.424+0000] {logging_mixin.py:154} INFO - [2024-03-23T07:28:40.423+0000] {dagbag.py:536} INFO - Filling up the DagBag from /home/airflow/.local/lib/python3.8/site-packages/airflow/example_dags/example_subdag_operator.py
[2024-03-23T07:28:40.441+0000] {processor.py:839} INFO - DAG(s) dict_keys(['example_subdag_operator.section-1', 'example_subdag_operator.section-2', 'example_subdag_operator']) retrieved from /home/airflow/.local/lib/python3.8/site-packages/airflow/example_dags/example_subdag_operator.py
[2024-03-23T07:28:40.452+0000] {logging_mixin.py:154} INFO - [2024-03-23T07:28:40.452+0000] {dag.py:2941} INFO - Sync 3 DAGs
[2024-03-23T07:28:40.465+0000] {logging_mixin.py:154} INFO - [2024-03-23T07:28:40.465+0000] {dag.py:3722} INFO - Setting next_dagrun for example_subdag_operator to 2022-01-01T00:00:00+00:00, run_after=2022-01-01T00:00:00+00:00
[2024-03-23T07:28:40.467+0000] {logging_mixin.py:154} INFO - [2024-03-23T07:28:40.467+0000] {dag.py:3722} INFO - Setting next_dagrun for example_subdag_operator.section-1 to None, run_after=None
[2024-03-23T07:28:40.468+0000] {logging_mixin.py:154} INFO - [2024-03-23T07:28:40.468+0000] {dag.py:3722} INFO - Setting next_dagrun for example_subdag_operator.section-2 to None, run_after=None
[2024-03-23T07:28:40.472+0000] {logging_mixin.py:154} INFO - [2024-03-23T07:28:40.472+0000] {dag.py:2941} INFO - Sync 2 DAGs
[2024-03-23T07:28:40.475+0000] {logging_mixin.py:154} INFO - [2024-03-23T07:28:40.475+0000] {dag.py:3722} INFO - Setting next_dagrun for example_subdag_operator.section-1 to None, run_after=None
[2024-03-23T07:28:40.475+0000] {logging_mixin.py:154} INFO - [2024-03-23T07:28:40.475+0000] {dag.py:3722} INFO - Setting next_dagrun for example_subdag_operator.section-2 to None, run_after=None
[2024-03-23T07:28:40.483+0000] {processor.py:179} INFO - Processing /home/airflow/.local/lib/python3.8/site-packages/airflow/example_dags/example_subdag_operator.py took 0.071 seconds
[2024-03-23T07:29:11.502+0000] {processor.py:157} INFO - Started process (PID=4684) to work on /home/airflow/.local/lib/python3.8/site-packages/airflow/example_dags/example_subdag_operator.py
[2024-03-23T07:29:11.503+0000] {processor.py:829} INFO - Processing file /home/airflow/.local/lib/python3.8/site-packages/airflow/example_dags/example_subdag_operator.py for tasks to queue
[2024-03-23T07:29:11.504+0000] {logging_mixin.py:154} INFO - [2024-03-23T07:29:11.503+0000] {dagbag.py:536} INFO - Filling up the DagBag from /home/airflow/.local/lib/python3.8/site-packages/airflow/example_dags/example_subdag_operator.py
[2024-03-23T07:29:11.518+0000] {processor.py:839} INFO - DAG(s) dict_keys(['example_subdag_operator.section-1', 'example_subdag_operator.section-2', 'example_subdag_operator']) retrieved from /home/airflow/.local/lib/python3.8/site-packages/airflow/example_dags/example_subdag_operator.py
[2024-03-23T07:29:11.526+0000] {logging_mixin.py:154} INFO - [2024-03-23T07:29:11.526+0000] {dag.py:2941} INFO - Sync 3 DAGs
[2024-03-23T07:29:11.536+0000] {logging_mixin.py:154} INFO - [2024-03-23T07:29:11.536+0000] {dag.py:3722} INFO - Setting next_dagrun for example_subdag_operator to 2022-01-01T00:00:00+00:00, run_after=2022-01-01T00:00:00+00:00
[2024-03-23T07:29:11.538+0000] {logging_mixin.py:154} INFO - [2024-03-23T07:29:11.538+0000] {dag.py:3722} INFO - Setting next_dagrun for example_subdag_operator.section-1 to None, run_after=None
[2024-03-23T07:29:11.539+0000] {logging_mixin.py:154} INFO - [2024-03-23T07:29:11.539+0000] {dag.py:3722} INFO - Setting next_dagrun for example_subdag_operator.section-2 to None, run_after=None
[2024-03-23T07:29:11.542+0000] {logging_mixin.py:154} INFO - [2024-03-23T07:29:11.542+0000] {dag.py:2941} INFO - Sync 2 DAGs
[2024-03-23T07:29:11.545+0000] {logging_mixin.py:154} INFO - [2024-03-23T07:29:11.545+0000] {dag.py:3722} INFO - Setting next_dagrun for example_subdag_operator.section-1 to None, run_after=None
[2024-03-23T07:29:11.545+0000] {logging_mixin.py:154} INFO - [2024-03-23T07:29:11.545+0000] {dag.py:3722} INFO - Setting next_dagrun for example_subdag_operator.section-2 to None, run_after=None
[2024-03-23T07:29:11.551+0000] {processor.py:179} INFO - Processing /home/airflow/.local/lib/python3.8/site-packages/airflow/example_dags/example_subdag_operator.py took 0.051 seconds
[2024-03-23T07:29:37.119+0000] {processor.py:157} INFO - Started process (PID=281) to work on /home/airflow/.local/lib/python3.8/site-packages/airflow/example_dags/example_subdag_operator.py
[2024-03-23T07:29:37.120+0000] {processor.py:829} INFO - Processing file /home/airflow/.local/lib/python3.8/site-packages/airflow/example_dags/example_subdag_operator.py for tasks to queue
[2024-03-23T07:29:37.121+0000] {logging_mixin.py:154} INFO - [2024-03-23T07:29:37.121+0000] {dagbag.py:536} INFO - Filling up the DagBag from /home/airflow/.local/lib/python3.8/site-packages/airflow/example_dags/example_subdag_operator.py
[2024-03-23T07:29:37.133+0000] {processor.py:839} INFO - DAG(s) dict_keys(['example_subdag_operator.section-1', 'example_subdag_operator.section-2', 'example_subdag_operator']) retrieved from /home/airflow/.local/lib/python3.8/site-packages/airflow/example_dags/example_subdag_operator.py
[2024-03-23T07:29:37.142+0000] {logging_mixin.py:154} INFO - [2024-03-23T07:29:37.142+0000] {dag.py:2941} INFO - Sync 3 DAGs
[2024-03-23T07:29:37.155+0000] {logging_mixin.py:154} INFO - [2024-03-23T07:29:37.155+0000] {dag.py:3722} INFO - Setting next_dagrun for example_subdag_operator to 2022-01-01T00:00:00+00:00, run_after=2022-01-01T00:00:00+00:00
[2024-03-23T07:29:37.157+0000] {logging_mixin.py:154} INFO - [2024-03-23T07:29:37.157+0000] {dag.py:3722} INFO - Setting next_dagrun for example_subdag_operator.section-1 to None, run_after=None
[2024-03-23T07:29:37.159+0000] {logging_mixin.py:154} INFO - [2024-03-23T07:29:37.159+0000] {dag.py:3722} INFO - Setting next_dagrun for example_subdag_operator.section-2 to None, run_after=None
[2024-03-23T07:29:37.163+0000] {logging_mixin.py:154} INFO - [2024-03-23T07:29:37.163+0000] {dag.py:2941} INFO - Sync 2 DAGs
[2024-03-23T07:29:37.166+0000] {logging_mixin.py:154} INFO - [2024-03-23T07:29:37.166+0000] {dag.py:3722} INFO - Setting next_dagrun for example_subdag_operator.section-1 to None, run_after=None
[2024-03-23T07:29:37.166+0000] {logging_mixin.py:154} INFO - [2024-03-23T07:29:37.166+0000] {dag.py:3722} INFO - Setting next_dagrun for example_subdag_operator.section-2 to None, run_after=None
[2024-03-23T07:29:37.173+0000] {processor.py:179} INFO - Processing /home/airflow/.local/lib/python3.8/site-packages/airflow/example_dags/example_subdag_operator.py took 0.055 seconds
