[2024-03-23T07:19:32.977+0000] {processor.py:157} INFO - Started process (PID=202) to work on /home/airflow/.local/lib/python3.8/site-packages/airflow/example_dags/example_latest_only.py
[2024-03-23T07:19:32.978+0000] {processor.py:829} INFO - Processing file /home/airflow/.local/lib/python3.8/site-packages/airflow/example_dags/example_latest_only.py for tasks to queue
[2024-03-23T07:19:32.979+0000] {logging_mixin.py:154} INFO - [2024-03-23T07:19:32.979+0000] {dagbag.py:536} INFO - Filling up the DagBag from /home/airflow/.local/lib/python3.8/site-packages/airflow/example_dags/example_latest_only.py
[2024-03-23T07:19:32.986+0000] {processor.py:839} INFO - DAG(s) dict_keys(['latest_only']) retrieved from /home/airflow/.local/lib/python3.8/site-packages/airflow/example_dags/example_latest_only.py
[2024-03-23T07:19:33.040+0000] {logging_mixin.py:154} INFO - [2024-03-23T07:19:33.040+0000] {manager.py:499} INFO - Created Permission View: %s
[2024-03-23T07:19:33.045+0000] {logging_mixin.py:154} INFO - [2024-03-23T07:19:33.045+0000] {manager.py:499} INFO - Created Permission View: %s
[2024-03-23T07:19:33.048+0000] {logging_mixin.py:154} INFO - [2024-03-23T07:19:33.048+0000] {manager.py:499} INFO - Created Permission View: %s
[2024-03-23T07:19:33.048+0000] {logging_mixin.py:154} INFO - [2024-03-23T07:19:33.048+0000] {dag.py:2941} INFO - Sync 1 DAGs
[2024-03-23T07:19:33.055+0000] {logging_mixin.py:154} INFO - [2024-03-23T07:19:33.054+0000] {dag.py:2963} INFO - Creating ORM DAG for latest_only
[2024-03-23T07:19:33.061+0000] {logging_mixin.py:154} INFO - [2024-03-23T07:19:33.060+0000] {dag.py:3722} INFO - Setting next_dagrun for latest_only to 2024-03-23T03:19:33.060782+00:00, run_after=2024-03-23T07:19:33.060782+00:00
[2024-03-23T07:19:33.073+0000] {processor.py:179} INFO - Processing /home/airflow/.local/lib/python3.8/site-packages/airflow/example_dags/example_latest_only.py took 0.099 seconds
[2024-03-23T07:20:04.084+0000] {processor.py:157} INFO - Started process (PID=445) to work on /home/airflow/.local/lib/python3.8/site-packages/airflow/example_dags/example_latest_only.py
[2024-03-23T07:20:04.085+0000] {processor.py:829} INFO - Processing file /home/airflow/.local/lib/python3.8/site-packages/airflow/example_dags/example_latest_only.py for tasks to queue
[2024-03-23T07:20:04.088+0000] {logging_mixin.py:154} INFO - [2024-03-23T07:20:04.088+0000] {dagbag.py:536} INFO - Filling up the DagBag from /home/airflow/.local/lib/python3.8/site-packages/airflow/example_dags/example_latest_only.py
[2024-03-23T07:20:04.092+0000] {processor.py:839} INFO - DAG(s) dict_keys(['latest_only']) retrieved from /home/airflow/.local/lib/python3.8/site-packages/airflow/example_dags/example_latest_only.py
[2024-03-23T07:20:04.120+0000] {logging_mixin.py:154} INFO - [2024-03-23T07:20:04.120+0000] {dag.py:2941} INFO - Sync 1 DAGs
[2024-03-23T07:20:04.134+0000] {logging_mixin.py:154} INFO - [2024-03-23T07:20:04.134+0000] {dag.py:3722} INFO - Setting next_dagrun for latest_only to 2024-03-23T03:20:04.134315+00:00, run_after=2024-03-23T07:20:04.134315+00:00
[2024-03-23T07:20:04.144+0000] {processor.py:179} INFO - Processing /home/airflow/.local/lib/python3.8/site-packages/airflow/example_dags/example_latest_only.py took 0.063 seconds
[2024-03-23T07:20:34.799+0000] {processor.py:157} INFO - Started process (PID=688) to work on /home/airflow/.local/lib/python3.8/site-packages/airflow/example_dags/example_latest_only.py
[2024-03-23T07:20:34.800+0000] {processor.py:829} INFO - Processing file /home/airflow/.local/lib/python3.8/site-packages/airflow/example_dags/example_latest_only.py for tasks to queue
[2024-03-23T07:20:34.801+0000] {logging_mixin.py:154} INFO - [2024-03-23T07:20:34.800+0000] {dagbag.py:536} INFO - Filling up the DagBag from /home/airflow/.local/lib/python3.8/site-packages/airflow/example_dags/example_latest_only.py
[2024-03-23T07:20:34.805+0000] {processor.py:839} INFO - DAG(s) dict_keys(['latest_only']) retrieved from /home/airflow/.local/lib/python3.8/site-packages/airflow/example_dags/example_latest_only.py
[2024-03-23T07:20:34.818+0000] {logging_mixin.py:154} INFO - [2024-03-23T07:20:34.818+0000] {dag.py:2941} INFO - Sync 1 DAGs
[2024-03-23T07:20:34.837+0000] {logging_mixin.py:154} INFO - [2024-03-23T07:20:34.837+0000] {dag.py:3722} INFO - Setting next_dagrun for latest_only to 2024-03-23T03:20:34.836266+00:00, run_after=2024-03-23T07:20:34.836266+00:00
[2024-03-23T07:20:34.853+0000] {processor.py:179} INFO - Processing /home/airflow/.local/lib/python3.8/site-packages/airflow/example_dags/example_latest_only.py took 0.056 seconds
[2024-03-23T07:21:05.354+0000] {processor.py:157} INFO - Started process (PID=926) to work on /home/airflow/.local/lib/python3.8/site-packages/airflow/example_dags/example_latest_only.py
[2024-03-23T07:21:05.359+0000] {processor.py:829} INFO - Processing file /home/airflow/.local/lib/python3.8/site-packages/airflow/example_dags/example_latest_only.py for tasks to queue
[2024-03-23T07:21:05.360+0000] {logging_mixin.py:154} INFO - [2024-03-23T07:21:05.360+0000] {dagbag.py:536} INFO - Filling up the DagBag from /home/airflow/.local/lib/python3.8/site-packages/airflow/example_dags/example_latest_only.py
[2024-03-23T07:21:05.364+0000] {processor.py:839} INFO - DAG(s) dict_keys(['latest_only']) retrieved from /home/airflow/.local/lib/python3.8/site-packages/airflow/example_dags/example_latest_only.py
[2024-03-23T07:21:05.377+0000] {logging_mixin.py:154} INFO - [2024-03-23T07:21:05.377+0000] {dag.py:2941} INFO - Sync 1 DAGs
[2024-03-23T07:21:05.390+0000] {logging_mixin.py:154} INFO - [2024-03-23T07:21:05.390+0000] {dag.py:3722} INFO - Setting next_dagrun for latest_only to 2024-03-23T03:21:05.389675+00:00, run_after=2024-03-23T07:21:05.389675+00:00
[2024-03-23T07:21:05.399+0000] {processor.py:179} INFO - Processing /home/airflow/.local/lib/python3.8/site-packages/airflow/example_dags/example_latest_only.py took 0.048 seconds
[2024-03-23T07:21:36.380+0000] {processor.py:157} INFO - Started process (PID=1171) to work on /home/airflow/.local/lib/python3.8/site-packages/airflow/example_dags/example_latest_only.py
[2024-03-23T07:21:36.381+0000] {processor.py:829} INFO - Processing file /home/airflow/.local/lib/python3.8/site-packages/airflow/example_dags/example_latest_only.py for tasks to queue
[2024-03-23T07:21:36.382+0000] {logging_mixin.py:154} INFO - [2024-03-23T07:21:36.382+0000] {dagbag.py:536} INFO - Filling up the DagBag from /home/airflow/.local/lib/python3.8/site-packages/airflow/example_dags/example_latest_only.py
[2024-03-23T07:21:36.386+0000] {processor.py:839} INFO - DAG(s) dict_keys(['latest_only']) retrieved from /home/airflow/.local/lib/python3.8/site-packages/airflow/example_dags/example_latest_only.py
[2024-03-23T07:21:36.399+0000] {logging_mixin.py:154} INFO - [2024-03-23T07:21:36.399+0000] {dag.py:2941} INFO - Sync 1 DAGs
[2024-03-23T07:21:36.412+0000] {logging_mixin.py:154} INFO - [2024-03-23T07:21:36.411+0000] {dag.py:3722} INFO - Setting next_dagrun for latest_only to 2024-03-23T03:21:36.411848+00:00, run_after=2024-03-23T07:21:36.411848+00:00
[2024-03-23T07:21:36.421+0000] {processor.py:179} INFO - Processing /home/airflow/.local/lib/python3.8/site-packages/airflow/example_dags/example_latest_only.py took 0.043 seconds
[2024-03-23T07:22:06.676+0000] {processor.py:157} INFO - Started process (PID=1412) to work on /home/airflow/.local/lib/python3.8/site-packages/airflow/example_dags/example_latest_only.py
[2024-03-23T07:22:06.679+0000] {processor.py:829} INFO - Processing file /home/airflow/.local/lib/python3.8/site-packages/airflow/example_dags/example_latest_only.py for tasks to queue
[2024-03-23T07:22:06.680+0000] {logging_mixin.py:154} INFO - [2024-03-23T07:22:06.680+0000] {dagbag.py:536} INFO - Filling up the DagBag from /home/airflow/.local/lib/python3.8/site-packages/airflow/example_dags/example_latest_only.py
[2024-03-23T07:22:06.685+0000] {processor.py:839} INFO - DAG(s) dict_keys(['latest_only']) retrieved from /home/airflow/.local/lib/python3.8/site-packages/airflow/example_dags/example_latest_only.py
[2024-03-23T07:22:06.705+0000] {logging_mixin.py:154} INFO - [2024-03-23T07:22:06.704+0000] {dag.py:2941} INFO - Sync 1 DAGs
[2024-03-23T07:22:06.725+0000] {logging_mixin.py:154} INFO - [2024-03-23T07:22:06.725+0000] {dag.py:3722} INFO - Setting next_dagrun for latest_only to 2024-03-23T03:22:06.725494+00:00, run_after=2024-03-23T07:22:06.725494+00:00
[2024-03-23T07:22:06.737+0000] {processor.py:179} INFO - Processing /home/airflow/.local/lib/python3.8/site-packages/airflow/example_dags/example_latest_only.py took 0.064 seconds
[2024-03-23T07:22:37.282+0000] {processor.py:157} INFO - Started process (PID=1663) to work on /home/airflow/.local/lib/python3.8/site-packages/airflow/example_dags/example_latest_only.py
[2024-03-23T07:22:37.284+0000] {processor.py:829} INFO - Processing file /home/airflow/.local/lib/python3.8/site-packages/airflow/example_dags/example_latest_only.py for tasks to queue
[2024-03-23T07:22:37.285+0000] {logging_mixin.py:154} INFO - [2024-03-23T07:22:37.284+0000] {dagbag.py:536} INFO - Filling up the DagBag from /home/airflow/.local/lib/python3.8/site-packages/airflow/example_dags/example_latest_only.py
[2024-03-23T07:22:37.289+0000] {processor.py:839} INFO - DAG(s) dict_keys(['latest_only']) retrieved from /home/airflow/.local/lib/python3.8/site-packages/airflow/example_dags/example_latest_only.py
[2024-03-23T07:22:37.309+0000] {logging_mixin.py:154} INFO - [2024-03-23T07:22:37.309+0000] {dag.py:2941} INFO - Sync 1 DAGs
[2024-03-23T07:22:37.328+0000] {logging_mixin.py:154} INFO - [2024-03-23T07:22:37.328+0000] {dag.py:3722} INFO - Setting next_dagrun for latest_only to 2024-03-23T03:22:37.328128+00:00, run_after=2024-03-23T07:22:37.328128+00:00
[2024-03-23T07:22:37.338+0000] {processor.py:179} INFO - Processing /home/airflow/.local/lib/python3.8/site-packages/airflow/example_dags/example_latest_only.py took 0.059 seconds
[2024-03-23T07:23:07.784+0000] {processor.py:157} INFO - Started process (PID=1906) to work on /home/airflow/.local/lib/python3.8/site-packages/airflow/example_dags/example_latest_only.py
[2024-03-23T07:23:07.785+0000] {processor.py:829} INFO - Processing file /home/airflow/.local/lib/python3.8/site-packages/airflow/example_dags/example_latest_only.py for tasks to queue
[2024-03-23T07:23:07.786+0000] {logging_mixin.py:154} INFO - [2024-03-23T07:23:07.785+0000] {dagbag.py:536} INFO - Filling up the DagBag from /home/airflow/.local/lib/python3.8/site-packages/airflow/example_dags/example_latest_only.py
[2024-03-23T07:23:07.790+0000] {processor.py:839} INFO - DAG(s) dict_keys(['latest_only']) retrieved from /home/airflow/.local/lib/python3.8/site-packages/airflow/example_dags/example_latest_only.py
[2024-03-23T07:23:07.803+0000] {logging_mixin.py:154} INFO - [2024-03-23T07:23:07.803+0000] {dag.py:2941} INFO - Sync 1 DAGs
[2024-03-23T07:23:07.818+0000] {logging_mixin.py:154} INFO - [2024-03-23T07:23:07.818+0000] {dag.py:3722} INFO - Setting next_dagrun for latest_only to 2024-03-23T03:23:07.817876+00:00, run_after=2024-03-23T07:23:07.817876+00:00
[2024-03-23T07:23:07.827+0000] {processor.py:179} INFO - Processing /home/airflow/.local/lib/python3.8/site-packages/airflow/example_dags/example_latest_only.py took 0.046 seconds
[2024-03-23T07:23:37.972+0000] {processor.py:157} INFO - Started process (PID=2148) to work on /home/airflow/.local/lib/python3.8/site-packages/airflow/example_dags/example_latest_only.py
[2024-03-23T07:23:37.973+0000] {processor.py:829} INFO - Processing file /home/airflow/.local/lib/python3.8/site-packages/airflow/example_dags/example_latest_only.py for tasks to queue
[2024-03-23T07:23:37.973+0000] {logging_mixin.py:154} INFO - [2024-03-23T07:23:37.973+0000] {dagbag.py:536} INFO - Filling up the DagBag from /home/airflow/.local/lib/python3.8/site-packages/airflow/example_dags/example_latest_only.py
[2024-03-23T07:23:37.977+0000] {processor.py:839} INFO - DAG(s) dict_keys(['latest_only']) retrieved from /home/airflow/.local/lib/python3.8/site-packages/airflow/example_dags/example_latest_only.py
[2024-03-23T07:23:37.989+0000] {logging_mixin.py:154} INFO - [2024-03-23T07:23:37.989+0000] {dag.py:2941} INFO - Sync 1 DAGs
[2024-03-23T07:23:38.004+0000] {logging_mixin.py:154} INFO - [2024-03-23T07:23:38.004+0000] {dag.py:3722} INFO - Setting next_dagrun for latest_only to 2024-03-23T03:23:38.004398+00:00, run_after=2024-03-23T07:23:38.004398+00:00
[2024-03-23T07:23:38.015+0000] {processor.py:179} INFO - Processing /home/airflow/.local/lib/python3.8/site-packages/airflow/example_dags/example_latest_only.py took 0.045 seconds
[2024-03-23T07:24:08.508+0000] {processor.py:157} INFO - Started process (PID=2391) to work on /home/airflow/.local/lib/python3.8/site-packages/airflow/example_dags/example_latest_only.py
[2024-03-23T07:24:08.510+0000] {processor.py:829} INFO - Processing file /home/airflow/.local/lib/python3.8/site-packages/airflow/example_dags/example_latest_only.py for tasks to queue
[2024-03-23T07:24:08.514+0000] {logging_mixin.py:154} INFO - [2024-03-23T07:24:08.514+0000] {dagbag.py:536} INFO - Filling up the DagBag from /home/airflow/.local/lib/python3.8/site-packages/airflow/example_dags/example_latest_only.py
[2024-03-23T07:24:08.518+0000] {processor.py:839} INFO - DAG(s) dict_keys(['latest_only']) retrieved from /home/airflow/.local/lib/python3.8/site-packages/airflow/example_dags/example_latest_only.py
[2024-03-23T07:24:08.531+0000] {logging_mixin.py:154} INFO - [2024-03-23T07:24:08.531+0000] {dag.py:2941} INFO - Sync 1 DAGs
[2024-03-23T07:24:08.544+0000] {logging_mixin.py:154} INFO - [2024-03-23T07:24:08.544+0000] {dag.py:3722} INFO - Setting next_dagrun for latest_only to 2024-03-23T03:24:08.544168+00:00, run_after=2024-03-23T07:24:08.544168+00:00
[2024-03-23T07:24:08.554+0000] {processor.py:179} INFO - Processing /home/airflow/.local/lib/python3.8/site-packages/airflow/example_dags/example_latest_only.py took 0.048 seconds
[2024-03-23T07:24:38.723+0000] {processor.py:157} INFO - Started process (PID=2634) to work on /home/airflow/.local/lib/python3.8/site-packages/airflow/example_dags/example_latest_only.py
[2024-03-23T07:24:38.724+0000] {processor.py:829} INFO - Processing file /home/airflow/.local/lib/python3.8/site-packages/airflow/example_dags/example_latest_only.py for tasks to queue
[2024-03-23T07:24:38.724+0000] {logging_mixin.py:154} INFO - [2024-03-23T07:24:38.724+0000] {dagbag.py:536} INFO - Filling up the DagBag from /home/airflow/.local/lib/python3.8/site-packages/airflow/example_dags/example_latest_only.py
[2024-03-23T07:24:38.728+0000] {processor.py:839} INFO - DAG(s) dict_keys(['latest_only']) retrieved from /home/airflow/.local/lib/python3.8/site-packages/airflow/example_dags/example_latest_only.py
[2024-03-23T07:24:38.740+0000] {logging_mixin.py:154} INFO - [2024-03-23T07:24:38.740+0000] {dag.py:2941} INFO - Sync 1 DAGs
[2024-03-23T07:24:38.752+0000] {logging_mixin.py:154} INFO - [2024-03-23T07:24:38.751+0000] {dag.py:3722} INFO - Setting next_dagrun for latest_only to 2024-03-23T03:24:38.751781+00:00, run_after=2024-03-23T07:24:38.751781+00:00
[2024-03-23T07:24:38.763+0000] {processor.py:179} INFO - Processing /home/airflow/.local/lib/python3.8/site-packages/airflow/example_dags/example_latest_only.py took 0.043 seconds
[2024-03-23T07:25:09.856+0000] {processor.py:157} INFO - Started process (PID=2884) to work on /home/airflow/.local/lib/python3.8/site-packages/airflow/example_dags/example_latest_only.py
[2024-03-23T07:25:09.858+0000] {processor.py:829} INFO - Processing file /home/airflow/.local/lib/python3.8/site-packages/airflow/example_dags/example_latest_only.py for tasks to queue
[2024-03-23T07:25:09.859+0000] {logging_mixin.py:154} INFO - [2024-03-23T07:25:09.859+0000] {dagbag.py:536} INFO - Filling up the DagBag from /home/airflow/.local/lib/python3.8/site-packages/airflow/example_dags/example_latest_only.py
[2024-03-23T07:25:09.865+0000] {processor.py:839} INFO - DAG(s) dict_keys(['latest_only']) retrieved from /home/airflow/.local/lib/python3.8/site-packages/airflow/example_dags/example_latest_only.py
[2024-03-23T07:25:09.885+0000] {logging_mixin.py:154} INFO - [2024-03-23T07:25:09.884+0000] {dag.py:2941} INFO - Sync 1 DAGs
[2024-03-23T07:25:09.914+0000] {logging_mixin.py:154} INFO - [2024-03-23T07:25:09.913+0000] {dag.py:3722} INFO - Setting next_dagrun for latest_only to 2024-03-23T03:25:09.912831+00:00, run_after=2024-03-23T07:25:09.912831+00:00
[2024-03-23T07:25:09.958+0000] {processor.py:179} INFO - Processing /home/airflow/.local/lib/python3.8/site-packages/airflow/example_dags/example_latest_only.py took 0.106 seconds
[2024-03-23T07:25:40.209+0000] {processor.py:157} INFO - Started process (PID=3133) to work on /home/airflow/.local/lib/python3.8/site-packages/airflow/example_dags/example_latest_only.py
[2024-03-23T07:25:40.214+0000] {processor.py:829} INFO - Processing file /home/airflow/.local/lib/python3.8/site-packages/airflow/example_dags/example_latest_only.py for tasks to queue
[2024-03-23T07:25:40.215+0000] {logging_mixin.py:154} INFO - [2024-03-23T07:25:40.215+0000] {dagbag.py:536} INFO - Filling up the DagBag from /home/airflow/.local/lib/python3.8/site-packages/airflow/example_dags/example_latest_only.py
[2024-03-23T07:25:40.228+0000] {processor.py:839} INFO - DAG(s) dict_keys(['latest_only']) retrieved from /home/airflow/.local/lib/python3.8/site-packages/airflow/example_dags/example_latest_only.py
[2024-03-23T07:25:40.264+0000] {logging_mixin.py:154} INFO - [2024-03-23T07:25:40.264+0000] {dag.py:2941} INFO - Sync 1 DAGs
[2024-03-23T07:25:40.324+0000] {logging_mixin.py:154} INFO - [2024-03-23T07:25:40.323+0000] {dag.py:3722} INFO - Setting next_dagrun for latest_only to 2024-03-23T03:25:40.322563+00:00, run_after=2024-03-23T07:25:40.322563+00:00
[2024-03-23T07:25:40.358+0000] {processor.py:179} INFO - Processing /home/airflow/.local/lib/python3.8/site-packages/airflow/example_dags/example_latest_only.py took 0.152 seconds
[2024-03-23T07:26:12.094+0000] {processor.py:157} INFO - Started process (PID=3375) to work on /home/airflow/.local/lib/python3.8/site-packages/airflow/example_dags/example_latest_only.py
[2024-03-23T07:26:12.095+0000] {processor.py:829} INFO - Processing file /home/airflow/.local/lib/python3.8/site-packages/airflow/example_dags/example_latest_only.py for tasks to queue
[2024-03-23T07:26:12.097+0000] {logging_mixin.py:154} INFO - [2024-03-23T07:26:12.096+0000] {dagbag.py:536} INFO - Filling up the DagBag from /home/airflow/.local/lib/python3.8/site-packages/airflow/example_dags/example_latest_only.py
[2024-03-23T07:26:12.102+0000] {processor.py:839} INFO - DAG(s) dict_keys(['latest_only']) retrieved from /home/airflow/.local/lib/python3.8/site-packages/airflow/example_dags/example_latest_only.py
[2024-03-23T07:26:12.135+0000] {logging_mixin.py:154} INFO - [2024-03-23T07:26:12.135+0000] {dag.py:2941} INFO - Sync 1 DAGs
[2024-03-23T07:26:12.165+0000] {logging_mixin.py:154} INFO - [2024-03-23T07:26:12.165+0000] {dag.py:3722} INFO - Setting next_dagrun for latest_only to 2024-03-23T03:26:12.160977+00:00, run_after=2024-03-23T07:26:12.160977+00:00
[2024-03-23T07:26:12.191+0000] {processor.py:179} INFO - Processing /home/airflow/.local/lib/python3.8/site-packages/airflow/example_dags/example_latest_only.py took 0.100 seconds
[2024-03-23T07:26:43.324+0000] {processor.py:157} INFO - Started process (PID=3615) to work on /home/airflow/.local/lib/python3.8/site-packages/airflow/example_dags/example_latest_only.py
[2024-03-23T07:26:43.326+0000] {processor.py:829} INFO - Processing file /home/airflow/.local/lib/python3.8/site-packages/airflow/example_dags/example_latest_only.py for tasks to queue
[2024-03-23T07:26:43.326+0000] {logging_mixin.py:154} INFO - [2024-03-23T07:26:43.326+0000] {dagbag.py:536} INFO - Filling up the DagBag from /home/airflow/.local/lib/python3.8/site-packages/airflow/example_dags/example_latest_only.py
[2024-03-23T07:26:43.331+0000] {processor.py:839} INFO - DAG(s) dict_keys(['latest_only']) retrieved from /home/airflow/.local/lib/python3.8/site-packages/airflow/example_dags/example_latest_only.py
[2024-03-23T07:26:43.348+0000] {logging_mixin.py:154} INFO - [2024-03-23T07:26:43.348+0000] {dag.py:2941} INFO - Sync 1 DAGs
[2024-03-23T07:26:43.370+0000] {logging_mixin.py:154} INFO - [2024-03-23T07:26:43.369+0000] {dag.py:3722} INFO - Setting next_dagrun for latest_only to 2024-03-23T03:26:43.369780+00:00, run_after=2024-03-23T07:26:43.369780+00:00
[2024-03-23T07:26:43.388+0000] {processor.py:179} INFO - Processing /home/airflow/.local/lib/python3.8/site-packages/airflow/example_dags/example_latest_only.py took 0.067 seconds
[2024-03-23T07:27:14.300+0000] {processor.py:157} INFO - Started process (PID=3861) to work on /home/airflow/.local/lib/python3.8/site-packages/airflow/example_dags/example_latest_only.py
[2024-03-23T07:27:14.302+0000] {processor.py:829} INFO - Processing file /home/airflow/.local/lib/python3.8/site-packages/airflow/example_dags/example_latest_only.py for tasks to queue
[2024-03-23T07:27:14.303+0000] {logging_mixin.py:154} INFO - [2024-03-23T07:27:14.303+0000] {dagbag.py:536} INFO - Filling up the DagBag from /home/airflow/.local/lib/python3.8/site-packages/airflow/example_dags/example_latest_only.py
[2024-03-23T07:27:14.308+0000] {processor.py:839} INFO - DAG(s) dict_keys(['latest_only']) retrieved from /home/airflow/.local/lib/python3.8/site-packages/airflow/example_dags/example_latest_only.py
[2024-03-23T07:27:14.338+0000] {logging_mixin.py:154} INFO - [2024-03-23T07:27:14.338+0000] {dag.py:2941} INFO - Sync 1 DAGs
[2024-03-23T07:27:14.353+0000] {logging_mixin.py:154} INFO - [2024-03-23T07:27:14.353+0000] {dag.py:3722} INFO - Setting next_dagrun for latest_only to 2024-03-23T03:27:14.353402+00:00, run_after=2024-03-23T07:27:14.353402+00:00
[2024-03-23T07:27:14.380+0000] {processor.py:179} INFO - Processing /home/airflow/.local/lib/python3.8/site-packages/airflow/example_dags/example_latest_only.py took 0.082 seconds
[2024-03-23T07:27:44.535+0000] {processor.py:157} INFO - Started process (PID=4104) to work on /home/airflow/.local/lib/python3.8/site-packages/airflow/example_dags/example_latest_only.py
[2024-03-23T07:27:44.539+0000] {processor.py:829} INFO - Processing file /home/airflow/.local/lib/python3.8/site-packages/airflow/example_dags/example_latest_only.py for tasks to queue
[2024-03-23T07:27:44.540+0000] {logging_mixin.py:154} INFO - [2024-03-23T07:27:44.539+0000] {dagbag.py:536} INFO - Filling up the DagBag from /home/airflow/.local/lib/python3.8/site-packages/airflow/example_dags/example_latest_only.py
[2024-03-23T07:27:44.547+0000] {processor.py:839} INFO - DAG(s) dict_keys(['latest_only']) retrieved from /home/airflow/.local/lib/python3.8/site-packages/airflow/example_dags/example_latest_only.py
[2024-03-23T07:27:44.619+0000] {logging_mixin.py:154} INFO - [2024-03-23T07:27:44.618+0000] {dag.py:2941} INFO - Sync 1 DAGs
[2024-03-23T07:27:44.643+0000] {logging_mixin.py:154} INFO - [2024-03-23T07:27:44.642+0000] {dag.py:3722} INFO - Setting next_dagrun for latest_only to 2024-03-23T03:27:44.642750+00:00, run_after=2024-03-23T07:27:44.642750+00:00
[2024-03-23T07:27:44.663+0000] {processor.py:179} INFO - Processing /home/airflow/.local/lib/python3.8/site-packages/airflow/example_dags/example_latest_only.py took 0.132 seconds
[2024-03-23T07:28:15.462+0000] {processor.py:157} INFO - Started process (PID=4349) to work on /home/airflow/.local/lib/python3.8/site-packages/airflow/example_dags/example_latest_only.py
[2024-03-23T07:28:15.465+0000] {processor.py:829} INFO - Processing file /home/airflow/.local/lib/python3.8/site-packages/airflow/example_dags/example_latest_only.py for tasks to queue
[2024-03-23T07:28:15.467+0000] {logging_mixin.py:154} INFO - [2024-03-23T07:28:15.467+0000] {dagbag.py:536} INFO - Filling up the DagBag from /home/airflow/.local/lib/python3.8/site-packages/airflow/example_dags/example_latest_only.py
[2024-03-23T07:28:15.473+0000] {processor.py:839} INFO - DAG(s) dict_keys(['latest_only']) retrieved from /home/airflow/.local/lib/python3.8/site-packages/airflow/example_dags/example_latest_only.py
[2024-03-23T07:28:15.496+0000] {logging_mixin.py:154} INFO - [2024-03-23T07:28:15.496+0000] {dag.py:2941} INFO - Sync 1 DAGs
[2024-03-23T07:28:15.535+0000] {logging_mixin.py:154} INFO - [2024-03-23T07:28:15.535+0000] {dag.py:3722} INFO - Setting next_dagrun for latest_only to 2024-03-23T03:28:15.535076+00:00, run_after=2024-03-23T07:28:15.535076+00:00
[2024-03-23T07:28:15.566+0000] {processor.py:179} INFO - Processing /home/airflow/.local/lib/python3.8/site-packages/airflow/example_dags/example_latest_only.py took 0.109 seconds
[2024-03-23T07:28:45.804+0000] {processor.py:157} INFO - Started process (PID=4592) to work on /home/airflow/.local/lib/python3.8/site-packages/airflow/example_dags/example_latest_only.py
[2024-03-23T07:28:45.806+0000] {processor.py:829} INFO - Processing file /home/airflow/.local/lib/python3.8/site-packages/airflow/example_dags/example_latest_only.py for tasks to queue
[2024-03-23T07:28:45.807+0000] {logging_mixin.py:154} INFO - [2024-03-23T07:28:45.807+0000] {dagbag.py:536} INFO - Filling up the DagBag from /home/airflow/.local/lib/python3.8/site-packages/airflow/example_dags/example_latest_only.py
[2024-03-23T07:28:45.810+0000] {processor.py:839} INFO - DAG(s) dict_keys(['latest_only']) retrieved from /home/airflow/.local/lib/python3.8/site-packages/airflow/example_dags/example_latest_only.py
[2024-03-23T07:28:45.822+0000] {logging_mixin.py:154} INFO - [2024-03-23T07:28:45.822+0000] {dag.py:2941} INFO - Sync 1 DAGs
[2024-03-23T07:28:45.841+0000] {logging_mixin.py:154} INFO - [2024-03-23T07:28:45.840+0000] {dag.py:3722} INFO - Setting next_dagrun for latest_only to 2024-03-23T03:28:45.840613+00:00, run_after=2024-03-23T07:28:45.840613+00:00
[2024-03-23T07:28:45.852+0000] {processor.py:179} INFO - Processing /home/airflow/.local/lib/python3.8/site-packages/airflow/example_dags/example_latest_only.py took 0.050 seconds
[2024-03-23T07:29:36.522+0000] {processor.py:157} INFO - Started process (PID=201) to work on /home/airflow/.local/lib/python3.8/site-packages/airflow/example_dags/example_latest_only.py
[2024-03-23T07:29:36.523+0000] {processor.py:829} INFO - Processing file /home/airflow/.local/lib/python3.8/site-packages/airflow/example_dags/example_latest_only.py for tasks to queue
[2024-03-23T07:29:36.524+0000] {logging_mixin.py:154} INFO - [2024-03-23T07:29:36.524+0000] {dagbag.py:536} INFO - Filling up the DagBag from /home/airflow/.local/lib/python3.8/site-packages/airflow/example_dags/example_latest_only.py
[2024-03-23T07:29:36.528+0000] {processor.py:839} INFO - DAG(s) dict_keys(['latest_only']) retrieved from /home/airflow/.local/lib/python3.8/site-packages/airflow/example_dags/example_latest_only.py
[2024-03-23T07:29:36.539+0000] {logging_mixin.py:154} INFO - [2024-03-23T07:29:36.539+0000] {dag.py:2941} INFO - Sync 1 DAGs
[2024-03-23T07:29:36.550+0000] {logging_mixin.py:154} INFO - [2024-03-23T07:29:36.550+0000] {dag.py:3722} INFO - Setting next_dagrun for latest_only to 2024-03-23T03:29:36.550591+00:00, run_after=2024-03-23T07:29:36.550591+00:00
[2024-03-23T07:29:36.561+0000] {processor.py:179} INFO - Processing /home/airflow/.local/lib/python3.8/site-packages/airflow/example_dags/example_latest_only.py took 0.040 seconds
