[2024-03-23T07:19:34.360+0000] {processor.py:157} INFO - Started process (PID=302) to work on /home/airflow/.local/lib/python3.8/site-packages/airflow/example_dags/example_branch_datetime_operator.py
[2024-03-23T07:19:34.360+0000] {processor.py:829} INFO - Processing file /home/airflow/.local/lib/python3.8/site-packages/airflow/example_dags/example_branch_datetime_operator.py for tasks to queue
[2024-03-23T07:19:34.361+0000] {logging_mixin.py:154} INFO - [2024-03-23T07:19:34.361+0000] {dagbag.py:536} INFO - Filling up the DagBag from /home/airflow/.local/lib/python3.8/site-packages/airflow/example_dags/example_branch_datetime_operator.py
[2024-03-23T07:19:34.367+0000] {processor.py:839} INFO - DAG(s) dict_keys(['example_branch_datetime_operator_3', 'example_branch_datetime_operator', 'example_branch_datetime_operator_2']) retrieved from /home/airflow/.local/lib/python3.8/site-packages/airflow/example_dags/example_branch_datetime_operator.py
[2024-03-23T07:19:34.434+0000] {logging_mixin.py:154} INFO - [2024-03-23T07:19:34.433+0000] {manager.py:499} INFO - Created Permission View: %s
[2024-03-23T07:19:34.445+0000] {logging_mixin.py:154} INFO - [2024-03-23T07:19:34.445+0000] {manager.py:499} INFO - Created Permission View: %s
[2024-03-23T07:19:34.452+0000] {logging_mixin.py:154} INFO - [2024-03-23T07:19:34.451+0000] {manager.py:499} INFO - Created Permission View: %s
[2024-03-23T07:19:34.460+0000] {logging_mixin.py:154} INFO - [2024-03-23T07:19:34.460+0000] {manager.py:499} INFO - Created Permission View: %s
[2024-03-23T07:19:34.463+0000] {logging_mixin.py:154} INFO - [2024-03-23T07:19:34.463+0000] {manager.py:499} INFO - Created Permission View: %s
[2024-03-23T07:19:34.466+0000] {logging_mixin.py:154} INFO - [2024-03-23T07:19:34.466+0000] {manager.py:499} INFO - Created Permission View: %s
[2024-03-23T07:19:34.477+0000] {logging_mixin.py:154} INFO - [2024-03-23T07:19:34.477+0000] {manager.py:499} INFO - Created Permission View: %s
[2024-03-23T07:19:34.481+0000] {logging_mixin.py:154} INFO - [2024-03-23T07:19:34.481+0000] {manager.py:499} INFO - Created Permission View: %s
[2024-03-23T07:19:34.485+0000] {logging_mixin.py:154} INFO - [2024-03-23T07:19:34.485+0000] {manager.py:499} INFO - Created Permission View: %s
[2024-03-23T07:19:34.486+0000] {logging_mixin.py:154} INFO - [2024-03-23T07:19:34.486+0000] {dag.py:2941} INFO - Sync 3 DAGs
[2024-03-23T07:19:34.492+0000] {logging_mixin.py:154} INFO - [2024-03-23T07:19:34.492+0000] {dag.py:2963} INFO - Creating ORM DAG for example_branch_datetime_operator_2
[2024-03-23T07:19:34.493+0000] {logging_mixin.py:154} INFO - [2024-03-23T07:19:34.493+0000] {dag.py:2963} INFO - Creating ORM DAG for example_branch_datetime_operator_3
[2024-03-23T07:19:34.494+0000] {logging_mixin.py:154} INFO - [2024-03-23T07:19:34.493+0000] {dag.py:2963} INFO - Creating ORM DAG for example_branch_datetime_operator
[2024-03-23T07:19:34.501+0000] {logging_mixin.py:154} INFO - [2024-03-23T07:19:34.501+0000] {dag.py:3722} INFO - Setting next_dagrun for example_branch_datetime_operator to 2024-03-22T00:00:00+00:00, run_after=2024-03-23T00:00:00+00:00
[2024-03-23T07:19:34.502+0000] {logging_mixin.py:154} INFO - [2024-03-23T07:19:34.502+0000] {dag.py:3722} INFO - Setting next_dagrun for example_branch_datetime_operator_2 to 2024-03-22T00:00:00+00:00, run_after=2024-03-23T00:00:00+00:00
[2024-03-23T07:19:34.504+0000] {logging_mixin.py:154} INFO - [2024-03-23T07:19:34.503+0000] {dag.py:3722} INFO - Setting next_dagrun for example_branch_datetime_operator_3 to 2024-03-22T00:00:00+00:00, run_after=2024-03-23T00:00:00+00:00
[2024-03-23T07:19:34.523+0000] {processor.py:179} INFO - Processing /home/airflow/.local/lib/python3.8/site-packages/airflow/example_dags/example_branch_datetime_operator.py took 0.166 seconds
[2024-03-23T07:20:04.946+0000] {processor.py:157} INFO - Started process (PID=545) to work on /home/airflow/.local/lib/python3.8/site-packages/airflow/example_dags/example_branch_datetime_operator.py
[2024-03-23T07:20:04.947+0000] {processor.py:829} INFO - Processing file /home/airflow/.local/lib/python3.8/site-packages/airflow/example_dags/example_branch_datetime_operator.py for tasks to queue
[2024-03-23T07:20:04.947+0000] {logging_mixin.py:154} INFO - [2024-03-23T07:20:04.947+0000] {dagbag.py:536} INFO - Filling up the DagBag from /home/airflow/.local/lib/python3.8/site-packages/airflow/example_dags/example_branch_datetime_operator.py
[2024-03-23T07:20:04.953+0000] {processor.py:839} INFO - DAG(s) dict_keys(['example_branch_datetime_operator_3', 'example_branch_datetime_operator_2', 'example_branch_datetime_operator']) retrieved from /home/airflow/.local/lib/python3.8/site-packages/airflow/example_dags/example_branch_datetime_operator.py
[2024-03-23T07:20:04.971+0000] {logging_mixin.py:154} INFO - [2024-03-23T07:20:04.971+0000] {dag.py:2941} INFO - Sync 3 DAGs
[2024-03-23T07:20:04.984+0000] {logging_mixin.py:154} INFO - [2024-03-23T07:20:04.984+0000] {dag.py:3722} INFO - Setting next_dagrun for example_branch_datetime_operator to 2024-03-22T00:00:00+00:00, run_after=2024-03-23T00:00:00+00:00
[2024-03-23T07:20:04.987+0000] {logging_mixin.py:154} INFO - [2024-03-23T07:20:04.986+0000] {dag.py:3722} INFO - Setting next_dagrun for example_branch_datetime_operator_2 to 2024-03-22T00:00:00+00:00, run_after=2024-03-23T00:00:00+00:00
[2024-03-23T07:20:04.988+0000] {logging_mixin.py:154} INFO - [2024-03-23T07:20:04.988+0000] {dag.py:3722} INFO - Setting next_dagrun for example_branch_datetime_operator_3 to 2024-03-22T00:00:00+00:00, run_after=2024-03-23T00:00:00+00:00
[2024-03-23T07:20:05.000+0000] {processor.py:179} INFO - Processing /home/airflow/.local/lib/python3.8/site-packages/airflow/example_dags/example_branch_datetime_operator.py took 0.056 seconds
[2024-03-23T07:20:36.182+0000] {processor.py:157} INFO - Started process (PID=788) to work on /home/airflow/.local/lib/python3.8/site-packages/airflow/example_dags/example_branch_datetime_operator.py
[2024-03-23T07:20:36.184+0000] {processor.py:829} INFO - Processing file /home/airflow/.local/lib/python3.8/site-packages/airflow/example_dags/example_branch_datetime_operator.py for tasks to queue
[2024-03-23T07:20:36.186+0000] {logging_mixin.py:154} INFO - [2024-03-23T07:20:36.186+0000] {dagbag.py:536} INFO - Filling up the DagBag from /home/airflow/.local/lib/python3.8/site-packages/airflow/example_dags/example_branch_datetime_operator.py
[2024-03-23T07:20:36.194+0000] {processor.py:839} INFO - DAG(s) dict_keys(['example_branch_datetime_operator_3', 'example_branch_datetime_operator_2', 'example_branch_datetime_operator']) retrieved from /home/airflow/.local/lib/python3.8/site-packages/airflow/example_dags/example_branch_datetime_operator.py
[2024-03-23T07:20:36.213+0000] {logging_mixin.py:154} INFO - [2024-03-23T07:20:36.213+0000] {dag.py:2941} INFO - Sync 3 DAGs
[2024-03-23T07:20:36.226+0000] {logging_mixin.py:154} INFO - [2024-03-23T07:20:36.226+0000] {dag.py:3722} INFO - Setting next_dagrun for example_branch_datetime_operator to 2024-03-22T00:00:00+00:00, run_after=2024-03-23T00:00:00+00:00
[2024-03-23T07:20:36.230+0000] {logging_mixin.py:154} INFO - [2024-03-23T07:20:36.229+0000] {dag.py:3722} INFO - Setting next_dagrun for example_branch_datetime_operator_2 to 2024-03-22T00:00:00+00:00, run_after=2024-03-23T00:00:00+00:00
[2024-03-23T07:20:36.241+0000] {logging_mixin.py:154} INFO - [2024-03-23T07:20:36.240+0000] {dag.py:3722} INFO - Setting next_dagrun for example_branch_datetime_operator_3 to 2024-03-22T00:00:00+00:00, run_after=2024-03-23T00:00:00+00:00
[2024-03-23T07:20:36.285+0000] {processor.py:179} INFO - Processing /home/airflow/.local/lib/python3.8/site-packages/airflow/example_dags/example_branch_datetime_operator.py took 0.110 seconds
[2024-03-23T07:21:06.559+0000] {processor.py:157} INFO - Started process (PID=1033) to work on /home/airflow/.local/lib/python3.8/site-packages/airflow/example_dags/example_branch_datetime_operator.py
[2024-03-23T07:21:06.560+0000] {processor.py:829} INFO - Processing file /home/airflow/.local/lib/python3.8/site-packages/airflow/example_dags/example_branch_datetime_operator.py for tasks to queue
[2024-03-23T07:21:06.560+0000] {logging_mixin.py:154} INFO - [2024-03-23T07:21:06.560+0000] {dagbag.py:536} INFO - Filling up the DagBag from /home/airflow/.local/lib/python3.8/site-packages/airflow/example_dags/example_branch_datetime_operator.py
[2024-03-23T07:21:06.567+0000] {processor.py:839} INFO - DAG(s) dict_keys(['example_branch_datetime_operator_2', 'example_branch_datetime_operator', 'example_branch_datetime_operator_3']) retrieved from /home/airflow/.local/lib/python3.8/site-packages/airflow/example_dags/example_branch_datetime_operator.py
[2024-03-23T07:21:06.581+0000] {logging_mixin.py:154} INFO - [2024-03-23T07:21:06.581+0000] {dag.py:2941} INFO - Sync 3 DAGs
[2024-03-23T07:21:06.593+0000] {logging_mixin.py:154} INFO - [2024-03-23T07:21:06.593+0000] {dag.py:3722} INFO - Setting next_dagrun for example_branch_datetime_operator to 2024-03-22T00:00:00+00:00, run_after=2024-03-23T00:00:00+00:00
[2024-03-23T07:21:06.596+0000] {logging_mixin.py:154} INFO - [2024-03-23T07:21:06.595+0000] {dag.py:3722} INFO - Setting next_dagrun for example_branch_datetime_operator_2 to 2024-03-22T00:00:00+00:00, run_after=2024-03-23T00:00:00+00:00
[2024-03-23T07:21:06.597+0000] {logging_mixin.py:154} INFO - [2024-03-23T07:21:06.597+0000] {dag.py:3722} INFO - Setting next_dagrun for example_branch_datetime_operator_3 to 2024-03-22T00:00:00+00:00, run_after=2024-03-23T00:00:00+00:00
[2024-03-23T07:21:06.605+0000] {processor.py:179} INFO - Processing /home/airflow/.local/lib/python3.8/site-packages/airflow/example_dags/example_branch_datetime_operator.py took 0.048 seconds
[2024-03-23T07:21:37.627+0000] {processor.py:157} INFO - Started process (PID=1276) to work on /home/airflow/.local/lib/python3.8/site-packages/airflow/example_dags/example_branch_datetime_operator.py
[2024-03-23T07:21:37.629+0000] {processor.py:829} INFO - Processing file /home/airflow/.local/lib/python3.8/site-packages/airflow/example_dags/example_branch_datetime_operator.py for tasks to queue
[2024-03-23T07:21:37.629+0000] {logging_mixin.py:154} INFO - [2024-03-23T07:21:37.629+0000] {dagbag.py:536} INFO - Filling up the DagBag from /home/airflow/.local/lib/python3.8/site-packages/airflow/example_dags/example_branch_datetime_operator.py
[2024-03-23T07:21:37.636+0000] {processor.py:839} INFO - DAG(s) dict_keys(['example_branch_datetime_operator_3', 'example_branch_datetime_operator_2', 'example_branch_datetime_operator']) retrieved from /home/airflow/.local/lib/python3.8/site-packages/airflow/example_dags/example_branch_datetime_operator.py
[2024-03-23T07:21:37.653+0000] {logging_mixin.py:154} INFO - [2024-03-23T07:21:37.652+0000] {dag.py:2941} INFO - Sync 3 DAGs
[2024-03-23T07:21:37.666+0000] {logging_mixin.py:154} INFO - [2024-03-23T07:21:37.666+0000] {dag.py:3722} INFO - Setting next_dagrun for example_branch_datetime_operator to 2024-03-22T00:00:00+00:00, run_after=2024-03-23T00:00:00+00:00
[2024-03-23T07:21:37.668+0000] {logging_mixin.py:154} INFO - [2024-03-23T07:21:37.668+0000] {dag.py:3722} INFO - Setting next_dagrun for example_branch_datetime_operator_2 to 2024-03-22T00:00:00+00:00, run_after=2024-03-23T00:00:00+00:00
[2024-03-23T07:21:37.670+0000] {logging_mixin.py:154} INFO - [2024-03-23T07:21:37.670+0000] {dag.py:3722} INFO - Setting next_dagrun for example_branch_datetime_operator_3 to 2024-03-22T00:00:00+00:00, run_after=2024-03-23T00:00:00+00:00
[2024-03-23T07:21:37.678+0000] {processor.py:179} INFO - Processing /home/airflow/.local/lib/python3.8/site-packages/airflow/example_dags/example_branch_datetime_operator.py took 0.053 seconds
[2024-03-23T07:22:08.452+0000] {processor.py:157} INFO - Started process (PID=1519) to work on /home/airflow/.local/lib/python3.8/site-packages/airflow/example_dags/example_branch_datetime_operator.py
[2024-03-23T07:22:08.463+0000] {processor.py:829} INFO - Processing file /home/airflow/.local/lib/python3.8/site-packages/airflow/example_dags/example_branch_datetime_operator.py for tasks to queue
[2024-03-23T07:22:08.464+0000] {logging_mixin.py:154} INFO - [2024-03-23T07:22:08.464+0000] {dagbag.py:536} INFO - Filling up the DagBag from /home/airflow/.local/lib/python3.8/site-packages/airflow/example_dags/example_branch_datetime_operator.py
[2024-03-23T07:22:08.470+0000] {processor.py:839} INFO - DAG(s) dict_keys(['example_branch_datetime_operator', 'example_branch_datetime_operator_2', 'example_branch_datetime_operator_3']) retrieved from /home/airflow/.local/lib/python3.8/site-packages/airflow/example_dags/example_branch_datetime_operator.py
[2024-03-23T07:22:08.498+0000] {logging_mixin.py:154} INFO - [2024-03-23T07:22:08.498+0000] {dag.py:2941} INFO - Sync 3 DAGs
[2024-03-23T07:22:08.525+0000] {logging_mixin.py:154} INFO - [2024-03-23T07:22:08.525+0000] {dag.py:3722} INFO - Setting next_dagrun for example_branch_datetime_operator to 2024-03-22T00:00:00+00:00, run_after=2024-03-23T00:00:00+00:00
[2024-03-23T07:22:08.532+0000] {logging_mixin.py:154} INFO - [2024-03-23T07:22:08.532+0000] {dag.py:3722} INFO - Setting next_dagrun for example_branch_datetime_operator_2 to 2024-03-22T00:00:00+00:00, run_after=2024-03-23T00:00:00+00:00
[2024-03-23T07:22:08.534+0000] {logging_mixin.py:154} INFO - [2024-03-23T07:22:08.534+0000] {dag.py:3722} INFO - Setting next_dagrun for example_branch_datetime_operator_3 to 2024-03-22T00:00:00+00:00, run_after=2024-03-23T00:00:00+00:00
[2024-03-23T07:22:08.559+0000] {processor.py:179} INFO - Processing /home/airflow/.local/lib/python3.8/site-packages/airflow/example_dags/example_branch_datetime_operator.py took 0.109 seconds
[2024-03-23T07:22:38.623+0000] {processor.py:157} INFO - Started process (PID=1770) to work on /home/airflow/.local/lib/python3.8/site-packages/airflow/example_dags/example_branch_datetime_operator.py
[2024-03-23T07:22:38.624+0000] {processor.py:829} INFO - Processing file /home/airflow/.local/lib/python3.8/site-packages/airflow/example_dags/example_branch_datetime_operator.py for tasks to queue
[2024-03-23T07:22:38.624+0000] {logging_mixin.py:154} INFO - [2024-03-23T07:22:38.624+0000] {dagbag.py:536} INFO - Filling up the DagBag from /home/airflow/.local/lib/python3.8/site-packages/airflow/example_dags/example_branch_datetime_operator.py
[2024-03-23T07:22:38.629+0000] {processor.py:839} INFO - DAG(s) dict_keys(['example_branch_datetime_operator_2', 'example_branch_datetime_operator', 'example_branch_datetime_operator_3']) retrieved from /home/airflow/.local/lib/python3.8/site-packages/airflow/example_dags/example_branch_datetime_operator.py
[2024-03-23T07:22:38.642+0000] {logging_mixin.py:154} INFO - [2024-03-23T07:22:38.642+0000] {dag.py:2941} INFO - Sync 3 DAGs
[2024-03-23T07:22:38.653+0000] {logging_mixin.py:154} INFO - [2024-03-23T07:22:38.653+0000] {dag.py:3722} INFO - Setting next_dagrun for example_branch_datetime_operator to 2024-03-22T00:00:00+00:00, run_after=2024-03-23T00:00:00+00:00
[2024-03-23T07:22:38.655+0000] {logging_mixin.py:154} INFO - [2024-03-23T07:22:38.655+0000] {dag.py:3722} INFO - Setting next_dagrun for example_branch_datetime_operator_2 to 2024-03-22T00:00:00+00:00, run_after=2024-03-23T00:00:00+00:00
[2024-03-23T07:22:38.656+0000] {logging_mixin.py:154} INFO - [2024-03-23T07:22:38.656+0000] {dag.py:3722} INFO - Setting next_dagrun for example_branch_datetime_operator_3 to 2024-03-22T00:00:00+00:00, run_after=2024-03-23T00:00:00+00:00
[2024-03-23T07:22:38.663+0000] {processor.py:179} INFO - Processing /home/airflow/.local/lib/python3.8/site-packages/airflow/example_dags/example_branch_datetime_operator.py took 0.041 seconds
[2024-03-23T07:23:09.996+0000] {processor.py:157} INFO - Started process (PID=2011) to work on /home/airflow/.local/lib/python3.8/site-packages/airflow/example_dags/example_branch_datetime_operator.py
[2024-03-23T07:23:09.997+0000] {processor.py:829} INFO - Processing file /home/airflow/.local/lib/python3.8/site-packages/airflow/example_dags/example_branch_datetime_operator.py for tasks to queue
[2024-03-23T07:23:09.998+0000] {logging_mixin.py:154} INFO - [2024-03-23T07:23:09.997+0000] {dagbag.py:536} INFO - Filling up the DagBag from /home/airflow/.local/lib/python3.8/site-packages/airflow/example_dags/example_branch_datetime_operator.py
[2024-03-23T07:23:10.003+0000] {processor.py:839} INFO - DAG(s) dict_keys(['example_branch_datetime_operator_3', 'example_branch_datetime_operator', 'example_branch_datetime_operator_2']) retrieved from /home/airflow/.local/lib/python3.8/site-packages/airflow/example_dags/example_branch_datetime_operator.py
[2024-03-23T07:23:10.025+0000] {logging_mixin.py:154} INFO - [2024-03-23T07:23:10.025+0000] {dag.py:2941} INFO - Sync 3 DAGs
[2024-03-23T07:23:10.039+0000] {logging_mixin.py:154} INFO - [2024-03-23T07:23:10.039+0000] {dag.py:3722} INFO - Setting next_dagrun for example_branch_datetime_operator to 2024-03-22T00:00:00+00:00, run_after=2024-03-23T00:00:00+00:00
[2024-03-23T07:23:10.042+0000] {logging_mixin.py:154} INFO - [2024-03-23T07:23:10.042+0000] {dag.py:3722} INFO - Setting next_dagrun for example_branch_datetime_operator_2 to 2024-03-22T00:00:00+00:00, run_after=2024-03-23T00:00:00+00:00
[2024-03-23T07:23:10.043+0000] {logging_mixin.py:154} INFO - [2024-03-23T07:23:10.043+0000] {dag.py:3722} INFO - Setting next_dagrun for example_branch_datetime_operator_3 to 2024-03-22T00:00:00+00:00, run_after=2024-03-23T00:00:00+00:00
[2024-03-23T07:23:10.051+0000] {processor.py:179} INFO - Processing /home/airflow/.local/lib/python3.8/site-packages/airflow/example_dags/example_branch_datetime_operator.py took 0.057 seconds
[2024-03-23T07:23:42.364+0000] {processor.py:157} INFO - Started process (PID=2255) to work on /home/airflow/.local/lib/python3.8/site-packages/airflow/example_dags/example_branch_datetime_operator.py
[2024-03-23T07:23:42.373+0000] {processor.py:829} INFO - Processing file /home/airflow/.local/lib/python3.8/site-packages/airflow/example_dags/example_branch_datetime_operator.py for tasks to queue
[2024-03-23T07:23:42.374+0000] {logging_mixin.py:154} INFO - [2024-03-23T07:23:42.373+0000] {dagbag.py:536} INFO - Filling up the DagBag from /home/airflow/.local/lib/python3.8/site-packages/airflow/example_dags/example_branch_datetime_operator.py
[2024-03-23T07:23:42.381+0000] {processor.py:839} INFO - DAG(s) dict_keys(['example_branch_datetime_operator', 'example_branch_datetime_operator_2', 'example_branch_datetime_operator_3']) retrieved from /home/airflow/.local/lib/python3.8/site-packages/airflow/example_dags/example_branch_datetime_operator.py
[2024-03-23T07:23:42.417+0000] {logging_mixin.py:154} INFO - [2024-03-23T07:23:42.417+0000] {dag.py:2941} INFO - Sync 3 DAGs
[2024-03-23T07:23:42.444+0000] {logging_mixin.py:154} INFO - [2024-03-23T07:23:42.444+0000] {dag.py:3722} INFO - Setting next_dagrun for example_branch_datetime_operator to 2024-03-22T00:00:00+00:00, run_after=2024-03-23T00:00:00+00:00
[2024-03-23T07:23:42.448+0000] {logging_mixin.py:154} INFO - [2024-03-23T07:23:42.448+0000] {dag.py:3722} INFO - Setting next_dagrun for example_branch_datetime_operator_2 to 2024-03-22T00:00:00+00:00, run_after=2024-03-23T00:00:00+00:00
[2024-03-23T07:23:42.450+0000] {logging_mixin.py:154} INFO - [2024-03-23T07:23:42.450+0000] {dag.py:3722} INFO - Setting next_dagrun for example_branch_datetime_operator_3 to 2024-03-22T00:00:00+00:00, run_after=2024-03-23T00:00:00+00:00
[2024-03-23T07:23:42.480+0000] {processor.py:179} INFO - Processing /home/airflow/.local/lib/python3.8/site-packages/airflow/example_dags/example_branch_datetime_operator.py took 0.118 seconds
[2024-03-23T07:24:14.262+0000] {processor.py:157} INFO - Started process (PID=2498) to work on /home/airflow/.local/lib/python3.8/site-packages/airflow/example_dags/example_branch_datetime_operator.py
[2024-03-23T07:24:14.264+0000] {processor.py:829} INFO - Processing file /home/airflow/.local/lib/python3.8/site-packages/airflow/example_dags/example_branch_datetime_operator.py for tasks to queue
[2024-03-23T07:24:14.266+0000] {logging_mixin.py:154} INFO - [2024-03-23T07:24:14.265+0000] {dagbag.py:536} INFO - Filling up the DagBag from /home/airflow/.local/lib/python3.8/site-packages/airflow/example_dags/example_branch_datetime_operator.py
[2024-03-23T07:24:14.276+0000] {processor.py:839} INFO - DAG(s) dict_keys(['example_branch_datetime_operator', 'example_branch_datetime_operator_2', 'example_branch_datetime_operator_3']) retrieved from /home/airflow/.local/lib/python3.8/site-packages/airflow/example_dags/example_branch_datetime_operator.py
[2024-03-23T07:24:14.300+0000] {logging_mixin.py:154} INFO - [2024-03-23T07:24:14.300+0000] {dag.py:2941} INFO - Sync 3 DAGs
[2024-03-23T07:24:14.335+0000] {logging_mixin.py:154} INFO - [2024-03-23T07:24:14.335+0000] {dag.py:3722} INFO - Setting next_dagrun for example_branch_datetime_operator to 2024-03-22T00:00:00+00:00, run_after=2024-03-23T00:00:00+00:00
[2024-03-23T07:24:14.339+0000] {logging_mixin.py:154} INFO - [2024-03-23T07:24:14.339+0000] {dag.py:3722} INFO - Setting next_dagrun for example_branch_datetime_operator_2 to 2024-03-22T00:00:00+00:00, run_after=2024-03-23T00:00:00+00:00
[2024-03-23T07:24:14.342+0000] {logging_mixin.py:154} INFO - [2024-03-23T07:24:14.342+0000] {dag.py:3722} INFO - Setting next_dagrun for example_branch_datetime_operator_3 to 2024-03-22T00:00:00+00:00, run_after=2024-03-23T00:00:00+00:00
[2024-03-23T07:24:14.354+0000] {processor.py:179} INFO - Processing /home/airflow/.local/lib/python3.8/site-packages/airflow/example_dags/example_branch_datetime_operator.py took 0.113 seconds
[2024-03-23T07:24:46.369+0000] {processor.py:157} INFO - Started process (PID=2740) to work on /home/airflow/.local/lib/python3.8/site-packages/airflow/example_dags/example_branch_datetime_operator.py
[2024-03-23T07:24:46.370+0000] {processor.py:829} INFO - Processing file /home/airflow/.local/lib/python3.8/site-packages/airflow/example_dags/example_branch_datetime_operator.py for tasks to queue
[2024-03-23T07:24:46.371+0000] {logging_mixin.py:154} INFO - [2024-03-23T07:24:46.371+0000] {dagbag.py:536} INFO - Filling up the DagBag from /home/airflow/.local/lib/python3.8/site-packages/airflow/example_dags/example_branch_datetime_operator.py
[2024-03-23T07:24:46.378+0000] {processor.py:839} INFO - DAG(s) dict_keys(['example_branch_datetime_operator', 'example_branch_datetime_operator_2', 'example_branch_datetime_operator_3']) retrieved from /home/airflow/.local/lib/python3.8/site-packages/airflow/example_dags/example_branch_datetime_operator.py
[2024-03-23T07:24:46.415+0000] {logging_mixin.py:154} INFO - [2024-03-23T07:24:46.415+0000] {dag.py:2941} INFO - Sync 3 DAGs
[2024-03-23T07:24:46.434+0000] {logging_mixin.py:154} INFO - [2024-03-23T07:24:46.434+0000] {dag.py:3722} INFO - Setting next_dagrun for example_branch_datetime_operator to 2024-03-22T00:00:00+00:00, run_after=2024-03-23T00:00:00+00:00
[2024-03-23T07:24:46.443+0000] {logging_mixin.py:154} INFO - [2024-03-23T07:24:46.443+0000] {dag.py:3722} INFO - Setting next_dagrun for example_branch_datetime_operator_2 to 2024-03-22T00:00:00+00:00, run_after=2024-03-23T00:00:00+00:00
[2024-03-23T07:24:46.446+0000] {logging_mixin.py:154} INFO - [2024-03-23T07:24:46.446+0000] {dag.py:3722} INFO - Setting next_dagrun for example_branch_datetime_operator_3 to 2024-03-22T00:00:00+00:00, run_after=2024-03-23T00:00:00+00:00
[2024-03-23T07:24:46.457+0000] {processor.py:179} INFO - Processing /home/airflow/.local/lib/python3.8/site-packages/airflow/example_dags/example_branch_datetime_operator.py took 0.091 seconds
[2024-03-23T07:25:21.865+0000] {processor.py:157} INFO - Started process (PID=2988) to work on /home/airflow/.local/lib/python3.8/site-packages/airflow/example_dags/example_branch_datetime_operator.py
[2024-03-23T07:25:21.866+0000] {processor.py:829} INFO - Processing file /home/airflow/.local/lib/python3.8/site-packages/airflow/example_dags/example_branch_datetime_operator.py for tasks to queue
[2024-03-23T07:25:21.866+0000] {logging_mixin.py:154} INFO - [2024-03-23T07:25:21.866+0000] {dagbag.py:536} INFO - Filling up the DagBag from /home/airflow/.local/lib/python3.8/site-packages/airflow/example_dags/example_branch_datetime_operator.py
[2024-03-23T07:25:21.874+0000] {processor.py:839} INFO - DAG(s) dict_keys(['example_branch_datetime_operator_3', 'example_branch_datetime_operator', 'example_branch_datetime_operator_2']) retrieved from /home/airflow/.local/lib/python3.8/site-packages/airflow/example_dags/example_branch_datetime_operator.py
[2024-03-23T07:25:21.910+0000] {logging_mixin.py:154} INFO - [2024-03-23T07:25:21.910+0000] {dag.py:2941} INFO - Sync 3 DAGs
[2024-03-23T07:25:21.934+0000] {logging_mixin.py:154} INFO - [2024-03-23T07:25:21.934+0000] {dag.py:3722} INFO - Setting next_dagrun for example_branch_datetime_operator to 2024-03-22T00:00:00+00:00, run_after=2024-03-23T00:00:00+00:00
[2024-03-23T07:25:21.938+0000] {logging_mixin.py:154} INFO - [2024-03-23T07:25:21.937+0000] {dag.py:3722} INFO - Setting next_dagrun for example_branch_datetime_operator_2 to 2024-03-22T00:00:00+00:00, run_after=2024-03-23T00:00:00+00:00
[2024-03-23T07:25:21.939+0000] {logging_mixin.py:154} INFO - [2024-03-23T07:25:21.939+0000] {dag.py:3722} INFO - Setting next_dagrun for example_branch_datetime_operator_3 to 2024-03-22T00:00:00+00:00, run_after=2024-03-23T00:00:00+00:00
[2024-03-23T07:25:21.956+0000] {processor.py:179} INFO - Processing /home/airflow/.local/lib/python3.8/site-packages/airflow/example_dags/example_branch_datetime_operator.py took 0.094 seconds
[2024-03-23T07:25:54.658+0000] {processor.py:157} INFO - Started process (PID=3236) to work on /home/airflow/.local/lib/python3.8/site-packages/airflow/example_dags/example_branch_datetime_operator.py
[2024-03-23T07:25:54.668+0000] {processor.py:829} INFO - Processing file /home/airflow/.local/lib/python3.8/site-packages/airflow/example_dags/example_branch_datetime_operator.py for tasks to queue
[2024-03-23T07:25:54.670+0000] {logging_mixin.py:154} INFO - [2024-03-23T07:25:54.669+0000] {dagbag.py:536} INFO - Filling up the DagBag from /home/airflow/.local/lib/python3.8/site-packages/airflow/example_dags/example_branch_datetime_operator.py
[2024-03-23T07:25:54.686+0000] {processor.py:839} INFO - DAG(s) dict_keys(['example_branch_datetime_operator', 'example_branch_datetime_operator_3', 'example_branch_datetime_operator_2']) retrieved from /home/airflow/.local/lib/python3.8/site-packages/airflow/example_dags/example_branch_datetime_operator.py
[2024-03-23T07:25:54.782+0000] {logging_mixin.py:154} INFO - [2024-03-23T07:25:54.776+0000] {dag.py:2941} INFO - Sync 3 DAGs
[2024-03-23T07:25:54.816+0000] {logging_mixin.py:154} INFO - [2024-03-23T07:25:54.816+0000] {dag.py:3722} INFO - Setting next_dagrun for example_branch_datetime_operator to 2024-03-22T00:00:00+00:00, run_after=2024-03-23T00:00:00+00:00
[2024-03-23T07:25:54.822+0000] {logging_mixin.py:154} INFO - [2024-03-23T07:25:54.822+0000] {dag.py:3722} INFO - Setting next_dagrun for example_branch_datetime_operator_2 to 2024-03-22T00:00:00+00:00, run_after=2024-03-23T00:00:00+00:00
[2024-03-23T07:25:54.825+0000] {logging_mixin.py:154} INFO - [2024-03-23T07:25:54.825+0000] {dag.py:3722} INFO - Setting next_dagrun for example_branch_datetime_operator_3 to 2024-03-22T00:00:00+00:00, run_after=2024-03-23T00:00:00+00:00
[2024-03-23T07:25:54.861+0000] {processor.py:179} INFO - Processing /home/airflow/.local/lib/python3.8/site-packages/airflow/example_dags/example_branch_datetime_operator.py took 0.205 seconds
[2024-03-23T07:26:29.015+0000] {processor.py:157} INFO - Started process (PID=3480) to work on /home/airflow/.local/lib/python3.8/site-packages/airflow/example_dags/example_branch_datetime_operator.py
[2024-03-23T07:26:29.017+0000] {processor.py:829} INFO - Processing file /home/airflow/.local/lib/python3.8/site-packages/airflow/example_dags/example_branch_datetime_operator.py for tasks to queue
[2024-03-23T07:26:29.018+0000] {logging_mixin.py:154} INFO - [2024-03-23T07:26:29.018+0000] {dagbag.py:536} INFO - Filling up the DagBag from /home/airflow/.local/lib/python3.8/site-packages/airflow/example_dags/example_branch_datetime_operator.py
[2024-03-23T07:26:29.047+0000] {processor.py:839} INFO - DAG(s) dict_keys(['example_branch_datetime_operator_2', 'example_branch_datetime_operator', 'example_branch_datetime_operator_3']) retrieved from /home/airflow/.local/lib/python3.8/site-packages/airflow/example_dags/example_branch_datetime_operator.py
[2024-03-23T07:26:29.100+0000] {logging_mixin.py:154} INFO - [2024-03-23T07:26:29.099+0000] {dag.py:2941} INFO - Sync 3 DAGs
[2024-03-23T07:26:29.129+0000] {logging_mixin.py:154} INFO - [2024-03-23T07:26:29.129+0000] {dag.py:3722} INFO - Setting next_dagrun for example_branch_datetime_operator to 2024-03-22T00:00:00+00:00, run_after=2024-03-23T00:00:00+00:00
[2024-03-23T07:26:29.136+0000] {logging_mixin.py:154} INFO - [2024-03-23T07:26:29.135+0000] {dag.py:3722} INFO - Setting next_dagrun for example_branch_datetime_operator_2 to 2024-03-22T00:00:00+00:00, run_after=2024-03-23T00:00:00+00:00
[2024-03-23T07:26:29.138+0000] {logging_mixin.py:154} INFO - [2024-03-23T07:26:29.138+0000] {dag.py:3722} INFO - Setting next_dagrun for example_branch_datetime_operator_3 to 2024-03-22T00:00:00+00:00, run_after=2024-03-23T00:00:00+00:00
[2024-03-23T07:26:29.156+0000] {processor.py:179} INFO - Processing /home/airflow/.local/lib/python3.8/site-packages/airflow/example_dags/example_branch_datetime_operator.py took 0.147 seconds
[2024-03-23T07:27:02.285+0000] {processor.py:157} INFO - Started process (PID=3730) to work on /home/airflow/.local/lib/python3.8/site-packages/airflow/example_dags/example_branch_datetime_operator.py
[2024-03-23T07:27:02.287+0000] {processor.py:829} INFO - Processing file /home/airflow/.local/lib/python3.8/site-packages/airflow/example_dags/example_branch_datetime_operator.py for tasks to queue
[2024-03-23T07:27:02.287+0000] {logging_mixin.py:154} INFO - [2024-03-23T07:27:02.287+0000] {dagbag.py:536} INFO - Filling up the DagBag from /home/airflow/.local/lib/python3.8/site-packages/airflow/example_dags/example_branch_datetime_operator.py
[2024-03-23T07:27:02.295+0000] {processor.py:839} INFO - DAG(s) dict_keys(['example_branch_datetime_operator', 'example_branch_datetime_operator_2', 'example_branch_datetime_operator_3']) retrieved from /home/airflow/.local/lib/python3.8/site-packages/airflow/example_dags/example_branch_datetime_operator.py
[2024-03-23T07:27:02.319+0000] {logging_mixin.py:154} INFO - [2024-03-23T07:27:02.319+0000] {dag.py:2941} INFO - Sync 3 DAGs
[2024-03-23T07:27:02.345+0000] {logging_mixin.py:154} INFO - [2024-03-23T07:27:02.345+0000] {dag.py:3722} INFO - Setting next_dagrun for example_branch_datetime_operator to 2024-03-22T00:00:00+00:00, run_after=2024-03-23T00:00:00+00:00
[2024-03-23T07:27:02.349+0000] {logging_mixin.py:154} INFO - [2024-03-23T07:27:02.349+0000] {dag.py:3722} INFO - Setting next_dagrun for example_branch_datetime_operator_2 to 2024-03-22T00:00:00+00:00, run_after=2024-03-23T00:00:00+00:00
[2024-03-23T07:27:02.351+0000] {logging_mixin.py:154} INFO - [2024-03-23T07:27:02.351+0000] {dag.py:3722} INFO - Setting next_dagrun for example_branch_datetime_operator_3 to 2024-03-22T00:00:00+00:00, run_after=2024-03-23T00:00:00+00:00
[2024-03-23T07:27:02.362+0000] {processor.py:179} INFO - Processing /home/airflow/.local/lib/python3.8/site-packages/airflow/example_dags/example_branch_datetime_operator.py took 0.079 seconds
[2024-03-23T07:27:35.906+0000] {processor.py:157} INFO - Started process (PID=3973) to work on /home/airflow/.local/lib/python3.8/site-packages/airflow/example_dags/example_branch_datetime_operator.py
[2024-03-23T07:27:35.908+0000] {processor.py:829} INFO - Processing file /home/airflow/.local/lib/python3.8/site-packages/airflow/example_dags/example_branch_datetime_operator.py for tasks to queue
[2024-03-23T07:27:35.908+0000] {logging_mixin.py:154} INFO - [2024-03-23T07:27:35.908+0000] {dagbag.py:536} INFO - Filling up the DagBag from /home/airflow/.local/lib/python3.8/site-packages/airflow/example_dags/example_branch_datetime_operator.py
[2024-03-23T07:27:35.915+0000] {processor.py:839} INFO - DAG(s) dict_keys(['example_branch_datetime_operator_3', 'example_branch_datetime_operator_2', 'example_branch_datetime_operator']) retrieved from /home/airflow/.local/lib/python3.8/site-packages/airflow/example_dags/example_branch_datetime_operator.py
[2024-03-23T07:27:35.938+0000] {logging_mixin.py:154} INFO - [2024-03-23T07:27:35.938+0000] {dag.py:2941} INFO - Sync 3 DAGs
[2024-03-23T07:27:35.955+0000] {logging_mixin.py:154} INFO - [2024-03-23T07:27:35.955+0000] {dag.py:3722} INFO - Setting next_dagrun for example_branch_datetime_operator to 2024-03-22T00:00:00+00:00, run_after=2024-03-23T00:00:00+00:00
[2024-03-23T07:27:35.958+0000] {logging_mixin.py:154} INFO - [2024-03-23T07:27:35.958+0000] {dag.py:3722} INFO - Setting next_dagrun for example_branch_datetime_operator_2 to 2024-03-22T00:00:00+00:00, run_after=2024-03-23T00:00:00+00:00
[2024-03-23T07:27:35.959+0000] {logging_mixin.py:154} INFO - [2024-03-23T07:27:35.959+0000] {dag.py:3722} INFO - Setting next_dagrun for example_branch_datetime_operator_3 to 2024-03-22T00:00:00+00:00, run_after=2024-03-23T00:00:00+00:00
[2024-03-23T07:27:35.968+0000] {processor.py:179} INFO - Processing /home/airflow/.local/lib/python3.8/site-packages/airflow/example_dags/example_branch_datetime_operator.py took 0.064 seconds
[2024-03-23T07:28:09.929+0000] {processor.py:157} INFO - Started process (PID=4216) to work on /home/airflow/.local/lib/python3.8/site-packages/airflow/example_dags/example_branch_datetime_operator.py
[2024-03-23T07:28:09.932+0000] {processor.py:829} INFO - Processing file /home/airflow/.local/lib/python3.8/site-packages/airflow/example_dags/example_branch_datetime_operator.py for tasks to queue
[2024-03-23T07:28:09.933+0000] {logging_mixin.py:154} INFO - [2024-03-23T07:28:09.933+0000] {dagbag.py:536} INFO - Filling up the DagBag from /home/airflow/.local/lib/python3.8/site-packages/airflow/example_dags/example_branch_datetime_operator.py
[2024-03-23T07:28:09.941+0000] {processor.py:839} INFO - DAG(s) dict_keys(['example_branch_datetime_operator_2', 'example_branch_datetime_operator_3', 'example_branch_datetime_operator']) retrieved from /home/airflow/.local/lib/python3.8/site-packages/airflow/example_dags/example_branch_datetime_operator.py
[2024-03-23T07:28:09.961+0000] {logging_mixin.py:154} INFO - [2024-03-23T07:28:09.961+0000] {dag.py:2941} INFO - Sync 3 DAGs
[2024-03-23T07:28:10.013+0000] {logging_mixin.py:154} INFO - [2024-03-23T07:28:10.012+0000] {dag.py:3722} INFO - Setting next_dagrun for example_branch_datetime_operator to 2024-03-22T00:00:00+00:00, run_after=2024-03-23T00:00:00+00:00
[2024-03-23T07:28:10.016+0000] {logging_mixin.py:154} INFO - [2024-03-23T07:28:10.016+0000] {dag.py:3722} INFO - Setting next_dagrun for example_branch_datetime_operator_2 to 2024-03-22T00:00:00+00:00, run_after=2024-03-23T00:00:00+00:00
[2024-03-23T07:28:10.018+0000] {logging_mixin.py:154} INFO - [2024-03-23T07:28:10.018+0000] {dag.py:3722} INFO - Setting next_dagrun for example_branch_datetime_operator_3 to 2024-03-22T00:00:00+00:00, run_after=2024-03-23T00:00:00+00:00
[2024-03-23T07:28:10.031+0000] {processor.py:179} INFO - Processing /home/airflow/.local/lib/python3.8/site-packages/airflow/example_dags/example_branch_datetime_operator.py took 0.105 seconds
[2024-03-23T07:28:40.554+0000] {processor.py:157} INFO - Started process (PID=4459) to work on /home/airflow/.local/lib/python3.8/site-packages/airflow/example_dags/example_branch_datetime_operator.py
[2024-03-23T07:28:40.557+0000] {processor.py:829} INFO - Processing file /home/airflow/.local/lib/python3.8/site-packages/airflow/example_dags/example_branch_datetime_operator.py for tasks to queue
[2024-03-23T07:28:40.558+0000] {logging_mixin.py:154} INFO - [2024-03-23T07:28:40.558+0000] {dagbag.py:536} INFO - Filling up the DagBag from /home/airflow/.local/lib/python3.8/site-packages/airflow/example_dags/example_branch_datetime_operator.py
[2024-03-23T07:28:40.572+0000] {processor.py:839} INFO - DAG(s) dict_keys(['example_branch_datetime_operator', 'example_branch_datetime_operator_2', 'example_branch_datetime_operator_3']) retrieved from /home/airflow/.local/lib/python3.8/site-packages/airflow/example_dags/example_branch_datetime_operator.py
[2024-03-23T07:28:40.594+0000] {logging_mixin.py:154} INFO - [2024-03-23T07:28:40.593+0000] {dag.py:2941} INFO - Sync 3 DAGs
[2024-03-23T07:28:40.608+0000] {logging_mixin.py:154} INFO - [2024-03-23T07:28:40.608+0000] {dag.py:3722} INFO - Setting next_dagrun for example_branch_datetime_operator to 2024-03-22T00:00:00+00:00, run_after=2024-03-23T00:00:00+00:00
[2024-03-23T07:28:40.612+0000] {logging_mixin.py:154} INFO - [2024-03-23T07:28:40.612+0000] {dag.py:3722} INFO - Setting next_dagrun for example_branch_datetime_operator_2 to 2024-03-22T00:00:00+00:00, run_after=2024-03-23T00:00:00+00:00
[2024-03-23T07:28:40.614+0000] {logging_mixin.py:154} INFO - [2024-03-23T07:28:40.614+0000] {dag.py:3722} INFO - Setting next_dagrun for example_branch_datetime_operator_3 to 2024-03-22T00:00:00+00:00, run_after=2024-03-23T00:00:00+00:00
[2024-03-23T07:28:40.624+0000] {processor.py:179} INFO - Processing /home/airflow/.local/lib/python3.8/site-packages/airflow/example_dags/example_branch_datetime_operator.py took 0.073 seconds
[2024-03-23T07:29:11.607+0000] {processor.py:157} INFO - Started process (PID=4702) to work on /home/airflow/.local/lib/python3.8/site-packages/airflow/example_dags/example_branch_datetime_operator.py
[2024-03-23T07:29:11.607+0000] {processor.py:829} INFO - Processing file /home/airflow/.local/lib/python3.8/site-packages/airflow/example_dags/example_branch_datetime_operator.py for tasks to queue
[2024-03-23T07:29:11.608+0000] {logging_mixin.py:154} INFO - [2024-03-23T07:29:11.608+0000] {dagbag.py:536} INFO - Filling up the DagBag from /home/airflow/.local/lib/python3.8/site-packages/airflow/example_dags/example_branch_datetime_operator.py
[2024-03-23T07:29:11.613+0000] {processor.py:839} INFO - DAG(s) dict_keys(['example_branch_datetime_operator_2', 'example_branch_datetime_operator', 'example_branch_datetime_operator_3']) retrieved from /home/airflow/.local/lib/python3.8/site-packages/airflow/example_dags/example_branch_datetime_operator.py
[2024-03-23T07:29:11.626+0000] {logging_mixin.py:154} INFO - [2024-03-23T07:29:11.626+0000] {dag.py:2941} INFO - Sync 3 DAGs
[2024-03-23T07:29:11.637+0000] {logging_mixin.py:154} INFO - [2024-03-23T07:29:11.637+0000] {dag.py:3722} INFO - Setting next_dagrun for example_branch_datetime_operator to 2024-03-22T00:00:00+00:00, run_after=2024-03-23T00:00:00+00:00
[2024-03-23T07:29:11.639+0000] {logging_mixin.py:154} INFO - [2024-03-23T07:29:11.639+0000] {dag.py:3722} INFO - Setting next_dagrun for example_branch_datetime_operator_2 to 2024-03-22T00:00:00+00:00, run_after=2024-03-23T00:00:00+00:00
[2024-03-23T07:29:11.641+0000] {logging_mixin.py:154} INFO - [2024-03-23T07:29:11.641+0000] {dag.py:3722} INFO - Setting next_dagrun for example_branch_datetime_operator_3 to 2024-03-22T00:00:00+00:00, run_after=2024-03-23T00:00:00+00:00
[2024-03-23T07:29:11.649+0000] {processor.py:179} INFO - Processing /home/airflow/.local/lib/python3.8/site-packages/airflow/example_dags/example_branch_datetime_operator.py took 0.044 seconds
[2024-03-23T07:29:37.269+0000] {processor.py:157} INFO - Started process (PID=301) to work on /home/airflow/.local/lib/python3.8/site-packages/airflow/example_dags/example_branch_datetime_operator.py
[2024-03-23T07:29:37.270+0000] {processor.py:829} INFO - Processing file /home/airflow/.local/lib/python3.8/site-packages/airflow/example_dags/example_branch_datetime_operator.py for tasks to queue
[2024-03-23T07:29:37.270+0000] {logging_mixin.py:154} INFO - [2024-03-23T07:29:37.270+0000] {dagbag.py:536} INFO - Filling up the DagBag from /home/airflow/.local/lib/python3.8/site-packages/airflow/example_dags/example_branch_datetime_operator.py
[2024-03-23T07:29:37.275+0000] {processor.py:839} INFO - DAG(s) dict_keys(['example_branch_datetime_operator', 'example_branch_datetime_operator_3', 'example_branch_datetime_operator_2']) retrieved from /home/airflow/.local/lib/python3.8/site-packages/airflow/example_dags/example_branch_datetime_operator.py
[2024-03-23T07:29:37.291+0000] {logging_mixin.py:154} INFO - [2024-03-23T07:29:37.291+0000] {dag.py:2941} INFO - Sync 3 DAGs
[2024-03-23T07:29:37.308+0000] {logging_mixin.py:154} INFO - [2024-03-23T07:29:37.307+0000] {dag.py:3722} INFO - Setting next_dagrun for example_branch_datetime_operator to 2024-03-22T00:00:00+00:00, run_after=2024-03-23T00:00:00+00:00
[2024-03-23T07:29:37.310+0000] {logging_mixin.py:154} INFO - [2024-03-23T07:29:37.310+0000] {dag.py:3722} INFO - Setting next_dagrun for example_branch_datetime_operator_2 to 2024-03-22T00:00:00+00:00, run_after=2024-03-23T00:00:00+00:00
[2024-03-23T07:29:37.313+0000] {logging_mixin.py:154} INFO - [2024-03-23T07:29:37.313+0000] {dag.py:3722} INFO - Setting next_dagrun for example_branch_datetime_operator_3 to 2024-03-22T00:00:00+00:00, run_after=2024-03-23T00:00:00+00:00
[2024-03-23T07:29:37.322+0000] {processor.py:179} INFO - Processing /home/airflow/.local/lib/python3.8/site-packages/airflow/example_dags/example_branch_datetime_operator.py took 0.055 seconds
