[2024-03-23T07:19:32.624+0000] {processor.py:157} INFO - Started process (PID=187) to work on /home/airflow/.local/lib/python3.8/site-packages/airflow/example_dags/example_branch_python_dop_operator_3.py
[2024-03-23T07:19:32.625+0000] {processor.py:829} INFO - Processing file /home/airflow/.local/lib/python3.8/site-packages/airflow/example_dags/example_branch_python_dop_operator_3.py for tasks to queue
[2024-03-23T07:19:32.625+0000] {logging_mixin.py:154} INFO - [2024-03-23T07:19:32.625+0000] {dagbag.py:536} INFO - Filling up the DagBag from /home/airflow/.local/lib/python3.8/site-packages/airflow/example_dags/example_branch_python_dop_operator_3.py
[2024-03-23T07:19:32.633+0000] {processor.py:839} INFO - DAG(s) dict_keys(['example_branch_dop_operator_v3']) retrieved from /home/airflow/.local/lib/python3.8/site-packages/airflow/example_dags/example_branch_python_dop_operator_3.py
[2024-03-23T07:19:32.729+0000] {logging_mixin.py:154} INFO - [2024-03-23T07:19:32.729+0000] {manager.py:499} INFO - Created Permission View: %s
[2024-03-23T07:19:32.737+0000] {logging_mixin.py:154} INFO - [2024-03-23T07:19:32.736+0000] {manager.py:499} INFO - Created Permission View: %s
[2024-03-23T07:19:32.740+0000] {logging_mixin.py:154} INFO - [2024-03-23T07:19:32.740+0000] {manager.py:499} INFO - Created Permission View: %s
[2024-03-23T07:19:32.740+0000] {logging_mixin.py:154} INFO - [2024-03-23T07:19:32.740+0000] {dag.py:2941} INFO - Sync 1 DAGs
[2024-03-23T07:19:32.748+0000] {logging_mixin.py:154} INFO - [2024-03-23T07:19:32.748+0000] {dag.py:2963} INFO - Creating ORM DAG for example_branch_dop_operator_v3
[2024-03-23T07:19:32.757+0000] {logging_mixin.py:154} INFO - [2024-03-23T07:19:32.757+0000] {dag.py:3722} INFO - Setting next_dagrun for example_branch_dop_operator_v3 to 2024-03-23T07:18:00+00:00, run_after=2024-03-23T07:19:00+00:00
[2024-03-23T07:19:32.770+0000] {processor.py:179} INFO - Processing /home/airflow/.local/lib/python3.8/site-packages/airflow/example_dags/example_branch_python_dop_operator_3.py took 0.149 seconds
[2024-03-23T07:20:03.170+0000] {processor.py:157} INFO - Started process (PID=430) to work on /home/airflow/.local/lib/python3.8/site-packages/airflow/example_dags/example_branch_python_dop_operator_3.py
[2024-03-23T07:20:03.171+0000] {processor.py:829} INFO - Processing file /home/airflow/.local/lib/python3.8/site-packages/airflow/example_dags/example_branch_python_dop_operator_3.py for tasks to queue
[2024-03-23T07:20:03.172+0000] {logging_mixin.py:154} INFO - [2024-03-23T07:20:03.172+0000] {dagbag.py:536} INFO - Filling up the DagBag from /home/airflow/.local/lib/python3.8/site-packages/airflow/example_dags/example_branch_python_dop_operator_3.py
[2024-03-23T07:20:03.178+0000] {processor.py:839} INFO - DAG(s) dict_keys(['example_branch_dop_operator_v3']) retrieved from /home/airflow/.local/lib/python3.8/site-packages/airflow/example_dags/example_branch_python_dop_operator_3.py
[2024-03-23T07:20:03.200+0000] {logging_mixin.py:154} INFO - [2024-03-23T07:20:03.200+0000] {dag.py:2941} INFO - Sync 1 DAGs
[2024-03-23T07:20:03.222+0000] {logging_mixin.py:154} INFO - [2024-03-23T07:20:03.222+0000] {dag.py:3722} INFO - Setting next_dagrun for example_branch_dop_operator_v3 to 2024-03-23T07:19:00+00:00, run_after=2024-03-23T07:20:00+00:00
[2024-03-23T07:20:03.234+0000] {processor.py:179} INFO - Processing /home/airflow/.local/lib/python3.8/site-packages/airflow/example_dags/example_branch_python_dop_operator_3.py took 0.066 seconds
[2024-03-23T07:20:34.464+0000] {processor.py:157} INFO - Started process (PID=668) to work on /home/airflow/.local/lib/python3.8/site-packages/airflow/example_dags/example_branch_python_dop_operator_3.py
[2024-03-23T07:20:34.466+0000] {processor.py:829} INFO - Processing file /home/airflow/.local/lib/python3.8/site-packages/airflow/example_dags/example_branch_python_dop_operator_3.py for tasks to queue
[2024-03-23T07:20:34.470+0000] {logging_mixin.py:154} INFO - [2024-03-23T07:20:34.470+0000] {dagbag.py:536} INFO - Filling up the DagBag from /home/airflow/.local/lib/python3.8/site-packages/airflow/example_dags/example_branch_python_dop_operator_3.py
[2024-03-23T07:20:34.480+0000] {processor.py:839} INFO - DAG(s) dict_keys(['example_branch_dop_operator_v3']) retrieved from /home/airflow/.local/lib/python3.8/site-packages/airflow/example_dags/example_branch_python_dop_operator_3.py
[2024-03-23T07:20:34.552+0000] {logging_mixin.py:154} INFO - [2024-03-23T07:20:34.552+0000] {dag.py:2941} INFO - Sync 1 DAGs
[2024-03-23T07:20:34.569+0000] {logging_mixin.py:154} INFO - [2024-03-23T07:20:34.569+0000] {dag.py:3722} INFO - Setting next_dagrun for example_branch_dop_operator_v3 to 2024-03-23T07:19:00+00:00, run_after=2024-03-23T07:20:00+00:00
[2024-03-23T07:20:34.580+0000] {processor.py:179} INFO - Processing /home/airflow/.local/lib/python3.8/site-packages/airflow/example_dags/example_branch_python_dop_operator_3.py took 0.123 seconds
[2024-03-23T07:21:05.162+0000] {processor.py:157} INFO - Started process (PID=911) to work on /home/airflow/.local/lib/python3.8/site-packages/airflow/example_dags/example_branch_python_dop_operator_3.py
[2024-03-23T07:21:05.164+0000] {processor.py:829} INFO - Processing file /home/airflow/.local/lib/python3.8/site-packages/airflow/example_dags/example_branch_python_dop_operator_3.py for tasks to queue
[2024-03-23T07:21:05.164+0000] {logging_mixin.py:154} INFO - [2024-03-23T07:21:05.164+0000] {dagbag.py:536} INFO - Filling up the DagBag from /home/airflow/.local/lib/python3.8/site-packages/airflow/example_dags/example_branch_python_dop_operator_3.py
[2024-03-23T07:21:05.172+0000] {processor.py:839} INFO - DAG(s) dict_keys(['example_branch_dop_operator_v3']) retrieved from /home/airflow/.local/lib/python3.8/site-packages/airflow/example_dags/example_branch_python_dop_operator_3.py
[2024-03-23T07:21:05.193+0000] {logging_mixin.py:154} INFO - [2024-03-23T07:21:05.193+0000] {dag.py:2941} INFO - Sync 1 DAGs
[2024-03-23T07:21:05.211+0000] {logging_mixin.py:154} INFO - [2024-03-23T07:21:05.211+0000] {dag.py:3722} INFO - Setting next_dagrun for example_branch_dop_operator_v3 to 2024-03-23T07:20:00+00:00, run_after=2024-03-23T07:21:00+00:00
[2024-03-23T07:21:05.227+0000] {processor.py:179} INFO - Processing /home/airflow/.local/lib/python3.8/site-packages/airflow/example_dags/example_branch_python_dop_operator_3.py took 0.067 seconds
[2024-03-23T07:21:36.225+0000] {processor.py:157} INFO - Started process (PID=1156) to work on /home/airflow/.local/lib/python3.8/site-packages/airflow/example_dags/example_branch_python_dop_operator_3.py
[2024-03-23T07:21:36.226+0000] {processor.py:829} INFO - Processing file /home/airflow/.local/lib/python3.8/site-packages/airflow/example_dags/example_branch_python_dop_operator_3.py for tasks to queue
[2024-03-23T07:21:36.227+0000] {logging_mixin.py:154} INFO - [2024-03-23T07:21:36.227+0000] {dagbag.py:536} INFO - Filling up the DagBag from /home/airflow/.local/lib/python3.8/site-packages/airflow/example_dags/example_branch_python_dop_operator_3.py
[2024-03-23T07:21:36.233+0000] {processor.py:839} INFO - DAG(s) dict_keys(['example_branch_dop_operator_v3']) retrieved from /home/airflow/.local/lib/python3.8/site-packages/airflow/example_dags/example_branch_python_dop_operator_3.py
[2024-03-23T07:21:36.245+0000] {logging_mixin.py:154} INFO - [2024-03-23T07:21:36.245+0000] {dag.py:2941} INFO - Sync 1 DAGs
[2024-03-23T07:21:36.257+0000] {logging_mixin.py:154} INFO - [2024-03-23T07:21:36.257+0000] {dag.py:3722} INFO - Setting next_dagrun for example_branch_dop_operator_v3 to 2024-03-23T07:20:00+00:00, run_after=2024-03-23T07:21:00+00:00
[2024-03-23T07:21:36.266+0000] {processor.py:179} INFO - Processing /home/airflow/.local/lib/python3.8/site-packages/airflow/example_dags/example_branch_python_dop_operator_3.py took 0.044 seconds
[2024-03-23T07:22:06.578+0000] {processor.py:157} INFO - Started process (PID=1399) to work on /home/airflow/.local/lib/python3.8/site-packages/airflow/example_dags/example_branch_python_dop_operator_3.py
[2024-03-23T07:22:06.580+0000] {processor.py:829} INFO - Processing file /home/airflow/.local/lib/python3.8/site-packages/airflow/example_dags/example_branch_python_dop_operator_3.py for tasks to queue
[2024-03-23T07:22:06.581+0000] {logging_mixin.py:154} INFO - [2024-03-23T07:22:06.580+0000] {dagbag.py:536} INFO - Filling up the DagBag from /home/airflow/.local/lib/python3.8/site-packages/airflow/example_dags/example_branch_python_dop_operator_3.py
[2024-03-23T07:22:06.590+0000] {processor.py:839} INFO - DAG(s) dict_keys(['example_branch_dop_operator_v3']) retrieved from /home/airflow/.local/lib/python3.8/site-packages/airflow/example_dags/example_branch_python_dop_operator_3.py
[2024-03-23T07:22:06.610+0000] {logging_mixin.py:154} INFO - [2024-03-23T07:22:06.610+0000] {dag.py:2941} INFO - Sync 1 DAGs
[2024-03-23T07:22:06.625+0000] {logging_mixin.py:154} INFO - [2024-03-23T07:22:06.625+0000] {dag.py:3722} INFO - Setting next_dagrun for example_branch_dop_operator_v3 to 2024-03-23T07:21:00+00:00, run_after=2024-03-23T07:22:00+00:00
[2024-03-23T07:22:06.635+0000] {processor.py:179} INFO - Processing /home/airflow/.local/lib/python3.8/site-packages/airflow/example_dags/example_branch_python_dop_operator_3.py took 0.059 seconds
[2024-03-23T07:22:37.105+0000] {processor.py:157} INFO - Started process (PID=1648) to work on /home/airflow/.local/lib/python3.8/site-packages/airflow/example_dags/example_branch_python_dop_operator_3.py
[2024-03-23T07:22:37.107+0000] {processor.py:829} INFO - Processing file /home/airflow/.local/lib/python3.8/site-packages/airflow/example_dags/example_branch_python_dop_operator_3.py for tasks to queue
[2024-03-23T07:22:37.114+0000] {logging_mixin.py:154} INFO - [2024-03-23T07:22:37.113+0000] {dagbag.py:536} INFO - Filling up the DagBag from /home/airflow/.local/lib/python3.8/site-packages/airflow/example_dags/example_branch_python_dop_operator_3.py
[2024-03-23T07:22:37.140+0000] {processor.py:839} INFO - DAG(s) dict_keys(['example_branch_dop_operator_v3']) retrieved from /home/airflow/.local/lib/python3.8/site-packages/airflow/example_dags/example_branch_python_dop_operator_3.py
[2024-03-23T07:22:37.166+0000] {logging_mixin.py:154} INFO - [2024-03-23T07:22:37.166+0000] {dag.py:2941} INFO - Sync 1 DAGs
[2024-03-23T07:22:37.191+0000] {logging_mixin.py:154} INFO - [2024-03-23T07:22:37.191+0000] {dag.py:3722} INFO - Setting next_dagrun for example_branch_dop_operator_v3 to 2024-03-23T07:21:00+00:00, run_after=2024-03-23T07:22:00+00:00
[2024-03-23T07:22:37.212+0000] {processor.py:179} INFO - Processing /home/airflow/.local/lib/python3.8/site-packages/airflow/example_dags/example_branch_python_dop_operator_3.py took 0.111 seconds
[2024-03-23T07:23:07.649+0000] {processor.py:157} INFO - Started process (PID=1891) to work on /home/airflow/.local/lib/python3.8/site-packages/airflow/example_dags/example_branch_python_dop_operator_3.py
[2024-03-23T07:23:07.653+0000] {processor.py:829} INFO - Processing file /home/airflow/.local/lib/python3.8/site-packages/airflow/example_dags/example_branch_python_dop_operator_3.py for tasks to queue
[2024-03-23T07:23:07.655+0000] {logging_mixin.py:154} INFO - [2024-03-23T07:23:07.655+0000] {dagbag.py:536} INFO - Filling up the DagBag from /home/airflow/.local/lib/python3.8/site-packages/airflow/example_dags/example_branch_python_dop_operator_3.py
[2024-03-23T07:23:07.666+0000] {processor.py:839} INFO - DAG(s) dict_keys(['example_branch_dop_operator_v3']) retrieved from /home/airflow/.local/lib/python3.8/site-packages/airflow/example_dags/example_branch_python_dop_operator_3.py
[2024-03-23T07:23:07.683+0000] {logging_mixin.py:154} INFO - [2024-03-23T07:23:07.683+0000] {dag.py:2941} INFO - Sync 1 DAGs
[2024-03-23T07:23:07.698+0000] {logging_mixin.py:154} INFO - [2024-03-23T07:23:07.698+0000] {dag.py:3722} INFO - Setting next_dagrun for example_branch_dop_operator_v3 to 2024-03-23T07:22:00+00:00, run_after=2024-03-23T07:23:00+00:00
[2024-03-23T07:23:07.708+0000] {processor.py:179} INFO - Processing /home/airflow/.local/lib/python3.8/site-packages/airflow/example_dags/example_branch_python_dop_operator_3.py took 0.062 seconds
[2024-03-23T07:23:37.875+0000] {processor.py:157} INFO - Started process (PID=2135) to work on /home/airflow/.local/lib/python3.8/site-packages/airflow/example_dags/example_branch_python_dop_operator_3.py
[2024-03-23T07:23:37.876+0000] {processor.py:829} INFO - Processing file /home/airflow/.local/lib/python3.8/site-packages/airflow/example_dags/example_branch_python_dop_operator_3.py for tasks to queue
[2024-03-23T07:23:37.876+0000] {logging_mixin.py:154} INFO - [2024-03-23T07:23:37.876+0000] {dagbag.py:536} INFO - Filling up the DagBag from /home/airflow/.local/lib/python3.8/site-packages/airflow/example_dags/example_branch_python_dop_operator_3.py
[2024-03-23T07:23:37.881+0000] {processor.py:839} INFO - DAG(s) dict_keys(['example_branch_dop_operator_v3']) retrieved from /home/airflow/.local/lib/python3.8/site-packages/airflow/example_dags/example_branch_python_dop_operator_3.py
[2024-03-23T07:23:37.894+0000] {logging_mixin.py:154} INFO - [2024-03-23T07:23:37.893+0000] {dag.py:2941} INFO - Sync 1 DAGs
[2024-03-23T07:23:37.910+0000] {logging_mixin.py:154} INFO - [2024-03-23T07:23:37.909+0000] {dag.py:3722} INFO - Setting next_dagrun for example_branch_dop_operator_v3 to 2024-03-23T07:22:00+00:00, run_after=2024-03-23T07:23:00+00:00
[2024-03-23T07:23:37.931+0000] {processor.py:179} INFO - Processing /home/airflow/.local/lib/python3.8/site-packages/airflow/example_dags/example_branch_python_dop_operator_3.py took 0.058 seconds
[2024-03-23T07:24:08.419+0000] {processor.py:157} INFO - Started process (PID=2378) to work on /home/airflow/.local/lib/python3.8/site-packages/airflow/example_dags/example_branch_python_dop_operator_3.py
[2024-03-23T07:24:08.419+0000] {processor.py:829} INFO - Processing file /home/airflow/.local/lib/python3.8/site-packages/airflow/example_dags/example_branch_python_dop_operator_3.py for tasks to queue
[2024-03-23T07:24:08.420+0000] {logging_mixin.py:154} INFO - [2024-03-23T07:24:08.420+0000] {dagbag.py:536} INFO - Filling up the DagBag from /home/airflow/.local/lib/python3.8/site-packages/airflow/example_dags/example_branch_python_dop_operator_3.py
[2024-03-23T07:24:08.426+0000] {processor.py:839} INFO - DAG(s) dict_keys(['example_branch_dop_operator_v3']) retrieved from /home/airflow/.local/lib/python3.8/site-packages/airflow/example_dags/example_branch_python_dop_operator_3.py
[2024-03-23T07:24:08.438+0000] {logging_mixin.py:154} INFO - [2024-03-23T07:24:08.437+0000] {dag.py:2941} INFO - Sync 1 DAGs
[2024-03-23T07:24:08.452+0000] {logging_mixin.py:154} INFO - [2024-03-23T07:24:08.452+0000] {dag.py:3722} INFO - Setting next_dagrun for example_branch_dop_operator_v3 to 2024-03-23T07:23:00+00:00, run_after=2024-03-23T07:24:00+00:00
[2024-03-23T07:24:08.465+0000] {processor.py:179} INFO - Processing /home/airflow/.local/lib/python3.8/site-packages/airflow/example_dags/example_branch_python_dop_operator_3.py took 0.048 seconds
[2024-03-23T07:24:38.585+0000] {processor.py:157} INFO - Started process (PID=2619) to work on /home/airflow/.local/lib/python3.8/site-packages/airflow/example_dags/example_branch_python_dop_operator_3.py
[2024-03-23T07:24:38.586+0000] {processor.py:829} INFO - Processing file /home/airflow/.local/lib/python3.8/site-packages/airflow/example_dags/example_branch_python_dop_operator_3.py for tasks to queue
[2024-03-23T07:24:38.586+0000] {logging_mixin.py:154} INFO - [2024-03-23T07:24:38.586+0000] {dagbag.py:536} INFO - Filling up the DagBag from /home/airflow/.local/lib/python3.8/site-packages/airflow/example_dags/example_branch_python_dop_operator_3.py
[2024-03-23T07:24:38.594+0000] {processor.py:839} INFO - DAG(s) dict_keys(['example_branch_dop_operator_v3']) retrieved from /home/airflow/.local/lib/python3.8/site-packages/airflow/example_dags/example_branch_python_dop_operator_3.py
[2024-03-23T07:24:38.608+0000] {logging_mixin.py:154} INFO - [2024-03-23T07:24:38.608+0000] {dag.py:2941} INFO - Sync 1 DAGs
[2024-03-23T07:24:38.627+0000] {logging_mixin.py:154} INFO - [2024-03-23T07:24:38.627+0000] {dag.py:3722} INFO - Setting next_dagrun for example_branch_dop_operator_v3 to 2024-03-23T07:23:00+00:00, run_after=2024-03-23T07:24:00+00:00
[2024-03-23T07:24:38.637+0000] {processor.py:179} INFO - Processing /home/airflow/.local/lib/python3.8/site-packages/airflow/example_dags/example_branch_python_dop_operator_3.py took 0.054 seconds
[2024-03-23T07:25:09.606+0000] {processor.py:157} INFO - Started process (PID=2870) to work on /home/airflow/.local/lib/python3.8/site-packages/airflow/example_dags/example_branch_python_dop_operator_3.py
[2024-03-23T07:25:09.607+0000] {processor.py:829} INFO - Processing file /home/airflow/.local/lib/python3.8/site-packages/airflow/example_dags/example_branch_python_dop_operator_3.py for tasks to queue
[2024-03-23T07:25:09.608+0000] {logging_mixin.py:154} INFO - [2024-03-23T07:25:09.608+0000] {dagbag.py:536} INFO - Filling up the DagBag from /home/airflow/.local/lib/python3.8/site-packages/airflow/example_dags/example_branch_python_dop_operator_3.py
[2024-03-23T07:25:09.619+0000] {processor.py:839} INFO - DAG(s) dict_keys(['example_branch_dop_operator_v3']) retrieved from /home/airflow/.local/lib/python3.8/site-packages/airflow/example_dags/example_branch_python_dop_operator_3.py
[2024-03-23T07:25:09.638+0000] {logging_mixin.py:154} INFO - [2024-03-23T07:25:09.638+0000] {dag.py:2941} INFO - Sync 1 DAGs
[2024-03-23T07:25:09.661+0000] {logging_mixin.py:154} INFO - [2024-03-23T07:25:09.660+0000] {dag.py:3722} INFO - Setting next_dagrun for example_branch_dop_operator_v3 to 2024-03-23T07:24:00+00:00, run_after=2024-03-23T07:25:00+00:00
[2024-03-23T07:25:09.685+0000] {processor.py:179} INFO - Processing /home/airflow/.local/lib/python3.8/site-packages/airflow/example_dags/example_branch_python_dop_operator_3.py took 0.083 seconds
[2024-03-23T07:25:39.955+0000] {processor.py:157} INFO - Started process (PID=3118) to work on /home/airflow/.local/lib/python3.8/site-packages/airflow/example_dags/example_branch_python_dop_operator_3.py
[2024-03-23T07:25:39.956+0000] {processor.py:829} INFO - Processing file /home/airflow/.local/lib/python3.8/site-packages/airflow/example_dags/example_branch_python_dop_operator_3.py for tasks to queue
[2024-03-23T07:25:39.957+0000] {logging_mixin.py:154} INFO - [2024-03-23T07:25:39.957+0000] {dagbag.py:536} INFO - Filling up the DagBag from /home/airflow/.local/lib/python3.8/site-packages/airflow/example_dags/example_branch_python_dop_operator_3.py
[2024-03-23T07:25:39.964+0000] {processor.py:839} INFO - DAG(s) dict_keys(['example_branch_dop_operator_v3']) retrieved from /home/airflow/.local/lib/python3.8/site-packages/airflow/example_dags/example_branch_python_dop_operator_3.py
[2024-03-23T07:25:39.984+0000] {logging_mixin.py:154} INFO - [2024-03-23T07:25:39.984+0000] {dag.py:2941} INFO - Sync 1 DAGs
[2024-03-23T07:25:40.033+0000] {logging_mixin.py:154} INFO - [2024-03-23T07:25:40.033+0000] {dag.py:3722} INFO - Setting next_dagrun for example_branch_dop_operator_v3 to 2024-03-23T07:24:00+00:00, run_after=2024-03-23T07:25:00+00:00
[2024-03-23T07:25:40.067+0000] {processor.py:179} INFO - Processing /home/airflow/.local/lib/python3.8/site-packages/airflow/example_dags/example_branch_python_dop_operator_3.py took 0.115 seconds
[2024-03-23T07:26:11.837+0000] {processor.py:157} INFO - Started process (PID=3360) to work on /home/airflow/.local/lib/python3.8/site-packages/airflow/example_dags/example_branch_python_dop_operator_3.py
[2024-03-23T07:26:11.838+0000] {processor.py:829} INFO - Processing file /home/airflow/.local/lib/python3.8/site-packages/airflow/example_dags/example_branch_python_dop_operator_3.py for tasks to queue
[2024-03-23T07:26:11.839+0000] {logging_mixin.py:154} INFO - [2024-03-23T07:26:11.839+0000] {dagbag.py:536} INFO - Filling up the DagBag from /home/airflow/.local/lib/python3.8/site-packages/airflow/example_dags/example_branch_python_dop_operator_3.py
[2024-03-23T07:26:11.871+0000] {processor.py:839} INFO - DAG(s) dict_keys(['example_branch_dop_operator_v3']) retrieved from /home/airflow/.local/lib/python3.8/site-packages/airflow/example_dags/example_branch_python_dop_operator_3.py
[2024-03-23T07:26:11.891+0000] {logging_mixin.py:154} INFO - [2024-03-23T07:26:11.890+0000] {dag.py:2941} INFO - Sync 1 DAGs
[2024-03-23T07:26:11.923+0000] {logging_mixin.py:154} INFO - [2024-03-23T07:26:11.923+0000] {dag.py:3722} INFO - Setting next_dagrun for example_branch_dop_operator_v3 to 2024-03-23T07:25:00+00:00, run_after=2024-03-23T07:26:00+00:00
[2024-03-23T07:26:11.957+0000] {processor.py:179} INFO - Processing /home/airflow/.local/lib/python3.8/site-packages/airflow/example_dags/example_branch_python_dop_operator_3.py took 0.126 seconds
[2024-03-23T07:26:43.210+0000] {processor.py:157} INFO - Started process (PID=3605) to work on /home/airflow/.local/lib/python3.8/site-packages/airflow/example_dags/example_branch_python_dop_operator_3.py
[2024-03-23T07:26:43.213+0000] {processor.py:829} INFO - Processing file /home/airflow/.local/lib/python3.8/site-packages/airflow/example_dags/example_branch_python_dop_operator_3.py for tasks to queue
[2024-03-23T07:26:43.213+0000] {logging_mixin.py:154} INFO - [2024-03-23T07:26:43.213+0000] {dagbag.py:536} INFO - Filling up the DagBag from /home/airflow/.local/lib/python3.8/site-packages/airflow/example_dags/example_branch_python_dop_operator_3.py
[2024-03-23T07:26:43.231+0000] {processor.py:839} INFO - DAG(s) dict_keys(['example_branch_dop_operator_v3']) retrieved from /home/airflow/.local/lib/python3.8/site-packages/airflow/example_dags/example_branch_python_dop_operator_3.py
[2024-03-23T07:26:43.256+0000] {logging_mixin.py:154} INFO - [2024-03-23T07:26:43.256+0000] {dag.py:2941} INFO - Sync 1 DAGs
[2024-03-23T07:26:43.282+0000] {logging_mixin.py:154} INFO - [2024-03-23T07:26:43.281+0000] {dag.py:3722} INFO - Setting next_dagrun for example_branch_dop_operator_v3 to 2024-03-23T07:25:00+00:00, run_after=2024-03-23T07:26:00+00:00
[2024-03-23T07:26:43.293+0000] {processor.py:179} INFO - Processing /home/airflow/.local/lib/python3.8/site-packages/airflow/example_dags/example_branch_python_dop_operator_3.py took 0.092 seconds
[2024-03-23T07:27:13.912+0000] {processor.py:157} INFO - Started process (PID=3846) to work on /home/airflow/.local/lib/python3.8/site-packages/airflow/example_dags/example_branch_python_dop_operator_3.py
[2024-03-23T07:27:13.913+0000] {processor.py:829} INFO - Processing file /home/airflow/.local/lib/python3.8/site-packages/airflow/example_dags/example_branch_python_dop_operator_3.py for tasks to queue
[2024-03-23T07:27:13.914+0000] {logging_mixin.py:154} INFO - [2024-03-23T07:27:13.914+0000] {dagbag.py:536} INFO - Filling up the DagBag from /home/airflow/.local/lib/python3.8/site-packages/airflow/example_dags/example_branch_python_dop_operator_3.py
[2024-03-23T07:27:13.927+0000] {processor.py:839} INFO - DAG(s) dict_keys(['example_branch_dop_operator_v3']) retrieved from /home/airflow/.local/lib/python3.8/site-packages/airflow/example_dags/example_branch_python_dop_operator_3.py
[2024-03-23T07:27:14.012+0000] {logging_mixin.py:154} INFO - [2024-03-23T07:27:14.011+0000] {dag.py:2941} INFO - Sync 1 DAGs
[2024-03-23T07:27:14.049+0000] {logging_mixin.py:154} INFO - [2024-03-23T07:27:14.049+0000] {dag.py:3722} INFO - Setting next_dagrun for example_branch_dop_operator_v3 to 2024-03-23T07:26:00+00:00, run_after=2024-03-23T07:27:00+00:00
[2024-03-23T07:27:14.093+0000] {processor.py:179} INFO - Processing /home/airflow/.local/lib/python3.8/site-packages/airflow/example_dags/example_branch_python_dop_operator_3.py took 0.184 seconds
[2024-03-23T07:27:44.322+0000] {processor.py:157} INFO - Started process (PID=4091) to work on /home/airflow/.local/lib/python3.8/site-packages/airflow/example_dags/example_branch_python_dop_operator_3.py
[2024-03-23T07:27:44.326+0000] {processor.py:829} INFO - Processing file /home/airflow/.local/lib/python3.8/site-packages/airflow/example_dags/example_branch_python_dop_operator_3.py for tasks to queue
[2024-03-23T07:27:44.329+0000] {logging_mixin.py:154} INFO - [2024-03-23T07:27:44.328+0000] {dagbag.py:536} INFO - Filling up the DagBag from /home/airflow/.local/lib/python3.8/site-packages/airflow/example_dags/example_branch_python_dop_operator_3.py
[2024-03-23T07:27:44.341+0000] {processor.py:839} INFO - DAG(s) dict_keys(['example_branch_dop_operator_v3']) retrieved from /home/airflow/.local/lib/python3.8/site-packages/airflow/example_dags/example_branch_python_dop_operator_3.py
[2024-03-23T07:27:44.359+0000] {logging_mixin.py:154} INFO - [2024-03-23T07:27:44.359+0000] {dag.py:2941} INFO - Sync 1 DAGs
[2024-03-23T07:27:44.378+0000] {logging_mixin.py:154} INFO - [2024-03-23T07:27:44.378+0000] {dag.py:3722} INFO - Setting next_dagrun for example_branch_dop_operator_v3 to 2024-03-23T07:26:00+00:00, run_after=2024-03-23T07:27:00+00:00
[2024-03-23T07:27:44.390+0000] {processor.py:179} INFO - Processing /home/airflow/.local/lib/python3.8/site-packages/airflow/example_dags/example_branch_python_dop_operator_3.py took 0.070 seconds
[2024-03-23T07:28:15.261+0000] {processor.py:157} INFO - Started process (PID=4334) to work on /home/airflow/.local/lib/python3.8/site-packages/airflow/example_dags/example_branch_python_dop_operator_3.py
[2024-03-23T07:28:15.263+0000] {processor.py:829} INFO - Processing file /home/airflow/.local/lib/python3.8/site-packages/airflow/example_dags/example_branch_python_dop_operator_3.py for tasks to queue
[2024-03-23T07:28:15.263+0000] {logging_mixin.py:154} INFO - [2024-03-23T07:28:15.263+0000] {dagbag.py:536} INFO - Filling up the DagBag from /home/airflow/.local/lib/python3.8/site-packages/airflow/example_dags/example_branch_python_dop_operator_3.py
[2024-03-23T07:28:15.270+0000] {processor.py:839} INFO - DAG(s) dict_keys(['example_branch_dop_operator_v3']) retrieved from /home/airflow/.local/lib/python3.8/site-packages/airflow/example_dags/example_branch_python_dop_operator_3.py
[2024-03-23T07:28:15.290+0000] {logging_mixin.py:154} INFO - [2024-03-23T07:28:15.290+0000] {dag.py:2941} INFO - Sync 1 DAGs
[2024-03-23T07:28:15.309+0000] {logging_mixin.py:154} INFO - [2024-03-23T07:28:15.309+0000] {dag.py:3722} INFO - Setting next_dagrun for example_branch_dop_operator_v3 to 2024-03-23T07:27:00+00:00, run_after=2024-03-23T07:28:00+00:00
[2024-03-23T07:28:15.336+0000] {processor.py:179} INFO - Processing /home/airflow/.local/lib/python3.8/site-packages/airflow/example_dags/example_branch_python_dop_operator_3.py took 0.078 seconds
[2024-03-23T07:28:45.618+0000] {processor.py:157} INFO - Started process (PID=4577) to work on /home/airflow/.local/lib/python3.8/site-packages/airflow/example_dags/example_branch_python_dop_operator_3.py
[2024-03-23T07:28:45.620+0000] {processor.py:829} INFO - Processing file /home/airflow/.local/lib/python3.8/site-packages/airflow/example_dags/example_branch_python_dop_operator_3.py for tasks to queue
[2024-03-23T07:28:45.621+0000] {logging_mixin.py:154} INFO - [2024-03-23T07:28:45.620+0000] {dagbag.py:536} INFO - Filling up the DagBag from /home/airflow/.local/lib/python3.8/site-packages/airflow/example_dags/example_branch_python_dop_operator_3.py
[2024-03-23T07:28:45.628+0000] {processor.py:839} INFO - DAG(s) dict_keys(['example_branch_dop_operator_v3']) retrieved from /home/airflow/.local/lib/python3.8/site-packages/airflow/example_dags/example_branch_python_dop_operator_3.py
[2024-03-23T07:28:45.648+0000] {logging_mixin.py:154} INFO - [2024-03-23T07:28:45.648+0000] {dag.py:2941} INFO - Sync 1 DAGs
[2024-03-23T07:28:45.668+0000] {logging_mixin.py:154} INFO - [2024-03-23T07:28:45.668+0000] {dag.py:3722} INFO - Setting next_dagrun for example_branch_dop_operator_v3 to 2024-03-23T07:27:00+00:00, run_after=2024-03-23T07:28:00+00:00
[2024-03-23T07:28:45.684+0000] {processor.py:179} INFO - Processing /home/airflow/.local/lib/python3.8/site-packages/airflow/example_dags/example_branch_python_dop_operator_3.py took 0.069 seconds
[2024-03-23T07:29:36.449+0000] {processor.py:157} INFO - Started process (PID=186) to work on /home/airflow/.local/lib/python3.8/site-packages/airflow/example_dags/example_branch_python_dop_operator_3.py
[2024-03-23T07:29:36.451+0000] {processor.py:829} INFO - Processing file /home/airflow/.local/lib/python3.8/site-packages/airflow/example_dags/example_branch_python_dop_operator_3.py for tasks to queue
[2024-03-23T07:29:36.453+0000] {logging_mixin.py:154} INFO - [2024-03-23T07:29:36.453+0000] {dagbag.py:536} INFO - Filling up the DagBag from /home/airflow/.local/lib/python3.8/site-packages/airflow/example_dags/example_branch_python_dop_operator_3.py
[2024-03-23T07:29:36.459+0000] {processor.py:839} INFO - DAG(s) dict_keys(['example_branch_dop_operator_v3']) retrieved from /home/airflow/.local/lib/python3.8/site-packages/airflow/example_dags/example_branch_python_dop_operator_3.py
[2024-03-23T07:29:36.471+0000] {logging_mixin.py:154} INFO - [2024-03-23T07:29:36.471+0000] {dag.py:2941} INFO - Sync 1 DAGs
[2024-03-23T07:29:36.485+0000] {logging_mixin.py:154} INFO - [2024-03-23T07:29:36.485+0000] {dag.py:3722} INFO - Setting next_dagrun for example_branch_dop_operator_v3 to 2024-03-23T07:28:00+00:00, run_after=2024-03-23T07:29:00+00:00
[2024-03-23T07:29:36.495+0000] {processor.py:179} INFO - Processing /home/airflow/.local/lib/python3.8/site-packages/airflow/example_dags/example_branch_python_dop_operator_3.py took 0.048 seconds
