[2024-03-23T07:19:33.714+0000] {processor.py:157} INFO - Started process (PID=262) to work on /home/airflow/.local/lib/python3.8/site-packages/airflow/example_dags/tutorial_taskflow_api.py
[2024-03-23T07:19:33.715+0000] {processor.py:829} INFO - Processing file /home/airflow/.local/lib/python3.8/site-packages/airflow/example_dags/tutorial_taskflow_api.py for tasks to queue
[2024-03-23T07:19:33.715+0000] {logging_mixin.py:154} INFO - [2024-03-23T07:19:33.715+0000] {dagbag.py:536} INFO - Filling up the DagBag from /home/airflow/.local/lib/python3.8/site-packages/airflow/example_dags/tutorial_taskflow_api.py
[2024-03-23T07:19:33.723+0000] {processor.py:839} INFO - DAG(s) dict_keys(['tutorial_taskflow_api']) retrieved from /home/airflow/.local/lib/python3.8/site-packages/airflow/example_dags/tutorial_taskflow_api.py
[2024-03-23T07:19:33.786+0000] {logging_mixin.py:154} INFO - [2024-03-23T07:19:33.786+0000] {manager.py:499} INFO - Created Permission View: %s
[2024-03-23T07:19:33.791+0000] {logging_mixin.py:154} INFO - [2024-03-23T07:19:33.791+0000] {manager.py:499} INFO - Created Permission View: %s
[2024-03-23T07:19:33.794+0000] {logging_mixin.py:154} INFO - [2024-03-23T07:19:33.794+0000] {manager.py:499} INFO - Created Permission View: %s
[2024-03-23T07:19:33.794+0000] {logging_mixin.py:154} INFO - [2024-03-23T07:19:33.794+0000] {dag.py:2941} INFO - Sync 1 DAGs
[2024-03-23T07:19:33.803+0000] {logging_mixin.py:154} INFO - [2024-03-23T07:19:33.803+0000] {dag.py:2963} INFO - Creating ORM DAG for tutorial_taskflow_api
[2024-03-23T07:19:33.804+0000] {logging_mixin.py:154} INFO - [2024-03-23T07:19:33.804+0000] {dag.py:3722} INFO - Setting next_dagrun for tutorial_taskflow_api to None, run_after=None
[2024-03-23T07:19:33.816+0000] {processor.py:179} INFO - Processing /home/airflow/.local/lib/python3.8/site-packages/airflow/example_dags/tutorial_taskflow_api.py took 0.105 seconds
[2024-03-23T07:20:04.671+0000] {processor.py:157} INFO - Started process (PID=507) to work on /home/airflow/.local/lib/python3.8/site-packages/airflow/example_dags/tutorial_taskflow_api.py
[2024-03-23T07:20:04.672+0000] {processor.py:829} INFO - Processing file /home/airflow/.local/lib/python3.8/site-packages/airflow/example_dags/tutorial_taskflow_api.py for tasks to queue
[2024-03-23T07:20:04.673+0000] {logging_mixin.py:154} INFO - [2024-03-23T07:20:04.672+0000] {dagbag.py:536} INFO - Filling up the DagBag from /home/airflow/.local/lib/python3.8/site-packages/airflow/example_dags/tutorial_taskflow_api.py
[2024-03-23T07:20:04.678+0000] {processor.py:839} INFO - DAG(s) dict_keys(['tutorial_taskflow_api']) retrieved from /home/airflow/.local/lib/python3.8/site-packages/airflow/example_dags/tutorial_taskflow_api.py
[2024-03-23T07:20:04.690+0000] {logging_mixin.py:154} INFO - [2024-03-23T07:20:04.690+0000] {dag.py:2941} INFO - Sync 1 DAGs
[2024-03-23T07:20:04.697+0000] {logging_mixin.py:154} INFO - [2024-03-23T07:20:04.697+0000] {dag.py:3722} INFO - Setting next_dagrun for tutorial_taskflow_api to None, run_after=None
[2024-03-23T07:20:04.712+0000] {processor.py:179} INFO - Processing /home/airflow/.local/lib/python3.8/site-packages/airflow/example_dags/tutorial_taskflow_api.py took 0.043 seconds
[2024-03-23T07:20:35.761+0000] {processor.py:157} INFO - Started process (PID=748) to work on /home/airflow/.local/lib/python3.8/site-packages/airflow/example_dags/tutorial_taskflow_api.py
[2024-03-23T07:20:35.763+0000] {processor.py:829} INFO - Processing file /home/airflow/.local/lib/python3.8/site-packages/airflow/example_dags/tutorial_taskflow_api.py for tasks to queue
[2024-03-23T07:20:35.765+0000] {logging_mixin.py:154} INFO - [2024-03-23T07:20:35.764+0000] {dagbag.py:536} INFO - Filling up the DagBag from /home/airflow/.local/lib/python3.8/site-packages/airflow/example_dags/tutorial_taskflow_api.py
[2024-03-23T07:20:35.776+0000] {processor.py:839} INFO - DAG(s) dict_keys(['tutorial_taskflow_api']) retrieved from /home/airflow/.local/lib/python3.8/site-packages/airflow/example_dags/tutorial_taskflow_api.py
[2024-03-23T07:20:35.788+0000] {logging_mixin.py:154} INFO - [2024-03-23T07:20:35.788+0000] {dag.py:2941} INFO - Sync 1 DAGs
[2024-03-23T07:20:35.795+0000] {logging_mixin.py:154} INFO - [2024-03-23T07:20:35.795+0000] {dag.py:3722} INFO - Setting next_dagrun for tutorial_taskflow_api to None, run_after=None
[2024-03-23T07:20:35.809+0000] {processor.py:179} INFO - Processing /home/airflow/.local/lib/python3.8/site-packages/airflow/example_dags/tutorial_taskflow_api.py took 0.050 seconds
[2024-03-23T07:21:06.249+0000] {processor.py:157} INFO - Started process (PID=991) to work on /home/airflow/.local/lib/python3.8/site-packages/airflow/example_dags/tutorial_taskflow_api.py
[2024-03-23T07:21:06.250+0000] {processor.py:829} INFO - Processing file /home/airflow/.local/lib/python3.8/site-packages/airflow/example_dags/tutorial_taskflow_api.py for tasks to queue
[2024-03-23T07:21:06.250+0000] {logging_mixin.py:154} INFO - [2024-03-23T07:21:06.250+0000] {dagbag.py:536} INFO - Filling up the DagBag from /home/airflow/.local/lib/python3.8/site-packages/airflow/example_dags/tutorial_taskflow_api.py
[2024-03-23T07:21:06.261+0000] {processor.py:839} INFO - DAG(s) dict_keys(['tutorial_taskflow_api']) retrieved from /home/airflow/.local/lib/python3.8/site-packages/airflow/example_dags/tutorial_taskflow_api.py
[2024-03-23T07:21:06.278+0000] {logging_mixin.py:154} INFO - [2024-03-23T07:21:06.278+0000] {dag.py:2941} INFO - Sync 1 DAGs
[2024-03-23T07:21:06.285+0000] {logging_mixin.py:154} INFO - [2024-03-23T07:21:06.285+0000] {dag.py:3722} INFO - Setting next_dagrun for tutorial_taskflow_api to None, run_after=None
[2024-03-23T07:21:06.294+0000] {processor.py:179} INFO - Processing /home/airflow/.local/lib/python3.8/site-packages/airflow/example_dags/tutorial_taskflow_api.py took 0.046 seconds
[2024-03-23T07:21:37.197+0000] {processor.py:157} INFO - Started process (PID=1234) to work on /home/airflow/.local/lib/python3.8/site-packages/airflow/example_dags/tutorial_taskflow_api.py
[2024-03-23T07:21:37.199+0000] {processor.py:829} INFO - Processing file /home/airflow/.local/lib/python3.8/site-packages/airflow/example_dags/tutorial_taskflow_api.py for tasks to queue
[2024-03-23T07:21:37.200+0000] {logging_mixin.py:154} INFO - [2024-03-23T07:21:37.200+0000] {dagbag.py:536} INFO - Filling up the DagBag from /home/airflow/.local/lib/python3.8/site-packages/airflow/example_dags/tutorial_taskflow_api.py
[2024-03-23T07:21:37.209+0000] {processor.py:839} INFO - DAG(s) dict_keys(['tutorial_taskflow_api']) retrieved from /home/airflow/.local/lib/python3.8/site-packages/airflow/example_dags/tutorial_taskflow_api.py
[2024-03-23T07:21:37.272+0000] {logging_mixin.py:154} INFO - [2024-03-23T07:21:37.272+0000] {dag.py:2941} INFO - Sync 1 DAGs
[2024-03-23T07:21:37.283+0000] {logging_mixin.py:154} INFO - [2024-03-23T07:21:37.283+0000] {dag.py:3722} INFO - Setting next_dagrun for tutorial_taskflow_api to None, run_after=None
[2024-03-23T07:21:37.296+0000] {processor.py:179} INFO - Processing /home/airflow/.local/lib/python3.8/site-packages/airflow/example_dags/tutorial_taskflow_api.py took 0.103 seconds
[2024-03-23T07:22:07.809+0000] {processor.py:157} INFO - Started process (PID=1480) to work on /home/airflow/.local/lib/python3.8/site-packages/airflow/example_dags/tutorial_taskflow_api.py
[2024-03-23T07:22:07.810+0000] {processor.py:829} INFO - Processing file /home/airflow/.local/lib/python3.8/site-packages/airflow/example_dags/tutorial_taskflow_api.py for tasks to queue
[2024-03-23T07:22:07.811+0000] {logging_mixin.py:154} INFO - [2024-03-23T07:22:07.811+0000] {dagbag.py:536} INFO - Filling up the DagBag from /home/airflow/.local/lib/python3.8/site-packages/airflow/example_dags/tutorial_taskflow_api.py
[2024-03-23T07:22:07.816+0000] {processor.py:839} INFO - DAG(s) dict_keys(['tutorial_taskflow_api']) retrieved from /home/airflow/.local/lib/python3.8/site-packages/airflow/example_dags/tutorial_taskflow_api.py
[2024-03-23T07:22:07.845+0000] {logging_mixin.py:154} INFO - [2024-03-23T07:22:07.845+0000] {dag.py:2941} INFO - Sync 1 DAGs
[2024-03-23T07:22:07.868+0000] {logging_mixin.py:154} INFO - [2024-03-23T07:22:07.868+0000] {dag.py:3722} INFO - Setting next_dagrun for tutorial_taskflow_api to None, run_after=None
[2024-03-23T07:22:07.884+0000] {processor.py:179} INFO - Processing /home/airflow/.local/lib/python3.8/site-packages/airflow/example_dags/tutorial_taskflow_api.py took 0.077 seconds
[2024-03-23T07:22:38.345+0000] {processor.py:157} INFO - Started process (PID=1728) to work on /home/airflow/.local/lib/python3.8/site-packages/airflow/example_dags/tutorial_taskflow_api.py
[2024-03-23T07:22:38.346+0000] {processor.py:829} INFO - Processing file /home/airflow/.local/lib/python3.8/site-packages/airflow/example_dags/tutorial_taskflow_api.py for tasks to queue
[2024-03-23T07:22:38.347+0000] {logging_mixin.py:154} INFO - [2024-03-23T07:22:38.347+0000] {dagbag.py:536} INFO - Filling up the DagBag from /home/airflow/.local/lib/python3.8/site-packages/airflow/example_dags/tutorial_taskflow_api.py
[2024-03-23T07:22:38.351+0000] {processor.py:839} INFO - DAG(s) dict_keys(['tutorial_taskflow_api']) retrieved from /home/airflow/.local/lib/python3.8/site-packages/airflow/example_dags/tutorial_taskflow_api.py
[2024-03-23T07:22:38.365+0000] {logging_mixin.py:154} INFO - [2024-03-23T07:22:38.365+0000] {dag.py:2941} INFO - Sync 1 DAGs
[2024-03-23T07:22:38.373+0000] {logging_mixin.py:154} INFO - [2024-03-23T07:22:38.372+0000] {dag.py:3722} INFO - Setting next_dagrun for tutorial_taskflow_api to None, run_after=None
[2024-03-23T07:22:38.385+0000] {processor.py:179} INFO - Processing /home/airflow/.local/lib/python3.8/site-packages/airflow/example_dags/tutorial_taskflow_api.py took 0.041 seconds
[2024-03-23T07:23:09.615+0000] {processor.py:157} INFO - Started process (PID=1971) to work on /home/airflow/.local/lib/python3.8/site-packages/airflow/example_dags/tutorial_taskflow_api.py
[2024-03-23T07:23:09.616+0000] {processor.py:829} INFO - Processing file /home/airflow/.local/lib/python3.8/site-packages/airflow/example_dags/tutorial_taskflow_api.py for tasks to queue
[2024-03-23T07:23:09.616+0000] {logging_mixin.py:154} INFO - [2024-03-23T07:23:09.616+0000] {dagbag.py:536} INFO - Filling up the DagBag from /home/airflow/.local/lib/python3.8/site-packages/airflow/example_dags/tutorial_taskflow_api.py
[2024-03-23T07:23:09.620+0000] {processor.py:839} INFO - DAG(s) dict_keys(['tutorial_taskflow_api']) retrieved from /home/airflow/.local/lib/python3.8/site-packages/airflow/example_dags/tutorial_taskflow_api.py
[2024-03-23T07:23:09.633+0000] {logging_mixin.py:154} INFO - [2024-03-23T07:23:09.633+0000] {dag.py:2941} INFO - Sync 1 DAGs
[2024-03-23T07:23:09.640+0000] {logging_mixin.py:154} INFO - [2024-03-23T07:23:09.640+0000] {dag.py:3722} INFO - Setting next_dagrun for tutorial_taskflow_api to None, run_after=None
[2024-03-23T07:23:09.649+0000] {processor.py:179} INFO - Processing /home/airflow/.local/lib/python3.8/site-packages/airflow/example_dags/tutorial_taskflow_api.py took 0.035 seconds
[2024-03-23T07:23:41.038+0000] {processor.py:157} INFO - Started process (PID=2213) to work on /home/airflow/.local/lib/python3.8/site-packages/airflow/example_dags/tutorial_taskflow_api.py
[2024-03-23T07:23:41.042+0000] {processor.py:829} INFO - Processing file /home/airflow/.local/lib/python3.8/site-packages/airflow/example_dags/tutorial_taskflow_api.py for tasks to queue
[2024-03-23T07:23:41.047+0000] {logging_mixin.py:154} INFO - [2024-03-23T07:23:41.046+0000] {dagbag.py:536} INFO - Filling up the DagBag from /home/airflow/.local/lib/python3.8/site-packages/airflow/example_dags/tutorial_taskflow_api.py
[2024-03-23T07:23:41.062+0000] {processor.py:839} INFO - DAG(s) dict_keys(['tutorial_taskflow_api']) retrieved from /home/airflow/.local/lib/python3.8/site-packages/airflow/example_dags/tutorial_taskflow_api.py
[2024-03-23T07:23:41.082+0000] {logging_mixin.py:154} INFO - [2024-03-23T07:23:41.082+0000] {dag.py:2941} INFO - Sync 1 DAGs
[2024-03-23T07:23:41.112+0000] {logging_mixin.py:154} INFO - [2024-03-23T07:23:41.111+0000] {dag.py:3722} INFO - Setting next_dagrun for tutorial_taskflow_api to None, run_after=None
[2024-03-23T07:23:41.172+0000] {processor.py:179} INFO - Processing /home/airflow/.local/lib/python3.8/site-packages/airflow/example_dags/tutorial_taskflow_api.py took 0.140 seconds
[2024-03-23T07:24:13.461+0000] {processor.py:157} INFO - Started process (PID=2458) to work on /home/airflow/.local/lib/python3.8/site-packages/airflow/example_dags/tutorial_taskflow_api.py
[2024-03-23T07:24:13.463+0000] {processor.py:829} INFO - Processing file /home/airflow/.local/lib/python3.8/site-packages/airflow/example_dags/tutorial_taskflow_api.py for tasks to queue
[2024-03-23T07:24:13.463+0000] {logging_mixin.py:154} INFO - [2024-03-23T07:24:13.463+0000] {dagbag.py:536} INFO - Filling up the DagBag from /home/airflow/.local/lib/python3.8/site-packages/airflow/example_dags/tutorial_taskflow_api.py
[2024-03-23T07:24:13.469+0000] {processor.py:839} INFO - DAG(s) dict_keys(['tutorial_taskflow_api']) retrieved from /home/airflow/.local/lib/python3.8/site-packages/airflow/example_dags/tutorial_taskflow_api.py
[2024-03-23T07:24:13.513+0000] {logging_mixin.py:154} INFO - [2024-03-23T07:24:13.513+0000] {dag.py:2941} INFO - Sync 1 DAGs
[2024-03-23T07:24:13.525+0000] {logging_mixin.py:154} INFO - [2024-03-23T07:24:13.524+0000] {dag.py:3722} INFO - Setting next_dagrun for tutorial_taskflow_api to None, run_after=None
[2024-03-23T07:24:13.556+0000] {processor.py:179} INFO - Processing /home/airflow/.local/lib/python3.8/site-packages/airflow/example_dags/tutorial_taskflow_api.py took 0.100 seconds
[2024-03-23T07:24:45.963+0000] {processor.py:157} INFO - Started process (PID=2699) to work on /home/airflow/.local/lib/python3.8/site-packages/airflow/example_dags/tutorial_taskflow_api.py
[2024-03-23T07:24:45.967+0000] {processor.py:829} INFO - Processing file /home/airflow/.local/lib/python3.8/site-packages/airflow/example_dags/tutorial_taskflow_api.py for tasks to queue
[2024-03-23T07:24:45.968+0000] {logging_mixin.py:154} INFO - [2024-03-23T07:24:45.967+0000] {dagbag.py:536} INFO - Filling up the DagBag from /home/airflow/.local/lib/python3.8/site-packages/airflow/example_dags/tutorial_taskflow_api.py
[2024-03-23T07:24:45.988+0000] {processor.py:839} INFO - DAG(s) dict_keys(['tutorial_taskflow_api']) retrieved from /home/airflow/.local/lib/python3.8/site-packages/airflow/example_dags/tutorial_taskflow_api.py
[2024-03-23T07:24:46.011+0000] {logging_mixin.py:154} INFO - [2024-03-23T07:24:46.011+0000] {dag.py:2941} INFO - Sync 1 DAGs
[2024-03-23T07:24:46.025+0000] {logging_mixin.py:154} INFO - [2024-03-23T07:24:46.025+0000] {dag.py:3722} INFO - Setting next_dagrun for tutorial_taskflow_api to None, run_after=None
[2024-03-23T07:24:46.052+0000] {processor.py:179} INFO - Processing /home/airflow/.local/lib/python3.8/site-packages/airflow/example_dags/tutorial_taskflow_api.py took 0.092 seconds
[2024-03-23T07:25:21.120+0000] {processor.py:157} INFO - Started process (PID=2950) to work on /home/airflow/.local/lib/python3.8/site-packages/airflow/example_dags/tutorial_taskflow_api.py
[2024-03-23T07:25:21.123+0000] {processor.py:829} INFO - Processing file /home/airflow/.local/lib/python3.8/site-packages/airflow/example_dags/tutorial_taskflow_api.py for tasks to queue
[2024-03-23T07:25:21.125+0000] {logging_mixin.py:154} INFO - [2024-03-23T07:25:21.124+0000] {dagbag.py:536} INFO - Filling up the DagBag from /home/airflow/.local/lib/python3.8/site-packages/airflow/example_dags/tutorial_taskflow_api.py
[2024-03-23T07:25:21.146+0000] {processor.py:839} INFO - DAG(s) dict_keys(['tutorial_taskflow_api']) retrieved from /home/airflow/.local/lib/python3.8/site-packages/airflow/example_dags/tutorial_taskflow_api.py
[2024-03-23T07:25:21.202+0000] {logging_mixin.py:154} INFO - [2024-03-23T07:25:21.201+0000] {dag.py:2941} INFO - Sync 1 DAGs
[2024-03-23T07:25:21.267+0000] {logging_mixin.py:154} INFO - [2024-03-23T07:25:21.267+0000] {dag.py:3722} INFO - Setting next_dagrun for tutorial_taskflow_api to None, run_after=None
[2024-03-23T07:25:21.292+0000] {processor.py:179} INFO - Processing /home/airflow/.local/lib/python3.8/site-packages/airflow/example_dags/tutorial_taskflow_api.py took 0.185 seconds
[2024-03-23T07:25:53.926+0000] {processor.py:157} INFO - Started process (PID=3199) to work on /home/airflow/.local/lib/python3.8/site-packages/airflow/example_dags/tutorial_taskflow_api.py
[2024-03-23T07:25:53.932+0000] {processor.py:829} INFO - Processing file /home/airflow/.local/lib/python3.8/site-packages/airflow/example_dags/tutorial_taskflow_api.py for tasks to queue
[2024-03-23T07:25:53.934+0000] {logging_mixin.py:154} INFO - [2024-03-23T07:25:53.934+0000] {dagbag.py:536} INFO - Filling up the DagBag from /home/airflow/.local/lib/python3.8/site-packages/airflow/example_dags/tutorial_taskflow_api.py
[2024-03-23T07:25:53.960+0000] {processor.py:839} INFO - DAG(s) dict_keys(['tutorial_taskflow_api']) retrieved from /home/airflow/.local/lib/python3.8/site-packages/airflow/example_dags/tutorial_taskflow_api.py
[2024-03-23T07:25:54.081+0000] {logging_mixin.py:154} INFO - [2024-03-23T07:25:54.078+0000] {dag.py:2941} INFO - Sync 1 DAGs
[2024-03-23T07:25:54.106+0000] {logging_mixin.py:154} INFO - [2024-03-23T07:25:54.105+0000] {dag.py:3722} INFO - Setting next_dagrun for tutorial_taskflow_api to None, run_after=None
[2024-03-23T07:25:54.141+0000] {processor.py:179} INFO - Processing /home/airflow/.local/lib/python3.8/site-packages/airflow/example_dags/tutorial_taskflow_api.py took 0.242 seconds
[2024-03-23T07:26:28.228+0000] {processor.py:157} INFO - Started process (PID=3442) to work on /home/airflow/.local/lib/python3.8/site-packages/airflow/example_dags/tutorial_taskflow_api.py
[2024-03-23T07:26:28.231+0000] {processor.py:829} INFO - Processing file /home/airflow/.local/lib/python3.8/site-packages/airflow/example_dags/tutorial_taskflow_api.py for tasks to queue
[2024-03-23T07:26:28.233+0000] {logging_mixin.py:154} INFO - [2024-03-23T07:26:28.232+0000] {dagbag.py:536} INFO - Filling up the DagBag from /home/airflow/.local/lib/python3.8/site-packages/airflow/example_dags/tutorial_taskflow_api.py
[2024-03-23T07:26:28.258+0000] {processor.py:839} INFO - DAG(s) dict_keys(['tutorial_taskflow_api']) retrieved from /home/airflow/.local/lib/python3.8/site-packages/airflow/example_dags/tutorial_taskflow_api.py
[2024-03-23T07:26:28.361+0000] {logging_mixin.py:154} INFO - [2024-03-23T07:26:28.361+0000] {dag.py:2941} INFO - Sync 1 DAGs
[2024-03-23T07:26:28.398+0000] {logging_mixin.py:154} INFO - [2024-03-23T07:26:28.397+0000] {dag.py:3722} INFO - Setting next_dagrun for tutorial_taskflow_api to None, run_after=None
[2024-03-23T07:26:28.427+0000] {processor.py:179} INFO - Processing /home/airflow/.local/lib/python3.8/site-packages/airflow/example_dags/tutorial_taskflow_api.py took 0.250 seconds
[2024-03-23T07:27:01.862+0000] {processor.py:157} INFO - Started process (PID=3692) to work on /home/airflow/.local/lib/python3.8/site-packages/airflow/example_dags/tutorial_taskflow_api.py
[2024-03-23T07:27:01.864+0000] {processor.py:829} INFO - Processing file /home/airflow/.local/lib/python3.8/site-packages/airflow/example_dags/tutorial_taskflow_api.py for tasks to queue
[2024-03-23T07:27:01.865+0000] {logging_mixin.py:154} INFO - [2024-03-23T07:27:01.865+0000] {dagbag.py:536} INFO - Filling up the DagBag from /home/airflow/.local/lib/python3.8/site-packages/airflow/example_dags/tutorial_taskflow_api.py
[2024-03-23T07:27:01.874+0000] {processor.py:839} INFO - DAG(s) dict_keys(['tutorial_taskflow_api']) retrieved from /home/airflow/.local/lib/python3.8/site-packages/airflow/example_dags/tutorial_taskflow_api.py
[2024-03-23T07:27:01.905+0000] {logging_mixin.py:154} INFO - [2024-03-23T07:27:01.905+0000] {dag.py:2941} INFO - Sync 1 DAGs
[2024-03-23T07:27:01.919+0000] {logging_mixin.py:154} INFO - [2024-03-23T07:27:01.919+0000] {dag.py:3722} INFO - Setting next_dagrun for tutorial_taskflow_api to None, run_after=None
[2024-03-23T07:27:01.935+0000] {processor.py:179} INFO - Processing /home/airflow/.local/lib/python3.8/site-packages/airflow/example_dags/tutorial_taskflow_api.py took 0.081 seconds
[2024-03-23T07:27:35.350+0000] {processor.py:157} INFO - Started process (PID=3935) to work on /home/airflow/.local/lib/python3.8/site-packages/airflow/example_dags/tutorial_taskflow_api.py
[2024-03-23T07:27:35.356+0000] {processor.py:829} INFO - Processing file /home/airflow/.local/lib/python3.8/site-packages/airflow/example_dags/tutorial_taskflow_api.py for tasks to queue
[2024-03-23T07:27:35.361+0000] {logging_mixin.py:154} INFO - [2024-03-23T07:27:35.359+0000] {dagbag.py:536} INFO - Filling up the DagBag from /home/airflow/.local/lib/python3.8/site-packages/airflow/example_dags/tutorial_taskflow_api.py
[2024-03-23T07:27:35.379+0000] {processor.py:839} INFO - DAG(s) dict_keys(['tutorial_taskflow_api']) retrieved from /home/airflow/.local/lib/python3.8/site-packages/airflow/example_dags/tutorial_taskflow_api.py
[2024-03-23T07:27:35.425+0000] {logging_mixin.py:154} INFO - [2024-03-23T07:27:35.425+0000] {dag.py:2941} INFO - Sync 1 DAGs
[2024-03-23T07:27:35.447+0000] {logging_mixin.py:154} INFO - [2024-03-23T07:27:35.447+0000] {dag.py:3722} INFO - Setting next_dagrun for tutorial_taskflow_api to None, run_after=None
[2024-03-23T07:27:35.464+0000] {processor.py:179} INFO - Processing /home/airflow/.local/lib/python3.8/site-packages/airflow/example_dags/tutorial_taskflow_api.py took 0.119 seconds
[2024-03-23T07:28:09.384+0000] {processor.py:157} INFO - Started process (PID=4178) to work on /home/airflow/.local/lib/python3.8/site-packages/airflow/example_dags/tutorial_taskflow_api.py
[2024-03-23T07:28:09.386+0000] {processor.py:829} INFO - Processing file /home/airflow/.local/lib/python3.8/site-packages/airflow/example_dags/tutorial_taskflow_api.py for tasks to queue
[2024-03-23T07:28:09.388+0000] {logging_mixin.py:154} INFO - [2024-03-23T07:28:09.388+0000] {dagbag.py:536} INFO - Filling up the DagBag from /home/airflow/.local/lib/python3.8/site-packages/airflow/example_dags/tutorial_taskflow_api.py
[2024-03-23T07:28:09.402+0000] {processor.py:839} INFO - DAG(s) dict_keys(['tutorial_taskflow_api']) retrieved from /home/airflow/.local/lib/python3.8/site-packages/airflow/example_dags/tutorial_taskflow_api.py
[2024-03-23T07:28:09.456+0000] {logging_mixin.py:154} INFO - [2024-03-23T07:28:09.456+0000] {dag.py:2941} INFO - Sync 1 DAGs
[2024-03-23T07:28:09.467+0000] {logging_mixin.py:154} INFO - [2024-03-23T07:28:09.467+0000] {dag.py:3722} INFO - Setting next_dagrun for tutorial_taskflow_api to None, run_after=None
[2024-03-23T07:28:09.484+0000] {processor.py:179} INFO - Processing /home/airflow/.local/lib/python3.8/site-packages/airflow/example_dags/tutorial_taskflow_api.py took 0.103 seconds
[2024-03-23T07:28:40.273+0000] {processor.py:157} INFO - Started process (PID=4419) to work on /home/airflow/.local/lib/python3.8/site-packages/airflow/example_dags/tutorial_taskflow_api.py
[2024-03-23T07:28:40.278+0000] {processor.py:829} INFO - Processing file /home/airflow/.local/lib/python3.8/site-packages/airflow/example_dags/tutorial_taskflow_api.py for tasks to queue
[2024-03-23T07:28:40.279+0000] {logging_mixin.py:154} INFO - [2024-03-23T07:28:40.279+0000] {dagbag.py:536} INFO - Filling up the DagBag from /home/airflow/.local/lib/python3.8/site-packages/airflow/example_dags/tutorial_taskflow_api.py
[2024-03-23T07:28:40.286+0000] {processor.py:839} INFO - DAG(s) dict_keys(['tutorial_taskflow_api']) retrieved from /home/airflow/.local/lib/python3.8/site-packages/airflow/example_dags/tutorial_taskflow_api.py
[2024-03-23T07:28:40.301+0000] {logging_mixin.py:154} INFO - [2024-03-23T07:28:40.301+0000] {dag.py:2941} INFO - Sync 1 DAGs
[2024-03-23T07:28:40.309+0000] {logging_mixin.py:154} INFO - [2024-03-23T07:28:40.308+0000] {dag.py:3722} INFO - Setting next_dagrun for tutorial_taskflow_api to None, run_after=None
[2024-03-23T07:28:40.318+0000] {processor.py:179} INFO - Processing /home/airflow/.local/lib/python3.8/site-packages/airflow/example_dags/tutorial_taskflow_api.py took 0.050 seconds
[2024-03-23T07:29:11.355+0000] {processor.py:157} INFO - Started process (PID=4662) to work on /home/airflow/.local/lib/python3.8/site-packages/airflow/example_dags/tutorial_taskflow_api.py
[2024-03-23T07:29:11.356+0000] {processor.py:829} INFO - Processing file /home/airflow/.local/lib/python3.8/site-packages/airflow/example_dags/tutorial_taskflow_api.py for tasks to queue
[2024-03-23T07:29:11.356+0000] {logging_mixin.py:154} INFO - [2024-03-23T07:29:11.356+0000] {dagbag.py:536} INFO - Filling up the DagBag from /home/airflow/.local/lib/python3.8/site-packages/airflow/example_dags/tutorial_taskflow_api.py
[2024-03-23T07:29:11.360+0000] {processor.py:839} INFO - DAG(s) dict_keys(['tutorial_taskflow_api']) retrieved from /home/airflow/.local/lib/python3.8/site-packages/airflow/example_dags/tutorial_taskflow_api.py
[2024-03-23T07:29:11.373+0000] {logging_mixin.py:154} INFO - [2024-03-23T07:29:11.372+0000] {dag.py:2941} INFO - Sync 1 DAGs
[2024-03-23T07:29:11.384+0000] {logging_mixin.py:154} INFO - [2024-03-23T07:29:11.384+0000] {dag.py:3722} INFO - Setting next_dagrun for tutorial_taskflow_api to None, run_after=None
[2024-03-23T07:29:11.397+0000] {processor.py:179} INFO - Processing /home/airflow/.local/lib/python3.8/site-packages/airflow/example_dags/tutorial_taskflow_api.py took 0.044 seconds
[2024-03-23T07:29:36.935+0000] {processor.py:157} INFO - Started process (PID=261) to work on /home/airflow/.local/lib/python3.8/site-packages/airflow/example_dags/tutorial_taskflow_api.py
[2024-03-23T07:29:36.936+0000] {processor.py:829} INFO - Processing file /home/airflow/.local/lib/python3.8/site-packages/airflow/example_dags/tutorial_taskflow_api.py for tasks to queue
[2024-03-23T07:29:36.936+0000] {logging_mixin.py:154} INFO - [2024-03-23T07:29:36.936+0000] {dagbag.py:536} INFO - Filling up the DagBag from /home/airflow/.local/lib/python3.8/site-packages/airflow/example_dags/tutorial_taskflow_api.py
[2024-03-23T07:29:36.944+0000] {processor.py:839} INFO - DAG(s) dict_keys(['tutorial_taskflow_api']) retrieved from /home/airflow/.local/lib/python3.8/site-packages/airflow/example_dags/tutorial_taskflow_api.py
[2024-03-23T07:29:36.958+0000] {logging_mixin.py:154} INFO - [2024-03-23T07:29:36.958+0000] {dag.py:2941} INFO - Sync 1 DAGs
[2024-03-23T07:29:36.967+0000] {logging_mixin.py:154} INFO - [2024-03-23T07:29:36.966+0000] {dag.py:3722} INFO - Setting next_dagrun for tutorial_taskflow_api to None, run_after=None
[2024-03-23T07:29:36.979+0000] {processor.py:179} INFO - Processing /home/airflow/.local/lib/python3.8/site-packages/airflow/example_dags/tutorial_taskflow_api.py took 0.046 seconds
