[2024-03-23T07:24:51.810+0000] {taskinstance.py:1159} INFO - Dependencies all met for dep_context=non-requeueable deps ti=<TaskInstance: kafka_spark_dag.pyspark_consumer scheduled__2024-03-22T07:21:36.725905+00:00 [queued]>
[2024-03-23T07:24:51.814+0000] {taskinstance.py:1159} INFO - Dependencies all met for dep_context=requeueable deps ti=<TaskInstance: kafka_spark_dag.pyspark_consumer scheduled__2024-03-22T07:21:36.725905+00:00 [queued]>
[2024-03-23T07:24:51.815+0000] {taskinstance.py:1361} INFO - Starting attempt 1 of 2
[2024-03-23T07:24:51.821+0000] {taskinstance.py:1382} INFO - Executing <Task(DockerOperator): pyspark_consumer> on 2024-03-22 07:21:36.725905+00:00
[2024-03-23T07:24:51.826+0000] {standard_task_runner.py:57} INFO - Started process 2844 to run task
[2024-03-23T07:24:51.828+0000] {standard_task_runner.py:84} INFO - Running: ['***', 'tasks', 'run', 'kafka_spark_dag', 'pyspark_consumer', 'scheduled__2024-03-22T07:21:36.725905+00:00', '--job-id', '4', '--raw', '--subdir', 'DAGS_FOLDER/dag_kafka_spark.py', '--cfg-path', '/tmp/tmpgc0frll1']
[2024-03-23T07:24:51.830+0000] {standard_task_runner.py:85} INFO - Job 4: Subtask pyspark_consumer
[2024-03-23T07:24:51.884+0000] {task_command.py:416} INFO - Running <TaskInstance: kafka_spark_dag.pyspark_consumer scheduled__2024-03-22T07:21:36.725905+00:00 [running]> on host 579e845c778f
[2024-03-23T07:24:51.936+0000] {taskinstance.py:1662} INFO - Exporting env vars: AIRFLOW_CTX_DAG_OWNER='***' AIRFLOW_CTX_DAG_ID='kafka_spark_dag' AIRFLOW_CTX_TASK_ID='pyspark_consumer' AIRFLOW_CTX_EXECUTION_DATE='2024-03-22T07:21:36.725905+00:00' AIRFLOW_CTX_TRY_NUMBER='1' AIRFLOW_CTX_DAG_RUN_ID='scheduled__2024-03-22T07:21:36.725905+00:00'
[2024-03-23T07:24:52.047+0000] {docker.py:343} INFO - Starting docker container from image rappel-conso/spark:latest
[2024-03-23T07:24:52.120+0000] {docker.py:351} WARNING - Using remote engine or docker-in-docker and mounting temporary volume from host is not supported. Falling back to `mount_tmp_dir=False` mode. You can set `mount_tmp_dir` parameter to False to disable mounting and remove the warning
[2024-03-23T07:24:52.749+0000] {docker.py:413} INFO - [38;5;6mspark [38;5;5m07:24:52.74 [0m[38;5;2mINFO [0m ==>
[2024-03-23T07:24:52.750+0000] {docker.py:413} INFO - [38;5;6mspark [38;5;5m07:24:52.74 [0m[38;5;2mINFO [0m ==> [1mWelcome to the Bitnami spark container[0m
[2024-03-23T07:24:52.751+0000] {docker.py:413} INFO - [38;5;6mspark [38;5;5m07:24:52.74 [0m[38;5;2mINFO [0m ==> Subscribe to project updates by watching [1mhttps://github.com/bitnami/containers[0m
[2024-03-23T07:24:52.752+0000] {docker.py:413} INFO - [38;5;6mspark [38;5;5m07:24:52.75 [0m[38;5;2mINFO [0m ==> Submit issues and feature requests at [1mhttps://github.com/bitnami/containers/issues[0m
[2024-03-23T07:24:52.753+0000] {docker.py:413} INFO - [38;5;6mspark [38;5;5m07:24:52.75 [0m[38;5;2mINFO [0m ==>
[2024-03-23T07:24:52.771+0000] {docker.py:413} INFO - 
[2024-03-23T07:24:54.618+0000] {docker.py:413} INFO - :: loading settings :: url = jar:file:/opt/bitnami/spark/jars/ivy-2.5.1.jar!/org/apache/ivy/core/settings/ivysettings.xml
[2024-03-23T07:24:54.701+0000] {docker.py:413} INFO - Ivy Default Cache set to: /opt/bitnami/spark/.ivy2/cache
The jars for the packages stored in: /opt/bitnami/spark/.ivy2/jars
[2024-03-23T07:24:54.704+0000] {docker.py:413} INFO - org.postgresql#postgresql added as a dependency
org.apache.spark#spark-sql-kafka-0-10_2.12 added as a dependency
[2024-03-23T07:24:54.707+0000] {docker.py:413} INFO - :: resolving dependencies :: org.apache.spark#spark-submit-parent-3bcc4cc3-5e55-44d6-868e-65b61a7c4a3f;1.0
	confs: [default]
[2024-03-23T07:24:55.903+0000] {docker.py:413} INFO - found org.postgresql#postgresql;42.5.4 in central
[2024-03-23T07:24:55.963+0000] {docker.py:413} INFO - found org.checkerframework#checker-qual;3.5.0 in central
[2024-03-23T07:24:57.057+0000] {docker.py:413} INFO - found org.apache.spark#spark-sql-kafka-0-10_2.12;3.5.0 in central
[2024-03-23T07:24:57.525+0000] {docker.py:413} INFO - found org.apache.spark#spark-token-provider-kafka-0-10_2.12;3.5.0 in central
[2024-03-23T07:24:57.594+0000] {docker.py:413} INFO - found org.apache.kafka#kafka-clients;3.4.1 in central
[2024-03-23T07:24:57.668+0000] {docker.py:413} INFO - found org.lz4#lz4-java;1.8.0 in central
[2024-03-23T07:24:57.726+0000] {docker.py:413} INFO - found org.xerial.snappy#snappy-java;1.1.10.3 in central
[2024-03-23T07:24:58.081+0000] {docker.py:413} INFO - found org.slf4j#slf4j-api;2.0.7 in central
[2024-03-23T07:24:58.743+0000] {docker.py:413} INFO - found org.apache.hadoop#hadoop-client-runtime;3.3.4 in central
[2024-03-23T07:24:59.108+0000] {docker.py:413} INFO - found org.apache.hadoop#hadoop-client-api;3.3.4 in central
[2024-03-23T07:25:00.285+0000] {docker.py:413} INFO - found commons-logging#commons-logging;1.1.3 in central
[2024-03-23T07:25:00.470+0000] {docker.py:413} INFO - found com.google.code.findbugs#jsr305;3.0.0 in central
[2024-03-23T07:25:01.227+0000] {docker.py:413} INFO - found org.apache.commons#commons-pool2;2.11.1 in central
[2024-03-23T07:25:01.305+0000] {docker.py:413} INFO - downloading https://repo1.maven.org/maven2/org/postgresql/postgresql/42.5.4/postgresql-42.5.4.jar ...
[2024-03-23T07:25:01.416+0000] {docker.py:413} INFO - [SUCCESSFUL ] org.postgresql#postgresql;42.5.4!postgresql.jar (170ms)
[2024-03-23T07:25:01.448+0000] {docker.py:413} INFO - downloading https://repo1.maven.org/maven2/org/apache/spark/spark-sql-kafka-0-10_2.12/3.5.0/spark-sql-kafka-0-10_2.12-3.5.0.jar ...
[2024-03-23T07:25:01.491+0000] {docker.py:413} INFO - [SUCCESSFUL ] org.apache.spark#spark-sql-kafka-0-10_2.12;3.5.0!spark-sql-kafka-0-10_2.12.jar (77ms)
[2024-03-23T07:25:01.513+0000] {docker.py:413} INFO - downloading https://repo1.maven.org/maven2/org/checkerframework/checker-qual/3.5.0/checker-qual-3.5.0.jar ...
[2024-03-23T07:25:01.551+0000] {docker.py:413} INFO - [SUCCESSFUL ] org.checkerframework#checker-qual;3.5.0!checker-qual.jar (57ms)
[2024-03-23T07:25:01.574+0000] {docker.py:413} INFO - downloading https://repo1.maven.org/maven2/org/apache/spark/spark-token-provider-kafka-0-10_2.12/3.5.0/spark-token-provider-kafka-0-10_2.12-3.5.0.jar ...
[2024-03-23T07:25:01.599+0000] {docker.py:413} INFO - [SUCCESSFUL ] org.apache.spark#spark-token-provider-kafka-0-10_2.12;3.5.0!spark-token-provider-kafka-0-10_2.12.jar (46ms)
[2024-03-23T07:25:01.642+0000] {docker.py:413} INFO - downloading https://repo1.maven.org/maven2/org/apache/kafka/kafka-clients/3.4.1/kafka-clients-3.4.1.jar ...
[2024-03-23T07:25:01.958+0000] {docker.py:413} INFO - [SUCCESSFUL ] org.apache.kafka#kafka-clients;3.4.1!kafka-clients.jar (360ms)
[2024-03-23T07:25:01.990+0000] {docker.py:413} INFO - downloading https://repo1.maven.org/maven2/com/google/code/findbugs/jsr305/3.0.0/jsr305-3.0.0.jar ...
[2024-03-23T07:25:02.020+0000] {docker.py:413} INFO - [SUCCESSFUL ] com.google.code.findbugs#jsr305;3.0.0!jsr305.jar (57ms)
[2024-03-23T07:25:02.041+0000] {docker.py:413} INFO - downloading https://repo1.maven.org/maven2/org/apache/commons/commons-pool2/2.11.1/commons-pool2-2.11.1.jar ...
[2024-03-23T07:25:02.066+0000] {docker.py:413} INFO - [SUCCESSFUL ] org.apache.commons#commons-pool2;2.11.1!commons-pool2.jar (44ms)
[2024-03-23T07:25:02.087+0000] {docker.py:413} INFO - downloading https://repo1.maven.org/maven2/org/apache/hadoop/hadoop-client-runtime/3.3.4/hadoop-client-runtime-3.3.4.jar ...
[2024-03-23T07:25:04.624+0000] {docker.py:413} INFO - [SUCCESSFUL ] org.apache.hadoop#hadoop-client-runtime;3.3.4!hadoop-client-runtime.jar (2552ms)
[2024-03-23T07:25:04.644+0000] {docker.py:413} INFO - downloading https://repo1.maven.org/maven2/org/lz4/lz4-java/1.8.0/lz4-java-1.8.0.jar ...
[2024-03-23T07:25:04.728+0000] {docker.py:413} INFO - [SUCCESSFUL ] org.lz4#lz4-java;1.8.0!lz4-java.jar (99ms)
[2024-03-23T07:25:04.753+0000] {docker.py:413} INFO - downloading https://repo1.maven.org/maven2/org/xerial/snappy/snappy-java/1.1.10.3/snappy-java-1.1.10.3.jar ...
[2024-03-23T07:25:04.954+0000] {docker.py:413} INFO - [SUCCESSFUL ] org.xerial.snappy#snappy-java;1.1.10.3!snappy-java.jar(bundle) (228ms)
[2024-03-23T07:25:04.976+0000] {docker.py:413} INFO - downloading https://repo1.maven.org/maven2/org/slf4j/slf4j-api/2.0.7/slf4j-api-2.0.7.jar ...
[2024-03-23T07:25:05.007+0000] {docker.py:413} INFO - [SUCCESSFUL ] org.slf4j#slf4j-api;2.0.7!slf4j-api.jar (47ms)
[2024-03-23T07:25:05.032+0000] {docker.py:413} INFO - downloading https://repo1.maven.org/maven2/org/apache/hadoop/hadoop-client-api/3.3.4/hadoop-client-api-3.3.4.jar ...
[2024-03-23T07:25:07.126+0000] {docker.py:413} INFO - [SUCCESSFUL ] org.apache.hadoop#hadoop-client-api;3.3.4!hadoop-client-api.jar (2097ms)
[2024-03-23T07:25:07.157+0000] {docker.py:413} INFO - downloading https://repo1.maven.org/maven2/commons-logging/commons-logging/1.1.3/commons-logging-1.1.3.jar ...
[2024-03-23T07:25:07.187+0000] {docker.py:413} INFO - [SUCCESSFUL ] commons-logging#commons-logging;1.1.3!commons-logging.jar (57ms)
[2024-03-23T07:25:07.188+0000] {docker.py:413} INFO - :: resolution report :: resolve 6534ms :: artifacts dl 5948ms
[2024-03-23T07:25:07.189+0000] {docker.py:413} INFO - :: modules in use:
[2024-03-23T07:25:07.189+0000] {docker.py:413} INFO - com.google.code.findbugs#jsr305;3.0.0 from central in [default]
	commons-logging#commons-logging;1.1.3 from central in [default]
[2024-03-23T07:25:07.190+0000] {docker.py:413} INFO - org.apache.commons#commons-pool2;2.11.1 from central in [default]
	org.apache.hadoop#hadoop-client-api;3.3.4 from central in [default]
[2024-03-23T07:25:07.191+0000] {docker.py:413} INFO - org.apache.hadoop#hadoop-client-runtime;3.3.4 from central in [default]
[2024-03-23T07:25:07.191+0000] {docker.py:413} INFO - org.apache.kafka#kafka-clients;3.4.1 from central in [default]
	org.apache.spark#spark-sql-kafka-0-10_2.12;3.5.0 from central in [default]
[2024-03-23T07:25:07.192+0000] {docker.py:413} INFO - org.apache.spark#spark-token-provider-kafka-0-10_2.12;3.5.0 from central in [default]
	org.checkerframework#checker-qual;3.5.0 from central in [default]
	org.lz4#lz4-java;1.8.0 from central in [default]
	org.postgresql#postgresql;42.5.4 from central in [default]
	org.slf4j#slf4j-api;2.0.7 from central in [default]
	org.xerial.snappy#snappy-java;1.1.10.3 from central in [default]
	---------------------------------------------------------------------
	|                  |            modules            ||   artifacts   |
	|       conf       | number| search|dwnlded|evicted|| number|dwnlded|
	---------------------------------------------------------------------
[2024-03-23T07:25:07.193+0000] {docker.py:413} INFO - |      default     |   13  |   13  |   13  |   0   ||   13  |   13  |
	---------------------------------------------------------------------
[2024-03-23T07:25:07.221+0000] {docker.py:413} INFO - :: retrieving :: org.apache.spark#spark-submit-parent-3bcc4cc3-5e55-44d6-868e-65b61a7c4a3f
[2024-03-23T07:25:07.222+0000] {docker.py:413} INFO - confs: [default]
[2024-03-23T07:25:07.575+0000] {docker.py:413} INFO - 13 artifacts copied, 0 already retrieved (58001kB/353ms)
[2024-03-23T07:25:08.086+0000] {docker.py:413} INFO - 24/03/23 07:25:08 WARN NativeCodeLoader: Unable to load native-hadoop library for your platform... using builtin-java classes where applicable
[2024-03-23T07:25:10.473+0000] {docker.py:413} INFO - 24/03/23 07:25:10 INFO SparkContext: Running Spark version 3.5.0
24/03/23 07:25:10 INFO SparkContext: OS info Linux, 6.6.16-linuxkit, aarch64
24/03/23 07:25:10 INFO SparkContext: Java version 17.0.10
[2024-03-23T07:25:10.505+0000] {docker.py:413} INFO - 24/03/23 07:25:10 INFO ResourceUtils: ==============================================================
[2024-03-23T07:25:10.506+0000] {docker.py:413} INFO - 24/03/23 07:25:10 INFO ResourceUtils: No custom resources configured for spark.driver.
[2024-03-23T07:25:10.506+0000] {docker.py:413} INFO - 24/03/23 07:25:10 INFO ResourceUtils: ==============================================================
24/03/23 07:25:10 INFO SparkContext: Submitted application: PostgreSQL Connection with PySpark
[2024-03-23T07:25:10.526+0000] {docker.py:413} INFO - 24/03/23 07:25:10 INFO ResourceProfile: Default ResourceProfile created, executor resources: Map(cores -> name: cores, amount: 1, script: , vendor: , memory -> name: memory, amount: 1024, script: , vendor: , offHeap -> name: offHeap, amount: 0, script: , vendor: ), task resources: Map(cpus -> name: cpus, amount: 1.0)
[2024-03-23T07:25:10.533+0000] {docker.py:413} INFO - 24/03/23 07:25:10 INFO ResourceProfile: Limiting resource is cpu
[2024-03-23T07:25:10.534+0000] {docker.py:413} INFO - 24/03/23 07:25:10 INFO ResourceProfileManager: Added ResourceProfile id: 0
[2024-03-23T07:25:10.601+0000] {docker.py:413} INFO - 24/03/23 07:25:10 INFO SecurityManager: Changing view acls to: spark
[2024-03-23T07:25:10.602+0000] {docker.py:413} INFO - 24/03/23 07:25:10 INFO SecurityManager: Changing modify acls to: spark
[2024-03-23T07:25:10.602+0000] {docker.py:413} INFO - 24/03/23 07:25:10 INFO SecurityManager: Changing view acls groups to:
[2024-03-23T07:25:10.603+0000] {docker.py:413} INFO - 24/03/23 07:25:10 INFO SecurityManager: Changing modify acls groups to:
[2024-03-23T07:25:10.603+0000] {docker.py:413} INFO - 24/03/23 07:25:10 INFO SecurityManager: SecurityManager: authentication disabled; ui acls disabled; users with view permissions: spark; groups with view permissions: EMPTY; users with modify permissions: spark; groups with modify permissions: EMPTY
[2024-03-23T07:25:10.864+0000] {docker.py:413} INFO - 24/03/23 07:25:10 INFO Utils: Successfully started service 'sparkDriver' on port 42119.
[2024-03-23T07:25:10.921+0000] {docker.py:413} INFO - 24/03/23 07:25:10 INFO SparkEnv: Registering MapOutputTracker
[2024-03-23T07:25:10.962+0000] {docker.py:413} INFO - 24/03/23 07:25:10 INFO SparkEnv: Registering BlockManagerMaster
[2024-03-23T07:25:10.988+0000] {docker.py:413} INFO - 24/03/23 07:25:10 INFO BlockManagerMasterEndpoint: Using org.apache.spark.storage.DefaultTopologyMapper for getting topology information
[2024-03-23T07:25:10.988+0000] {docker.py:413} INFO - 24/03/23 07:25:10 INFO BlockManagerMasterEndpoint: BlockManagerMasterEndpoint up
[2024-03-23T07:25:10.998+0000] {docker.py:413} INFO - 24/03/23 07:25:10 INFO SparkEnv: Registering BlockManagerMasterHeartbeat
[2024-03-23T07:25:11.106+0000] {docker.py:413} INFO - 24/03/23 07:25:11 INFO DiskBlockManager: Created local directory at /tmp/blockmgr-df94710d-0aa3-4dc1-8441-efc99d86179d
[2024-03-23T07:25:11.124+0000] {docker.py:413} INFO - 24/03/23 07:25:11 INFO MemoryStore: MemoryStore started with capacity 434.4 MiB
[2024-03-23T07:25:11.147+0000] {docker.py:413} INFO - 24/03/23 07:25:11 INFO SparkEnv: Registering OutputCommitCoordinator
[2024-03-23T07:25:11.390+0000] {docker.py:413} INFO - 24/03/23 07:25:11 INFO JettyUtils: Start Jetty 0.0.0.0:4040 for SparkUI
[2024-03-23T07:25:11.675+0000] {docker.py:413} INFO - 24/03/23 07:25:11 INFO Utils: Successfully started service 'SparkUI' on port 4040.
[2024-03-23T07:25:11.924+0000] {docker.py:413} INFO - 24/03/23 07:25:11 INFO SparkContext: Added JAR file:///opt/bitnami/spark/.ivy2/jars/org.postgresql_postgresql-42.5.4.jar at spark://localhost:42119/jars/org.postgresql_postgresql-42.5.4.jar with timestamp 1711178710431
[2024-03-23T07:25:11.926+0000] {docker.py:413} INFO - 24/03/23 07:25:11 INFO SparkContext: Added JAR file:///opt/bitnami/spark/.ivy2/jars/org.apache.spark_spark-sql-kafka-0-10_2.12-3.5.0.jar at spark://localhost:42119/jars/org.apache.spark_spark-sql-kafka-0-10_2.12-3.5.0.jar with timestamp 1711178710431
24/03/23 07:25:11 INFO SparkContext: Added JAR file:///opt/bitnami/spark/.ivy2/jars/org.checkerframework_checker-qual-3.5.0.jar at spark://localhost:42119/jars/org.checkerframework_checker-qual-3.5.0.jar with timestamp 1711178710431
[2024-03-23T07:25:11.927+0000] {docker.py:413} INFO - 24/03/23 07:25:11 INFO SparkContext: Added JAR file:///opt/bitnami/spark/.ivy2/jars/org.apache.spark_spark-token-provider-kafka-0-10_2.12-3.5.0.jar at spark://localhost:42119/jars/org.apache.spark_spark-token-provider-kafka-0-10_2.12-3.5.0.jar with timestamp 1711178710431
24/03/23 07:25:11 INFO SparkContext: Added JAR file:///opt/bitnami/spark/.ivy2/jars/org.apache.kafka_kafka-clients-3.4.1.jar at spark://localhost:42119/jars/org.apache.kafka_kafka-clients-3.4.1.jar with timestamp 1711178710431
24/03/23 07:25:11 INFO SparkContext: Added JAR file:///opt/bitnami/spark/.ivy2/jars/com.google.code.findbugs_jsr305-3.0.0.jar at spark://localhost:42119/jars/com.google.code.findbugs_jsr305-3.0.0.jar with timestamp 1711178710431
24/03/23 07:25:11 INFO SparkContext: Added JAR file:///opt/bitnami/spark/.ivy2/jars/org.apache.commons_commons-pool2-2.11.1.jar at spark://localhost:42119/jars/org.apache.commons_commons-pool2-2.11.1.jar with timestamp 1711178710431
24/03/23 07:25:11 INFO SparkContext: Added JAR file:///opt/bitnami/spark/.ivy2/jars/org.apache.hadoop_hadoop-client-runtime-3.3.4.jar at spark://localhost:42119/jars/org.apache.hadoop_hadoop-client-runtime-3.3.4.jar with timestamp 1711178710431
24/03/23 07:25:11 INFO SparkContext: Added JAR file:///opt/bitnami/spark/.ivy2/jars/org.lz4_lz4-java-1.8.0.jar at spark://localhost:42119/jars/org.lz4_lz4-java-1.8.0.jar with timestamp 1711178710431
24/03/23 07:25:11 INFO SparkContext: Added JAR file:///opt/bitnami/spark/.ivy2/jars/org.xerial.snappy_snappy-java-1.1.10.3.jar at spark://localhost:42119/jars/org.xerial.snappy_snappy-java-1.1.10.3.jar with timestamp 1711178710431
24/03/23 07:25:11 INFO SparkContext: Added JAR file:///opt/bitnami/spark/.ivy2/jars/org.slf4j_slf4j-api-2.0.7.jar at spark://localhost:42119/jars/org.slf4j_slf4j-api-2.0.7.jar with timestamp 1711178710431
24/03/23 07:25:11 INFO SparkContext: Added JAR file:///opt/bitnami/spark/.ivy2/jars/org.apache.hadoop_hadoop-client-api-3.3.4.jar at spark://localhost:42119/jars/org.apache.hadoop_hadoop-client-api-3.3.4.jar with timestamp 1711178710431
24/03/23 07:25:11 INFO SparkContext: Added JAR file:///opt/bitnami/spark/.ivy2/jars/commons-logging_commons-logging-1.1.3.jar at spark://localhost:42119/jars/commons-logging_commons-logging-1.1.3.jar with timestamp 1711178710431
[2024-03-23T07:25:11.928+0000] {docker.py:413} INFO - 24/03/23 07:25:11 INFO SparkContext: Added file file:///opt/bitnami/spark/.ivy2/jars/org.postgresql_postgresql-42.5.4.jar at file:///opt/bitnami/spark/.ivy2/jars/org.postgresql_postgresql-42.5.4.jar with timestamp 1711178710431
[2024-03-23T07:25:11.929+0000] {docker.py:413} INFO - 24/03/23 07:25:11 INFO Utils: Copying /opt/bitnami/spark/.ivy2/jars/org.postgresql_postgresql-42.5.4.jar to /tmp/spark-44d1bf5e-29e8-4a92-9ab9-36389dfef161/userFiles-15afa9e3-00a5-4bc2-acb0-6b4b573c76fc/org.postgresql_postgresql-42.5.4.jar
[2024-03-23T07:25:11.993+0000] {docker.py:413} INFO - 24/03/23 07:25:11 INFO SparkContext: Added file file:///opt/bitnami/spark/.ivy2/jars/org.apache.spark_spark-sql-kafka-0-10_2.12-3.5.0.jar at file:///opt/bitnami/spark/.ivy2/jars/org.apache.spark_spark-sql-kafka-0-10_2.12-3.5.0.jar with timestamp 1711178710431
[2024-03-23T07:25:11.995+0000] {docker.py:413} INFO - 24/03/23 07:25:11 INFO Utils: Copying /opt/bitnami/spark/.ivy2/jars/org.apache.spark_spark-sql-kafka-0-10_2.12-3.5.0.jar to /tmp/spark-44d1bf5e-29e8-4a92-9ab9-36389dfef161/userFiles-15afa9e3-00a5-4bc2-acb0-6b4b573c76fc/org.apache.spark_spark-sql-kafka-0-10_2.12-3.5.0.jar
[2024-03-23T07:25:12.014+0000] {docker.py:413} INFO - 24/03/23 07:25:12 INFO SparkContext: Added file file:///opt/bitnami/spark/.ivy2/jars/org.checkerframework_checker-qual-3.5.0.jar at file:///opt/bitnami/spark/.ivy2/jars/org.checkerframework_checker-qual-3.5.0.jar with timestamp 1711178710431
[2024-03-23T07:25:12.015+0000] {docker.py:413} INFO - 24/03/23 07:25:12 INFO Utils: Copying /opt/bitnami/spark/.ivy2/jars/org.checkerframework_checker-qual-3.5.0.jar to /tmp/spark-44d1bf5e-29e8-4a92-9ab9-36389dfef161/userFiles-15afa9e3-00a5-4bc2-acb0-6b4b573c76fc/org.checkerframework_checker-qual-3.5.0.jar
[2024-03-23T07:25:12.059+0000] {docker.py:413} INFO - 24/03/23 07:25:12 INFO SparkContext: Added file file:///opt/bitnami/spark/.ivy2/jars/org.apache.spark_spark-token-provider-kafka-0-10_2.12-3.5.0.jar at file:///opt/bitnami/spark/.ivy2/jars/org.apache.spark_spark-token-provider-kafka-0-10_2.12-3.5.0.jar with timestamp 1711178710431
24/03/23 07:25:12 INFO Utils: Copying /opt/bitnami/spark/.ivy2/jars/org.apache.spark_spark-token-provider-kafka-0-10_2.12-3.5.0.jar to /tmp/spark-44d1bf5e-29e8-4a92-9ab9-36389dfef161/userFiles-15afa9e3-00a5-4bc2-acb0-6b4b573c76fc/org.apache.spark_spark-token-provider-kafka-0-10_2.12-3.5.0.jar
[2024-03-23T07:25:12.069+0000] {docker.py:413} INFO - 24/03/23 07:25:12 INFO SparkContext: Added file file:///opt/bitnami/spark/.ivy2/jars/org.apache.kafka_kafka-clients-3.4.1.jar at file:///opt/bitnami/spark/.ivy2/jars/org.apache.kafka_kafka-clients-3.4.1.jar with timestamp 1711178710431
[2024-03-23T07:25:12.070+0000] {docker.py:413} INFO - 24/03/23 07:25:12 INFO Utils: Copying /opt/bitnami/spark/.ivy2/jars/org.apache.kafka_kafka-clients-3.4.1.jar to /tmp/spark-44d1bf5e-29e8-4a92-9ab9-36389dfef161/userFiles-15afa9e3-00a5-4bc2-acb0-6b4b573c76fc/org.apache.kafka_kafka-clients-3.4.1.jar
[2024-03-23T07:25:12.111+0000] {docker.py:413} INFO - 24/03/23 07:25:12 INFO SparkContext: Added file file:///opt/bitnami/spark/.ivy2/jars/com.google.code.findbugs_jsr305-3.0.0.jar at file:///opt/bitnami/spark/.ivy2/jars/com.google.code.findbugs_jsr305-3.0.0.jar with timestamp 1711178710431
[2024-03-23T07:25:12.112+0000] {docker.py:413} INFO - 24/03/23 07:25:12 INFO Utils: Copying /opt/bitnami/spark/.ivy2/jars/com.google.code.findbugs_jsr305-3.0.0.jar to /tmp/spark-44d1bf5e-29e8-4a92-9ab9-36389dfef161/userFiles-15afa9e3-00a5-4bc2-acb0-6b4b573c76fc/com.google.code.findbugs_jsr305-3.0.0.jar
[2024-03-23T07:25:12.116+0000] {docker.py:413} INFO - 24/03/23 07:25:12 INFO SparkContext: Added file file:///opt/bitnami/spark/.ivy2/jars/org.apache.commons_commons-pool2-2.11.1.jar at file:///opt/bitnami/spark/.ivy2/jars/org.apache.commons_commons-pool2-2.11.1.jar with timestamp 1711178710431
[2024-03-23T07:25:12.120+0000] {docker.py:413} INFO - 24/03/23 07:25:12 INFO Utils: Copying /opt/bitnami/spark/.ivy2/jars/org.apache.commons_commons-pool2-2.11.1.jar to /tmp/spark-44d1bf5e-29e8-4a92-9ab9-36389dfef161/userFiles-15afa9e3-00a5-4bc2-acb0-6b4b573c76fc/org.apache.commons_commons-pool2-2.11.1.jar
[2024-03-23T07:25:12.122+0000] {docker.py:413} INFO - 24/03/23 07:25:12 INFO SparkContext: Added file file:///opt/bitnami/spark/.ivy2/jars/org.apache.hadoop_hadoop-client-runtime-3.3.4.jar at file:///opt/bitnami/spark/.ivy2/jars/org.apache.hadoop_hadoop-client-runtime-3.3.4.jar with timestamp 1711178710431
24/03/23 07:25:12 INFO Utils: Copying /opt/bitnami/spark/.ivy2/jars/org.apache.hadoop_hadoop-client-runtime-3.3.4.jar to /tmp/spark-44d1bf5e-29e8-4a92-9ab9-36389dfef161/userFiles-15afa9e3-00a5-4bc2-acb0-6b4b573c76fc/org.apache.hadoop_hadoop-client-runtime-3.3.4.jar
[2024-03-23T07:25:12.232+0000] {docker.py:413} INFO - 24/03/23 07:25:12 INFO SparkContext: Added file file:///opt/bitnami/spark/.ivy2/jars/org.lz4_lz4-java-1.8.0.jar at file:///opt/bitnami/spark/.ivy2/jars/org.lz4_lz4-java-1.8.0.jar with timestamp 1711178710431
24/03/23 07:25:12 INFO Utils: Copying /opt/bitnami/spark/.ivy2/jars/org.lz4_lz4-java-1.8.0.jar to /tmp/spark-44d1bf5e-29e8-4a92-9ab9-36389dfef161/userFiles-15afa9e3-00a5-4bc2-acb0-6b4b573c76fc/org.lz4_lz4-java-1.8.0.jar
[2024-03-23T07:25:12.237+0000] {docker.py:413} INFO - 24/03/23 07:25:12 INFO SparkContext: Added file file:///opt/bitnami/spark/.ivy2/jars/org.xerial.snappy_snappy-java-1.1.10.3.jar at file:///opt/bitnami/spark/.ivy2/jars/org.xerial.snappy_snappy-java-1.1.10.3.jar with timestamp 1711178710431
[2024-03-23T07:25:12.238+0000] {docker.py:413} INFO - 24/03/23 07:25:12 INFO Utils: Copying /opt/bitnami/spark/.ivy2/jars/org.xerial.snappy_snappy-java-1.1.10.3.jar to /tmp/spark-44d1bf5e-29e8-4a92-9ab9-36389dfef161/userFiles-15afa9e3-00a5-4bc2-acb0-6b4b573c76fc/org.xerial.snappy_snappy-java-1.1.10.3.jar
[2024-03-23T07:25:12.246+0000] {docker.py:413} INFO - 24/03/23 07:25:12 INFO SparkContext: Added file file:///opt/bitnami/spark/.ivy2/jars/org.slf4j_slf4j-api-2.0.7.jar at file:///opt/bitnami/spark/.ivy2/jars/org.slf4j_slf4j-api-2.0.7.jar with timestamp 1711178710431
[2024-03-23T07:25:12.247+0000] {docker.py:413} INFO - 24/03/23 07:25:12 INFO Utils: Copying /opt/bitnami/spark/.ivy2/jars/org.slf4j_slf4j-api-2.0.7.jar to /tmp/spark-44d1bf5e-29e8-4a92-9ab9-36389dfef161/userFiles-15afa9e3-00a5-4bc2-acb0-6b4b573c76fc/org.slf4j_slf4j-api-2.0.7.jar
[2024-03-23T07:25:12.253+0000] {docker.py:413} INFO - 24/03/23 07:25:12 INFO SparkContext: Added file file:///opt/bitnami/spark/.ivy2/jars/org.apache.hadoop_hadoop-client-api-3.3.4.jar at file:///opt/bitnami/spark/.ivy2/jars/org.apache.hadoop_hadoop-client-api-3.3.4.jar with timestamp 1711178710431
24/03/23 07:25:12 INFO Utils: Copying /opt/bitnami/spark/.ivy2/jars/org.apache.hadoop_hadoop-client-api-3.3.4.jar to /tmp/spark-44d1bf5e-29e8-4a92-9ab9-36389dfef161/userFiles-15afa9e3-00a5-4bc2-acb0-6b4b573c76fc/org.apache.hadoop_hadoop-client-api-3.3.4.jar
[2024-03-23T07:25:12.334+0000] {docker.py:413} INFO - 24/03/23 07:25:12 INFO SparkContext: Added file file:///opt/bitnami/spark/.ivy2/jars/commons-logging_commons-logging-1.1.3.jar at file:///opt/bitnami/spark/.ivy2/jars/commons-logging_commons-logging-1.1.3.jar with timestamp 1711178710431
[2024-03-23T07:25:12.337+0000] {docker.py:413} INFO - 24/03/23 07:25:12 INFO Utils: Copying /opt/bitnami/spark/.ivy2/jars/commons-logging_commons-logging-1.1.3.jar to /tmp/spark-44d1bf5e-29e8-4a92-9ab9-36389dfef161/userFiles-15afa9e3-00a5-4bc2-acb0-6b4b573c76fc/commons-logging_commons-logging-1.1.3.jar
[2024-03-23T07:25:12.487+0000] {docker.py:413} INFO - 24/03/23 07:25:12 INFO Executor: Starting executor ID driver on host localhost
24/03/23 07:25:12 INFO Executor: OS info Linux, 6.6.16-linuxkit, aarch64
24/03/23 07:25:12 INFO Executor: Java version 17.0.10
[2024-03-23T07:25:12.499+0000] {docker.py:413} INFO - 24/03/23 07:25:12 INFO Executor: Starting executor with user classpath (userClassPathFirst = false): ''
[2024-03-23T07:25:12.501+0000] {docker.py:413} INFO - 24/03/23 07:25:12 INFO Executor: Created or updated repl class loader org.apache.spark.util.MutableURLClassLoader@7ee5c483 for default.
[2024-03-23T07:25:12.521+0000] {docker.py:413} INFO - 24/03/23 07:25:12 INFO Executor: Fetching file:///opt/bitnami/spark/.ivy2/jars/org.apache.spark_spark-token-provider-kafka-0-10_2.12-3.5.0.jar with timestamp 1711178710431
[2024-03-23T07:25:12.551+0000] {docker.py:413} INFO - 24/03/23 07:25:12 INFO Utils: /opt/bitnami/spark/.ivy2/jars/org.apache.spark_spark-token-provider-kafka-0-10_2.12-3.5.0.jar has been previously copied to /tmp/spark-44d1bf5e-29e8-4a92-9ab9-36389dfef161/userFiles-15afa9e3-00a5-4bc2-acb0-6b4b573c76fc/org.apache.spark_spark-token-provider-kafka-0-10_2.12-3.5.0.jar
[2024-03-23T07:25:12.557+0000] {docker.py:413} INFO - 24/03/23 07:25:12 INFO Executor: Fetching file:///opt/bitnami/spark/.ivy2/jars/org.apache.hadoop_hadoop-client-runtime-3.3.4.jar with timestamp 1711178710431
[2024-03-23T07:25:12.647+0000] {docker.py:413} INFO - 24/03/23 07:25:12 INFO Utils: /opt/bitnami/spark/.ivy2/jars/org.apache.hadoop_hadoop-client-runtime-3.3.4.jar has been previously copied to /tmp/spark-44d1bf5e-29e8-4a92-9ab9-36389dfef161/userFiles-15afa9e3-00a5-4bc2-acb0-6b4b573c76fc/org.apache.hadoop_hadoop-client-runtime-3.3.4.jar
[2024-03-23T07:25:12.651+0000] {docker.py:413} INFO - 24/03/23 07:25:12 INFO Executor: Fetching file:///opt/bitnami/spark/.ivy2/jars/org.apache.commons_commons-pool2-2.11.1.jar with timestamp 1711178710431
[2024-03-23T07:25:12.656+0000] {docker.py:413} INFO - 24/03/23 07:25:12 INFO Utils: /opt/bitnami/spark/.ivy2/jars/org.apache.commons_commons-pool2-2.11.1.jar has been previously copied to /tmp/spark-44d1bf5e-29e8-4a92-9ab9-36389dfef161/userFiles-15afa9e3-00a5-4bc2-acb0-6b4b573c76fc/org.apache.commons_commons-pool2-2.11.1.jar
[2024-03-23T07:25:12.667+0000] {docker.py:413} INFO - 24/03/23 07:25:12 INFO Executor: Fetching file:///opt/bitnami/spark/.ivy2/jars/org.postgresql_postgresql-42.5.4.jar with timestamp 1711178710431
[2024-03-23T07:25:12.669+0000] {docker.py:413} INFO - 24/03/23 07:25:12 INFO Utils: /opt/bitnami/spark/.ivy2/jars/org.postgresql_postgresql-42.5.4.jar has been previously copied to /tmp/spark-44d1bf5e-29e8-4a92-9ab9-36389dfef161/userFiles-15afa9e3-00a5-4bc2-acb0-6b4b573c76fc/org.postgresql_postgresql-42.5.4.jar
[2024-03-23T07:25:12.671+0000] {docker.py:413} INFO - 24/03/23 07:25:12 INFO Executor: Fetching file:///opt/bitnami/spark/.ivy2/jars/org.slf4j_slf4j-api-2.0.7.jar with timestamp 1711178710431
[2024-03-23T07:25:12.672+0000] {docker.py:413} INFO - 24/03/23 07:25:12 INFO Utils: /opt/bitnami/spark/.ivy2/jars/org.slf4j_slf4j-api-2.0.7.jar has been previously copied to /tmp/spark-44d1bf5e-29e8-4a92-9ab9-36389dfef161/userFiles-15afa9e3-00a5-4bc2-acb0-6b4b573c76fc/org.slf4j_slf4j-api-2.0.7.jar
[2024-03-23T07:25:12.675+0000] {docker.py:413} INFO - 24/03/23 07:25:12 INFO Executor: Fetching file:///opt/bitnami/spark/.ivy2/jars/org.apache.kafka_kafka-clients-3.4.1.jar with timestamp 1711178710431
[2024-03-23T07:25:12.690+0000] {docker.py:413} INFO - 24/03/23 07:25:12 INFO Utils: /opt/bitnami/spark/.ivy2/jars/org.apache.kafka_kafka-clients-3.4.1.jar has been previously copied to /tmp/spark-44d1bf5e-29e8-4a92-9ab9-36389dfef161/userFiles-15afa9e3-00a5-4bc2-acb0-6b4b573c76fc/org.apache.kafka_kafka-clients-3.4.1.jar
[2024-03-23T07:25:12.692+0000] {docker.py:413} INFO - 24/03/23 07:25:12 INFO Executor: Fetching file:///opt/bitnami/spark/.ivy2/jars/com.google.code.findbugs_jsr305-3.0.0.jar with timestamp 1711178710431
[2024-03-23T07:25:12.693+0000] {docker.py:413} INFO - 24/03/23 07:25:12 INFO Utils: /opt/bitnami/spark/.ivy2/jars/com.google.code.findbugs_jsr305-3.0.0.jar has been previously copied to /tmp/spark-44d1bf5e-29e8-4a92-9ab9-36389dfef161/userFiles-15afa9e3-00a5-4bc2-acb0-6b4b573c76fc/com.google.code.findbugs_jsr305-3.0.0.jar
[2024-03-23T07:25:12.694+0000] {docker.py:413} INFO - 24/03/23 07:25:12 INFO Executor: Fetching file:///opt/bitnami/spark/.ivy2/jars/org.lz4_lz4-java-1.8.0.jar with timestamp 1711178710431
[2024-03-23T07:25:12.696+0000] {docker.py:413} INFO - 24/03/23 07:25:12 INFO Utils: /opt/bitnami/spark/.ivy2/jars/org.lz4_lz4-java-1.8.0.jar has been previously copied to /tmp/spark-44d1bf5e-29e8-4a92-9ab9-36389dfef161/userFiles-15afa9e3-00a5-4bc2-acb0-6b4b573c76fc/org.lz4_lz4-java-1.8.0.jar
[2024-03-23T07:25:12.699+0000] {docker.py:413} INFO - 24/03/23 07:25:12 INFO Executor: Fetching file:///opt/bitnami/spark/.ivy2/jars/org.apache.spark_spark-sql-kafka-0-10_2.12-3.5.0.jar with timestamp 1711178710431
[2024-03-23T07:25:12.700+0000] {docker.py:413} INFO - 24/03/23 07:25:12 INFO Utils: /opt/bitnami/spark/.ivy2/jars/org.apache.spark_spark-sql-kafka-0-10_2.12-3.5.0.jar has been previously copied to /tmp/spark-44d1bf5e-29e8-4a92-9ab9-36389dfef161/userFiles-15afa9e3-00a5-4bc2-acb0-6b4b573c76fc/org.apache.spark_spark-sql-kafka-0-10_2.12-3.5.0.jar
[2024-03-23T07:25:12.703+0000] {docker.py:413} INFO - 24/03/23 07:25:12 INFO Executor: Fetching file:///opt/bitnami/spark/.ivy2/jars/org.apache.hadoop_hadoop-client-api-3.3.4.jar with timestamp 1711178710431
[2024-03-23T07:25:12.721+0000] {docker.py:413} INFO - 24/03/23 07:25:12 INFO Utils: /opt/bitnami/spark/.ivy2/jars/org.apache.hadoop_hadoop-client-api-3.3.4.jar has been previously copied to /tmp/spark-44d1bf5e-29e8-4a92-9ab9-36389dfef161/userFiles-15afa9e3-00a5-4bc2-acb0-6b4b573c76fc/org.apache.hadoop_hadoop-client-api-3.3.4.jar
[2024-03-23T07:25:12.723+0000] {docker.py:413} INFO - 24/03/23 07:25:12 INFO Executor: Fetching file:///opt/bitnami/spark/.ivy2/jars/commons-logging_commons-logging-1.1.3.jar with timestamp 1711178710431
[2024-03-23T07:25:12.724+0000] {docker.py:413} INFO - 24/03/23 07:25:12 INFO Utils: /opt/bitnami/spark/.ivy2/jars/commons-logging_commons-logging-1.1.3.jar has been previously copied to /tmp/spark-44d1bf5e-29e8-4a92-9ab9-36389dfef161/userFiles-15afa9e3-00a5-4bc2-acb0-6b4b573c76fc/commons-logging_commons-logging-1.1.3.jar
[2024-03-23T07:25:12.726+0000] {docker.py:413} INFO - 24/03/23 07:25:12 INFO Executor: Fetching file:///opt/bitnami/spark/.ivy2/jars/org.checkerframework_checker-qual-3.5.0.jar with timestamp 1711178710431
[2024-03-23T07:25:12.728+0000] {docker.py:413} INFO - 24/03/23 07:25:12 INFO Utils: /opt/bitnami/spark/.ivy2/jars/org.checkerframework_checker-qual-3.5.0.jar has been previously copied to /tmp/spark-44d1bf5e-29e8-4a92-9ab9-36389dfef161/userFiles-15afa9e3-00a5-4bc2-acb0-6b4b573c76fc/org.checkerframework_checker-qual-3.5.0.jar
[2024-03-23T07:25:12.736+0000] {docker.py:413} INFO - 24/03/23 07:25:12 INFO Executor: Fetching file:///opt/bitnami/spark/.ivy2/jars/org.xerial.snappy_snappy-java-1.1.10.3.jar with timestamp 1711178710431
[2024-03-23T07:25:12.741+0000] {docker.py:413} INFO - 24/03/23 07:25:12 INFO Utils: /opt/bitnami/spark/.ivy2/jars/org.xerial.snappy_snappy-java-1.1.10.3.jar has been previously copied to /tmp/spark-44d1bf5e-29e8-4a92-9ab9-36389dfef161/userFiles-15afa9e3-00a5-4bc2-acb0-6b4b573c76fc/org.xerial.snappy_snappy-java-1.1.10.3.jar
[2024-03-23T07:25:12.752+0000] {docker.py:413} INFO - 24/03/23 07:25:12 INFO Executor: Fetching spark://localhost:42119/jars/org.lz4_lz4-java-1.8.0.jar with timestamp 1711178710431
[2024-03-23T07:25:12.794+0000] {docker.py:413} INFO - 24/03/23 07:25:12 INFO TransportClientFactory: Successfully created connection to localhost/127.0.0.1:42119 after 21 ms (0 ms spent in bootstraps)
[2024-03-23T07:25:12.800+0000] {docker.py:413} INFO - 24/03/23 07:25:12 INFO Utils: Fetching spark://localhost:42119/jars/org.lz4_lz4-java-1.8.0.jar to /tmp/spark-44d1bf5e-29e8-4a92-9ab9-36389dfef161/userFiles-15afa9e3-00a5-4bc2-acb0-6b4b573c76fc/fetchFileTemp413610509257790780.tmp
[2024-03-23T07:25:12.827+0000] {docker.py:413} INFO - 24/03/23 07:25:12 INFO Utils: /tmp/spark-44d1bf5e-29e8-4a92-9ab9-36389dfef161/userFiles-15afa9e3-00a5-4bc2-acb0-6b4b573c76fc/fetchFileTemp413610509257790780.tmp has been previously copied to /tmp/spark-44d1bf5e-29e8-4a92-9ab9-36389dfef161/userFiles-15afa9e3-00a5-4bc2-acb0-6b4b573c76fc/org.lz4_lz4-java-1.8.0.jar
[2024-03-23T07:25:12.830+0000] {docker.py:413} INFO - 24/03/23 07:25:12 INFO Executor: Adding file:/tmp/spark-44d1bf5e-29e8-4a92-9ab9-36389dfef161/userFiles-15afa9e3-00a5-4bc2-acb0-6b4b573c76fc/org.lz4_lz4-java-1.8.0.jar to class loader default
24/03/23 07:25:12 INFO Executor: Fetching spark://localhost:42119/jars/commons-logging_commons-logging-1.1.3.jar with timestamp 1711178710431
[2024-03-23T07:25:12.831+0000] {docker.py:413} INFO - 24/03/23 07:25:12 INFO Utils: Fetching spark://localhost:42119/jars/commons-logging_commons-logging-1.1.3.jar to /tmp/spark-44d1bf5e-29e8-4a92-9ab9-36389dfef161/userFiles-15afa9e3-00a5-4bc2-acb0-6b4b573c76fc/fetchFileTemp15240595230314208573.tmp
[2024-03-23T07:25:12.836+0000] {docker.py:413} INFO - 24/03/23 07:25:12 INFO Utils: /tmp/spark-44d1bf5e-29e8-4a92-9ab9-36389dfef161/userFiles-15afa9e3-00a5-4bc2-acb0-6b4b573c76fc/fetchFileTemp15240595230314208573.tmp has been previously copied to /tmp/spark-44d1bf5e-29e8-4a92-9ab9-36389dfef161/userFiles-15afa9e3-00a5-4bc2-acb0-6b4b573c76fc/commons-logging_commons-logging-1.1.3.jar
[2024-03-23T07:25:12.844+0000] {docker.py:413} INFO - 24/03/23 07:25:12 INFO Executor: Adding file:/tmp/spark-44d1bf5e-29e8-4a92-9ab9-36389dfef161/userFiles-15afa9e3-00a5-4bc2-acb0-6b4b573c76fc/commons-logging_commons-logging-1.1.3.jar to class loader default
[2024-03-23T07:25:12.845+0000] {docker.py:413} INFO - 24/03/23 07:25:12 INFO Executor: Fetching spark://localhost:42119/jars/org.apache.spark_spark-token-provider-kafka-0-10_2.12-3.5.0.jar with timestamp 1711178710431
[2024-03-23T07:25:12.846+0000] {docker.py:413} INFO - 24/03/23 07:25:12 INFO Utils: Fetching spark://localhost:42119/jars/org.apache.spark_spark-token-provider-kafka-0-10_2.12-3.5.0.jar to /tmp/spark-44d1bf5e-29e8-4a92-9ab9-36389dfef161/userFiles-15afa9e3-00a5-4bc2-acb0-6b4b573c76fc/fetchFileTemp251954607767083302.tmp
[2024-03-23T07:25:12.850+0000] {docker.py:413} INFO - 24/03/23 07:25:12 INFO Utils: /tmp/spark-44d1bf5e-29e8-4a92-9ab9-36389dfef161/userFiles-15afa9e3-00a5-4bc2-acb0-6b4b573c76fc/fetchFileTemp251954607767083302.tmp has been previously copied to /tmp/spark-44d1bf5e-29e8-4a92-9ab9-36389dfef161/userFiles-15afa9e3-00a5-4bc2-acb0-6b4b573c76fc/org.apache.spark_spark-token-provider-kafka-0-10_2.12-3.5.0.jar
[2024-03-23T07:25:12.853+0000] {docker.py:413} INFO - 24/03/23 07:25:12 INFO Executor: Adding file:/tmp/spark-44d1bf5e-29e8-4a92-9ab9-36389dfef161/userFiles-15afa9e3-00a5-4bc2-acb0-6b4b573c76fc/org.apache.spark_spark-token-provider-kafka-0-10_2.12-3.5.0.jar to class loader default
[2024-03-23T07:25:12.854+0000] {docker.py:413} INFO - 24/03/23 07:25:12 INFO Executor: Fetching spark://localhost:42119/jars/org.apache.hadoop_hadoop-client-runtime-3.3.4.jar with timestamp 1711178710431
[2024-03-23T07:25:12.857+0000] {docker.py:413} INFO - 24/03/23 07:25:12 INFO Utils: Fetching spark://localhost:42119/jars/org.apache.hadoop_hadoop-client-runtime-3.3.4.jar to /tmp/spark-44d1bf5e-29e8-4a92-9ab9-36389dfef161/userFiles-15afa9e3-00a5-4bc2-acb0-6b4b573c76fc/fetchFileTemp10048417648886761312.tmp
[2024-03-23T07:25:13.031+0000] {docker.py:413} INFO - 24/03/23 07:25:13 INFO Utils: /tmp/spark-44d1bf5e-29e8-4a92-9ab9-36389dfef161/userFiles-15afa9e3-00a5-4bc2-acb0-6b4b573c76fc/fetchFileTemp10048417648886761312.tmp has been previously copied to /tmp/spark-44d1bf5e-29e8-4a92-9ab9-36389dfef161/userFiles-15afa9e3-00a5-4bc2-acb0-6b4b573c76fc/org.apache.hadoop_hadoop-client-runtime-3.3.4.jar
[2024-03-23T07:25:13.035+0000] {docker.py:413} INFO - 24/03/23 07:25:13 INFO Executor: Adding file:/tmp/spark-44d1bf5e-29e8-4a92-9ab9-36389dfef161/userFiles-15afa9e3-00a5-4bc2-acb0-6b4b573c76fc/org.apache.hadoop_hadoop-client-runtime-3.3.4.jar to class loader default
[2024-03-23T07:25:13.036+0000] {docker.py:413} INFO - 24/03/23 07:25:13 INFO Executor: Fetching spark://localhost:42119/jars/org.apache.kafka_kafka-clients-3.4.1.jar with timestamp 1711178710431
[2024-03-23T07:25:13.037+0000] {docker.py:413} INFO - 24/03/23 07:25:13 INFO Utils: Fetching spark://localhost:42119/jars/org.apache.kafka_kafka-clients-3.4.1.jar to /tmp/spark-44d1bf5e-29e8-4a92-9ab9-36389dfef161/userFiles-15afa9e3-00a5-4bc2-acb0-6b4b573c76fc/fetchFileTemp13558426137721320019.tmp
[2024-03-23T07:25:13.048+0000] {docker.py:413} INFO - 24/03/23 07:25:13 INFO Utils: /tmp/spark-44d1bf5e-29e8-4a92-9ab9-36389dfef161/userFiles-15afa9e3-00a5-4bc2-acb0-6b4b573c76fc/fetchFileTemp13558426137721320019.tmp has been previously copied to /tmp/spark-44d1bf5e-29e8-4a92-9ab9-36389dfef161/userFiles-15afa9e3-00a5-4bc2-acb0-6b4b573c76fc/org.apache.kafka_kafka-clients-3.4.1.jar
[2024-03-23T07:25:13.051+0000] {docker.py:413} INFO - 24/03/23 07:25:13 INFO Executor: Adding file:/tmp/spark-44d1bf5e-29e8-4a92-9ab9-36389dfef161/userFiles-15afa9e3-00a5-4bc2-acb0-6b4b573c76fc/org.apache.kafka_kafka-clients-3.4.1.jar to class loader default
24/03/23 07:25:13 INFO Executor: Fetching spark://localhost:42119/jars/org.slf4j_slf4j-api-2.0.7.jar with timestamp 1711178710431
[2024-03-23T07:25:13.051+0000] {docker.py:413} INFO - 24/03/23 07:25:13 INFO Utils: Fetching spark://localhost:42119/jars/org.slf4j_slf4j-api-2.0.7.jar to /tmp/spark-44d1bf5e-29e8-4a92-9ab9-36389dfef161/userFiles-15afa9e3-00a5-4bc2-acb0-6b4b573c76fc/fetchFileTemp11262559034856942015.tmp
[2024-03-23T07:25:13.055+0000] {docker.py:413} INFO - 24/03/23 07:25:13 INFO Utils: /tmp/spark-44d1bf5e-29e8-4a92-9ab9-36389dfef161/userFiles-15afa9e3-00a5-4bc2-acb0-6b4b573c76fc/fetchFileTemp11262559034856942015.tmp has been previously copied to /tmp/spark-44d1bf5e-29e8-4a92-9ab9-36389dfef161/userFiles-15afa9e3-00a5-4bc2-acb0-6b4b573c76fc/org.slf4j_slf4j-api-2.0.7.jar
[2024-03-23T07:25:13.063+0000] {docker.py:413} INFO - 24/03/23 07:25:13 INFO Executor: Adding file:/tmp/spark-44d1bf5e-29e8-4a92-9ab9-36389dfef161/userFiles-15afa9e3-00a5-4bc2-acb0-6b4b573c76fc/org.slf4j_slf4j-api-2.0.7.jar to class loader default
24/03/23 07:25:13 INFO Executor: Fetching spark://localhost:42119/jars/org.checkerframework_checker-qual-3.5.0.jar with timestamp 1711178710431
[2024-03-23T07:25:13.064+0000] {docker.py:413} INFO - 24/03/23 07:25:13 INFO Utils: Fetching spark://localhost:42119/jars/org.checkerframework_checker-qual-3.5.0.jar to /tmp/spark-44d1bf5e-29e8-4a92-9ab9-36389dfef161/userFiles-15afa9e3-00a5-4bc2-acb0-6b4b573c76fc/fetchFileTemp2555325579093569413.tmp
[2024-03-23T07:25:13.067+0000] {docker.py:413} INFO - 24/03/23 07:25:13 INFO Utils: /tmp/spark-44d1bf5e-29e8-4a92-9ab9-36389dfef161/userFiles-15afa9e3-00a5-4bc2-acb0-6b4b573c76fc/fetchFileTemp2555325579093569413.tmp has been previously copied to /tmp/spark-44d1bf5e-29e8-4a92-9ab9-36389dfef161/userFiles-15afa9e3-00a5-4bc2-acb0-6b4b573c76fc/org.checkerframework_checker-qual-3.5.0.jar
[2024-03-23T07:25:13.071+0000] {docker.py:413} INFO - 24/03/23 07:25:13 INFO Executor: Adding file:/tmp/spark-44d1bf5e-29e8-4a92-9ab9-36389dfef161/userFiles-15afa9e3-00a5-4bc2-acb0-6b4b573c76fc/org.checkerframework_checker-qual-3.5.0.jar to class loader default
[2024-03-23T07:25:13.080+0000] {docker.py:413} INFO - 24/03/23 07:25:13 INFO Executor: Fetching spark://localhost:42119/jars/org.xerial.snappy_snappy-java-1.1.10.3.jar with timestamp 1711178710431
[2024-03-23T07:25:13.081+0000] {docker.py:413} INFO - 24/03/23 07:25:13 INFO Utils: Fetching spark://localhost:42119/jars/org.xerial.snappy_snappy-java-1.1.10.3.jar to /tmp/spark-44d1bf5e-29e8-4a92-9ab9-36389dfef161/userFiles-15afa9e3-00a5-4bc2-acb0-6b4b573c76fc/fetchFileTemp6968349887481058198.tmp
[2024-03-23T07:25:13.081+0000] {docker.py:413} INFO - 24/03/23 07:25:13 INFO Utils: /tmp/spark-44d1bf5e-29e8-4a92-9ab9-36389dfef161/userFiles-15afa9e3-00a5-4bc2-acb0-6b4b573c76fc/fetchFileTemp6968349887481058198.tmp has been previously copied to /tmp/spark-44d1bf5e-29e8-4a92-9ab9-36389dfef161/userFiles-15afa9e3-00a5-4bc2-acb0-6b4b573c76fc/org.xerial.snappy_snappy-java-1.1.10.3.jar
[2024-03-23T07:25:13.083+0000] {docker.py:413} INFO - 24/03/23 07:25:13 INFO Executor: Adding file:/tmp/spark-44d1bf5e-29e8-4a92-9ab9-36389dfef161/userFiles-15afa9e3-00a5-4bc2-acb0-6b4b573c76fc/org.xerial.snappy_snappy-java-1.1.10.3.jar to class loader default
[2024-03-23T07:25:13.084+0000] {docker.py:413} INFO - 24/03/23 07:25:13 INFO Executor: Fetching spark://localhost:42119/jars/org.apache.spark_spark-sql-kafka-0-10_2.12-3.5.0.jar with timestamp 1711178710431
[2024-03-23T07:25:13.084+0000] {docker.py:413} INFO - 24/03/23 07:25:13 INFO Utils: Fetching spark://localhost:42119/jars/org.apache.spark_spark-sql-kafka-0-10_2.12-3.5.0.jar to /tmp/spark-44d1bf5e-29e8-4a92-9ab9-36389dfef161/userFiles-15afa9e3-00a5-4bc2-acb0-6b4b573c76fc/fetchFileTemp12922146496707479832.tmp
[2024-03-23T07:25:13.086+0000] {docker.py:413} INFO - 24/03/23 07:25:13 INFO Utils: /tmp/spark-44d1bf5e-29e8-4a92-9ab9-36389dfef161/userFiles-15afa9e3-00a5-4bc2-acb0-6b4b573c76fc/fetchFileTemp12922146496707479832.tmp has been previously copied to /tmp/spark-44d1bf5e-29e8-4a92-9ab9-36389dfef161/userFiles-15afa9e3-00a5-4bc2-acb0-6b4b573c76fc/org.apache.spark_spark-sql-kafka-0-10_2.12-3.5.0.jar
[2024-03-23T07:25:13.087+0000] {docker.py:413} INFO - 24/03/23 07:25:13 INFO Executor: Adding file:/tmp/spark-44d1bf5e-29e8-4a92-9ab9-36389dfef161/userFiles-15afa9e3-00a5-4bc2-acb0-6b4b573c76fc/org.apache.spark_spark-sql-kafka-0-10_2.12-3.5.0.jar to class loader default
[2024-03-23T07:25:13.088+0000] {docker.py:413} INFO - 24/03/23 07:25:13 INFO Executor: Fetching spark://localhost:42119/jars/org.apache.commons_commons-pool2-2.11.1.jar with timestamp 1711178710431
[2024-03-23T07:25:13.088+0000] {docker.py:413} INFO - 24/03/23 07:25:13 INFO Utils: Fetching spark://localhost:42119/jars/org.apache.commons_commons-pool2-2.11.1.jar to /tmp/spark-44d1bf5e-29e8-4a92-9ab9-36389dfef161/userFiles-15afa9e3-00a5-4bc2-acb0-6b4b573c76fc/fetchFileTemp639419627148717166.tmp
[2024-03-23T07:25:13.088+0000] {docker.py:413} INFO - 24/03/23 07:25:13 INFO Utils: /tmp/spark-44d1bf5e-29e8-4a92-9ab9-36389dfef161/userFiles-15afa9e3-00a5-4bc2-acb0-6b4b573c76fc/fetchFileTemp639419627148717166.tmp has been previously copied to /tmp/spark-44d1bf5e-29e8-4a92-9ab9-36389dfef161/userFiles-15afa9e3-00a5-4bc2-acb0-6b4b573c76fc/org.apache.commons_commons-pool2-2.11.1.jar
[2024-03-23T07:25:13.090+0000] {docker.py:413} INFO - 24/03/23 07:25:13 INFO Executor: Adding file:/tmp/spark-44d1bf5e-29e8-4a92-9ab9-36389dfef161/userFiles-15afa9e3-00a5-4bc2-acb0-6b4b573c76fc/org.apache.commons_commons-pool2-2.11.1.jar to class loader default
[2024-03-23T07:25:13.091+0000] {docker.py:413} INFO - 24/03/23 07:25:13 INFO Executor: Fetching spark://localhost:42119/jars/com.google.code.findbugs_jsr305-3.0.0.jar with timestamp 1711178710431
[2024-03-23T07:25:13.091+0000] {docker.py:413} INFO - 24/03/23 07:25:13 INFO Utils: Fetching spark://localhost:42119/jars/com.google.code.findbugs_jsr305-3.0.0.jar to /tmp/spark-44d1bf5e-29e8-4a92-9ab9-36389dfef161/userFiles-15afa9e3-00a5-4bc2-acb0-6b4b573c76fc/fetchFileTemp288142169444297175.tmp
[2024-03-23T07:25:13.091+0000] {docker.py:413} INFO - 24/03/23 07:25:13 INFO Utils: /tmp/spark-44d1bf5e-29e8-4a92-9ab9-36389dfef161/userFiles-15afa9e3-00a5-4bc2-acb0-6b4b573c76fc/fetchFileTemp288142169444297175.tmp has been previously copied to /tmp/spark-44d1bf5e-29e8-4a92-9ab9-36389dfef161/userFiles-15afa9e3-00a5-4bc2-acb0-6b4b573c76fc/com.google.code.findbugs_jsr305-3.0.0.jar
[2024-03-23T07:25:13.094+0000] {docker.py:413} INFO - 24/03/23 07:25:13 INFO Executor: Adding file:/tmp/spark-44d1bf5e-29e8-4a92-9ab9-36389dfef161/userFiles-15afa9e3-00a5-4bc2-acb0-6b4b573c76fc/com.google.code.findbugs_jsr305-3.0.0.jar to class loader default
[2024-03-23T07:25:13.095+0000] {docker.py:413} INFO - 24/03/23 07:25:13 INFO Executor: Fetching spark://localhost:42119/jars/org.apache.hadoop_hadoop-client-api-3.3.4.jar with timestamp 1711178710431
[2024-03-23T07:25:13.095+0000] {docker.py:413} INFO - 24/03/23 07:25:13 INFO Utils: Fetching spark://localhost:42119/jars/org.apache.hadoop_hadoop-client-api-3.3.4.jar to /tmp/spark-44d1bf5e-29e8-4a92-9ab9-36389dfef161/userFiles-15afa9e3-00a5-4bc2-acb0-6b4b573c76fc/fetchFileTemp4627141686366430824.tmp
[2024-03-23T07:25:13.160+0000] {docker.py:413} INFO - 24/03/23 07:25:13 INFO Utils: /tmp/spark-44d1bf5e-29e8-4a92-9ab9-36389dfef161/userFiles-15afa9e3-00a5-4bc2-acb0-6b4b573c76fc/fetchFileTemp4627141686366430824.tmp has been previously copied to /tmp/spark-44d1bf5e-29e8-4a92-9ab9-36389dfef161/userFiles-15afa9e3-00a5-4bc2-acb0-6b4b573c76fc/org.apache.hadoop_hadoop-client-api-3.3.4.jar
[2024-03-23T07:25:13.164+0000] {docker.py:413} INFO - 24/03/23 07:25:13 INFO Executor: Adding file:/tmp/spark-44d1bf5e-29e8-4a92-9ab9-36389dfef161/userFiles-15afa9e3-00a5-4bc2-acb0-6b4b573c76fc/org.apache.hadoop_hadoop-client-api-3.3.4.jar to class loader default
[2024-03-23T07:25:13.164+0000] {docker.py:413} INFO - 24/03/23 07:25:13 INFO Executor: Fetching spark://localhost:42119/jars/org.postgresql_postgresql-42.5.4.jar with timestamp 1711178710431
[2024-03-23T07:25:13.164+0000] {docker.py:413} INFO - 24/03/23 07:25:13 INFO Utils: Fetching spark://localhost:42119/jars/org.postgresql_postgresql-42.5.4.jar to /tmp/spark-44d1bf5e-29e8-4a92-9ab9-36389dfef161/userFiles-15afa9e3-00a5-4bc2-acb0-6b4b573c76fc/fetchFileTemp1472846678510184876.tmp
[2024-03-23T07:25:13.167+0000] {docker.py:413} INFO - 24/03/23 07:25:13 INFO Utils: /tmp/spark-44d1bf5e-29e8-4a92-9ab9-36389dfef161/userFiles-15afa9e3-00a5-4bc2-acb0-6b4b573c76fc/fetchFileTemp1472846678510184876.tmp has been previously copied to /tmp/spark-44d1bf5e-29e8-4a92-9ab9-36389dfef161/userFiles-15afa9e3-00a5-4bc2-acb0-6b4b573c76fc/org.postgresql_postgresql-42.5.4.jar
[2024-03-23T07:25:13.167+0000] {docker.py:413} INFO - 24/03/23 07:25:13 INFO Executor: Adding file:/tmp/spark-44d1bf5e-29e8-4a92-9ab9-36389dfef161/userFiles-15afa9e3-00a5-4bc2-acb0-6b4b573c76fc/org.postgresql_postgresql-42.5.4.jar to class loader default
[2024-03-23T07:25:13.176+0000] {docker.py:413} INFO - 24/03/23 07:25:13 INFO Utils: Successfully started service 'org.apache.spark.network.netty.NettyBlockTransferService' on port 43327.
[2024-03-23T07:25:13.176+0000] {docker.py:413} INFO - 24/03/23 07:25:13 INFO NettyBlockTransferService: Server created on localhost:43327
[2024-03-23T07:25:13.178+0000] {docker.py:413} INFO - 24/03/23 07:25:13 INFO BlockManager: Using org.apache.spark.storage.RandomBlockReplicationPolicy for block replication policy
[2024-03-23T07:25:13.188+0000] {docker.py:413} INFO - 24/03/23 07:25:13 INFO BlockManagerMaster: Registering BlockManager BlockManagerId(driver, localhost, 43327, None)
[2024-03-23T07:25:13.198+0000] {docker.py:413} INFO - 24/03/23 07:25:13 INFO BlockManagerMasterEndpoint: Registering block manager localhost:43327 with 434.4 MiB RAM, BlockManagerId(driver, localhost, 43327, None)
[2024-03-23T07:25:13.202+0000] {docker.py:413} INFO - 24/03/23 07:25:13 INFO BlockManagerMaster: Registered BlockManager BlockManagerId(driver, localhost, 43327, None)
[2024-03-23T07:25:13.207+0000] {docker.py:413} INFO - 24/03/23 07:25:13 INFO BlockManager: Initialized BlockManager: BlockManagerId(driver, localhost, 43327, None)
[2024-03-23T07:25:14.376+0000] {docker.py:413} INFO - 2024-03-23 07:25:14,371:create_spark_session:INFO:Spark session created successfully
[2024-03-23T07:25:14.405+0000] {docker.py:413} INFO - 24/03/23 07:25:14 INFO SharedState: Setting hive.metastore.warehouse.dir ('null') to the value of spark.sql.warehouse.dir.
[2024-03-23T07:25:14.409+0000] {docker.py:413} INFO - 24/03/23 07:25:14 INFO SharedState: Warehouse path is 'file:/opt/bitnami/spark/spark-warehouse'.
[2024-03-23T07:25:17.610+0000] {docker.py:413} INFO - 2024-03-23 07:25:17,601:create_initial_dataframe:INFO:Initial dataframe created successfully
[2024-03-23T07:25:18.908+0000] {docker.py:413} INFO - Traceback (most recent call last):
  File "/opt/bitnami/spark/spark_streaming.py", line 103, in <module>
    write_to_postgres()
  File "/opt/bitnami/spark/spark_streaming.py", line 99, in write_to_postgres
    start_streaming(df_final, spark=spark)
  File "/opt/bitnami/spark/spark_streaming.py", line 73, in start_streaming
    existing_data_df = spark.read.jdbc(
                       ^^^^^^^^^^^^^^^^
  File "/opt/bitnami/spark/python/lib/pyspark.zip/pyspark/sql/readwriter.py", line 946, in jdbc
[2024-03-23T07:25:18.913+0000] {docker.py:413} INFO - File "/opt/bitnami/spark/python/lib/py4j-0.10.9.7-src.zip/py4j/java_gateway.py", line 1322, in __call__
[2024-03-23T07:25:18.914+0000] {docker.py:413} INFO - File "/opt/bitnami/spark/python/lib/pyspark.zip/pyspark/errors/exceptions/captured.py", line 179, in deco
[2024-03-23T07:25:18.914+0000] {docker.py:413} INFO - File "/opt/bitnami/spark/python/lib/py4j-0.10.9.7-src.zip/py4j/protocol.py", line 326, in get_return_value
[2024-03-23T07:25:18.914+0000] {docker.py:413} INFO - py4j.protocol.Py4JJavaError
[2024-03-23T07:25:18.915+0000] {docker.py:413} INFO - : An error occurred while calling o50.jdbc.
: org.postgresql.util.PSQLException: The server requested SCRAM-based authentication, but the password is an empty string.
	at org.postgresql.core.v3.ConnectionFactoryImpl.lambda$doAuthentication$4(ConnectionFactoryImpl.java:844)
	at org.postgresql.core.v3.AuthenticationPluginManager.withPassword(AuthenticationPluginManager.java:81)
	at org.postgresql.core.v3.ConnectionFactoryImpl.doAuthentication(ConnectionFactoryImpl.java:835)
	at org.postgresql.core.v3.ConnectionFactoryImpl.tryConnect(ConnectionFactoryImpl.java:203)
	at org.postgresql.core.v3.ConnectionFactoryImpl.openConnectionImpl(ConnectionFactoryImpl.java:258)
	at org.postgresql.core.ConnectionFactory.openConnection(ConnectionFactory.java:54)
	at org.postgresql.jdbc.PgConnection.<init>(PgConnection.java:253)
	at org.postgresql.Driver.makeConnection(Driver.java:434)
	at org.postgresql.Driver.connect(Driver.java:291)
	at org.apache.spark.sql.execution.datasources.jdbc.connection.BasicConnectionProvider.getConnection(BasicConnectionProvider.scala:49)
	at org.apache.spark.sql.execution.datasources.jdbc.connection.ConnectionProviderBase.create(ConnectionProvider.scala:102)
	at org.apache.spark.sql.jdbc.JdbcDialect.$anonfun$createConnectionFactory$1(JdbcDialects.scala:160)
	at org.apache.spark.sql.jdbc.JdbcDialect.$anonfun$createConnectionFactory$1$adapted(JdbcDialects.scala:156)
	at org.apache.spark.sql.execution.datasources.jdbc.JDBCRDD$.getQueryOutputSchema(JDBCRDD.scala:63)
	at org.apache.spark.sql.execution.datasources.jdbc.JDBCRDD$.resolveTable(JDBCRDD.scala:58)
	at org.apache.spark.sql.execution.datasources.jdbc.JDBCRelation$.getSchema(JDBCRelation.scala:241)
	at org.apache.spark.sql.execution.datasources.jdbc.JdbcRelationProvider.createRelation(JdbcRelationProvider.scala:37)
	at org.apache.spark.sql.execution.datasources.DataSource.resolveRelation(DataSource.scala:346)
	at org.apache.spark.sql.DataFrameReader.loadV1Source(DataFrameReader.scala:229)
	at org.apache.spark.sql.DataFrameReader.$anonfun$load$2(DataFrameReader.scala:211)
	at scala.Option.getOrElse(Option.scala:189)
	at org.apache.spark.sql.DataFrameReader.load(DataFrameReader.scala:211)
	at org.apache.spark.sql.DataFrameReader.load(DataFrameReader.scala:172)
	at org.apache.spark.sql.DataFrameReader.jdbc(DataFrameReader.scala:249)
	at java.base/jdk.internal.reflect.NativeMethodAccessorImpl.invoke0(Native Method)
	at java.base/jdk.internal.reflect.NativeMethodAccessorImpl.invoke(NativeMethodAccessorImpl.java:77)
	at java.base/jdk.internal.reflect.DelegatingMethodAccessorImpl.invoke(DelegatingMethodAccessorImpl.java:43)
	at java.base/java.lang.reflect.Method.invoke(Method.java:568)
	at py4j.reflection.MethodInvoker.invoke(MethodInvoker.java:244)
	at py4j.reflection.ReflectionEngine.invoke(ReflectionEngine.java:374)
	at py4j.Gateway.invoke(Gateway.java:282)
	at py4j.commands.AbstractCommand.invokeMethod(AbstractCommand.java:132)
	at py4j.commands.CallCommand.execute(CallCommand.java:79)
	at py4j.ClientServerConnection.waitForCommands(ClientServerConnection.java:182)
	at py4j.ClientServerConnection.run(ClientServerConnection.java:106)
	at java.base/java.lang.Thread.run(Thread.java:840)
[2024-03-23T07:25:18.916+0000] {docker.py:413} INFO - 2024-03-23 07:25:18,904:close:INFO:Closing down clientserver connection
[2024-03-23T07:25:19.024+0000] {docker.py:413} INFO - 24/03/23 07:25:19 INFO SparkContext: Invoking stop() from shutdown hook
[2024-03-23T07:25:19.026+0000] {docker.py:413} INFO - 24/03/23 07:25:19 INFO SparkContext: SparkContext is stopping with exitCode 0.
[2024-03-23T07:25:19.046+0000] {docker.py:413} INFO - 24/03/23 07:25:19 INFO SparkUI: Stopped Spark web UI at http://localhost:4040
[2024-03-23T07:25:19.076+0000] {docker.py:413} INFO - 24/03/23 07:25:19 INFO MapOutputTrackerMasterEndpoint: MapOutputTrackerMasterEndpoint stopped!
[2024-03-23T07:25:19.111+0000] {docker.py:413} INFO - 24/03/23 07:25:19 INFO MemoryStore: MemoryStore cleared
[2024-03-23T07:25:19.112+0000] {docker.py:413} INFO - 24/03/23 07:25:19 INFO BlockManager: BlockManager stopped
[2024-03-23T07:25:19.122+0000] {docker.py:413} INFO - 24/03/23 07:25:19 INFO BlockManagerMaster: BlockManagerMaster stopped
[2024-03-23T07:25:19.130+0000] {docker.py:413} INFO - 24/03/23 07:25:19 INFO OutputCommitCoordinator$OutputCommitCoordinatorEndpoint: OutputCommitCoordinator stopped!
[2024-03-23T07:25:19.162+0000] {docker.py:413} INFO - 24/03/23 07:25:19 INFO SparkContext: Successfully stopped SparkContext
[2024-03-23T07:25:19.163+0000] {docker.py:413} INFO - 24/03/23 07:25:19 INFO ShutdownHookManager: Shutdown hook called
[2024-03-23T07:25:19.163+0000] {docker.py:413} INFO - 24/03/23 07:25:19 INFO ShutdownHookManager: Deleting directory /tmp/spark-44d1bf5e-29e8-4a92-9ab9-36389dfef161
[2024-03-23T07:25:19.169+0000] {docker.py:413} INFO - 24/03/23 07:25:19 INFO ShutdownHookManager: Deleting directory /tmp/spark-a8d505ef-6eed-47bf-8503-dbdef0f6d868
[2024-03-23T07:25:19.172+0000] {docker.py:413} INFO - 24/03/23 07:25:19 INFO ShutdownHookManager: Deleting directory /tmp/spark-44d1bf5e-29e8-4a92-9ab9-36389dfef161/pyspark-71f0219b-3804-4240-becc-1ad4b53051c3
[2024-03-23T07:25:20.370+0000] {taskinstance.py:1937} ERROR - Task failed with exception
Traceback (most recent call last):
  File "/home/airflow/.local/lib/python3.8/site-packages/docker/api/client.py", line 268, in _raise_for_status
    response.raise_for_status()
  File "/home/airflow/.local/lib/python3.8/site-packages/requests/models.py", line 1021, in raise_for_status
    raise HTTPError(http_error_msg, response=self)
requests.exceptions.HTTPError: 400 Client Error: Bad Request for url: http://docker-proxy:2375/v1.44/containers/create

The above exception was the direct cause of the following exception:

Traceback (most recent call last):
  File "/home/airflow/.local/lib/python3.8/site-packages/airflow/providers/docker/operators/docker.py", line 348, in _run_image
    return self._run_image_with_mounts([*self.mounts, tmp_mount], add_tmp_variable=True)
  File "/home/airflow/.local/lib/python3.8/site-packages/airflow/providers/docker/operators/docker.py", line 375, in _run_image_with_mounts
    self.container = self.cli.create_container(
  File "/home/airflow/.local/lib/python3.8/site-packages/docker/api/container.py", line 431, in create_container
    return self.create_container_from_config(config, name, platform)
  File "/home/airflow/.local/lib/python3.8/site-packages/docker/api/container.py", line 448, in create_container_from_config
    return self._result(res, True)
  File "/home/airflow/.local/lib/python3.8/site-packages/docker/api/client.py", line 274, in _result
    self._raise_for_status(response)
  File "/home/airflow/.local/lib/python3.8/site-packages/docker/api/client.py", line 270, in _raise_for_status
    raise create_api_error_from_http_exception(e) from e
  File "/home/airflow/.local/lib/python3.8/site-packages/docker/errors.py", line 39, in create_api_error_from_http_exception
    raise cls(e, response=response, explanation=explanation) from e
docker.errors.APIError: 400 Client Error for http://docker-proxy:2375/v1.44/containers/create: Bad Request ("invalid mount config for type "bind": bind source path does not exist: /host_mnt/private/tmp/airflowtmp__yizcki")

During handling of the above exception, another exception occurred:

Traceback (most recent call last):
  File "/home/airflow/.local/lib/python3.8/site-packages/airflow/providers/docker/operators/docker.py", line 486, in execute
    return self._run_image()
  File "/home/airflow/.local/lib/python3.8/site-packages/airflow/providers/docker/operators/docker.py", line 357, in _run_image
    return self._run_image_with_mounts(self.mounts, add_tmp_variable=False)
  File "/home/airflow/.local/lib/python3.8/site-packages/airflow/providers/docker/operators/docker.py", line 421, in _run_image_with_mounts
    raise DockerContainerFailedException(f"Docker container failed: {result!r}", logs=log_lines)
airflow.providers.docker.exceptions.DockerContainerFailedException: Docker container failed: {'StatusCode': 1}
[2024-03-23T07:25:20.452+0000] {taskinstance.py:1400} INFO - Marking task as UP_FOR_RETRY. dag_id=kafka_spark_dag, task_id=pyspark_consumer, execution_date=20240322T072136, start_date=20240323T072451, end_date=20240323T072520
[2024-03-23T07:25:20.553+0000] {standard_task_runner.py:104} ERROR - Failed to execute job 4 for task pyspark_consumer (Docker container failed: {'StatusCode': 1}; 2844)
[2024-03-23T07:25:20.615+0000] {local_task_job_runner.py:228} INFO - Task exited with return code 1
[2024-03-23T07:25:20.728+0000] {taskinstance.py:2778} INFO - 0 downstream tasks scheduled from follow-on schedule check
