[2024-03-23T07:25:28.993+0000] {taskinstance.py:1159} INFO - Dependencies all met for dep_context=non-requeueable deps ti=<TaskInstance: kafka_spark_dag.pyspark_consumer scheduled__2024-03-22T07:21:36.725905+00:00 [queued]>
[2024-03-23T07:25:29.001+0000] {taskinstance.py:1159} INFO - Dependencies all met for dep_context=requeueable deps ti=<TaskInstance: kafka_spark_dag.pyspark_consumer scheduled__2024-03-22T07:21:36.725905+00:00 [queued]>
[2024-03-23T07:25:29.001+0000] {taskinstance.py:1361} INFO - Starting attempt 2 of 2
[2024-03-23T07:25:29.010+0000] {taskinstance.py:1382} INFO - Executing <Task(DockerOperator): pyspark_consumer> on 2024-03-22 07:21:36.725905+00:00
[2024-03-23T07:25:29.023+0000] {standard_task_runner.py:57} INFO - Started process 3100 to run task
[2024-03-23T07:25:29.034+0000] {standard_task_runner.py:84} INFO - Running: ['***', 'tasks', 'run', 'kafka_spark_dag', 'pyspark_consumer', 'scheduled__2024-03-22T07:21:36.725905+00:00', '--job-id', '6', '--raw', '--subdir', 'DAGS_FOLDER/dag_kafka_spark.py', '--cfg-path', '/tmp/tmpindtbo_a']
[2024-03-23T07:25:29.041+0000] {standard_task_runner.py:85} INFO - Job 6: Subtask pyspark_consumer
[2024-03-23T07:25:29.091+0000] {task_command.py:416} INFO - Running <TaskInstance: kafka_spark_dag.pyspark_consumer scheduled__2024-03-22T07:21:36.725905+00:00 [running]> on host 579e845c778f
[2024-03-23T07:25:29.152+0000] {taskinstance.py:1662} INFO - Exporting env vars: AIRFLOW_CTX_DAG_OWNER='***' AIRFLOW_CTX_DAG_ID='kafka_spark_dag' AIRFLOW_CTX_TASK_ID='pyspark_consumer' AIRFLOW_CTX_EXECUTION_DATE='2024-03-22T07:21:36.725905+00:00' AIRFLOW_CTX_TRY_NUMBER='2' AIRFLOW_CTX_DAG_RUN_ID='scheduled__2024-03-22T07:21:36.725905+00:00'
[2024-03-23T07:25:29.266+0000] {docker.py:343} INFO - Starting docker container from image rappel-conso/spark:latest
[2024-03-23T07:25:29.292+0000] {docker.py:351} WARNING - Using remote engine or docker-in-docker and mounting temporary volume from host is not supported. Falling back to `mount_tmp_dir=False` mode. You can set `mount_tmp_dir` parameter to False to disable mounting and remove the warning
[2024-03-23T07:25:29.943+0000] {docker.py:413} INFO - [38;5;6mspark [38;5;5m07:25:29.93 [0m[38;5;2mINFO [0m ==>
[2024-03-23T07:25:29.970+0000] {docker.py:413} INFO - [38;5;6mspark [38;5;5m07:25:29.94 [0m[38;5;2mINFO [0m ==> [1mWelcome to the Bitnami spark container[0m
[2024-03-23T07:25:29.974+0000] {docker.py:413} INFO - [38;5;6mspark [38;5;5m07:25:29.94 [0m[38;5;2mINFO [0m ==> Subscribe to project updates by watching [1mhttps://github.com/bitnami/containers[0m
[2024-03-23T07:25:29.978+0000] {docker.py:413} INFO - [38;5;6mspark [38;5;5m07:25:29.94 [0m[38;5;2mINFO [0m ==> Submit issues and feature requests at [1mhttps://github.com/bitnami/containers/issues[0m
[2024-03-23T07:25:29.979+0000] {docker.py:413} INFO - [38;5;6mspark [38;5;5m07:25:29.95 [0m[38;5;2mINFO [0m ==>
[2024-03-23T07:25:29.996+0000] {docker.py:413} INFO - 
[2024-03-23T07:25:32.757+0000] {docker.py:413} INFO - :: loading settings :: url = jar:file:/opt/bitnami/spark/jars/ivy-2.5.1.jar!/org/apache/ivy/core/settings/ivysettings.xml
[2024-03-23T07:25:32.838+0000] {docker.py:413} INFO - Ivy Default Cache set to: /opt/bitnami/spark/.ivy2/cache
The jars for the packages stored in: /opt/bitnami/spark/.ivy2/jars
[2024-03-23T07:25:32.843+0000] {docker.py:413} INFO - org.postgresql#postgresql added as a dependency
org.apache.spark#spark-sql-kafka-0-10_2.12 added as a dependency
[2024-03-23T07:25:32.844+0000] {docker.py:413} INFO - :: resolving dependencies :: org.apache.spark#spark-submit-parent-502509bd-6b5e-4e59-8571-e1a679edeaa4;1.0
	confs: [default]
[2024-03-23T07:25:33.727+0000] {docker.py:413} INFO - found org.postgresql#postgresql;42.5.4 in central
[2024-03-23T07:25:33.801+0000] {docker.py:413} INFO - found org.checkerframework#checker-qual;3.5.0 in central
[2024-03-23T07:25:37.399+0000] {docker.py:413} INFO - found org.apache.spark#spark-sql-kafka-0-10_2.12;3.5.0 in central
[2024-03-23T07:25:38.062+0000] {docker.py:413} INFO - found org.apache.spark#spark-token-provider-kafka-0-10_2.12;3.5.0 in central
[2024-03-23T07:25:38.123+0000] {docker.py:413} INFO - found org.apache.kafka#kafka-clients;3.4.1 in central
[2024-03-23T07:25:38.185+0000] {docker.py:413} INFO - found org.lz4#lz4-java;1.8.0 in central
[2024-03-23T07:25:38.241+0000] {docker.py:413} INFO - found org.xerial.snappy#snappy-java;1.1.10.3 in central
[2024-03-23T07:25:38.562+0000] {docker.py:413} INFO - found org.slf4j#slf4j-api;2.0.7 in central
[2024-03-23T07:25:39.349+0000] {docker.py:413} INFO - found org.apache.hadoop#hadoop-client-runtime;3.3.4 in central
[2024-03-23T07:25:39.665+0000] {docker.py:413} INFO - found org.apache.hadoop#hadoop-client-api;3.3.4 in central
[2024-03-23T07:25:40.514+0000] {docker.py:413} INFO - found commons-logging#commons-logging;1.1.3 in central
[2024-03-23T07:25:40.670+0000] {docker.py:413} INFO - found com.google.code.findbugs#jsr305;3.0.0 in central
[2024-03-23T07:25:41.992+0000] {docker.py:413} INFO - found org.apache.commons#commons-pool2;2.11.1 in central
[2024-03-23T07:25:42.089+0000] {docker.py:413} INFO - downloading https://repo1.maven.org/maven2/org/postgresql/postgresql/42.5.4/postgresql-42.5.4.jar ...
[2024-03-23T07:25:42.277+0000] {docker.py:413} INFO - [SUCCESSFUL ] org.postgresql#postgresql;42.5.4!postgresql.jar (258ms)
[2024-03-23T07:25:42.328+0000] {docker.py:413} INFO - downloading https://repo1.maven.org/maven2/org/apache/spark/spark-sql-kafka-0-10_2.12/3.5.0/spark-sql-kafka-0-10_2.12-3.5.0.jar ...
[2024-03-23T07:25:42.432+0000] {docker.py:413} INFO - [SUCCESSFUL ] org.apache.spark#spark-sql-kafka-0-10_2.12;3.5.0!spark-sql-kafka-0-10_2.12.jar (141ms)
[2024-03-23T07:25:42.507+0000] {docker.py:413} INFO - downloading https://repo1.maven.org/maven2/org/checkerframework/checker-qual/3.5.0/checker-qual-3.5.0.jar ...
[2024-03-23T07:25:42.632+0000] {docker.py:413} INFO - [SUCCESSFUL ] org.checkerframework#checker-qual;3.5.0!checker-qual.jar (194ms)
[2024-03-23T07:25:42.681+0000] {docker.py:413} INFO - downloading https://repo1.maven.org/maven2/org/apache/spark/spark-token-provider-kafka-0-10_2.12/3.5.0/spark-token-provider-kafka-0-10_2.12-3.5.0.jar ...
[2024-03-23T07:25:42.745+0000] {docker.py:413} INFO - [SUCCESSFUL ] org.apache.spark#spark-token-provider-kafka-0-10_2.12;3.5.0!spark-token-provider-kafka-0-10_2.12.jar (113ms)
[2024-03-23T07:25:42.807+0000] {docker.py:413} INFO - downloading https://repo1.maven.org/maven2/org/apache/kafka/kafka-clients/3.4.1/kafka-clients-3.4.1.jar ...
[2024-03-23T07:25:43.470+0000] {docker.py:413} INFO - [SUCCESSFUL ] org.apache.kafka#kafka-clients;3.4.1!kafka-clients.jar (721ms)
[2024-03-23T07:25:43.705+0000] {docker.py:413} INFO - downloading https://repo1.maven.org/maven2/com/google/code/findbugs/jsr305/3.0.0/jsr305-3.0.0.jar ...
[2024-03-23T07:25:43.739+0000] {docker.py:413} INFO - [SUCCESSFUL ] com.google.code.findbugs#jsr305;3.0.0!jsr305.jar (258ms)
[2024-03-23T07:25:43.767+0000] {docker.py:413} INFO - downloading https://repo1.maven.org/maven2/org/apache/commons/commons-pool2/2.11.1/commons-pool2-2.11.1.jar ...
[2024-03-23T07:25:43.803+0000] {docker.py:413} INFO - [SUCCESSFUL ] org.apache.commons#commons-pool2;2.11.1!commons-pool2.jar (59ms)
[2024-03-23T07:25:43.833+0000] {docker.py:413} INFO - downloading https://repo1.maven.org/maven2/org/apache/hadoop/hadoop-client-runtime/3.3.4/hadoop-client-runtime-3.3.4.jar ...
[2024-03-23T07:25:44.799+0000] {docker.py:413} INFO - [SUCCESSFUL ] org.apache.hadoop#hadoop-client-runtime;3.3.4!hadoop-client-runtime.jar (981ms)
[2024-03-23T07:25:44.824+0000] {docker.py:413} INFO - downloading https://repo1.maven.org/maven2/org/lz4/lz4-java/1.8.0/lz4-java-1.8.0.jar ...
[2024-03-23T07:25:44.856+0000] {docker.py:413} INFO - [SUCCESSFUL ] org.lz4#lz4-java;1.8.0!lz4-java.jar (59ms)
[2024-03-23T07:25:44.885+0000] {docker.py:413} INFO - downloading https://repo1.maven.org/maven2/org/xerial/snappy/snappy-java/1.1.10.3/snappy-java-1.1.10.3.jar ...
[2024-03-23T07:25:45.000+0000] {docker.py:413} INFO - [SUCCESSFUL ] org.xerial.snappy#snappy-java;1.1.10.3!snappy-java.jar(bundle) (133ms)
[2024-03-23T07:25:45.019+0000] {docker.py:413} INFO - downloading https://repo1.maven.org/maven2/org/slf4j/slf4j-api/2.0.7/slf4j-api-2.0.7.jar ...
[2024-03-23T07:25:45.041+0000] {docker.py:413} INFO - [SUCCESSFUL ] org.slf4j#slf4j-api;2.0.7!slf4j-api.jar (43ms)
[2024-03-23T07:25:45.059+0000] {docker.py:413} INFO - downloading https://repo1.maven.org/maven2/org/apache/hadoop/hadoop-client-api/3.3.4/hadoop-client-api-3.3.4.jar ...
[2024-03-23T07:25:45.910+0000] {docker.py:413} INFO - [SUCCESSFUL ] org.apache.hadoop#hadoop-client-api;3.3.4!hadoop-client-api.jar (867ms)
[2024-03-23T07:25:45.935+0000] {docker.py:413} INFO - downloading https://repo1.maven.org/maven2/commons-logging/commons-logging/1.1.3/commons-logging-1.1.3.jar ...
[2024-03-23T07:25:45.967+0000] {docker.py:413} INFO - [SUCCESSFUL ] commons-logging#commons-logging;1.1.3!commons-logging.jar (49ms)
:: resolution report :: resolve 9171ms :: artifacts dl 3945ms
[2024-03-23T07:25:45.974+0000] {docker.py:413} INFO - :: modules in use:
[2024-03-23T07:25:45.977+0000] {docker.py:413} INFO - com.google.code.findbugs#jsr305;3.0.0 from central in [default]
	commons-logging#commons-logging;1.1.3 from central in [default]
	org.apache.commons#commons-pool2;2.11.1 from central in [default]
	org.apache.hadoop#hadoop-client-api;3.3.4 from central in [default]
	org.apache.hadoop#hadoop-client-runtime;3.3.4 from central in [default]
	org.apache.kafka#kafka-clients;3.4.1 from central in [default]
	org.apache.spark#spark-sql-kafka-0-10_2.12;3.5.0 from central in [default]
[2024-03-23T07:25:45.982+0000] {docker.py:413} INFO - org.apache.spark#spark-token-provider-kafka-0-10_2.12;3.5.0 from central in [default]
	org.checkerframework#checker-qual;3.5.0 from central in [default]
	org.lz4#lz4-java;1.8.0 from central in [default]
[2024-03-23T07:25:45.985+0000] {docker.py:413} INFO - org.postgresql#postgresql;42.5.4 from central in [default]
	org.slf4j#slf4j-api;2.0.7 from central in [default]
	org.xerial.snappy#snappy-java;1.1.10.3 from central in [default]
[2024-03-23T07:25:45.987+0000] {docker.py:413} INFO - ---------------------------------------------------------------------
	|                  |            modules            ||   artifacts   |
[2024-03-23T07:25:45.992+0000] {docker.py:413} INFO - |       conf       | number| search|dwnlded|evicted|| number|dwnlded|
	---------------------------------------------------------------------
[2024-03-23T07:25:45.998+0000] {docker.py:413} INFO - |      default     |   13  |   13  |   13  |   0   ||   13  |   13  |
	---------------------------------------------------------------------
[2024-03-23T07:25:46.000+0000] {docker.py:413} INFO - :: retrieving :: org.apache.spark#spark-submit-parent-502509bd-6b5e-4e59-8571-e1a679edeaa4
	confs: [default]
[2024-03-23T07:25:46.362+0000] {docker.py:413} INFO - 13 artifacts copied, 0 already retrieved (58001kB/354ms)
[2024-03-23T07:25:46.701+0000] {docker.py:413} INFO - 24/03/23 07:25:46 WARN NativeCodeLoader: Unable to load native-hadoop library for your platform... using builtin-java classes where applicable
[2024-03-23T07:25:47.845+0000] {docker.py:413} INFO - 24/03/23 07:25:47 INFO SparkContext: Running Spark version 3.5.0
24/03/23 07:25:47 INFO SparkContext: OS info Linux, 6.6.16-linuxkit, aarch64
[2024-03-23T07:25:47.849+0000] {docker.py:413} INFO - 24/03/23 07:25:47 INFO SparkContext: Java version 17.0.10
[2024-03-23T07:25:47.862+0000] {docker.py:413} INFO - 24/03/23 07:25:47 INFO ResourceUtils: ==============================================================
24/03/23 07:25:47 INFO ResourceUtils: No custom resources configured for spark.driver.
[2024-03-23T07:25:47.863+0000] {docker.py:413} INFO - 24/03/23 07:25:47 INFO ResourceUtils: ==============================================================
[2024-03-23T07:25:47.863+0000] {docker.py:413} INFO - 24/03/23 07:25:47 INFO SparkContext: Submitted application: PostgreSQL Connection with PySpark
[2024-03-23T07:25:47.878+0000] {docker.py:413} INFO - 24/03/23 07:25:47 INFO ResourceProfile: Default ResourceProfile created, executor resources: Map(cores -> name: cores, amount: 1, script: , vendor: , memory -> name: memory, amount: 1024, script: , vendor: , offHeap -> name: offHeap, amount: 0, script: , vendor: ), task resources: Map(cpus -> name: cpus, amount: 1.0)
[2024-03-23T07:25:47.885+0000] {docker.py:413} INFO - 24/03/23 07:25:47 INFO ResourceProfile: Limiting resource is cpu
[2024-03-23T07:25:47.886+0000] {docker.py:413} INFO - 24/03/23 07:25:47 INFO ResourceProfileManager: Added ResourceProfile id: 0
[2024-03-23T07:25:47.946+0000] {docker.py:413} INFO - 24/03/23 07:25:47 INFO SecurityManager: Changing view acls to: spark
[2024-03-23T07:25:47.947+0000] {docker.py:413} INFO - 24/03/23 07:25:47 INFO SecurityManager: Changing modify acls to: spark
[2024-03-23T07:25:47.947+0000] {docker.py:413} INFO - 24/03/23 07:25:47 INFO SecurityManager: Changing view acls groups to:
[2024-03-23T07:25:47.948+0000] {docker.py:413} INFO - 24/03/23 07:25:47 INFO SecurityManager: Changing modify acls groups to:
[2024-03-23T07:25:47.948+0000] {docker.py:413} INFO - 24/03/23 07:25:47 INFO SecurityManager: SecurityManager: authentication disabled; ui acls disabled; users with view permissions: spark; groups with view permissions: EMPTY; users with modify permissions: spark; groups with modify permissions: EMPTY
[2024-03-23T07:25:48.325+0000] {docker.py:413} INFO - 24/03/23 07:25:48 INFO Utils: Successfully started service 'sparkDriver' on port 45769.
[2024-03-23T07:25:48.342+0000] {docker.py:413} INFO - 24/03/23 07:25:48 INFO SparkEnv: Registering MapOutputTracker
[2024-03-23T07:25:48.371+0000] {docker.py:413} INFO - 24/03/23 07:25:48 INFO SparkEnv: Registering BlockManagerMaster
[2024-03-23T07:25:48.390+0000] {docker.py:413} INFO - 24/03/23 07:25:48 INFO BlockManagerMasterEndpoint: Using org.apache.spark.storage.DefaultTopologyMapper for getting topology information
[2024-03-23T07:25:48.391+0000] {docker.py:413} INFO - 24/03/23 07:25:48 INFO BlockManagerMasterEndpoint: BlockManagerMasterEndpoint up
[2024-03-23T07:25:48.395+0000] {docker.py:413} INFO - 24/03/23 07:25:48 INFO SparkEnv: Registering BlockManagerMasterHeartbeat
[2024-03-23T07:25:48.520+0000] {docker.py:413} INFO - 24/03/23 07:25:48 INFO DiskBlockManager: Created local directory at /tmp/blockmgr-d1756331-638d-4ece-b519-9fd1787176a3
[2024-03-23T07:25:48.636+0000] {docker.py:413} INFO - 24/03/23 07:25:48 INFO MemoryStore: MemoryStore started with capacity 434.4 MiB
[2024-03-23T07:25:48.954+0000] {docker.py:413} INFO - 24/03/23 07:25:48 INFO SparkEnv: Registering OutputCommitCoordinator
[2024-03-23T07:25:49.674+0000] {docker.py:413} INFO - 24/03/23 07:25:49 INFO JettyUtils: Start Jetty 0.0.0.0:4040 for SparkUI
[2024-03-23T07:25:49.941+0000] {docker.py:413} INFO - 24/03/23 07:25:49 INFO Utils: Successfully started service 'SparkUI' on port 4040.
[2024-03-23T07:25:50.017+0000] {docker.py:413} INFO - 24/03/23 07:25:50 INFO SparkContext: Added JAR file:///opt/bitnami/spark/.ivy2/jars/org.postgresql_postgresql-42.5.4.jar at spark://localhost:45769/jars/org.postgresql_postgresql-42.5.4.jar with timestamp 1711178747828
24/03/23 07:25:50 INFO SparkContext: Added JAR file:///opt/bitnami/spark/.ivy2/jars/org.apache.spark_spark-sql-kafka-0-10_2.12-3.5.0.jar at spark://localhost:45769/jars/org.apache.spark_spark-sql-kafka-0-10_2.12-3.5.0.jar with timestamp 1711178747828
24/03/23 07:25:50 INFO SparkContext: Added JAR file:///opt/bitnami/spark/.ivy2/jars/org.checkerframework_checker-qual-3.5.0.jar at spark://localhost:45769/jars/org.checkerframework_checker-qual-3.5.0.jar with timestamp 1711178747828
24/03/23 07:25:50 INFO SparkContext: Added JAR file:///opt/bitnami/spark/.ivy2/jars/org.apache.spark_spark-token-provider-kafka-0-10_2.12-3.5.0.jar at spark://localhost:45769/jars/org.apache.spark_spark-token-provider-kafka-0-10_2.12-3.5.0.jar with timestamp 1711178747828
24/03/23 07:25:50 INFO SparkContext: Added JAR file:///opt/bitnami/spark/.ivy2/jars/org.apache.kafka_kafka-clients-3.4.1.jar at spark://localhost:45769/jars/org.apache.kafka_kafka-clients-3.4.1.jar with timestamp 1711178747828
24/03/23 07:25:50 INFO SparkContext: Added JAR file:///opt/bitnami/spark/.ivy2/jars/com.google.code.findbugs_jsr305-3.0.0.jar at spark://localhost:45769/jars/com.google.code.findbugs_jsr305-3.0.0.jar with timestamp 1711178747828
24/03/23 07:25:50 INFO SparkContext: Added JAR file:///opt/bitnami/spark/.ivy2/jars/org.apache.commons_commons-pool2-2.11.1.jar at spark://localhost:45769/jars/org.apache.commons_commons-pool2-2.11.1.jar with timestamp 1711178747828
24/03/23 07:25:50 INFO SparkContext: Added JAR file:///opt/bitnami/spark/.ivy2/jars/org.apache.hadoop_hadoop-client-runtime-3.3.4.jar at spark://localhost:45769/jars/org.apache.hadoop_hadoop-client-runtime-3.3.4.jar with timestamp 1711178747828
24/03/23 07:25:50 INFO SparkContext: Added JAR file:///opt/bitnami/spark/.ivy2/jars/org.lz4_lz4-java-1.8.0.jar at spark://localhost:45769/jars/org.lz4_lz4-java-1.8.0.jar with timestamp 1711178747828
24/03/23 07:25:50 INFO SparkContext: Added JAR file:///opt/bitnami/spark/.ivy2/jars/org.xerial.snappy_snappy-java-1.1.10.3.jar at spark://localhost:45769/jars/org.xerial.snappy_snappy-java-1.1.10.3.jar with timestamp 1711178747828
24/03/23 07:25:50 INFO SparkContext: Added JAR file:///opt/bitnami/spark/.ivy2/jars/org.slf4j_slf4j-api-2.0.7.jar at spark://localhost:45769/jars/org.slf4j_slf4j-api-2.0.7.jar with timestamp 1711178747828
24/03/23 07:25:50 INFO SparkContext: Added JAR file:///opt/bitnami/spark/.ivy2/jars/org.apache.hadoop_hadoop-client-api-3.3.4.jar at spark://localhost:45769/jars/org.apache.hadoop_hadoop-client-api-3.3.4.jar with timestamp 1711178747828
24/03/23 07:25:50 INFO SparkContext: Added JAR file:///opt/bitnami/spark/.ivy2/jars/commons-logging_commons-logging-1.1.3.jar at spark://localhost:45769/jars/commons-logging_commons-logging-1.1.3.jar with timestamp 1711178747828
[2024-03-23T07:25:50.018+0000] {docker.py:413} INFO - 24/03/23 07:25:50 INFO SparkContext: Added file file:///opt/bitnami/spark/.ivy2/jars/org.postgresql_postgresql-42.5.4.jar at file:///opt/bitnami/spark/.ivy2/jars/org.postgresql_postgresql-42.5.4.jar with timestamp 1711178747828
[2024-03-23T07:25:50.020+0000] {docker.py:413} INFO - 24/03/23 07:25:50 INFO Utils: Copying /opt/bitnami/spark/.ivy2/jars/org.postgresql_postgresql-42.5.4.jar to /tmp/spark-23ac24c0-438f-4a2d-a6c5-19b6fffcb35b/userFiles-a78e2586-909c-4ea5-b662-bd93d037f1e1/org.postgresql_postgresql-42.5.4.jar
[2024-03-23T07:25:50.094+0000] {docker.py:413} INFO - 24/03/23 07:25:50 INFO SparkContext: Added file file:///opt/bitnami/spark/.ivy2/jars/org.apache.spark_spark-sql-kafka-0-10_2.12-3.5.0.jar at file:///opt/bitnami/spark/.ivy2/jars/org.apache.spark_spark-sql-kafka-0-10_2.12-3.5.0.jar with timestamp 1711178747828
[2024-03-23T07:25:50.097+0000] {docker.py:413} INFO - 24/03/23 07:25:50 INFO Utils: Copying /opt/bitnami/spark/.ivy2/jars/org.apache.spark_spark-sql-kafka-0-10_2.12-3.5.0.jar to /tmp/spark-23ac24c0-438f-4a2d-a6c5-19b6fffcb35b/userFiles-a78e2586-909c-4ea5-b662-bd93d037f1e1/org.apache.spark_spark-sql-kafka-0-10_2.12-3.5.0.jar
[2024-03-23T07:25:50.107+0000] {docker.py:413} INFO - 24/03/23 07:25:50 INFO SparkContext: Added file file:///opt/bitnami/spark/.ivy2/jars/org.checkerframework_checker-qual-3.5.0.jar at file:///opt/bitnami/spark/.ivy2/jars/org.checkerframework_checker-qual-3.5.0.jar with timestamp 1711178747828
[2024-03-23T07:25:50.108+0000] {docker.py:413} INFO - 24/03/23 07:25:50 INFO Utils: Copying /opt/bitnami/spark/.ivy2/jars/org.checkerframework_checker-qual-3.5.0.jar to /tmp/spark-23ac24c0-438f-4a2d-a6c5-19b6fffcb35b/userFiles-a78e2586-909c-4ea5-b662-bd93d037f1e1/org.checkerframework_checker-qual-3.5.0.jar
[2024-03-23T07:25:50.117+0000] {docker.py:413} INFO - 24/03/23 07:25:50 INFO SparkContext: Added file file:///opt/bitnami/spark/.ivy2/jars/org.apache.spark_spark-token-provider-kafka-0-10_2.12-3.5.0.jar at file:///opt/bitnami/spark/.ivy2/jars/org.apache.spark_spark-token-provider-kafka-0-10_2.12-3.5.0.jar with timestamp 1711178747828
24/03/23 07:25:50 INFO Utils: Copying /opt/bitnami/spark/.ivy2/jars/org.apache.spark_spark-token-provider-kafka-0-10_2.12-3.5.0.jar to /tmp/spark-23ac24c0-438f-4a2d-a6c5-19b6fffcb35b/userFiles-a78e2586-909c-4ea5-b662-bd93d037f1e1/org.apache.spark_spark-token-provider-kafka-0-10_2.12-3.5.0.jar
[2024-03-23T07:25:50.128+0000] {docker.py:413} INFO - 24/03/23 07:25:50 INFO SparkContext: Added file file:///opt/bitnami/spark/.ivy2/jars/org.apache.kafka_kafka-clients-3.4.1.jar at file:///opt/bitnami/spark/.ivy2/jars/org.apache.kafka_kafka-clients-3.4.1.jar with timestamp 1711178747828
[2024-03-23T07:25:50.129+0000] {docker.py:413} INFO - 24/03/23 07:25:50 INFO Utils: Copying /opt/bitnami/spark/.ivy2/jars/org.apache.kafka_kafka-clients-3.4.1.jar to /tmp/spark-23ac24c0-438f-4a2d-a6c5-19b6fffcb35b/userFiles-a78e2586-909c-4ea5-b662-bd93d037f1e1/org.apache.kafka_kafka-clients-3.4.1.jar
[2024-03-23T07:25:50.175+0000] {docker.py:413} INFO - 24/03/23 07:25:50 INFO SparkContext: Added file file:///opt/bitnami/spark/.ivy2/jars/com.google.code.findbugs_jsr305-3.0.0.jar at file:///opt/bitnami/spark/.ivy2/jars/com.google.code.findbugs_jsr305-3.0.0.jar with timestamp 1711178747828
[2024-03-23T07:25:50.177+0000] {docker.py:413} INFO - 24/03/23 07:25:50 INFO Utils: Copying /opt/bitnami/spark/.ivy2/jars/com.google.code.findbugs_jsr305-3.0.0.jar to /tmp/spark-23ac24c0-438f-4a2d-a6c5-19b6fffcb35b/userFiles-a78e2586-909c-4ea5-b662-bd93d037f1e1/com.google.code.findbugs_jsr305-3.0.0.jar
[2024-03-23T07:25:50.178+0000] {docker.py:413} INFO - 24/03/23 07:25:50 INFO SparkContext: Added file file:///opt/bitnami/spark/.ivy2/jars/org.apache.commons_commons-pool2-2.11.1.jar at file:///opt/bitnami/spark/.ivy2/jars/org.apache.commons_commons-pool2-2.11.1.jar with timestamp 1711178747828
[2024-03-23T07:25:50.178+0000] {docker.py:413} INFO - 24/03/23 07:25:50 INFO Utils: Copying /opt/bitnami/spark/.ivy2/jars/org.apache.commons_commons-pool2-2.11.1.jar to /tmp/spark-23ac24c0-438f-4a2d-a6c5-19b6fffcb35b/userFiles-a78e2586-909c-4ea5-b662-bd93d037f1e1/org.apache.commons_commons-pool2-2.11.1.jar
[2024-03-23T07:25:50.188+0000] {docker.py:413} INFO - 24/03/23 07:25:50 INFO SparkContext: Added file file:///opt/bitnami/spark/.ivy2/jars/org.apache.hadoop_hadoop-client-runtime-3.3.4.jar at file:///opt/bitnami/spark/.ivy2/jars/org.apache.hadoop_hadoop-client-runtime-3.3.4.jar with timestamp 1711178747828
24/03/23 07:25:50 INFO Utils: Copying /opt/bitnami/spark/.ivy2/jars/org.apache.hadoop_hadoop-client-runtime-3.3.4.jar to /tmp/spark-23ac24c0-438f-4a2d-a6c5-19b6fffcb35b/userFiles-a78e2586-909c-4ea5-b662-bd93d037f1e1/org.apache.hadoop_hadoop-client-runtime-3.3.4.jar
[2024-03-23T07:25:50.394+0000] {docker.py:413} INFO - 24/03/23 07:25:50 INFO SparkContext: Added file file:///opt/bitnami/spark/.ivy2/jars/org.lz4_lz4-java-1.8.0.jar at file:///opt/bitnami/spark/.ivy2/jars/org.lz4_lz4-java-1.8.0.jar with timestamp 1711178747828
[2024-03-23T07:25:50.395+0000] {docker.py:413} INFO - 24/03/23 07:25:50 INFO Utils: Copying /opt/bitnami/spark/.ivy2/jars/org.lz4_lz4-java-1.8.0.jar to /tmp/spark-23ac24c0-438f-4a2d-a6c5-19b6fffcb35b/userFiles-a78e2586-909c-4ea5-b662-bd93d037f1e1/org.lz4_lz4-java-1.8.0.jar
[2024-03-23T07:25:50.404+0000] {docker.py:413} INFO - 24/03/23 07:25:50 INFO SparkContext: Added file file:///opt/bitnami/spark/.ivy2/jars/org.xerial.snappy_snappy-java-1.1.10.3.jar at file:///opt/bitnami/spark/.ivy2/jars/org.xerial.snappy_snappy-java-1.1.10.3.jar with timestamp 1711178747828
24/03/23 07:25:50 INFO Utils: Copying /opt/bitnami/spark/.ivy2/jars/org.xerial.snappy_snappy-java-1.1.10.3.jar to /tmp/spark-23ac24c0-438f-4a2d-a6c5-19b6fffcb35b/userFiles-a78e2586-909c-4ea5-b662-bd93d037f1e1/org.xerial.snappy_snappy-java-1.1.10.3.jar
[2024-03-23T07:25:50.444+0000] {docker.py:413} INFO - 24/03/23 07:25:50 INFO SparkContext: Added file file:///opt/bitnami/spark/.ivy2/jars/org.slf4j_slf4j-api-2.0.7.jar at file:///opt/bitnami/spark/.ivy2/jars/org.slf4j_slf4j-api-2.0.7.jar with timestamp 1711178747828
[2024-03-23T07:25:50.449+0000] {docker.py:413} INFO - 24/03/23 07:25:50 INFO Utils: Copying /opt/bitnami/spark/.ivy2/jars/org.slf4j_slf4j-api-2.0.7.jar to /tmp/spark-23ac24c0-438f-4a2d-a6c5-19b6fffcb35b/userFiles-a78e2586-909c-4ea5-b662-bd93d037f1e1/org.slf4j_slf4j-api-2.0.7.jar
[2024-03-23T07:25:50.457+0000] {docker.py:413} INFO - 24/03/23 07:25:50 INFO SparkContext: Added file file:///opt/bitnami/spark/.ivy2/jars/org.apache.hadoop_hadoop-client-api-3.3.4.jar at file:///opt/bitnami/spark/.ivy2/jars/org.apache.hadoop_hadoop-client-api-3.3.4.jar with timestamp 1711178747828
[2024-03-23T07:25:50.458+0000] {docker.py:413} INFO - 24/03/23 07:25:50 INFO Utils: Copying /opt/bitnami/spark/.ivy2/jars/org.apache.hadoop_hadoop-client-api-3.3.4.jar to /tmp/spark-23ac24c0-438f-4a2d-a6c5-19b6fffcb35b/userFiles-a78e2586-909c-4ea5-b662-bd93d037f1e1/org.apache.hadoop_hadoop-client-api-3.3.4.jar
[2024-03-23T07:25:50.566+0000] {docker.py:413} INFO - 24/03/23 07:25:50 INFO SparkContext: Added file file:///opt/bitnami/spark/.ivy2/jars/commons-logging_commons-logging-1.1.3.jar at file:///opt/bitnami/spark/.ivy2/jars/commons-logging_commons-logging-1.1.3.jar with timestamp 1711178747828
[2024-03-23T07:25:50.566+0000] {docker.py:413} INFO - 24/03/23 07:25:50 INFO Utils: Copying /opt/bitnami/spark/.ivy2/jars/commons-logging_commons-logging-1.1.3.jar to /tmp/spark-23ac24c0-438f-4a2d-a6c5-19b6fffcb35b/userFiles-a78e2586-909c-4ea5-b662-bd93d037f1e1/commons-logging_commons-logging-1.1.3.jar
[2024-03-23T07:25:50.692+0000] {docker.py:413} INFO - 24/03/23 07:25:50 INFO Executor: Starting executor ID driver on host localhost
[2024-03-23T07:25:50.693+0000] {docker.py:413} INFO - 24/03/23 07:25:50 INFO Executor: OS info Linux, 6.6.16-linuxkit, aarch64
[2024-03-23T07:25:50.694+0000] {docker.py:413} INFO - 24/03/23 07:25:50 INFO Executor: Java version 17.0.10
[2024-03-23T07:25:50.706+0000] {docker.py:413} INFO - 24/03/23 07:25:50 INFO Executor: Starting executor with user classpath (userClassPathFirst = false): ''
[2024-03-23T07:25:50.706+0000] {docker.py:413} INFO - 24/03/23 07:25:50 INFO Executor: Created or updated repl class loader org.apache.spark.util.MutableURLClassLoader@2910505c for default.
[2024-03-23T07:25:50.717+0000] {docker.py:413} INFO - 24/03/23 07:25:50 INFO Executor: Fetching file:///opt/bitnami/spark/.ivy2/jars/org.apache.spark_spark-token-provider-kafka-0-10_2.12-3.5.0.jar with timestamp 1711178747828
[2024-03-23T07:25:50.734+0000] {docker.py:413} INFO - 24/03/23 07:25:50 INFO Utils: /opt/bitnami/spark/.ivy2/jars/org.apache.spark_spark-token-provider-kafka-0-10_2.12-3.5.0.jar has been previously copied to /tmp/spark-23ac24c0-438f-4a2d-a6c5-19b6fffcb35b/userFiles-a78e2586-909c-4ea5-b662-bd93d037f1e1/org.apache.spark_spark-token-provider-kafka-0-10_2.12-3.5.0.jar
[2024-03-23T07:25:50.740+0000] {docker.py:413} INFO - 24/03/23 07:25:50 INFO Executor: Fetching file:///opt/bitnami/spark/.ivy2/jars/org.apache.hadoop_hadoop-client-runtime-3.3.4.jar with timestamp 1711178747828
[2024-03-23T07:25:50.772+0000] {docker.py:413} INFO - 24/03/23 07:25:50 INFO Utils: /opt/bitnami/spark/.ivy2/jars/org.apache.hadoop_hadoop-client-runtime-3.3.4.jar has been previously copied to /tmp/spark-23ac24c0-438f-4a2d-a6c5-19b6fffcb35b/userFiles-a78e2586-909c-4ea5-b662-bd93d037f1e1/org.apache.hadoop_hadoop-client-runtime-3.3.4.jar
[2024-03-23T07:25:50.774+0000] {docker.py:413} INFO - 24/03/23 07:25:50 INFO Executor: Fetching file:///opt/bitnami/spark/.ivy2/jars/org.apache.commons_commons-pool2-2.11.1.jar with timestamp 1711178747828
[2024-03-23T07:25:50.775+0000] {docker.py:413} INFO - 24/03/23 07:25:50 INFO Utils: /opt/bitnami/spark/.ivy2/jars/org.apache.commons_commons-pool2-2.11.1.jar has been previously copied to /tmp/spark-23ac24c0-438f-4a2d-a6c5-19b6fffcb35b/userFiles-a78e2586-909c-4ea5-b662-bd93d037f1e1/org.apache.commons_commons-pool2-2.11.1.jar
[2024-03-23T07:25:50.777+0000] {docker.py:413} INFO - 24/03/23 07:25:50 INFO Executor: Fetching file:///opt/bitnami/spark/.ivy2/jars/org.postgresql_postgresql-42.5.4.jar with timestamp 1711178747828
[2024-03-23T07:25:50.778+0000] {docker.py:413} INFO - 24/03/23 07:25:50 INFO Utils: /opt/bitnami/spark/.ivy2/jars/org.postgresql_postgresql-42.5.4.jar has been previously copied to /tmp/spark-23ac24c0-438f-4a2d-a6c5-19b6fffcb35b/userFiles-a78e2586-909c-4ea5-b662-bd93d037f1e1/org.postgresql_postgresql-42.5.4.jar
[2024-03-23T07:25:50.781+0000] {docker.py:413} INFO - 24/03/23 07:25:50 INFO Executor: Fetching file:///opt/bitnami/spark/.ivy2/jars/org.slf4j_slf4j-api-2.0.7.jar with timestamp 1711178747828
[2024-03-23T07:25:50.781+0000] {docker.py:413} INFO - 24/03/23 07:25:50 INFO Utils: /opt/bitnami/spark/.ivy2/jars/org.slf4j_slf4j-api-2.0.7.jar has been previously copied to /tmp/spark-23ac24c0-438f-4a2d-a6c5-19b6fffcb35b/userFiles-a78e2586-909c-4ea5-b662-bd93d037f1e1/org.slf4j_slf4j-api-2.0.7.jar
[2024-03-23T07:25:50.790+0000] {docker.py:413} INFO - 24/03/23 07:25:50 INFO Executor: Fetching file:///opt/bitnami/spark/.ivy2/jars/org.apache.kafka_kafka-clients-3.4.1.jar with timestamp 1711178747828
[2024-03-23T07:25:50.803+0000] {docker.py:413} INFO - 24/03/23 07:25:50 INFO Utils: /opt/bitnami/spark/.ivy2/jars/org.apache.kafka_kafka-clients-3.4.1.jar has been previously copied to /tmp/spark-23ac24c0-438f-4a2d-a6c5-19b6fffcb35b/userFiles-a78e2586-909c-4ea5-b662-bd93d037f1e1/org.apache.kafka_kafka-clients-3.4.1.jar
[2024-03-23T07:25:50.815+0000] {docker.py:413} INFO - 24/03/23 07:25:50 INFO Executor: Fetching file:///opt/bitnami/spark/.ivy2/jars/com.google.code.findbugs_jsr305-3.0.0.jar with timestamp 1711178747828
[2024-03-23T07:25:50.815+0000] {docker.py:413} INFO - 24/03/23 07:25:50 INFO Utils: /opt/bitnami/spark/.ivy2/jars/com.google.code.findbugs_jsr305-3.0.0.jar has been previously copied to /tmp/spark-23ac24c0-438f-4a2d-a6c5-19b6fffcb35b/userFiles-a78e2586-909c-4ea5-b662-bd93d037f1e1/com.google.code.findbugs_jsr305-3.0.0.jar
[2024-03-23T07:25:50.824+0000] {docker.py:413} INFO - 24/03/23 07:25:50 INFO Executor: Fetching file:///opt/bitnami/spark/.ivy2/jars/org.lz4_lz4-java-1.8.0.jar with timestamp 1711178747828
[2024-03-23T07:25:50.825+0000] {docker.py:413} INFO - 24/03/23 07:25:50 INFO Utils: /opt/bitnami/spark/.ivy2/jars/org.lz4_lz4-java-1.8.0.jar has been previously copied to /tmp/spark-23ac24c0-438f-4a2d-a6c5-19b6fffcb35b/userFiles-a78e2586-909c-4ea5-b662-bd93d037f1e1/org.lz4_lz4-java-1.8.0.jar
[2024-03-23T07:25:50.828+0000] {docker.py:413} INFO - 24/03/23 07:25:50 INFO Executor: Fetching file:///opt/bitnami/spark/.ivy2/jars/org.apache.spark_spark-sql-kafka-0-10_2.12-3.5.0.jar with timestamp 1711178747828
[2024-03-23T07:25:50.829+0000] {docker.py:413} INFO - 24/03/23 07:25:50 INFO Utils: /opt/bitnami/spark/.ivy2/jars/org.apache.spark_spark-sql-kafka-0-10_2.12-3.5.0.jar has been previously copied to /tmp/spark-23ac24c0-438f-4a2d-a6c5-19b6fffcb35b/userFiles-a78e2586-909c-4ea5-b662-bd93d037f1e1/org.apache.spark_spark-sql-kafka-0-10_2.12-3.5.0.jar
[2024-03-23T07:25:50.832+0000] {docker.py:413} INFO - 24/03/23 07:25:50 INFO Executor: Fetching file:///opt/bitnami/spark/.ivy2/jars/org.apache.hadoop_hadoop-client-api-3.3.4.jar with timestamp 1711178747828
[2024-03-23T07:25:50.846+0000] {docker.py:413} INFO - 24/03/23 07:25:50 INFO Utils: /opt/bitnami/spark/.ivy2/jars/org.apache.hadoop_hadoop-client-api-3.3.4.jar has been previously copied to /tmp/spark-23ac24c0-438f-4a2d-a6c5-19b6fffcb35b/userFiles-a78e2586-909c-4ea5-b662-bd93d037f1e1/org.apache.hadoop_hadoop-client-api-3.3.4.jar
[2024-03-23T07:25:50.848+0000] {docker.py:413} INFO - 24/03/23 07:25:50 INFO Executor: Fetching file:///opt/bitnami/spark/.ivy2/jars/commons-logging_commons-logging-1.1.3.jar with timestamp 1711178747828
[2024-03-23T07:25:50.848+0000] {docker.py:413} INFO - 24/03/23 07:25:50 INFO Utils: /opt/bitnami/spark/.ivy2/jars/commons-logging_commons-logging-1.1.3.jar has been previously copied to /tmp/spark-23ac24c0-438f-4a2d-a6c5-19b6fffcb35b/userFiles-a78e2586-909c-4ea5-b662-bd93d037f1e1/commons-logging_commons-logging-1.1.3.jar
[2024-03-23T07:25:50.850+0000] {docker.py:413} INFO - 24/03/23 07:25:50 INFO Executor: Fetching file:///opt/bitnami/spark/.ivy2/jars/org.checkerframework_checker-qual-3.5.0.jar with timestamp 1711178747828
[2024-03-23T07:25:50.851+0000] {docker.py:413} INFO - 24/03/23 07:25:50 INFO Utils: /opt/bitnami/spark/.ivy2/jars/org.checkerframework_checker-qual-3.5.0.jar has been previously copied to /tmp/spark-23ac24c0-438f-4a2d-a6c5-19b6fffcb35b/userFiles-a78e2586-909c-4ea5-b662-bd93d037f1e1/org.checkerframework_checker-qual-3.5.0.jar
[2024-03-23T07:25:50.858+0000] {docker.py:413} INFO - 24/03/23 07:25:50 INFO Executor: Fetching file:///opt/bitnami/spark/.ivy2/jars/org.xerial.snappy_snappy-java-1.1.10.3.jar with timestamp 1711178747828
[2024-03-23T07:25:50.865+0000] {docker.py:413} INFO - 24/03/23 07:25:50 INFO Utils: /opt/bitnami/spark/.ivy2/jars/org.xerial.snappy_snappy-java-1.1.10.3.jar has been previously copied to /tmp/spark-23ac24c0-438f-4a2d-a6c5-19b6fffcb35b/userFiles-a78e2586-909c-4ea5-b662-bd93d037f1e1/org.xerial.snappy_snappy-java-1.1.10.3.jar
[2024-03-23T07:25:50.878+0000] {docker.py:413} INFO - 24/03/23 07:25:50 INFO Executor: Fetching spark://localhost:45769/jars/org.apache.hadoop_hadoop-client-runtime-3.3.4.jar with timestamp 1711178747828
[2024-03-23T07:25:50.920+0000] {docker.py:413} INFO - 24/03/23 07:25:50 INFO TransportClientFactory: Successfully created connection to localhost/127.0.0.1:45769 after 27 ms (0 ms spent in bootstraps)
[2024-03-23T07:25:50.925+0000] {docker.py:413} INFO - 24/03/23 07:25:50 INFO Utils: Fetching spark://localhost:45769/jars/org.apache.hadoop_hadoop-client-runtime-3.3.4.jar to /tmp/spark-23ac24c0-438f-4a2d-a6c5-19b6fffcb35b/userFiles-a78e2586-909c-4ea5-b662-bd93d037f1e1/fetchFileTemp15818684019293404937.tmp
[2024-03-23T07:25:51.155+0000] {docker.py:413} INFO - 24/03/23 07:25:51 INFO Utils: /tmp/spark-23ac24c0-438f-4a2d-a6c5-19b6fffcb35b/userFiles-a78e2586-909c-4ea5-b662-bd93d037f1e1/fetchFileTemp15818684019293404937.tmp has been previously copied to /tmp/spark-23ac24c0-438f-4a2d-a6c5-19b6fffcb35b/userFiles-a78e2586-909c-4ea5-b662-bd93d037f1e1/org.apache.hadoop_hadoop-client-runtime-3.3.4.jar
[2024-03-23T07:25:51.161+0000] {docker.py:413} INFO - 24/03/23 07:25:51 INFO Executor: Adding file:/tmp/spark-23ac24c0-438f-4a2d-a6c5-19b6fffcb35b/userFiles-a78e2586-909c-4ea5-b662-bd93d037f1e1/org.apache.hadoop_hadoop-client-runtime-3.3.4.jar to class loader default
24/03/23 07:25:51 INFO Executor: Fetching spark://localhost:45769/jars/org.xerial.snappy_snappy-java-1.1.10.3.jar with timestamp 1711178747828
[2024-03-23T07:25:51.162+0000] {docker.py:413} INFO - 24/03/23 07:25:51 INFO Utils: Fetching spark://localhost:45769/jars/org.xerial.snappy_snappy-java-1.1.10.3.jar to /tmp/spark-23ac24c0-438f-4a2d-a6c5-19b6fffcb35b/userFiles-a78e2586-909c-4ea5-b662-bd93d037f1e1/fetchFileTemp4272718434569769196.tmp
[2024-03-23T07:25:51.169+0000] {docker.py:413} INFO - 24/03/23 07:25:51 INFO Utils: /tmp/spark-23ac24c0-438f-4a2d-a6c5-19b6fffcb35b/userFiles-a78e2586-909c-4ea5-b662-bd93d037f1e1/fetchFileTemp4272718434569769196.tmp has been previously copied to /tmp/spark-23ac24c0-438f-4a2d-a6c5-19b6fffcb35b/userFiles-a78e2586-909c-4ea5-b662-bd93d037f1e1/org.xerial.snappy_snappy-java-1.1.10.3.jar
[2024-03-23T07:25:51.183+0000] {docker.py:413} INFO - 24/03/23 07:25:51 INFO Executor: Adding file:/tmp/spark-23ac24c0-438f-4a2d-a6c5-19b6fffcb35b/userFiles-a78e2586-909c-4ea5-b662-bd93d037f1e1/org.xerial.snappy_snappy-java-1.1.10.3.jar to class loader default
[2024-03-23T07:25:51.184+0000] {docker.py:413} INFO - 24/03/23 07:25:51 INFO Executor: Fetching spark://localhost:45769/jars/com.google.code.findbugs_jsr305-3.0.0.jar with timestamp 1711178747828
[2024-03-23T07:25:51.184+0000] {docker.py:413} INFO - 24/03/23 07:25:51 INFO Utils: Fetching spark://localhost:45769/jars/com.google.code.findbugs_jsr305-3.0.0.jar to /tmp/spark-23ac24c0-438f-4a2d-a6c5-19b6fffcb35b/userFiles-a78e2586-909c-4ea5-b662-bd93d037f1e1/fetchFileTemp10078671563010247574.tmp
[2024-03-23T07:25:51.184+0000] {docker.py:413} INFO - 24/03/23 07:25:51 INFO Utils: /tmp/spark-23ac24c0-438f-4a2d-a6c5-19b6fffcb35b/userFiles-a78e2586-909c-4ea5-b662-bd93d037f1e1/fetchFileTemp10078671563010247574.tmp has been previously copied to /tmp/spark-23ac24c0-438f-4a2d-a6c5-19b6fffcb35b/userFiles-a78e2586-909c-4ea5-b662-bd93d037f1e1/com.google.code.findbugs_jsr305-3.0.0.jar
[2024-03-23T07:25:51.192+0000] {docker.py:413} INFO - 24/03/23 07:25:51 INFO Executor: Adding file:/tmp/spark-23ac24c0-438f-4a2d-a6c5-19b6fffcb35b/userFiles-a78e2586-909c-4ea5-b662-bd93d037f1e1/com.google.code.findbugs_jsr305-3.0.0.jar to class loader default
[2024-03-23T07:25:51.193+0000] {docker.py:413} INFO - 24/03/23 07:25:51 INFO Executor: Fetching spark://localhost:45769/jars/org.slf4j_slf4j-api-2.0.7.jar with timestamp 1711178747828
[2024-03-23T07:25:51.193+0000] {docker.py:413} INFO - 24/03/23 07:25:51 INFO Utils: Fetching spark://localhost:45769/jars/org.slf4j_slf4j-api-2.0.7.jar to /tmp/spark-23ac24c0-438f-4a2d-a6c5-19b6fffcb35b/userFiles-a78e2586-909c-4ea5-b662-bd93d037f1e1/fetchFileTemp17628650500320106860.tmp
[2024-03-23T07:25:51.196+0000] {docker.py:413} INFO - 24/03/23 07:25:51 INFO Utils: /tmp/spark-23ac24c0-438f-4a2d-a6c5-19b6fffcb35b/userFiles-a78e2586-909c-4ea5-b662-bd93d037f1e1/fetchFileTemp17628650500320106860.tmp has been previously copied to /tmp/spark-23ac24c0-438f-4a2d-a6c5-19b6fffcb35b/userFiles-a78e2586-909c-4ea5-b662-bd93d037f1e1/org.slf4j_slf4j-api-2.0.7.jar
[2024-03-23T07:25:51.201+0000] {docker.py:413} INFO - 24/03/23 07:25:51 INFO Executor: Adding file:/tmp/spark-23ac24c0-438f-4a2d-a6c5-19b6fffcb35b/userFiles-a78e2586-909c-4ea5-b662-bd93d037f1e1/org.slf4j_slf4j-api-2.0.7.jar to class loader default
[2024-03-23T07:25:51.202+0000] {docker.py:413} INFO - 24/03/23 07:25:51 INFO Executor: Fetching spark://localhost:45769/jars/org.apache.kafka_kafka-clients-3.4.1.jar with timestamp 1711178747828
[2024-03-23T07:25:51.202+0000] {docker.py:413} INFO - 24/03/23 07:25:51 INFO Utils: Fetching spark://localhost:45769/jars/org.apache.kafka_kafka-clients-3.4.1.jar to /tmp/spark-23ac24c0-438f-4a2d-a6c5-19b6fffcb35b/userFiles-a78e2586-909c-4ea5-b662-bd93d037f1e1/fetchFileTemp2613621820341182723.tmp
[2024-03-23T07:25:51.218+0000] {docker.py:413} INFO - 24/03/23 07:25:51 INFO Utils: /tmp/spark-23ac24c0-438f-4a2d-a6c5-19b6fffcb35b/userFiles-a78e2586-909c-4ea5-b662-bd93d037f1e1/fetchFileTemp2613621820341182723.tmp has been previously copied to /tmp/spark-23ac24c0-438f-4a2d-a6c5-19b6fffcb35b/userFiles-a78e2586-909c-4ea5-b662-bd93d037f1e1/org.apache.kafka_kafka-clients-3.4.1.jar
[2024-03-23T07:25:51.223+0000] {docker.py:413} INFO - 24/03/23 07:25:51 INFO Executor: Adding file:/tmp/spark-23ac24c0-438f-4a2d-a6c5-19b6fffcb35b/userFiles-a78e2586-909c-4ea5-b662-bd93d037f1e1/org.apache.kafka_kafka-clients-3.4.1.jar to class loader default
[2024-03-23T07:25:51.224+0000] {docker.py:413} INFO - 24/03/23 07:25:51 INFO Executor: Fetching spark://localhost:45769/jars/commons-logging_commons-logging-1.1.3.jar with timestamp 1711178747828
[2024-03-23T07:25:51.225+0000] {docker.py:413} INFO - 24/03/23 07:25:51 INFO Utils: Fetching spark://localhost:45769/jars/commons-logging_commons-logging-1.1.3.jar to /tmp/spark-23ac24c0-438f-4a2d-a6c5-19b6fffcb35b/userFiles-a78e2586-909c-4ea5-b662-bd93d037f1e1/fetchFileTemp16173338662648552308.tmp
[2024-03-23T07:25:51.225+0000] {docker.py:413} INFO - 24/03/23 07:25:51 INFO Utils: /tmp/spark-23ac24c0-438f-4a2d-a6c5-19b6fffcb35b/userFiles-a78e2586-909c-4ea5-b662-bd93d037f1e1/fetchFileTemp16173338662648552308.tmp has been previously copied to /tmp/spark-23ac24c0-438f-4a2d-a6c5-19b6fffcb35b/userFiles-a78e2586-909c-4ea5-b662-bd93d037f1e1/commons-logging_commons-logging-1.1.3.jar
[2024-03-23T07:25:51.234+0000] {docker.py:413} INFO - 24/03/23 07:25:51 INFO Executor: Adding file:/tmp/spark-23ac24c0-438f-4a2d-a6c5-19b6fffcb35b/userFiles-a78e2586-909c-4ea5-b662-bd93d037f1e1/commons-logging_commons-logging-1.1.3.jar to class loader default
24/03/23 07:25:51 INFO Executor: Fetching spark://localhost:45769/jars/org.apache.spark_spark-token-provider-kafka-0-10_2.12-3.5.0.jar with timestamp 1711178747828
[2024-03-23T07:25:51.241+0000] {docker.py:413} INFO - 24/03/23 07:25:51 INFO Utils: Fetching spark://localhost:45769/jars/org.apache.spark_spark-token-provider-kafka-0-10_2.12-3.5.0.jar to /tmp/spark-23ac24c0-438f-4a2d-a6c5-19b6fffcb35b/userFiles-a78e2586-909c-4ea5-b662-bd93d037f1e1/fetchFileTemp9464038888915157237.tmp
[2024-03-23T07:25:51.241+0000] {docker.py:413} INFO - 24/03/23 07:25:51 INFO Utils: /tmp/spark-23ac24c0-438f-4a2d-a6c5-19b6fffcb35b/userFiles-a78e2586-909c-4ea5-b662-bd93d037f1e1/fetchFileTemp9464038888915157237.tmp has been previously copied to /tmp/spark-23ac24c0-438f-4a2d-a6c5-19b6fffcb35b/userFiles-a78e2586-909c-4ea5-b662-bd93d037f1e1/org.apache.spark_spark-token-provider-kafka-0-10_2.12-3.5.0.jar
[2024-03-23T07:25:51.251+0000] {docker.py:413} INFO - 24/03/23 07:25:51 INFO Executor: Adding file:/tmp/spark-23ac24c0-438f-4a2d-a6c5-19b6fffcb35b/userFiles-a78e2586-909c-4ea5-b662-bd93d037f1e1/org.apache.spark_spark-token-provider-kafka-0-10_2.12-3.5.0.jar to class loader default
[2024-03-23T07:25:51.253+0000] {docker.py:413} INFO - 24/03/23 07:25:51 INFO Executor: Fetching spark://localhost:45769/jars/org.lz4_lz4-java-1.8.0.jar with timestamp 1711178747828
[2024-03-23T07:25:51.256+0000] {docker.py:413} INFO - 24/03/23 07:25:51 INFO Utils: Fetching spark://localhost:45769/jars/org.lz4_lz4-java-1.8.0.jar to /tmp/spark-23ac24c0-438f-4a2d-a6c5-19b6fffcb35b/userFiles-a78e2586-909c-4ea5-b662-bd93d037f1e1/fetchFileTemp11564532812135554095.tmp
[2024-03-23T07:25:51.261+0000] {docker.py:413} INFO - 24/03/23 07:25:51 INFO Utils: /tmp/spark-23ac24c0-438f-4a2d-a6c5-19b6fffcb35b/userFiles-a78e2586-909c-4ea5-b662-bd93d037f1e1/fetchFileTemp11564532812135554095.tmp has been previously copied to /tmp/spark-23ac24c0-438f-4a2d-a6c5-19b6fffcb35b/userFiles-a78e2586-909c-4ea5-b662-bd93d037f1e1/org.lz4_lz4-java-1.8.0.jar
[2024-03-23T07:25:51.265+0000] {docker.py:413} INFO - 24/03/23 07:25:51 INFO Executor: Adding file:/tmp/spark-23ac24c0-438f-4a2d-a6c5-19b6fffcb35b/userFiles-a78e2586-909c-4ea5-b662-bd93d037f1e1/org.lz4_lz4-java-1.8.0.jar to class loader default
[2024-03-23T07:25:51.266+0000] {docker.py:413} INFO - 24/03/23 07:25:51 INFO Executor: Fetching spark://localhost:45769/jars/org.apache.hadoop_hadoop-client-api-3.3.4.jar with timestamp 1711178747828
[2024-03-23T07:25:51.267+0000] {docker.py:413} INFO - 24/03/23 07:25:51 INFO Utils: Fetching spark://localhost:45769/jars/org.apache.hadoop_hadoop-client-api-3.3.4.jar to /tmp/spark-23ac24c0-438f-4a2d-a6c5-19b6fffcb35b/userFiles-a78e2586-909c-4ea5-b662-bd93d037f1e1/fetchFileTemp1990616384426281914.tmp
[2024-03-23T07:25:51.329+0000] {docker.py:413} INFO - 24/03/23 07:25:51 INFO Utils: /tmp/spark-23ac24c0-438f-4a2d-a6c5-19b6fffcb35b/userFiles-a78e2586-909c-4ea5-b662-bd93d037f1e1/fetchFileTemp1990616384426281914.tmp has been previously copied to /tmp/spark-23ac24c0-438f-4a2d-a6c5-19b6fffcb35b/userFiles-a78e2586-909c-4ea5-b662-bd93d037f1e1/org.apache.hadoop_hadoop-client-api-3.3.4.jar
[2024-03-23T07:25:51.332+0000] {docker.py:413} INFO - 24/03/23 07:25:51 INFO Executor: Adding file:/tmp/spark-23ac24c0-438f-4a2d-a6c5-19b6fffcb35b/userFiles-a78e2586-909c-4ea5-b662-bd93d037f1e1/org.apache.hadoop_hadoop-client-api-3.3.4.jar to class loader default
[2024-03-23T07:25:51.332+0000] {docker.py:413} INFO - 24/03/23 07:25:51 INFO Executor: Fetching spark://localhost:45769/jars/org.checkerframework_checker-qual-3.5.0.jar with timestamp 1711178747828
[2024-03-23T07:25:51.332+0000] {docker.py:413} INFO - 24/03/23 07:25:51 INFO Utils: Fetching spark://localhost:45769/jars/org.checkerframework_checker-qual-3.5.0.jar to /tmp/spark-23ac24c0-438f-4a2d-a6c5-19b6fffcb35b/userFiles-a78e2586-909c-4ea5-b662-bd93d037f1e1/fetchFileTemp13499505713243642213.tmp
[2024-03-23T07:25:51.334+0000] {docker.py:413} INFO - 24/03/23 07:25:51 INFO Utils: /tmp/spark-23ac24c0-438f-4a2d-a6c5-19b6fffcb35b/userFiles-a78e2586-909c-4ea5-b662-bd93d037f1e1/fetchFileTemp13499505713243642213.tmp has been previously copied to /tmp/spark-23ac24c0-438f-4a2d-a6c5-19b6fffcb35b/userFiles-a78e2586-909c-4ea5-b662-bd93d037f1e1/org.checkerframework_checker-qual-3.5.0.jar
[2024-03-23T07:25:51.335+0000] {docker.py:413} INFO - 24/03/23 07:25:51 INFO Executor: Adding file:/tmp/spark-23ac24c0-438f-4a2d-a6c5-19b6fffcb35b/userFiles-a78e2586-909c-4ea5-b662-bd93d037f1e1/org.checkerframework_checker-qual-3.5.0.jar to class loader default
[2024-03-23T07:25:51.336+0000] {docker.py:413} INFO - 24/03/23 07:25:51 INFO Executor: Fetching spark://localhost:45769/jars/org.apache.spark_spark-sql-kafka-0-10_2.12-3.5.0.jar with timestamp 1711178747828
[2024-03-23T07:25:51.336+0000] {docker.py:413} INFO - 24/03/23 07:25:51 INFO Utils: Fetching spark://localhost:45769/jars/org.apache.spark_spark-sql-kafka-0-10_2.12-3.5.0.jar to /tmp/spark-23ac24c0-438f-4a2d-a6c5-19b6fffcb35b/userFiles-a78e2586-909c-4ea5-b662-bd93d037f1e1/fetchFileTemp14826692906443159312.tmp
[2024-03-23T07:25:51.337+0000] {docker.py:413} INFO - 24/03/23 07:25:51 INFO Utils: /tmp/spark-23ac24c0-438f-4a2d-a6c5-19b6fffcb35b/userFiles-a78e2586-909c-4ea5-b662-bd93d037f1e1/fetchFileTemp14826692906443159312.tmp has been previously copied to /tmp/spark-23ac24c0-438f-4a2d-a6c5-19b6fffcb35b/userFiles-a78e2586-909c-4ea5-b662-bd93d037f1e1/org.apache.spark_spark-sql-kafka-0-10_2.12-3.5.0.jar
[2024-03-23T07:25:51.340+0000] {docker.py:413} INFO - 24/03/23 07:25:51 INFO Executor: Adding file:/tmp/spark-23ac24c0-438f-4a2d-a6c5-19b6fffcb35b/userFiles-a78e2586-909c-4ea5-b662-bd93d037f1e1/org.apache.spark_spark-sql-kafka-0-10_2.12-3.5.0.jar to class loader default
[2024-03-23T07:25:51.341+0000] {docker.py:413} INFO - 24/03/23 07:25:51 INFO Executor: Fetching spark://localhost:45769/jars/org.apache.commons_commons-pool2-2.11.1.jar with timestamp 1711178747828
[2024-03-23T07:25:51.343+0000] {docker.py:413} INFO - 24/03/23 07:25:51 INFO Utils: Fetching spark://localhost:45769/jars/org.apache.commons_commons-pool2-2.11.1.jar to /tmp/spark-23ac24c0-438f-4a2d-a6c5-19b6fffcb35b/userFiles-a78e2586-909c-4ea5-b662-bd93d037f1e1/fetchFileTemp7016241172308112273.tmp
[2024-03-23T07:25:51.344+0000] {docker.py:413} INFO - 24/03/23 07:25:51 INFO Utils: /tmp/spark-23ac24c0-438f-4a2d-a6c5-19b6fffcb35b/userFiles-a78e2586-909c-4ea5-b662-bd93d037f1e1/fetchFileTemp7016241172308112273.tmp has been previously copied to /tmp/spark-23ac24c0-438f-4a2d-a6c5-19b6fffcb35b/userFiles-a78e2586-909c-4ea5-b662-bd93d037f1e1/org.apache.commons_commons-pool2-2.11.1.jar
[2024-03-23T07:25:51.346+0000] {docker.py:413} INFO - 24/03/23 07:25:51 INFO Executor: Adding file:/tmp/spark-23ac24c0-438f-4a2d-a6c5-19b6fffcb35b/userFiles-a78e2586-909c-4ea5-b662-bd93d037f1e1/org.apache.commons_commons-pool2-2.11.1.jar to class loader default
[2024-03-23T07:25:51.347+0000] {docker.py:413} INFO - 24/03/23 07:25:51 INFO Executor: Fetching spark://localhost:45769/jars/org.postgresql_postgresql-42.5.4.jar with timestamp 1711178747828
[2024-03-23T07:25:51.347+0000] {docker.py:413} INFO - 24/03/23 07:25:51 INFO Utils: Fetching spark://localhost:45769/jars/org.postgresql_postgresql-42.5.4.jar to /tmp/spark-23ac24c0-438f-4a2d-a6c5-19b6fffcb35b/userFiles-a78e2586-909c-4ea5-b662-bd93d037f1e1/fetchFileTemp17237264923563758984.tmp
[2024-03-23T07:25:51.349+0000] {docker.py:413} INFO - 24/03/23 07:25:51 INFO Utils: /tmp/spark-23ac24c0-438f-4a2d-a6c5-19b6fffcb35b/userFiles-a78e2586-909c-4ea5-b662-bd93d037f1e1/fetchFileTemp17237264923563758984.tmp has been previously copied to /tmp/spark-23ac24c0-438f-4a2d-a6c5-19b6fffcb35b/userFiles-a78e2586-909c-4ea5-b662-bd93d037f1e1/org.postgresql_postgresql-42.5.4.jar
[2024-03-23T07:25:51.351+0000] {docker.py:413} INFO - 24/03/23 07:25:51 INFO Executor: Adding file:/tmp/spark-23ac24c0-438f-4a2d-a6c5-19b6fffcb35b/userFiles-a78e2586-909c-4ea5-b662-bd93d037f1e1/org.postgresql_postgresql-42.5.4.jar to class loader default
[2024-03-23T07:25:51.358+0000] {docker.py:413} INFO - 24/03/23 07:25:51 INFO Utils: Successfully started service 'org.apache.spark.network.netty.NettyBlockTransferService' on port 45955.
[2024-03-23T07:25:51.359+0000] {docker.py:413} INFO - 24/03/23 07:25:51 INFO NettyBlockTransferService: Server created on localhost:45955
[2024-03-23T07:25:51.360+0000] {docker.py:413} INFO - 24/03/23 07:25:51 INFO BlockManager: Using org.apache.spark.storage.RandomBlockReplicationPolicy for block replication policy
[2024-03-23T07:25:51.365+0000] {docker.py:413} INFO - 24/03/23 07:25:51 INFO BlockManagerMaster: Registering BlockManager BlockManagerId(driver, localhost, 45955, None)
[2024-03-23T07:25:51.369+0000] {docker.py:413} INFO - 24/03/23 07:25:51 INFO BlockManagerMasterEndpoint: Registering block manager localhost:45955 with 434.4 MiB RAM, BlockManagerId(driver, localhost, 45955, None)
[2024-03-23T07:25:51.370+0000] {docker.py:413} INFO - 24/03/23 07:25:51 INFO BlockManagerMaster: Registered BlockManager BlockManagerId(driver, localhost, 45955, None)
[2024-03-23T07:25:51.371+0000] {docker.py:413} INFO - 24/03/23 07:25:51 INFO BlockManager: Initialized BlockManager: BlockManagerId(driver, localhost, 45955, None)
[2024-03-23T07:25:51.946+0000] {docker.py:413} INFO - 2024-03-23 07:25:51,943:create_spark_session:INFO:Spark session created successfully
[2024-03-23T07:25:51.951+0000] {docker.py:413} INFO - 24/03/23 07:25:51 INFO SharedState: Setting hive.metastore.warehouse.dir ('null') to the value of spark.sql.warehouse.dir.
[2024-03-23T07:25:51.953+0000] {docker.py:413} INFO - 24/03/23 07:25:51 INFO SharedState: Warehouse path is 'file:/opt/bitnami/spark/spark-warehouse'.
[2024-03-23T07:25:55.373+0000] {docker.py:413} INFO - 2024-03-23 07:25:55,351:create_initial_dataframe:INFO:Initial dataframe created successfully
[2024-03-23T07:25:56.808+0000] {docker.py:413} INFO - Traceback (most recent call last):
  File "/opt/bitnami/spark/spark_streaming.py", line 103, in <module>
[2024-03-23T07:25:56.822+0000] {docker.py:413} INFO - write_to_postgres()
  File "/opt/bitnami/spark/spark_streaming.py", line 99, in write_to_postgres
    start_streaming(df_final, spark=spark)
  File "/opt/bitnami/spark/spark_streaming.py", line 73, in start_streaming
[2024-03-23T07:25:56.824+0000] {docker.py:413} INFO - existing_data_df = spark.read.jdbc(
                       ^^^^^^^^^^^^^^^^
  File "/opt/bitnami/spark/python/lib/pyspark.zip/pyspark/sql/readwriter.py", line 946, in jdbc
[2024-03-23T07:25:56.825+0000] {docker.py:413} INFO - File "/opt/bitnami/spark/python/lib/py4j-0.10.9.7-src.zip/py4j/java_gateway.py", line 1322, in __call__
[2024-03-23T07:25:56.826+0000] {docker.py:413} INFO - File "/opt/bitnami/spark/python/lib/pyspark.zip/pyspark/errors/exceptions/captured.py", line 179, in deco
[2024-03-23T07:25:56.827+0000] {docker.py:413} INFO - File "/opt/bitnami/spark/python/lib/py4j-0.10.9.7-src.zip/py4j/protocol.py", line 326, in get_return_value
[2024-03-23T07:25:56.827+0000] {docker.py:413} INFO - py4j.protocol.Py4JJavaError
[2024-03-23T07:25:56.829+0000] {docker.py:413} INFO - : An error occurred while calling o50.jdbc.
: org.postgresql.util.PSQLException: The server requested SCRAM-based authentication, but the password is an empty string.
	at org.postgresql.core.v3.ConnectionFactoryImpl.lambda$doAuthentication$4(ConnectionFactoryImpl.java:844)
	at org.postgresql.core.v3.AuthenticationPluginManager.withPassword(AuthenticationPluginManager.java:81)
	at org.postgresql.core.v3.ConnectionFactoryImpl.doAuthentication(ConnectionFactoryImpl.java:835)
	at org.postgresql.core.v3.ConnectionFactoryImpl.tryConnect(ConnectionFactoryImpl.java:203)
	at org.postgresql.core.v3.ConnectionFactoryImpl.openConnectionImpl(ConnectionFactoryImpl.java:258)
	at org.postgresql.core.ConnectionFactory.openConnection(ConnectionFactory.java:54)
	at org.postgresql.jdbc.PgConnection.<init>(PgConnection.java:253)
	at org.postgresql.Driver.makeConnection(Driver.java:434)
	at org.postgresql.Driver.connect(Driver.java:291)
	at org.apache.spark.sql.execution.datasources.jdbc.connection.BasicConnectionProvider.getConnection(BasicConnectionProvider.scala:49)
	at org.apache.spark.sql.execution.datasources.jdbc.connection.ConnectionProviderBase.create(ConnectionProvider.scala:102)
	at org.apache.spark.sql.jdbc.JdbcDialect.$anonfun$createConnectionFactory$1(JdbcDialects.scala:160)
	at org.apache.spark.sql.jdbc.JdbcDialect.$anonfun$createConnectionFactory$1$adapted(JdbcDialects.scala:156)
	at org.apache.spark.sql.execution.datasources.jdbc.JDBCRDD$.getQueryOutputSchema(JDBCRDD.scala:63)
	at org.apache.spark.sql.execution.datasources.jdbc.JDBCRDD$.resolveTable(JDBCRDD.scala:58)
	at org.apache.spark.sql.execution.datasources.jdbc.JDBCRelation$.getSchema(JDBCRelation.scala:241)
	at org.apache.spark.sql.execution.datasources.jdbc.JdbcRelationProvider.createRelation(JdbcRelationProvider.scala:37)
	at org.apache.spark.sql.execution.datasources.DataSource.resolveRelation(DataSource.scala:346)
	at org.apache.spark.sql.DataFrameReader.loadV1Source(DataFrameReader.scala:229)
	at org.apache.spark.sql.DataFrameReader.$anonfun$load$2(DataFrameReader.scala:211)
	at scala.Option.getOrElse(Option.scala:189)
	at org.apache.spark.sql.DataFrameReader.load(DataFrameReader.scala:211)
	at org.apache.spark.sql.DataFrameReader.load(DataFrameReader.scala:172)
	at org.apache.spark.sql.DataFrameReader.jdbc(DataFrameReader.scala:249)
	at java.base/jdk.internal.reflect.NativeMethodAccessorImpl.invoke0(Native Method)
	at java.base/jdk.internal.reflect.NativeMethodAccessorImpl.invoke(NativeMethodAccessorImpl.java:77)
	at java.base/jdk.internal.reflect.DelegatingMethodAccessorImpl.invoke(DelegatingMethodAccessorImpl.java:43)
	at java.base/java.lang.reflect.Method.invoke(Method.java:568)
	at py4j.reflection.MethodInvoker.invoke(MethodInvoker.java:244)
	at py4j.reflection.ReflectionEngine.invoke(ReflectionEngine.java:374)
	at py4j.Gateway.invoke(Gateway.java:282)
	at py4j.commands.AbstractCommand.invokeMethod(AbstractCommand.java:132)
	at py4j.commands.CallCommand.execute(CallCommand.java:79)
	at py4j.ClientServerConnection.waitForCommands(ClientServerConnection.java:182)
	at py4j.ClientServerConnection.run(ClientServerConnection.java:106)
	at java.base/java.lang.Thread.run(Thread.java:840)
[2024-03-23T07:25:56.830+0000] {docker.py:413} INFO - 2024-03-23 07:25:56,803:close:INFO:Closing down clientserver connection
[2024-03-23T07:25:56.987+0000] {docker.py:413} INFO - 24/03/23 07:25:56 INFO SparkContext: Invoking stop() from shutdown hook
[2024-03-23T07:25:56.989+0000] {docker.py:413} INFO - 24/03/23 07:25:56 INFO SparkContext: SparkContext is stopping with exitCode 0.
[2024-03-23T07:25:57.047+0000] {docker.py:413} INFO - 24/03/23 07:25:57 INFO SparkUI: Stopped Spark web UI at http://localhost:4040
[2024-03-23T07:25:57.071+0000] {docker.py:413} INFO - 24/03/23 07:25:57 INFO MapOutputTrackerMasterEndpoint: MapOutputTrackerMasterEndpoint stopped!
[2024-03-23T07:25:57.109+0000] {docker.py:413} INFO - 24/03/23 07:25:57 INFO MemoryStore: MemoryStore cleared
[2024-03-23T07:25:57.110+0000] {docker.py:413} INFO - 24/03/23 07:25:57 INFO BlockManager: BlockManager stopped
[2024-03-23T07:25:57.130+0000] {docker.py:413} INFO - 24/03/23 07:25:57 INFO BlockManagerMaster: BlockManagerMaster stopped
[2024-03-23T07:25:57.141+0000] {docker.py:413} INFO - 24/03/23 07:25:57 INFO OutputCommitCoordinator$OutputCommitCoordinatorEndpoint: OutputCommitCoordinator stopped!
[2024-03-23T07:25:57.185+0000] {docker.py:413} INFO - 24/03/23 07:25:57 INFO SparkContext: Successfully stopped SparkContext
24/03/23 07:25:57 INFO ShutdownHookManager: Shutdown hook called
[2024-03-23T07:25:57.187+0000] {docker.py:413} INFO - 24/03/23 07:25:57 INFO ShutdownHookManager: Deleting directory /tmp/spark-23ac24c0-438f-4a2d-a6c5-19b6fffcb35b/pyspark-434dba2a-80e8-4f90-b9b7-9240321a736e
[2024-03-23T07:25:57.193+0000] {docker.py:413} INFO - 24/03/23 07:25:57 INFO ShutdownHookManager: Deleting directory /tmp/spark-df223b14-352d-4415-afc2-0cd40be00cab
[2024-03-23T07:25:57.198+0000] {docker.py:413} INFO - 24/03/23 07:25:57 INFO ShutdownHookManager: Deleting directory /tmp/spark-23ac24c0-438f-4a2d-a6c5-19b6fffcb35b
[2024-03-23T07:25:59.012+0000] {taskinstance.py:1937} ERROR - Task failed with exception
Traceback (most recent call last):
  File "/home/airflow/.local/lib/python3.8/site-packages/docker/api/client.py", line 268, in _raise_for_status
    response.raise_for_status()
  File "/home/airflow/.local/lib/python3.8/site-packages/requests/models.py", line 1021, in raise_for_status
    raise HTTPError(http_error_msg, response=self)
requests.exceptions.HTTPError: 400 Client Error: Bad Request for url: http://docker-proxy:2375/v1.44/containers/create

The above exception was the direct cause of the following exception:

Traceback (most recent call last):
  File "/home/airflow/.local/lib/python3.8/site-packages/airflow/providers/docker/operators/docker.py", line 348, in _run_image
    return self._run_image_with_mounts([*self.mounts, tmp_mount], add_tmp_variable=True)
  File "/home/airflow/.local/lib/python3.8/site-packages/airflow/providers/docker/operators/docker.py", line 375, in _run_image_with_mounts
    self.container = self.cli.create_container(
  File "/home/airflow/.local/lib/python3.8/site-packages/docker/api/container.py", line 431, in create_container
    return self.create_container_from_config(config, name, platform)
  File "/home/airflow/.local/lib/python3.8/site-packages/docker/api/container.py", line 448, in create_container_from_config
    return self._result(res, True)
  File "/home/airflow/.local/lib/python3.8/site-packages/docker/api/client.py", line 274, in _result
    self._raise_for_status(response)
  File "/home/airflow/.local/lib/python3.8/site-packages/docker/api/client.py", line 270, in _raise_for_status
    raise create_api_error_from_http_exception(e) from e
  File "/home/airflow/.local/lib/python3.8/site-packages/docker/errors.py", line 39, in create_api_error_from_http_exception
    raise cls(e, response=response, explanation=explanation) from e
docker.errors.APIError: 400 Client Error for http://docker-proxy:2375/v1.44/containers/create: Bad Request ("invalid mount config for type "bind": bind source path does not exist: /host_mnt/private/tmp/airflowtmpqemppdow")

During handling of the above exception, another exception occurred:

Traceback (most recent call last):
  File "/home/airflow/.local/lib/python3.8/site-packages/airflow/providers/docker/operators/docker.py", line 486, in execute
    return self._run_image()
  File "/home/airflow/.local/lib/python3.8/site-packages/airflow/providers/docker/operators/docker.py", line 357, in _run_image
    return self._run_image_with_mounts(self.mounts, add_tmp_variable=False)
  File "/home/airflow/.local/lib/python3.8/site-packages/airflow/providers/docker/operators/docker.py", line 421, in _run_image_with_mounts
    raise DockerContainerFailedException(f"Docker container failed: {result!r}", logs=log_lines)
airflow.providers.docker.exceptions.DockerContainerFailedException: Docker container failed: {'StatusCode': 1}
[2024-03-23T07:25:59.170+0000] {taskinstance.py:1400} INFO - Marking task as FAILED. dag_id=kafka_spark_dag, task_id=pyspark_consumer, execution_date=20240322T072136, start_date=20240323T072528, end_date=20240323T072559
[2024-03-23T07:25:59.378+0000] {standard_task_runner.py:104} ERROR - Failed to execute job 6 for task pyspark_consumer (Docker container failed: {'StatusCode': 1}; 3100)
[2024-03-23T07:25:59.527+0000] {local_task_job_runner.py:228} INFO - Task exited with return code 1
[2024-03-23T07:25:59.785+0000] {taskinstance.py:2778} INFO - 0 downstream tasks scheduled from follow-on schedule check
